<?xml version="1.0" encoding="UTF-8"?>
<!-- Generated by org.testng.reporters.JUnitXMLReporter -->
<testsuite ignored="0" hostname="DESKTOP-CN29LMF" failures="0" tests="15" name="Default test" time="30.542" errors="0" timestamp="2024-11-19T01:57:21 EST">
  <testcase classname="pageTestEvents.StackPageEvents" name="topicsStack" time="0.411"/>
  <testcase classname="pageTestEvents.StackPageEvents" name="topicsStack" time="0.298"/>
  <testcase classname="pageTestEvents.StackPageEvents" name="topicsStack" time="0.356"/>
  <testcase classname="pageTestEvents.StackPageEvents" name="tryHereTopics" time="0.883"/>
  <testcase classname="pageTestEvents.StackPageEvents" name="tryHereTopics" time="0.647"/>
  <testcase classname="pageTestEvents.StackPageEvents" name="tryHereTopics" time="0.604"/>
  <testcase classname="pageTestEvents.StackPageEvents" name="nocodeTopics" time="0.775"/>
  <testcase classname="pageTestEvents.StackPageEvents" name="nocodeTopics" time="0.746"/>
  <testcase classname="pageTestEvents.StackPageEvents" name="nocodeTopics" time="0.731"/>
  <testcase classname="pageTestEvents.StackPageEvents" name="validcodeTopics" time="1.125"/>
  <testcase classname="pageTestEvents.StackPageEvents" name="validcodeTopics" time="1.137"/>
  <testcase classname="pageTestEvents.StackPageEvents" name="validcodeTopics" time="1.149"/>
  <testcase classname="pageTestEvents.StackPageEvents" name="invalidTopics" time="1.208"/>
  <testcase classname="pageTestEvents.StackPageEvents" name="invalidTopics" time="1.06"/>
  <testcase classname="pageTestEvents.StackPageEvents" name="invalidTopics" time="1.103"/>
</testsuite> <!-- Default test -->
