<?xml version="1.0" encoding="UTF-8"?>
<!-- Generated by org.testng.reporters.JUnitXMLReporter -->
<testsuite ignored="6" hostname="Anvi" failures="2" tests="24" name="Parallel Test" time="0.985" errors="0" timestamp="2024-11-10T00:11:57 CST">
  <testcase classname="pageTestEvents.DashBoardPageEvents" name="@BeforeClass dsportalDashBoardWithoutSignIn" time="0.004">
    <failure type="java.lang.NullPointerException" message="Cannot invoke &amp;quot;org.openqa.selenium.WebDriver.get(String)&amp;quot; because &amp;quot;this.driver&amp;quot; is null">
      <![CDATA[java.lang.NullPointerException: Cannot invoke "org.openqa.selenium.WebDriver.get(String)" because "this.driver" is null
at pageObjects.DashBoardPage.openDashBoardPage(DashBoardPage.java:38)
at pageTestEvents.DashBoardPageEvents.dsportalDashBoardWithoutSignIn(DashBoardPageEvents.java:24)
at java.base/java.util.concurrent.Executors$RunnableAdapter.call(Executors.java:577)
at java.base/java.util.concurrent.FutureTask.run(FutureTask.java:317)
at java.base/java.util.concurrent.ThreadPoolExecutor.runWorker(ThreadPoolExecutor.java:1144)
at java.base/java.util.concurrent.ThreadPoolExecutor$Worker.run(ThreadPoolExecutor.java:642)
at java.base/java.lang.Thread.run(Thread.java:1589)
... Removed 9 stack frames]]>
    </failure>
  </testcase> <!-- @BeforeClass dsportalDashBoardWithoutSignIn -->
  <testcase classname="pageTestEvents.LandingPageEvents" name="@AfterClass checknav_dsportal" time="0.002">
    <failure type="java.lang.NullPointerException" message="Cannot invoke &amp;quot;org.openqa.selenium.WebDriver.getCurrentUrl()&amp;quot; because &amp;quot;this.driver&amp;quot; is null">
      <![CDATA[java.lang.NullPointerException: Cannot invoke "org.openqa.selenium.WebDriver.getCurrentUrl()" because "this.driver" is null
at pageObjects.LandingPage.isAtDashboard(LandingPage.java:37)
at pageTestEvents.LandingPageEvents.checknav_dsportal(LandingPageEvents.java:47)
at java.base/java.util.concurrent.Executors$RunnableAdapter.call(Executors.java:577)
at java.base/java.util.concurrent.FutureTask.run(FutureTask.java:317)
at java.base/java.util.concurrent.ThreadPoolExecutor.runWorker(ThreadPoolExecutor.java:1144)
at java.base/java.util.concurrent.ThreadPoolExecutor$Worker.run(ThreadPoolExecutor.java:642)
at java.base/java.lang.Thread.run(Thread.java:1589)
... Removed 10 stack frames]]>
    </failure>
  </testcase> <!-- @AfterClass checknav_dsportal -->
  <testcase classname="pageTestEvents.RegisterPageEvents" name="@BeforeClass registerWithoutSignIn" time="0.002">
    <failure type="java.lang.NullPointerException" message="Cannot invoke &amp;quot;org.openqa.selenium.WebDriver.get(String)&amp;quot; because &amp;quot;this.driver&amp;quot; is null">
      <![CDATA[java.lang.NullPointerException: Cannot invoke "org.openqa.selenium.WebDriver.get(String)" because "this.driver" is null
at pageObjects.RegisterPage.openRegisterPage(RegisterPage.java:32)
at pageTestEvents.RegisterPageEvents.registerWithoutSignIn(RegisterPageEvents.java:56)
at java.base/java.util.concurrent.Executors$RunnableAdapter.call(Executors.java:577)
at java.base/java.util.concurrent.FutureTask.run(FutureTask.java:317)
at java.base/java.util.concurrent.ThreadPoolExecutor.runWorker(ThreadPoolExecutor.java:1144)
at java.base/java.util.concurrent.ThreadPoolExecutor$Worker.run(ThreadPoolExecutor.java:642)
at java.base/java.lang.Thread.run(Thread.java:1589)
... Removed 9 stack frames]]>
    </failure>
  </testcase> <!-- @BeforeClass registerWithoutSignIn -->
  <testcase classname="pageTestEvents.SignInPageEvents" name="@BeforeClass userSignIn" time="0.002">
    <failure type="java.lang.NullPointerException" message="Cannot invoke &amp;quot;org.openqa.selenium.WebDriver.get(String)&amp;quot; because &amp;quot;this.driver&amp;quot; is null">
      <![CDATA[java.lang.NullPointerException: Cannot invoke "org.openqa.selenium.WebDriver.get(String)" because "this.driver" is null
at pageObjects.SignInPage.openSignInPage(SignInPage.java:29)
at pageTestEvents.SignInPageEvents.userSignIn(SignInPageEvents.java:17)
at java.base/java.util.concurrent.Executors$RunnableAdapter.call(Executors.java:577)
at java.base/java.util.concurrent.FutureTask.run(FutureTask.java:317)
at java.base/java.util.concurrent.ThreadPoolExecutor.runWorker(ThreadPoolExecutor.java:1144)
at java.base/java.util.concurrent.ThreadPoolExecutor$Worker.run(ThreadPoolExecutor.java:642)
at java.base/java.lang.Thread.run(Thread.java:1589)
... Removed 9 stack frames]]>
    </failure>
  </testcase> <!-- @BeforeClass userSignIn -->
  <testcase classname="pageTestEvents.LandingPageEvents" name="testHomePageTitle" time="0.021">
    <failure type="java.lang.NullPointerException" message="Cannot invoke &amp;quot;org.openqa.selenium.WebDriver.getTitle()&amp;quot; because &amp;quot;this.driver&amp;quot; is null">
      <![CDATA[java.lang.NullPointerException: Cannot invoke "org.openqa.selenium.WebDriver.getTitle()" because "this.driver" is null
at pageObjects.LandingPage.getPageTitle(LandingPage.java:46)
at pageTestEvents.LandingPageEvents.testHomePageTitle(LandingPageEvents.java:30)
at java.base/java.util.concurrent.Executors$RunnableAdapter.call(Executors.java:577)
at java.base/java.util.concurrent.FutureTask.run(FutureTask.java:317)
at java.base/java.util.concurrent.ThreadPoolExecutor.runWorker(ThreadPoolExecutor.java:1144)
at java.base/java.util.concurrent.ThreadPoolExecutor$Worker.run(ThreadPoolExecutor.java:642)
at java.base/java.lang.Thread.run(Thread.java:1589)
... Removed 11 stack frames]]>
    </failure>
  </testcase> <!-- testHomePageTitle -->
  <testcase classname="pageTestEvents.LandingPageEvents" name="getStartedBtn" time="0.003">
    <failure type="java.lang.NullPointerException" message="Cannot invoke &amp;quot;org.openqa.selenium.WebDriver.findElement(org.openqa.selenium.By)&amp;quot; because &amp;quot;this.driver&amp;quot; is null">
      <![CDATA[java.lang.NullPointerException: Cannot invoke "org.openqa.selenium.WebDriver.findElement(org.openqa.selenium.By)" because "this.driver" is null
at pageObjects.LandingPage.clickGetStarted(LandingPage.java:31)
at pageTestEvents.LandingPageEvents.getStartedBtn(LandingPageEvents.java:39)
at java.base/java.util.concurrent.Executors$RunnableAdapter.call(Executors.java:577)
at java.base/java.util.concurrent.FutureTask.run(FutureTask.java:317)
at java.base/java.util.concurrent.ThreadPoolExecutor.runWorker(ThreadPoolExecutor.java:1144)
at java.base/java.util.concurrent.ThreadPoolExecutor$Worker.run(ThreadPoolExecutor.java:642)
at java.base/java.lang.Thread.run(Thread.java:1589)
... Removed 11 stack frames]]>
    </failure>
  </testcase> <!-- getStartedBtn -->
  <testcase classname="pageTestEvents.DashBoardPageEvents" name="chkPageTitle" time="0.0">
    <skipped/>
  </testcase> <!-- chkPageTitle -->
  <testcase classname="pageTestEvents.DashBoardPageEvents" name="validateDsAlgoDropdownItems" time="0.0">
    <skipped/>
  </testcase> <!-- validateDsAlgoDropdownItems -->
  <testcase classname="pageTestEvents.DashBoardPageEvents" name="validateDsAlgoButtons" time="0.0">
    <skipped/>
  </testcase> <!-- validateDsAlgoButtons -->
  <testcase classname="pageTestEvents.RegisterPageEvents" name="testPageTitle" time="0.0">
    <skipped/>
  </testcase> <!-- testPageTitle -->
  <testcase classname="pageTestEvents.DashBoardPageEvents" name="validateRegister" time="0.0">
    <skipped/>
  </testcase> <!-- validateRegister -->
  <testcase classname="pageTestEvents.DashBoardPageEvents" name="validateSignIn" time="0.0">
    <skipped/>
  </testcase> <!-- validateSignIn -->
  <testcase classname="pageTestEvents.SignInPageEvents" name="testPageTitle" time="0.0">
    <skipped/>
  </testcase> <!-- testPageTitle -->
  <testcase classname="pageTestEvents.RegisterPageEvents" name="testUserRegistration" time="0.0">
    <skipped/>
  </testcase> <!-- testUserRegistration -->
  <testcase classname="pageTestEvents.SignInPageEvents" name="testSignInInvalidData" time="0.0">
    <skipped/>
  </testcase> <!-- testSignInInvalidData -->
  <testcase classname="pageTestEvents.RegisterPageEvents" name="testUserRegistration" time="0.0">
    <skipped/>
  </testcase> <!-- testUserRegistration -->
  <testcase classname="pageTestEvents.SignInPageEvents" name="testSignInInvalidData" time="0.0">
    <skipped/>
  </testcase> <!-- testSignInInvalidData -->
  <testcase classname="pageTestEvents.RegisterPageEvents" name="testUserRegistration" time="0.0">
    <skipped/>
  </testcase> <!-- testUserRegistration -->
  <testcase classname="pageTestEvents.SignInPageEvents" name="testSignInInvalidData" time="0.0">
    <skipped/>
  </testcase> <!-- testSignInInvalidData -->
  <testcase classname="pageTestEvents.SignInPageEvents" name="testSignInInvalidData" time="0.0">
    <skipped/>
  </testcase> <!-- testSignInInvalidData -->
  <testcase classname="pageTestEvents.RegisterPageEvents" name="testUserRegistration" time="0.0">
    <skipped/>
  </testcase> <!-- testUserRegistration -->
  <testcase classname="pageTestEvents.RegisterPageEvents" name="testUserRegistration" time="0.0">
    <skipped/>
  </testcase> <!-- testUserRegistration -->
  <testcase classname="pageTestEvents.SignInPageEvents" name="testSignInInvalidData" time="0.0">
    <skipped/>
  </testcase> <!-- testSignInInvalidData -->
  <testcase classname="pageTestEvents.RegisterPageEvents" name="testUserRegistration" time="0.0">
    <skipped/>
  </testcase> <!-- testUserRegistration -->
  <testcase classname="pageTestEvents.SignInPageEvents" name="testSignInInvalidData" time="0.0">
    <skipped/>
  </testcase> <!-- testSignInInvalidData -->
  <testcase classname="pageTestEvents.RegisterPageEvents" name="testUserRegistration" time="0.0">
    <skipped/>
  </testcase> <!-- testUserRegistration -->
  <testcase classname="pageTestEvents.SignInPageEvents" name="testSignInInvalidData" time="0.0">
    <skipped/>
  </testcase> <!-- testSignInInvalidData -->
  <testcase classname="pageTestEvents.SignInPageEvents" name="testSignInData" time="0.0">
    <skipped/>
  </testcase> <!-- testSignInData -->
  <testcase classname="base.BaseTest" name="@BeforeSuite setUP" time="0.0">
    <ignored/>
  </testcase> <!-- @BeforeSuite setUP -->
  <testcase classname="base.BaseTest" name="@BeforeSuite setUP" time="0.0">
    <ignored/>
  </testcase> <!-- @BeforeSuite setUP -->
  <testcase classname="base.BaseTest" name="@AfterSuite tearDown" time="0.0">
    <ignored/>
  </testcase> <!-- @AfterSuite tearDown -->
  <testcase classname="base.BaseTest" name="@AfterSuite tearDown" time="0.0">
    <ignored/>
  </testcase> <!-- @AfterSuite tearDown -->
  <testcase classname="base.BaseTest" name="@BeforeSuite setUP" time="0.0">
    <ignored/>
  </testcase> <!-- @BeforeSuite setUP -->
  <testcase classname="base.BaseTest" name="@AfterSuite tearDown" time="0.0">
    <ignored/>
  </testcase> <!-- @AfterSuite tearDown -->
</testsuite> <!-- Parallel Test -->
