<?xml version="1.0" encoding="UTF-8"?>
<!-- Generated by org.testng.reporters.JUnitXMLReporter -->
<testsuite ignored="10" hostname="DESKTOP-CN29LMF" failures="3" tests="245" name="Test" time="499.053" errors="0" timestamp="2024-11-14T00:22:33 EST">
  <testcase classname="pageTestEvents.GraphPageEvents" name="arrayPage" time="0.49"/>
  <testcase classname="pageTestEvents.GraphPageEvents" name="arrayPageT1" time="0.725"/>
  <testcase classname="pageTestEvents.GraphPageEvents" name="arrayPageT2" time="0.714"/>
  <testcase classname="pageTestEvents.GraphPageEvents" name="graphDdropDown" time="0.39"/>
  <testcase classname="pageTestEvents.GraphPageEvents" name="graphDdropDownT1" time="0.59"/>
  <testcase classname="pageTestEvents.GraphPageEvents" name="graphDdropDownT2" time="0.635"/>
  <testcase classname="pageTestEvents.GraphPageEvents" name="invalidCodeGraph" time="1.135"/>
  <testcase classname="pageTestEvents.GraphPageEvents" name="invalidCodeGraphRep" time="0.803"/>
  <testcase classname="pageTestEvents.GraphPageEvents" name="linkedListPage" time="0.484"/>
  <testcase classname="pageTestEvents.GraphPageEvents" name="linkedListPageT1" time="0.713"/>
  <testcase classname="pageTestEvents.GraphPageEvents" name="linkedListPageT2" time="0.761"/>
  <testcase classname="pageTestEvents.GraphPageEvents" name="nocodeGraph" time="0.761"/>
  <testcase classname="pageTestEvents.GraphPageEvents" name="nocodeGraphRepresentation" time="0.768"/>
  <testcase classname="pageTestEvents.GraphPageEvents" name="practiceQueT1" time="0.613">
    <failure type="java.lang.AssertionError" message="expected [Graph] but found [Practice Questions]">
      <![CDATA[java.lang.AssertionError: expected [Graph] but found [Practice Questions]
at pageTestEvents.GraphPageEvents.practiceQueT1(GraphPageEvents.java:167)
at java.base/java.util.ArrayList.forEach(ArrayList.java:1597)
... Removed 31 stack frames]]>
    </failure>
  </testcase> <!-- practiceQueT1 -->
  <testcase classname="pageTestEvents.GraphPageEvents" name="practiceQueT2" time="0.644">
    <failure type="java.lang.AssertionError" message="expected [Graph] but found [Practice Questions]">
      <![CDATA[java.lang.AssertionError: expected [Graph] but found [Practice Questions]
at pageTestEvents.GraphPageEvents.practiceQueT2(GraphPageEvents.java:180)
at java.base/java.util.ArrayList.forEach(ArrayList.java:1597)
... Removed 31 stack frames]]>
    </failure>
  </testcase> <!-- practiceQueT2 -->
  <testcase classname="pageTestEvents.GraphPageEvents" name="queuePage" time="0.504"/>
  <testcase classname="pageTestEvents.GraphPageEvents" name="queuePageT1" time="0.768"/>
  <testcase classname="pageTestEvents.GraphPageEvents" name="queuePageT2" time="0.787"/>
  <testcase classname="pageTestEvents.GraphPageEvents" name="stackPage" time="0.515"/>
  <testcase classname="pageTestEvents.GraphPageEvents" name="stackPageT1" time="0.809"/>
  <testcase classname="pageTestEvents.GraphPageEvents" name="stackPageT2" time="0.805"/>
  <testcase classname="pageTestEvents.GraphPageEvents" name="treePage" time="0.678"/>
  <testcase classname="pageTestEvents.GraphPageEvents" name="treePageT1" time="0.858"/>
  <testcase classname="pageTestEvents.GraphPageEvents" name="treePageT2" time="0.907"/>
  <testcase classname="pageTestEvents.GraphPageEvents" name="tryHereGraph" time="0.793"/>
  <testcase classname="pageTestEvents.GraphPageEvents" name="tryHereGraphRepresentation" time="0.772"/>
  <testcase classname="pageTestEvents.GraphPageEvents" name="validCodeGraph" time="1.334"/>
  <testcase classname="pageTestEvents.GraphPageEvents" name="validCodeGraphRep" time="1.296"/>
  <testcase classname="pageTestEvents.GraphPageEvents" name="graphTopic" time="0.462"/>
  <testcase classname="pageTestEvents.GraphPageEvents" name="graphRepresentationTopic" time="0.445"/>
  <testcase classname="pageTestEvents.LinkedListPageEvents" name="arrayPage" time="1.391"/>
  <testcase classname="pageTestEvents.LinkedListPageEvents" name="arrayPage" time="1.228"/>
  <testcase classname="pageTestEvents.LinkedListPageEvents" name="arrayPage" time="1.319"/>
  <testcase classname="pageTestEvents.LinkedListPageEvents" name="arrayPage" time="1.247"/>
  <testcase classname="pageTestEvents.LinkedListPageEvents" name="arrayPage" time="1.513"/>
  <testcase classname="pageTestEvents.LinkedListPageEvents" name="arrayPage" time="1.382"/>
  <testcase classname="pageTestEvents.LinkedListPageEvents" name="arrayPage" time="1.433"/>
  <testcase classname="pageTestEvents.LinkedListPageEvents" name="graphPage" time="1.507"/>
  <testcase classname="pageTestEvents.LinkedListPageEvents" name="graphPage" time="1.444"/>
  <testcase classname="pageTestEvents.LinkedListPageEvents" name="graphPage" time="1.51"/>
  <testcase classname="pageTestEvents.LinkedListPageEvents" name="graphPage" time="1.523"/>
  <testcase classname="pageTestEvents.LinkedListPageEvents" name="graphPage" time="1.582"/>
  <testcase classname="pageTestEvents.LinkedListPageEvents" name="graphPage" time="1.583"/>
  <testcase classname="pageTestEvents.LinkedListPageEvents" name="graphPage" time="1.639"/>
  <testcase classname="pageTestEvents.LinkedListPageEvents" name="invalidTopics" time="2.04"/>
  <testcase classname="pageTestEvents.LinkedListPageEvents" name="invalidTopics" time="2.033"/>
  <testcase classname="pageTestEvents.LinkedListPageEvents" name="invalidTopics" time="2.11"/>
  <testcase classname="pageTestEvents.LinkedListPageEvents" name="invalidTopics" time="2.05"/>
  <testcase classname="pageTestEvents.LinkedListPageEvents" name="invalidTopics" time="2.086"/>
  <testcase classname="pageTestEvents.LinkedListPageEvents" name="invalidTopics" time="2.204"/>
  <testcase classname="pageTestEvents.LinkedListPageEvents" name="invalidTopics" time="2.137"/>
  <testcase classname="pageTestEvents.LinkedListPageEvents" name="linkedListPageDropdn" time="1.73"/>
  <testcase classname="pageTestEvents.LinkedListPageEvents" name="linkedListPageDropdn" time="1.694"/>
  <testcase classname="pageTestEvents.LinkedListPageEvents" name="linkedListPageDropdn" time="1.722"/>
  <testcase classname="pageTestEvents.LinkedListPageEvents" name="linkedListPageDropdn" time="1.752"/>
  <testcase classname="pageTestEvents.LinkedListPageEvents" name="linkedListPageDropdn" time="1.695"/>
  <testcase classname="pageTestEvents.LinkedListPageEvents" name="linkedListPageDropdn" time="1.682"/>
  <testcase classname="pageTestEvents.LinkedListPageEvents" name="linkedListPageDropdn" time="1.689"/>
  <testcase classname="pageTestEvents.LinkedListPageEvents" name="nocodeTopics" time="1.914"/>
  <testcase classname="pageTestEvents.LinkedListPageEvents" name="nocodeTopics" time="1.836"/>
  <testcase classname="pageTestEvents.LinkedListPageEvents" name="nocodeTopics" time="1.988"/>
  <testcase classname="pageTestEvents.LinkedListPageEvents" name="nocodeTopics" time="1.868"/>
  <testcase classname="pageTestEvents.LinkedListPageEvents" name="nocodeTopics" time="1.841"/>
  <testcase classname="pageTestEvents.LinkedListPageEvents" name="nocodeTopics" time="1.945"/>
  <testcase classname="pageTestEvents.LinkedListPageEvents" name="nocodeTopics" time="1.896"/>
  <testcase classname="pageTestEvents.LinkedListPageEvents" name="queuePage" time="1.849"/>
  <testcase classname="pageTestEvents.LinkedListPageEvents" name="queuePage" time="1.847"/>
  <testcase classname="pageTestEvents.LinkedListPageEvents" name="queuePage" time="2.728"/>
  <testcase classname="pageTestEvents.LinkedListPageEvents" name="queuePage" time="1.947"/>
  <testcase classname="pageTestEvents.LinkedListPageEvents" name="queuePage" time="1.721"/>
  <testcase classname="pageTestEvents.LinkedListPageEvents" name="queuePage" time="1.682"/>
  <testcase classname="pageTestEvents.LinkedListPageEvents" name="queuePage" time="1.699"/>
  <testcase classname="pageTestEvents.LinkedListPageEvents" name="stackPage" time="1.666"/>
  <testcase classname="pageTestEvents.LinkedListPageEvents" name="stackPage" time="0.583"/>
  <testcase classname="pageTestEvents.LinkedListPageEvents" name="stackPage" time="0.564"/>
  <testcase classname="pageTestEvents.LinkedListPageEvents" name="stackPage" time="0.555"/>
  <testcase classname="pageTestEvents.LinkedListPageEvents" name="stackPage" time="0.588"/>
  <testcase classname="pageTestEvents.LinkedListPageEvents" name="stackPage" time="0.581"/>
  <testcase classname="pageTestEvents.LinkedListPageEvents" name="stackPage" time="0.59"/>
  <testcase classname="pageTestEvents.LinkedListPageEvents" name="topicsLinkedList" time="0.268"/>
  <testcase classname="pageTestEvents.LinkedListPageEvents" name="topicsLinkedList" time="0.275"/>
  <testcase classname="pageTestEvents.LinkedListPageEvents" name="topicsLinkedList" time="0.27"/>
  <testcase classname="pageTestEvents.LinkedListPageEvents" name="topicsLinkedList" time="0.265"/>
  <testcase classname="pageTestEvents.LinkedListPageEvents" name="topicsLinkedList" time="0.255"/>
  <testcase classname="pageTestEvents.LinkedListPageEvents" name="topicsLinkedList" time="0.286"/>
  <testcase classname="pageTestEvents.LinkedListPageEvents" name="topicsLinkedList" time="0.269"/>
  <testcase classname="pageTestEvents.LinkedListPageEvents" name="treePage" time="0.644"/>
  <testcase classname="pageTestEvents.LinkedListPageEvents" name="treePage" time="0.548"/>
  <testcase classname="pageTestEvents.LinkedListPageEvents" name="treePage" time="0.575"/>
  <testcase classname="pageTestEvents.LinkedListPageEvents" name="treePage" time="0.629"/>
  <testcase classname="pageTestEvents.LinkedListPageEvents" name="treePage" time="0.65"/>
  <testcase classname="pageTestEvents.LinkedListPageEvents" name="treePage" time="0.569"/>
  <testcase classname="pageTestEvents.LinkedListPageEvents" name="treePage" time="0.581"/>
  <testcase classname="pageTestEvents.LinkedListPageEvents" name="tryHereTopics" time="0.59"/>
  <testcase classname="pageTestEvents.LinkedListPageEvents" name="tryHereTopics" time="1.414"/>
  <testcase classname="pageTestEvents.LinkedListPageEvents" name="tryHereTopics" time="0.7"/>
  <testcase classname="pageTestEvents.LinkedListPageEvents" name="tryHereTopics" time="0.485"/>
  <testcase classname="pageTestEvents.LinkedListPageEvents" name="tryHereTopics" time="0.568"/>
  <testcase classname="pageTestEvents.LinkedListPageEvents" name="tryHereTopics" time="0.533"/>
  <testcase classname="pageTestEvents.LinkedListPageEvents" name="tryHereTopics" time="0.544"/>
  <testcase classname="pageTestEvents.LinkedListPageEvents" name="validcodeTopics" time="0.771"/>
  <testcase classname="pageTestEvents.LinkedListPageEvents" name="validcodeTopics" time="0.803"/>
  <testcase classname="pageTestEvents.LinkedListPageEvents" name="validcodeTopics" time="0.826"/>
  <testcase classname="pageTestEvents.LinkedListPageEvents" name="validcodeTopics" time="0.816"/>
  <testcase classname="pageTestEvents.LinkedListPageEvents" name="validcodeTopics" time="0.757"/>
  <testcase classname="pageTestEvents.LinkedListPageEvents" name="validcodeTopics" time="0.741"/>
  <testcase classname="pageTestEvents.LinkedListPageEvents" name="validcodeTopics" time="0.745"/>
  <testcase classname="pageTestEvents.QueuePageEvents" name="arrayPage" time="0.337"/>
  <testcase classname="pageTestEvents.QueuePageEvents" name="arrayPageT1" time="0.673"/>
  <testcase classname="pageTestEvents.QueuePageEvents" name="arrayPageT2" time="0.579"/>
  <testcase classname="pageTestEvents.QueuePageEvents" name="arrayPageT3" time="0.659"/>
  <testcase classname="pageTestEvents.QueuePageEvents" name="arrayPageT4" time="0.683"/>
  <testcase classname="pageTestEvents.QueuePageEvents" name="graphPage" time="0.339"/>
  <testcase classname="pageTestEvents.QueuePageEvents" name="graphPageT1" time="0.554"/>
  <testcase classname="pageTestEvents.QueuePageEvents" name="graphPageT2" time="0.534"/>
  <testcase classname="pageTestEvents.QueuePageEvents" name="graphPageT3" time="0.541"/>
  <testcase classname="pageTestEvents.QueuePageEvents" name="graphPageT4" time="0.573"/>
  <testcase classname="pageTestEvents.QueuePageEvents" name="implementationofQueueinPythonTopic" time="0.242"/>
  <testcase classname="pageTestEvents.QueuePageEvents" name="implementationusingarrayTopic" time="0.237"/>
  <testcase classname="pageTestEvents.QueuePageEvents" name="implementationusingcollectionsdequeTopic" time="0.23"/>
  <testcase classname="pageTestEvents.QueuePageEvents" name="invalidCodeT1" time="0.724"/>
  <testcase classname="pageTestEvents.QueuePageEvents" name="invalidCodeT2" time="0.704"/>
  <testcase classname="pageTestEvents.QueuePageEvents" name="invalidCodeT3" time="0.634"/>
  <testcase classname="pageTestEvents.QueuePageEvents" name="invalidCodeT4" time="0.749"/>
  <testcase classname="pageTestEvents.QueuePageEvents" name="linkedListPage" time="0.341"/>
  <testcase classname="pageTestEvents.QueuePageEvents" name="linkedListPageT1" time="0.563"/>
  <testcase classname="pageTestEvents.QueuePageEvents" name="linkedListPageT2" time="0.587"/>
  <testcase classname="pageTestEvents.QueuePageEvents" name="linkedListPageT3" time="0.543"/>
  <testcase classname="pageTestEvents.QueuePageEvents" name="linkedListPageT4" time="0.579"/>
  <testcase classname="pageTestEvents.QueuePageEvents" name="nocodeTopic1" time="0.613"/>
  <testcase classname="pageTestEvents.QueuePageEvents" name="nocodeTopic2" time="0.612"/>
  <testcase classname="pageTestEvents.QueuePageEvents" name="nocodeTopic3" time="0.608"/>
  <testcase classname="pageTestEvents.QueuePageEvents" name="nocodeTopic4" time="0.607"/>
  <testcase classname="pageTestEvents.QueuePageEvents" name="practiceQueTopic1" time="0.482">
    <failure type="java.lang.AssertionError" message="expected [Queue] but found [Practice Questions]">
      <![CDATA[java.lang.AssertionError: expected [Queue] but found [Practice Questions]
at pageTestEvents.QueuePageEvents.practiceQueTopic1(QueuePageEvents.java:110)
at java.base/java.util.ArrayList.forEach(ArrayList.java:1597)
... Removed 31 stack frames]]>
    </failure>
  </testcase> <!-- practiceQueTopic1 -->
  <testcase classname="pageTestEvents.QueuePageEvents" name="queueDropPage" time="0.354"/>
  <testcase classname="pageTestEvents.QueuePageEvents" name="queueDropPageT1" time="0.56"/>
  <testcase classname="pageTestEvents.QueuePageEvents" name="queueDropPageT2" time="0.625"/>
  <testcase classname="pageTestEvents.QueuePageEvents" name="queueDropPageT3" time="0.544"/>
  <testcase classname="pageTestEvents.QueuePageEvents" name="queueDropPageT4" time="0.589"/>
  <testcase classname="pageTestEvents.QueuePageEvents" name="queueOperationsTopic" time="0.255"/>
  <testcase classname="pageTestEvents.QueuePageEvents" name="stackPage" time="0.336"/>
  <testcase classname="pageTestEvents.QueuePageEvents" name="stackPageT1" time="0.625"/>
  <testcase classname="pageTestEvents.QueuePageEvents" name="stackPageT2" time="0.607"/>
  <testcase classname="pageTestEvents.QueuePageEvents" name="stackPageT3" time="0.616"/>
  <testcase classname="pageTestEvents.QueuePageEvents" name="stackPageT4" time="0.687"/>
  <testcase classname="pageTestEvents.QueuePageEvents" name="treePage" time="0.613"/>
  <testcase classname="pageTestEvents.QueuePageEvents" name="treePageT1" time="0.971"/>
  <testcase classname="pageTestEvents.QueuePageEvents" name="treePageT2" time="0.835"/>
  <testcase classname="pageTestEvents.QueuePageEvents" name="treePageT3" time="0.869"/>
  <testcase classname="pageTestEvents.QueuePageEvents" name="treePageT4" time="0.878"/>
  <testcase classname="pageTestEvents.QueuePageEvents" name="tryHereTopic1" time="1.169"/>
  <testcase classname="pageTestEvents.QueuePageEvents" name="tryHereTopic2" time="1.084"/>
  <testcase classname="pageTestEvents.QueuePageEvents" name="tryHereTopic3" time="1.09"/>
  <testcase classname="pageTestEvents.QueuePageEvents" name="tryHereTopic4" time="1.113"/>
  <testcase classname="pageTestEvents.QueuePageEvents" name="validCodeT1" time="1.569"/>
  <testcase classname="pageTestEvents.QueuePageEvents" name="validCodeT2" time="1.466"/>
  <testcase classname="pageTestEvents.QueuePageEvents" name="validCodeT3" time="1.499"/>
  <testcase classname="pageTestEvents.QueuePageEvents" name="validCodeT4" time="1.76"/>
  <testcase classname="pageTestEvents.SignOutPageEvents" name="signOutArray" time="1.313"/>
  <testcase classname="pageTestEvents.SignOutPageEvents" name="signOutGraph" time="1.089"/>
  <testcase classname="pageTestEvents.SignOutPageEvents" name="signOutLinkedList" time="1.178"/>
  <testcase classname="pageTestEvents.SignOutPageEvents" name="signOutQueue" time="1.059"/>
  <testcase classname="pageTestEvents.SignOutPageEvents" name="signOutStack" time="1.156"/>
  <testcase classname="pageTestEvents.SignOutPageEvents" name="signOutTree" time="1.052"/>
  <testcase classname="pageTestEvents.SignOutPageEvents" name="signOuthome" time="0.624"/>
  <testcase classname="pageTestEvents.StackPageEvents" name="invalidTopics" time="1.194"/>
  <testcase classname="pageTestEvents.StackPageEvents" name="invalidTopics" time="1.187"/>
  <testcase classname="pageTestEvents.StackPageEvents" name="invalidTopics" time="1.09"/>
  <testcase classname="pageTestEvents.StackPageEvents" name="nocodeTopics" time="1.018"/>
  <testcase classname="pageTestEvents.StackPageEvents" name="nocodeTopics" time="1.036"/>
  <testcase classname="pageTestEvents.StackPageEvents" name="nocodeTopics" time="0.998"/>
  <testcase classname="pageTestEvents.StackPageEvents" name="topicsStack" time="0.313"/>
  <testcase classname="pageTestEvents.StackPageEvents" name="topicsStack" time="0.252"/>
  <testcase classname="pageTestEvents.StackPageEvents" name="topicsStack" time="0.311"/>
  <testcase classname="pageTestEvents.StackPageEvents" name="tryHereTopics" time="0.893"/>
  <testcase classname="pageTestEvents.StackPageEvents" name="tryHereTopics" time="0.949"/>
  <testcase classname="pageTestEvents.StackPageEvents" name="tryHereTopics" time="0.958"/>
  <testcase classname="pageTestEvents.StackPageEvents" name="validcodeTopics" time="1.172"/>
  <testcase classname="pageTestEvents.StackPageEvents" name="validcodeTopics" time="1.199"/>
  <testcase classname="pageTestEvents.StackPageEvents" name="validcodeTopics" time="1.452"/>
  <testcase classname="pageTestEvents.TreePageEvents" name="invalidTopics" time="1.123"/>
  <testcase classname="pageTestEvents.TreePageEvents" name="invalidTopics" time="1.246"/>
  <testcase classname="pageTestEvents.TreePageEvents" name="invalidTopics" time="1.153"/>
  <testcase classname="pageTestEvents.TreePageEvents" name="invalidTopics" time="1.303"/>
  <testcase classname="pageTestEvents.TreePageEvents" name="invalidTopics" time="1.255"/>
  <testcase classname="pageTestEvents.TreePageEvents" name="invalidTopics" time="1.039"/>
  <testcase classname="pageTestEvents.TreePageEvents" name="invalidTopics" time="1.332"/>
  <testcase classname="pageTestEvents.TreePageEvents" name="invalidTopics" time="1.066"/>
  <testcase classname="pageTestEvents.TreePageEvents" name="invalidTopics" time="1.272"/>
  <testcase classname="pageTestEvents.TreePageEvents" name="invalidTopics" time="1.154"/>
  <testcase classname="pageTestEvents.TreePageEvents" name="invalidTopics" time="1.362"/>
  <testcase classname="pageTestEvents.TreePageEvents" name="invalidTopics" time="1.251"/>
  <testcase classname="pageTestEvents.TreePageEvents" name="invalidTopics" time="1.197"/>
  <testcase classname="pageTestEvents.TreePageEvents" name="nocodeTopics" time="1.189"/>
  <testcase classname="pageTestEvents.TreePageEvents" name="nocodeTopics" time="0.993"/>
  <testcase classname="pageTestEvents.TreePageEvents" name="nocodeTopics" time="1.008"/>
  <testcase classname="pageTestEvents.TreePageEvents" name="nocodeTopics" time="1.036"/>
  <testcase classname="pageTestEvents.TreePageEvents" name="nocodeTopics" time="1.067"/>
  <testcase classname="pageTestEvents.TreePageEvents" name="nocodeTopics" time="1.101"/>
  <testcase classname="pageTestEvents.TreePageEvents" name="nocodeTopics" time="0.977"/>
  <testcase classname="pageTestEvents.TreePageEvents" name="nocodeTopics" time="0.989"/>
  <testcase classname="pageTestEvents.TreePageEvents" name="nocodeTopics" time="1.096"/>
  <testcase classname="pageTestEvents.TreePageEvents" name="nocodeTopics" time="1.053"/>
  <testcase classname="pageTestEvents.TreePageEvents" name="nocodeTopics" time="1.204"/>
  <testcase classname="pageTestEvents.TreePageEvents" name="nocodeTopics" time="1.239"/>
  <testcase classname="pageTestEvents.TreePageEvents" name="nocodeTopics" time="0.988"/>
  <testcase classname="pageTestEvents.TreePageEvents" name="topicsTree" time="0.303"/>
  <testcase classname="pageTestEvents.TreePageEvents" name="topicsTree" time="0.355"/>
  <testcase classname="pageTestEvents.TreePageEvents" name="topicsTree" time="0.242"/>
  <testcase classname="pageTestEvents.TreePageEvents" name="topicsTree" time="0.293"/>
  <testcase classname="pageTestEvents.TreePageEvents" name="topicsTree" time="0.347"/>
  <testcase classname="pageTestEvents.TreePageEvents" name="topicsTree" time="0.266"/>
  <testcase classname="pageTestEvents.TreePageEvents" name="topicsTree" time="0.299"/>
  <testcase classname="pageTestEvents.TreePageEvents" name="topicsTree" time="0.321"/>
  <testcase classname="pageTestEvents.TreePageEvents" name="topicsTree" time="0.385"/>
  <testcase classname="pageTestEvents.TreePageEvents" name="topicsTree" time="0.292"/>
  <testcase classname="pageTestEvents.TreePageEvents" name="topicsTree" time="0.274"/>
  <testcase classname="pageTestEvents.TreePageEvents" name="topicsTree" time="0.299"/>
  <testcase classname="pageTestEvents.TreePageEvents" name="topicsTree" time="0.381"/>
  <testcase classname="pageTestEvents.TreePageEvents" name="tryHereTopics" time="0.918"/>
  <testcase classname="pageTestEvents.TreePageEvents" name="tryHereTopics" time="0.906"/>
  <testcase classname="pageTestEvents.TreePageEvents" name="tryHereTopics" time="0.875"/>
  <testcase classname="pageTestEvents.TreePageEvents" name="tryHereTopics" time="0.92"/>
  <testcase classname="pageTestEvents.TreePageEvents" name="tryHereTopics" time="0.857"/>
  <testcase classname="pageTestEvents.TreePageEvents" name="tryHereTopics" time="0.885"/>
  <testcase classname="pageTestEvents.TreePageEvents" name="tryHereTopics" time="0.879"/>
  <testcase classname="pageTestEvents.TreePageEvents" name="tryHereTopics" time="0.866"/>
  <testcase classname="pageTestEvents.TreePageEvents" name="tryHereTopics" time="0.888"/>
  <testcase classname="pageTestEvents.TreePageEvents" name="tryHereTopics" time="0.889"/>
  <testcase classname="pageTestEvents.TreePageEvents" name="tryHereTopics" time="0.939"/>
  <testcase classname="pageTestEvents.TreePageEvents" name="tryHereTopics" time="0.898"/>
  <testcase classname="pageTestEvents.TreePageEvents" name="tryHereTopics" time="0.923"/>
  <testcase classname="pageTestEvents.TreePageEvents" name="validcodeTopics" time="1.258"/>
  <testcase classname="pageTestEvents.TreePageEvents" name="validcodeTopics" time="1.303"/>
  <testcase classname="pageTestEvents.TreePageEvents" name="validcodeTopics" time="1.388"/>
  <testcase classname="pageTestEvents.TreePageEvents" name="validcodeTopics" time="1.44"/>
  <testcase classname="pageTestEvents.TreePageEvents" name="validcodeTopics" time="1.402"/>
  <testcase classname="pageTestEvents.TreePageEvents" name="validcodeTopics" time="1.422"/>
  <testcase classname="pageTestEvents.TreePageEvents" name="validcodeTopics" time="1.446"/>
  <testcase classname="pageTestEvents.TreePageEvents" name="validcodeTopics" time="1.461"/>
  <testcase classname="pageTestEvents.TreePageEvents" name="validcodeTopics" time="1.445"/>
  <testcase classname="pageTestEvents.TreePageEvents" name="validcodeTopics" time="1.415"/>
  <testcase classname="pageTestEvents.TreePageEvents" name="validcodeTopics" time="1.433"/>
  <testcase classname="pageTestEvents.TreePageEvents" name="validcodeTopics" time="1.448"/>
  <testcase classname="pageTestEvents.TreePageEvents" name="validcodeTopics" time="1.453"/>
  <testcase classname="base.BaseTest" name="@AfterSuite tearDown" time="0.0">
    <ignored/>
  </testcase> <!-- @AfterSuite tearDown -->
  <testcase classname="base.BaseTest" name="@AfterSuite tearDown" time="0.0">
    <ignored/>
  </testcase> <!-- @AfterSuite tearDown -->
  <testcase classname="base.BaseTest" name="@BeforeSuite setUP" time="0.0">
    <ignored/>
  </testcase> <!-- @BeforeSuite setUP -->
  <testcase classname="base.BaseTest" name="@BeforeSuite setUP" time="0.0">
    <ignored/>
  </testcase> <!-- @BeforeSuite setUP -->
  <testcase classname="base.BaseTest" name="@AfterSuite tearDown" time="0.0">
    <ignored/>
  </testcase> <!-- @AfterSuite tearDown -->
  <testcase classname="base.BaseTest" name="@BeforeSuite setUP" time="0.0">
    <ignored/>
  </testcase> <!-- @BeforeSuite setUP -->
  <testcase classname="base.BaseTest" name="@AfterSuite tearDown" time="0.0">
    <ignored/>
  </testcase> <!-- @AfterSuite tearDown -->
  <testcase classname="base.BaseTest" name="@AfterSuite tearDown" time="0.0">
    <ignored/>
  </testcase> <!-- @AfterSuite tearDown -->
  <testcase classname="base.BaseTest" name="@BeforeSuite setUP" time="0.0">
    <ignored/>
  </testcase> <!-- @BeforeSuite setUP -->
  <testcase classname="base.BaseTest" name="@BeforeSuite setUP" time="0.0">
    <ignored/>
  </testcase> <!-- @BeforeSuite setUP -->
</testsuite> <!-- Test -->
