<?xml version="1.0" encoding="UTF-8"?>
<!-- Generated by org.testng.reporters.JUnitXMLReporter -->
<testsuite ignored="20" hostname="DESKTOP-CN29LMF" failures="8" tests="285" name="Test" time="440.595" errors="0" timestamp="2024-11-17T23:06:23 EST">
  <testcase classname="pageTestEvents.LandingPageEvents" name="testHomePageTitle" time="0.041"/>
  <testcase classname="pageTestEvents.LandingPageEvents" name="getStartedBtn" time="0.297"/>
  <testcase classname="pageTestEvents.RegisterPageEvents" name="testPageTitle" time="0.014"/>
  <testcase classname="pageTestEvents.RegisterPageEvents" name="testUserRegistration" time="3.261"/>
  <testcase classname="pageTestEvents.RegisterPageEvents" name="testUserRegistration" time="3.205"/>
  <testcase classname="pageTestEvents.RegisterPageEvents" name="testUserRegistration" time="3.265"/>
  <testcase classname="pageTestEvents.RegisterPageEvents" name="testUserRegistration" time="3.192"/>
  <testcase classname="pageTestEvents.RegisterPageEvents" name="testUserRegistration" time="5.511"/>
  <testcase classname="pageTestEvents.RegisterPageEvents" name="testUserRegistration" time="4.356">
    <failure type="java.lang.AssertionError" message="expected [password length doesnot meet] but found [password_mismatch:The two password fields didn’t match.]">
      <![CDATA[java.lang.AssertionError: expected [password length doesnot meet] but found [password_mismatch:The two password fields didn’t match.]
at pageTestEvents.RegisterPageEvents.registerUser(RegisterPageEvents.java:42)
at pageTestEvents.RegisterPageEvents.testUserRegistration(RegisterPageEvents.java:70)
at java.base/java.util.ArrayList.forEach(ArrayList.java:1597)
... Removed 31 stack frames]]>
    </failure>
  </testcase> <!-- testUserRegistration -->
  <testcase classname="pageTestEvents.RegisterPageEvents" name="testUserRegistration" time="4.385">
    <failure type="java.lang.AssertionError" message="expected [user already exists] but found [password_mismatch:The two password fields didn’t match.]">
      <![CDATA[java.lang.AssertionError: expected [user already exists] but found [password_mismatch:The two password fields didn’t match.]
at pageTestEvents.RegisterPageEvents.registerUser(RegisterPageEvents.java:42)
at pageTestEvents.RegisterPageEvents.testUserRegistration(RegisterPageEvents.java:70)
at java.base/java.util.ArrayList.forEach(ArrayList.java:1597)
... Removed 31 stack frames]]>
    </failure>
  </testcase> <!-- testUserRegistration -->
  <testcase classname="pageTestEvents.DashBoardPageEvents" name="chkPageTitle" time="0.011"/>
  <testcase classname="pageTestEvents.DashBoardPageEvents" name="validateDsAlgoDropdownItems" time="0.056"/>
  <testcase classname="pageTestEvents.DashBoardPageEvents" name="validateDsAlgoButtons" time="0.016"/>
  <testcase classname="pageTestEvents.DashBoardPageEvents" name="validateRegister" time="0.112"/>
  <testcase classname="pageTestEvents.DashBoardPageEvents" name="testDSwithoutSignIn" time="0.043"/>
  <testcase classname="pageTestEvents.DashBoardPageEvents" name="testDSwithoutSignIn" time="0.044"/>
  <testcase classname="pageTestEvents.DashBoardPageEvents" name="testDSwithoutSignIn" time="0.037"/>
  <testcase classname="pageTestEvents.DashBoardPageEvents" name="testDSwithoutSignIn" time="0.048"/>
  <testcase classname="pageTestEvents.DashBoardPageEvents" name="testDSwithoutSignIn" time="0.049"/>
  <testcase classname="pageTestEvents.DashBoardPageEvents" name="testDSwithoutSignIn" time="0.04"/>
  <testcase classname="pageTestEvents.DashBoardPageEvents" name="validateSignIn" time="0.11"/>
  <testcase classname="pageTestEvents.DashBoardPageEvents" name="userSignIn" time="0.439"/>
  <testcase classname="pageTestEvents.DashBoardPageEvents" name="testDataStructures" time="0.044"/>
  <testcase classname="pageTestEvents.DashBoardPageEvents" name="testDataStructures" time="0.04"/>
  <testcase classname="pageTestEvents.DashBoardPageEvents" name="testDataStructures" time="0.044"/>
  <testcase classname="pageTestEvents.DashBoardPageEvents" name="testDataStructures" time="0.045"/>
  <testcase classname="pageTestEvents.DashBoardPageEvents" name="testDataStructures" time="0.041"/>
  <testcase classname="pageTestEvents.DashBoardPageEvents" name="testDataStructures" time="0.042"/>
  <testcase classname="pageTestEvents.SignInPageEvents" name="testPageTitle" time="0.011"/>
  <testcase classname="pageTestEvents.SignInPageEvents" name="testSignInInvalidData" time="0.315"/>
  <testcase classname="pageTestEvents.SignInPageEvents" name="testSignInInvalidData" time="0.284"/>
  <testcase classname="pageTestEvents.SignInPageEvents" name="testSignInInvalidData" time="0.308"/>
  <testcase classname="pageTestEvents.SignInPageEvents" name="testSignInInvalidData" time="0.321"/>
  <testcase classname="pageTestEvents.SignInPageEvents" name="testSignInInvalidData" time="0.096"/>
  <testcase classname="pageTestEvents.SignInPageEvents" name="testSignInInvalidData" time="0.102"/>
  <testcase classname="pageTestEvents.SignInPageEvents" name="testSignInInvalidData" time="0.233"/>
  <testcase classname="pageTestEvents.SignInPageEvents" name="testSignInData" time="0.423"/>
  <testcase classname="pageTestEvents.GraphPageEvents" name="arrayPage" time="0.22"/>
  <testcase classname="pageTestEvents.GraphPageEvents" name="arrayPageT1" time="0.356"/>
  <testcase classname="pageTestEvents.GraphPageEvents" name="arrayPageT2" time="0.389"/>
  <testcase classname="pageTestEvents.GraphPageEvents" name="graphDdropDown" time="0.195"/>
  <testcase classname="pageTestEvents.GraphPageEvents" name="graphDdropDownT1" time="0.343"/>
  <testcase classname="pageTestEvents.GraphPageEvents" name="graphDdropDownT2" time="0.359"/>
  <testcase classname="pageTestEvents.GraphPageEvents" name="invalidCodeGraph" time="0.641"/>
  <testcase classname="pageTestEvents.GraphPageEvents" name="invalidCodeGraphRep" time="0.42"/>
  <testcase classname="pageTestEvents.GraphPageEvents" name="linkedListPage" time="0.301"/>
  <testcase classname="pageTestEvents.GraphPageEvents" name="linkedListPageT1" time="0.384"/>
  <testcase classname="pageTestEvents.GraphPageEvents" name="linkedListPageT2" time="0.388"/>
  <testcase classname="pageTestEvents.GraphPageEvents" name="nocodeGraph" time="0.381"/>
  <testcase classname="pageTestEvents.GraphPageEvents" name="nocodeGraphRepresentation" time="0.413"/>
  <testcase classname="pageTestEvents.GraphPageEvents" name="practiceQueT1" time="0.378">
    <failure type="java.lang.AssertionError" message="expected [true] but found [false]">
      <![CDATA[java.lang.AssertionError: expected [true] but found [false]
at pageTestEvents.GraphPageEvents.practiceQueT1(GraphPageEvents.java:154)
at java.base/java.util.ArrayList.forEach(ArrayList.java:1597)
... Removed 29 stack frames]]>
    </failure>
  </testcase> <!-- practiceQueT1 -->
  <testcase classname="pageTestEvents.GraphPageEvents" name="practiceQueT2" time="0.395">
    <failure type="java.lang.AssertionError" message="expected [true] but found [false]">
      <![CDATA[java.lang.AssertionError: expected [true] but found [false]
at pageTestEvents.GraphPageEvents.practiceQueT2(GraphPageEvents.java:165)
at java.base/java.util.ArrayList.forEach(ArrayList.java:1597)
... Removed 29 stack frames]]>
    </failure>
  </testcase> <!-- practiceQueT2 -->
  <testcase classname="pageTestEvents.GraphPageEvents" name="queuePage" time="0.293"/>
  <testcase classname="pageTestEvents.GraphPageEvents" name="queuePageT1" time="0.418"/>
  <testcase classname="pageTestEvents.GraphPageEvents" name="queuePageT2" time="0.439"/>
  <testcase classname="pageTestEvents.GraphPageEvents" name="stackPage" time="0.274"/>
  <testcase classname="pageTestEvents.GraphPageEvents" name="stackPageT1" time="0.454"/>
  <testcase classname="pageTestEvents.GraphPageEvents" name="stackPageT2" time="0.483"/>
  <testcase classname="pageTestEvents.GraphPageEvents" name="treePage" time="0.372"/>
  <testcase classname="pageTestEvents.GraphPageEvents" name="treePageT1" time="0.554"/>
  <testcase classname="pageTestEvents.GraphPageEvents" name="treePageT2" time="0.592"/>
  <testcase classname="pageTestEvents.GraphPageEvents" name="tryHereGraph" time="0.493"/>
  <testcase classname="pageTestEvents.GraphPageEvents" name="tryHereGraphRepresentation" time="0.477"/>
  <testcase classname="pageTestEvents.GraphPageEvents" name="validCodeGraph" time="0.649"/>
  <testcase classname="pageTestEvents.GraphPageEvents" name="validCodeGraphRep" time="0.81"/>
  <testcase classname="pageTestEvents.GraphPageEvents" name="graphTopic" time="0.272"/>
  <testcase classname="pageTestEvents.GraphPageEvents" name="graphRepresentationTopic" time="0.304"/>
  <testcase classname="pageTestEvents.LinkedListPageEvents" name="arrayPage" time="0.731"/>
  <testcase classname="pageTestEvents.LinkedListPageEvents" name="arrayPage" time="0.734"/>
  <testcase classname="pageTestEvents.LinkedListPageEvents" name="arrayPage" time="0.772"/>
  <testcase classname="pageTestEvents.LinkedListPageEvents" name="arrayPage" time="0.733"/>
  <testcase classname="pageTestEvents.LinkedListPageEvents" name="arrayPage" time="0.776"/>
  <testcase classname="pageTestEvents.LinkedListPageEvents" name="arrayPage" time="0.724"/>
  <testcase classname="pageTestEvents.LinkedListPageEvents" name="arrayPage" time="0.799"/>
  <testcase classname="pageTestEvents.LinkedListPageEvents" name="graphPage" time="0.758"/>
  <testcase classname="pageTestEvents.LinkedListPageEvents" name="graphPage" time="0.802"/>
  <testcase classname="pageTestEvents.LinkedListPageEvents" name="graphPage" time="0.886"/>
  <testcase classname="pageTestEvents.LinkedListPageEvents" name="graphPage" time="0.925"/>
  <testcase classname="pageTestEvents.LinkedListPageEvents" name="graphPage" time="0.839"/>
  <testcase classname="pageTestEvents.LinkedListPageEvents" name="graphPage" time="0.979"/>
  <testcase classname="pageTestEvents.LinkedListPageEvents" name="graphPage" time="0.86"/>
  <testcase classname="pageTestEvents.LinkedListPageEvents" name="invalidTopics" time="1.024"/>
  <testcase classname="pageTestEvents.LinkedListPageEvents" name="invalidTopics" time="1.143"/>
  <testcase classname="pageTestEvents.LinkedListPageEvents" name="invalidTopics" time="0.969"/>
  <testcase classname="pageTestEvents.LinkedListPageEvents" name="invalidTopics" time="0.935"/>
  <testcase classname="pageTestEvents.LinkedListPageEvents" name="invalidTopics" time="1.196"/>
  <testcase classname="pageTestEvents.LinkedListPageEvents" name="invalidTopics" time="0.952"/>
  <testcase classname="pageTestEvents.LinkedListPageEvents" name="invalidTopics" time="0.963"/>
  <testcase classname="pageTestEvents.LinkedListPageEvents" name="linkedListPageDropdn" time="0.982"/>
  <testcase classname="pageTestEvents.LinkedListPageEvents" name="linkedListPageDropdn" time="0.894"/>
  <testcase classname="pageTestEvents.LinkedListPageEvents" name="linkedListPageDropdn" time="0.831"/>
  <testcase classname="pageTestEvents.LinkedListPageEvents" name="linkedListPageDropdn" time="0.987"/>
  <testcase classname="pageTestEvents.LinkedListPageEvents" name="linkedListPageDropdn" time="0.881"/>
  <testcase classname="pageTestEvents.LinkedListPageEvents" name="linkedListPageDropdn" time="0.888"/>
  <testcase classname="pageTestEvents.LinkedListPageEvents" name="linkedListPageDropdn" time="0.935"/>
  <testcase classname="pageTestEvents.LinkedListPageEvents" name="nocodeTopics" time="0.882"/>
  <testcase classname="pageTestEvents.LinkedListPageEvents" name="nocodeTopics" time="0.879"/>
  <testcase classname="pageTestEvents.LinkedListPageEvents" name="nocodeTopics" time="1.008"/>
  <testcase classname="pageTestEvents.LinkedListPageEvents" name="nocodeTopics" time="1.079"/>
  <testcase classname="pageTestEvents.LinkedListPageEvents" name="nocodeTopics" time="0.899"/>
  <testcase classname="pageTestEvents.LinkedListPageEvents" name="nocodeTopics" time="0.902"/>
  <testcase classname="pageTestEvents.LinkedListPageEvents" name="nocodeTopics" time="0.934"/>
  <testcase classname="pageTestEvents.LinkedListPageEvents" name="practiceQue" time="0.629">
    <failure type="java.lang.AssertionError" message="expected [true] but found [false]">
      <![CDATA[java.lang.AssertionError: expected [true] but found [false]
at pageTestEvents.LinkedListPageEvents.practiceQue(LinkedListPageEvents.java:150)
at java.base/java.util.ArrayList.forEach(ArrayList.java:1597)
... Removed 29 stack frames]]>
    </failure>
  </testcase> <!-- practiceQue -->
  <testcase classname="pageTestEvents.LinkedListPageEvents" name="queuePage" time="0.899"/>
  <testcase classname="pageTestEvents.LinkedListPageEvents" name="queuePage" time="0.873"/>
  <testcase classname="pageTestEvents.LinkedListPageEvents" name="queuePage" time="0.877"/>
  <testcase classname="pageTestEvents.LinkedListPageEvents" name="queuePage" time="0.816"/>
  <testcase classname="pageTestEvents.LinkedListPageEvents" name="queuePage" time="0.829"/>
  <testcase classname="pageTestEvents.LinkedListPageEvents" name="queuePage" time="0.815"/>
  <testcase classname="pageTestEvents.LinkedListPageEvents" name="queuePage" time="0.833"/>
  <testcase classname="pageTestEvents.LinkedListPageEvents" name="stackPage" time="0.848"/>
  <testcase classname="pageTestEvents.LinkedListPageEvents" name="stackPage" time="0.933"/>
  <testcase classname="pageTestEvents.LinkedListPageEvents" name="stackPage" time="0.85"/>
  <testcase classname="pageTestEvents.LinkedListPageEvents" name="stackPage" time="0.764"/>
  <testcase classname="pageTestEvents.LinkedListPageEvents" name="stackPage" time="0.827"/>
  <testcase classname="pageTestEvents.LinkedListPageEvents" name="stackPage" time="0.844"/>
  <testcase classname="pageTestEvents.LinkedListPageEvents" name="stackPage" time="0.834"/>
  <testcase classname="pageTestEvents.LinkedListPageEvents" name="topicsLinkedList" time="0.402"/>
  <testcase classname="pageTestEvents.LinkedListPageEvents" name="topicsLinkedList" time="0.433"/>
  <testcase classname="pageTestEvents.LinkedListPageEvents" name="topicsLinkedList" time="0.375"/>
  <testcase classname="pageTestEvents.LinkedListPageEvents" name="topicsLinkedList" time="0.408"/>
  <testcase classname="pageTestEvents.LinkedListPageEvents" name="topicsLinkedList" time="0.306"/>
  <testcase classname="pageTestEvents.LinkedListPageEvents" name="topicsLinkedList" time="0.387"/>
  <testcase classname="pageTestEvents.LinkedListPageEvents" name="topicsLinkedList" time="0.408"/>
  <testcase classname="pageTestEvents.LinkedListPageEvents" name="treePage" time="0.884"/>
  <testcase classname="pageTestEvents.LinkedListPageEvents" name="treePage" time="0.895"/>
  <testcase classname="pageTestEvents.LinkedListPageEvents" name="treePage" time="0.885"/>
  <testcase classname="pageTestEvents.LinkedListPageEvents" name="treePage" time="0.909"/>
  <testcase classname="pageTestEvents.LinkedListPageEvents" name="treePage" time="1.004"/>
  <testcase classname="pageTestEvents.LinkedListPageEvents" name="treePage" time="0.884"/>
  <testcase classname="pageTestEvents.LinkedListPageEvents" name="treePage" time="0.908"/>
  <testcase classname="pageTestEvents.LinkedListPageEvents" name="tryHereTopics" time="0.837"/>
  <testcase classname="pageTestEvents.LinkedListPageEvents" name="tryHereTopics" time="0.779"/>
  <testcase classname="pageTestEvents.LinkedListPageEvents" name="tryHereTopics" time="0.842"/>
  <testcase classname="pageTestEvents.LinkedListPageEvents" name="tryHereTopics" time="0.88"/>
  <testcase classname="pageTestEvents.LinkedListPageEvents" name="tryHereTopics" time="0.818"/>
  <testcase classname="pageTestEvents.LinkedListPageEvents" name="tryHereTopics" time="0.837"/>
  <testcase classname="pageTestEvents.LinkedListPageEvents" name="tryHereTopics" time="0.933"/>
  <testcase classname="pageTestEvents.LinkedListPageEvents" name="validcodeTopics" time="1.08"/>
  <testcase classname="pageTestEvents.LinkedListPageEvents" name="validcodeTopics" time="1.096"/>
  <testcase classname="pageTestEvents.LinkedListPageEvents" name="validcodeTopics" time="1.068"/>
  <testcase classname="pageTestEvents.LinkedListPageEvents" name="validcodeTopics" time="1.059"/>
  <testcase classname="pageTestEvents.LinkedListPageEvents" name="validcodeTopics" time="1.187"/>
  <testcase classname="pageTestEvents.LinkedListPageEvents" name="validcodeTopics" time="1.152"/>
  <testcase classname="pageTestEvents.LinkedListPageEvents" name="validcodeTopics" time="1.058"/>
  <testcase classname="pageTestEvents.QueuePageEvents" name="arrayPage" time="0.489"/>
  <testcase classname="pageTestEvents.QueuePageEvents" name="arrayPageT1" time="0.992"/>
  <testcase classname="pageTestEvents.QueuePageEvents" name="arrayPageT2" time="0.969"/>
  <testcase classname="pageTestEvents.QueuePageEvents" name="arrayPageT3" time="0.963"/>
  <testcase classname="pageTestEvents.QueuePageEvents" name="arrayPageT4" time="0.967"/>
  <testcase classname="pageTestEvents.QueuePageEvents" name="graphPage" time="0.521"/>
  <testcase classname="pageTestEvents.QueuePageEvents" name="graphPageT1" time="0.843"/>
  <testcase classname="pageTestEvents.QueuePageEvents" name="graphPageT2" time="0.9"/>
  <testcase classname="pageTestEvents.QueuePageEvents" name="graphPageT3" time="0.901"/>
  <testcase classname="pageTestEvents.QueuePageEvents" name="graphPageT4" time="0.865"/>
  <testcase classname="pageTestEvents.QueuePageEvents" name="implementationofQueueinPythonTopic" time="0.37"/>
  <testcase classname="pageTestEvents.QueuePageEvents" name="implementationusingarrayTopic" time="0.28"/>
  <testcase classname="pageTestEvents.QueuePageEvents" name="implementationusingcollectionsdequeTopic" time="0.392"/>
  <testcase classname="pageTestEvents.QueuePageEvents" name="invalidCodeT1" time="1.073"/>
  <testcase classname="pageTestEvents.QueuePageEvents" name="invalidCodeT2" time="1.047"/>
  <testcase classname="pageTestEvents.QueuePageEvents" name="invalidCodeT3" time="1.013"/>
  <testcase classname="pageTestEvents.QueuePageEvents" name="invalidCodeT4" time="1.019"/>
  <testcase classname="pageTestEvents.QueuePageEvents" name="linkedListPage" time="0.498"/>
  <testcase classname="pageTestEvents.QueuePageEvents" name="linkedListPageT1" time="0.827"/>
  <testcase classname="pageTestEvents.QueuePageEvents" name="linkedListPageT2" time="0.935"/>
  <testcase classname="pageTestEvents.QueuePageEvents" name="linkedListPageT3" time="0.958"/>
  <testcase classname="pageTestEvents.QueuePageEvents" name="linkedListPageT4" time="0.859"/>
  <testcase classname="pageTestEvents.QueuePageEvents" name="nocodeTopic1" time="0.9"/>
  <testcase classname="pageTestEvents.QueuePageEvents" name="nocodeTopic2" time="0.85"/>
  <testcase classname="pageTestEvents.QueuePageEvents" name="nocodeTopic3" time="0.932"/>
  <testcase classname="pageTestEvents.QueuePageEvents" name="nocodeTopic4" time="0.934"/>
  <testcase classname="pageTestEvents.QueuePageEvents" name="practiceQueTopic1" time="0.781">
    <failure type="java.lang.AssertionError" message="expected [true] but found [false]">
      <![CDATA[java.lang.AssertionError: expected [true] but found [false]
at pageTestEvents.QueuePageEvents.practiceQueTopic1(QueuePageEvents.java:108)
at java.base/java.util.ArrayList.forEach(ArrayList.java:1597)
... Removed 29 stack frames]]>
    </failure>
  </testcase> <!-- practiceQueTopic1 -->
  <testcase classname="pageTestEvents.QueuePageEvents" name="queueDropPage" time="0.485"/>
  <testcase classname="pageTestEvents.QueuePageEvents" name="queueDropPageT1" time="0.75"/>
  <testcase classname="pageTestEvents.QueuePageEvents" name="queueDropPageT2" time="0.795"/>
  <testcase classname="pageTestEvents.QueuePageEvents" name="queueDropPageT3" time="0.777"/>
  <testcase classname="pageTestEvents.QueuePageEvents" name="queueDropPageT4" time="0.765"/>
  <testcase classname="pageTestEvents.QueuePageEvents" name="queueOperationsTopic" time="0.287"/>
  <testcase classname="pageTestEvents.QueuePageEvents" name="stackPage" time="0.511"/>
  <testcase classname="pageTestEvents.QueuePageEvents" name="stackPageT1" time="0.858"/>
  <testcase classname="pageTestEvents.QueuePageEvents" name="stackPageT2" time="0.948"/>
  <testcase classname="pageTestEvents.QueuePageEvents" name="stackPageT3" time="0.948"/>
  <testcase classname="pageTestEvents.QueuePageEvents" name="stackPageT4" time="0.862"/>
  <testcase classname="pageTestEvents.QueuePageEvents" name="treePage" time="0.615"/>
  <testcase classname="pageTestEvents.QueuePageEvents" name="treePageT1" time="0.952"/>
  <testcase classname="pageTestEvents.QueuePageEvents" name="treePageT2" time="1.065"/>
  <testcase classname="pageTestEvents.QueuePageEvents" name="treePageT3" time="0.932"/>
  <testcase classname="pageTestEvents.QueuePageEvents" name="treePageT4" time="0.902"/>
  <testcase classname="pageTestEvents.QueuePageEvents" name="tryHereTopic1" time="0.871"/>
  <testcase classname="pageTestEvents.QueuePageEvents" name="tryHereTopic2" time="0.864"/>
  <testcase classname="pageTestEvents.QueuePageEvents" name="tryHereTopic3" time="0.859"/>
  <testcase classname="pageTestEvents.QueuePageEvents" name="tryHereTopic4" time="0.802"/>
  <testcase classname="pageTestEvents.QueuePageEvents" name="validCodeT1" time="1.243"/>
  <testcase classname="pageTestEvents.QueuePageEvents" name="validCodeT2" time="1.295"/>
  <testcase classname="pageTestEvents.QueuePageEvents" name="validCodeT3" time="1.252"/>
  <testcase classname="pageTestEvents.QueuePageEvents" name="validCodeT4" time="1.172"/>
  <testcase classname="pageTestEvents.StackPageEvents" name="invalidTopics" time="1.16"/>
  <testcase classname="pageTestEvents.StackPageEvents" name="invalidTopics" time="1.157"/>
  <testcase classname="pageTestEvents.StackPageEvents" name="invalidTopics" time="1.277"/>
  <testcase classname="pageTestEvents.StackPageEvents" name="nocodeTopics" time="0.987"/>
  <testcase classname="pageTestEvents.StackPageEvents" name="nocodeTopics" time="0.932"/>
  <testcase classname="pageTestEvents.StackPageEvents" name="nocodeTopics" time="1.032"/>
  <testcase classname="pageTestEvents.StackPageEvents" name="practiceQue" time="0.728">
    <failure type="java.lang.AssertionError" message="expected [true] but found [false]">
      <![CDATA[java.lang.AssertionError: expected [true] but found [false]
at pageTestEvents.StackPageEvents.practiceQue(StackPageEvents.java:124)
at java.base/java.util.ArrayList.forEach(ArrayList.java:1597)
... Removed 29 stack frames]]>
    </failure>
  </testcase> <!-- practiceQue -->
  <testcase classname="pageTestEvents.StackPageEvents" name="topicsStack" time="0.425"/>
  <testcase classname="pageTestEvents.StackPageEvents" name="topicsStack" time="0.413"/>
  <testcase classname="pageTestEvents.StackPageEvents" name="topicsStack" time="0.419"/>
  <testcase classname="pageTestEvents.StackPageEvents" name="tryHereTopics" time="0.737"/>
  <testcase classname="pageTestEvents.StackPageEvents" name="tryHereTopics" time="0.757"/>
  <testcase classname="pageTestEvents.StackPageEvents" name="tryHereTopics" time="0.786"/>
  <testcase classname="pageTestEvents.StackPageEvents" name="validcodeTopics" time="1.037"/>
  <testcase classname="pageTestEvents.StackPageEvents" name="validcodeTopics" time="1.142"/>
  <testcase classname="pageTestEvents.StackPageEvents" name="validcodeTopics" time="1.172"/>
  <testcase classname="pageTestEvents.TreePageEvents" name="invalidTopics" time="1.1"/>
  <testcase classname="pageTestEvents.TreePageEvents" name="invalidTopics" time="1.077"/>
  <testcase classname="pageTestEvents.TreePageEvents" name="invalidTopics" time="1.098"/>
  <testcase classname="pageTestEvents.TreePageEvents" name="invalidTopics" time="1.12"/>
  <testcase classname="pageTestEvents.TreePageEvents" name="invalidTopics" time="1.152"/>
  <testcase classname="pageTestEvents.TreePageEvents" name="invalidTopics" time="1.15"/>
  <testcase classname="pageTestEvents.TreePageEvents" name="invalidTopics" time="1.221"/>
  <testcase classname="pageTestEvents.TreePageEvents" name="invalidTopics" time="1.137"/>
  <testcase classname="pageTestEvents.TreePageEvents" name="invalidTopics" time="1.121"/>
  <testcase classname="pageTestEvents.TreePageEvents" name="invalidTopics" time="1.135"/>
  <testcase classname="pageTestEvents.TreePageEvents" name="invalidTopics" time="1.061"/>
  <testcase classname="pageTestEvents.TreePageEvents" name="invalidTopics" time="1.453"/>
  <testcase classname="pageTestEvents.TreePageEvents" name="invalidTopics" time="1.194"/>
  <testcase classname="pageTestEvents.TreePageEvents" name="nocodeTopics" time="0.894"/>
  <testcase classname="pageTestEvents.TreePageEvents" name="nocodeTopics" time="1.065"/>
  <testcase classname="pageTestEvents.TreePageEvents" name="nocodeTopics" time="0.962"/>
  <testcase classname="pageTestEvents.TreePageEvents" name="nocodeTopics" time="1.021"/>
  <testcase classname="pageTestEvents.TreePageEvents" name="nocodeTopics" time="0.98"/>
  <testcase classname="pageTestEvents.TreePageEvents" name="nocodeTopics" time="1.008"/>
  <testcase classname="pageTestEvents.TreePageEvents" name="nocodeTopics" time="0.984"/>
  <testcase classname="pageTestEvents.TreePageEvents" name="nocodeTopics" time="1.029"/>
  <testcase classname="pageTestEvents.TreePageEvents" name="nocodeTopics" time="0.917"/>
  <testcase classname="pageTestEvents.TreePageEvents" name="nocodeTopics" time="0.997"/>
  <testcase classname="pageTestEvents.TreePageEvents" name="nocodeTopics" time="0.968"/>
  <testcase classname="pageTestEvents.TreePageEvents" name="nocodeTopics" time="1.006"/>
  <testcase classname="pageTestEvents.TreePageEvents" name="nocodeTopics" time="0.965"/>
  <testcase classname="pageTestEvents.TreePageEvents" name="practiceQue" time="0.926">
    <failure type="java.lang.AssertionError" message="expected [true] but found [false]">
      <![CDATA[java.lang.AssertionError: expected [true] but found [false]
at pageTestEvents.TreePageEvents.practiceQue(TreePageEvents.java:91)
at java.base/java.util.ArrayList.forEach(ArrayList.java:1597)
... Removed 29 stack frames]]>
    </failure>
  </testcase> <!-- practiceQue -->
  <testcase classname="pageTestEvents.TreePageEvents" name="topicsTree" time="0.429"/>
  <testcase classname="pageTestEvents.TreePageEvents" name="topicsTree" time="0.452"/>
  <testcase classname="pageTestEvents.TreePageEvents" name="topicsTree" time="0.368"/>
  <testcase classname="pageTestEvents.TreePageEvents" name="topicsTree" time="0.504"/>
  <testcase classname="pageTestEvents.TreePageEvents" name="topicsTree" time="0.428"/>
  <testcase classname="pageTestEvents.TreePageEvents" name="topicsTree" time="0.462"/>
  <testcase classname="pageTestEvents.TreePageEvents" name="topicsTree" time="0.442"/>
  <testcase classname="pageTestEvents.TreePageEvents" name="topicsTree" time="0.47"/>
  <testcase classname="pageTestEvents.TreePageEvents" name="topicsTree" time="0.436"/>
  <testcase classname="pageTestEvents.TreePageEvents" name="topicsTree" time="0.381"/>
  <testcase classname="pageTestEvents.TreePageEvents" name="topicsTree" time="0.423"/>
  <testcase classname="pageTestEvents.TreePageEvents" name="topicsTree" time="0.493"/>
  <testcase classname="pageTestEvents.TreePageEvents" name="topicsTree" time="0.43"/>
  <testcase classname="pageTestEvents.TreePageEvents" name="tryHereTopics" time="0.878"/>
  <testcase classname="pageTestEvents.TreePageEvents" name="tryHereTopics" time="0.83"/>
  <testcase classname="pageTestEvents.TreePageEvents" name="tryHereTopics" time="0.767"/>
  <testcase classname="pageTestEvents.TreePageEvents" name="tryHereTopics" time="0.555"/>
  <testcase classname="pageTestEvents.TreePageEvents" name="tryHereTopics" time="0.295"/>
  <testcase classname="pageTestEvents.TreePageEvents" name="tryHereTopics" time="0.356"/>
  <testcase classname="pageTestEvents.TreePageEvents" name="tryHereTopics" time="0.33"/>
  <testcase classname="pageTestEvents.TreePageEvents" name="tryHereTopics" time="0.318"/>
  <testcase classname="pageTestEvents.TreePageEvents" name="tryHereTopics" time="0.327"/>
  <testcase classname="pageTestEvents.TreePageEvents" name="tryHereTopics" time="0.333"/>
  <testcase classname="pageTestEvents.TreePageEvents" name="tryHereTopics" time="0.322"/>
  <testcase classname="pageTestEvents.TreePageEvents" name="tryHereTopics" time="0.33"/>
  <testcase classname="pageTestEvents.TreePageEvents" name="tryHereTopics" time="0.329"/>
  <testcase classname="pageTestEvents.TreePageEvents" name="validcodeTopics" time="0.436"/>
  <testcase classname="pageTestEvents.TreePageEvents" name="validcodeTopics" time="0.406"/>
  <testcase classname="pageTestEvents.TreePageEvents" name="validcodeTopics" time="0.408"/>
  <testcase classname="pageTestEvents.TreePageEvents" name="validcodeTopics" time="0.42"/>
  <testcase classname="pageTestEvents.TreePageEvents" name="validcodeTopics" time="0.43"/>
  <testcase classname="pageTestEvents.TreePageEvents" name="validcodeTopics" time="0.424"/>
  <testcase classname="pageTestEvents.TreePageEvents" name="validcodeTopics" time="0.419"/>
  <testcase classname="pageTestEvents.TreePageEvents" name="validcodeTopics" time="0.4"/>
  <testcase classname="pageTestEvents.TreePageEvents" name="validcodeTopics" time="0.442"/>
  <testcase classname="pageTestEvents.TreePageEvents" name="validcodeTopics" time="0.494"/>
  <testcase classname="pageTestEvents.TreePageEvents" name="validcodeTopics" time="0.674"/>
  <testcase classname="pageTestEvents.TreePageEvents" name="validcodeTopics" time="0.949"/>
  <testcase classname="pageTestEvents.TreePageEvents" name="validcodeTopics" time="0.746"/>
  <testcase classname="pageTestEvents.SignOutPageEvents" name="signOutArray" time="0.633"/>
  <testcase classname="pageTestEvents.SignOutPageEvents" name="signOutGraph" time="0.645"/>
  <testcase classname="pageTestEvents.SignOutPageEvents" name="signOutLinkedList" time="0.682"/>
  <testcase classname="pageTestEvents.SignOutPageEvents" name="signOutQueue" time="0.588"/>
  <testcase classname="pageTestEvents.SignOutPageEvents" name="signOutStack" time="0.555"/>
  <testcase classname="pageTestEvents.SignOutPageEvents" name="signOutTree" time="0.551"/>
  <testcase classname="pageTestEvents.SignOutPageEvents" name="signOuthome" time="0.348"/>
  <testcase classname="base.BaseTest" name="@BeforeSuite setUP" time="0.0">
    <ignored/>
  </testcase> <!-- @BeforeSuite setUP -->
  <testcase classname="base.BaseTest" name="@BeforeSuite setUP" time="0.0">
    <ignored/>
  </testcase> <!-- @BeforeSuite setUP -->
  <testcase classname="base.BaseTest" name="@BeforeSuite setUP" time="0.0">
    <ignored/>
  </testcase> <!-- @BeforeSuite setUP -->
  <testcase classname="base.BaseTest" name="@AfterSuite tearDown" time="0.0">
    <ignored/>
  </testcase> <!-- @AfterSuite tearDown -->
  <testcase classname="base.BaseTest" name="@AfterSuite tearDown" time="0.0">
    <ignored/>
  </testcase> <!-- @AfterSuite tearDown -->
  <testcase classname="base.BaseTest" name="@AfterSuite tearDown" time="0.0">
    <ignored/>
  </testcase> <!-- @AfterSuite tearDown -->
  <testcase classname="base.BaseTest" name="@BeforeSuite setUP" time="0.0">
    <ignored/>
  </testcase> <!-- @BeforeSuite setUP -->
  <testcase classname="base.BaseTest" name="@AfterSuite tearDown" time="0.0">
    <ignored/>
  </testcase> <!-- @AfterSuite tearDown -->
  <testcase classname="base.BaseTest" name="@AfterSuite tearDown" time="0.0">
    <ignored/>
  </testcase> <!-- @AfterSuite tearDown -->
  <testcase classname="base.BaseTest" name="@BeforeSuite setUP" time="0.0">
    <ignored/>
  </testcase> <!-- @BeforeSuite setUP -->
  <testcase classname="base.BaseTest" name="@BeforeSuite setUP" time="0.0">
    <ignored/>
  </testcase> <!-- @BeforeSuite setUP -->
  <testcase classname="base.BaseTest" name="@BeforeSuite setUP" time="0.0">
    <ignored/>
  </testcase> <!-- @BeforeSuite setUP -->
  <testcase classname="base.BaseTest" name="@BeforeSuite setUP" time="0.0">
    <ignored/>
  </testcase> <!-- @BeforeSuite setUP -->
  <testcase classname="base.BaseTest" name="@AfterSuite tearDown" time="0.0">
    <ignored/>
  </testcase> <!-- @AfterSuite tearDown -->
  <testcase classname="base.BaseTest" name="@AfterSuite tearDown" time="0.0">
    <ignored/>
  </testcase> <!-- @AfterSuite tearDown -->
  <testcase classname="base.BaseTest" name="@AfterSuite tearDown" time="0.0">
    <ignored/>
  </testcase> <!-- @AfterSuite tearDown -->
  <testcase classname="base.BaseTest" name="@BeforeSuite setUP" time="0.0">
    <ignored/>
  </testcase> <!-- @BeforeSuite setUP -->
  <testcase classname="base.BaseTest" name="@AfterSuite tearDown" time="0.0">
    <ignored/>
  </testcase> <!-- @AfterSuite tearDown -->
  <testcase classname="base.BaseTest" name="@AfterSuite tearDown" time="0.0">
    <ignored/>
  </testcase> <!-- @AfterSuite tearDown -->
  <testcase classname="base.BaseTest" name="@BeforeSuite setUP" time="0.0">
    <ignored/>
  </testcase> <!-- @BeforeSuite setUP -->
</testsuite> <!-- Test -->
