<?xml version="1.0" encoding="UTF-8"?>
<!-- Generated by org.testng.reporters.JUnitXMLReporter -->
<testsuite ignored="0" hostname="Anvi" failures="0" tests="5" name="Sample Test" time="9.96" errors="0" timestamp="2024-11-07T09:43:54 CST">
  <testcase classname="pageEvents.E02_DashBoardPageEvents" name="chkPageTitle" time="0.043"/>
  <testcase classname="pageEvents.E02_DashBoardPageEvents" name="validateDsAlgoButtons" time="0.028"/>
  <testcase classname="pageEvents.E02_DashBoardPageEvents" name="validateDsAlgoDropdownItems" time="0.023"/>
  <testcase classname="pageEvents.E01_LandingPageEvents" name="testHomePageTitle" time="0.02"/>
  <testcase classname="pageEvents.E01_LandingPageEvents" name="getStartedBtn" time="0.377"/>
</testsuite> <!-- Sample Test -->
