<?xml version="1.0" encoding="UTF-8"?>
<!-- Generated by org.testng.reporters.JUnitXMLReporter -->
<testsuite ignored="2" hostname="Anvi" failures="0" tests="5" name="Test" time="6.598" errors="0" timestamp="2024-11-07T10:19:27 CST">
  <testcase classname="pageEvents.PE1_LandingPageEvents" name="testHomePageTitle" time="0.041"/>
  <testcase classname="pageEvents.PE1_LandingPageEvents" name="getStartedBtn" time="0.494"/>
  <testcase classname="pageEvents.PE2_DashBoardPageEvents" name="chkPageTitle" time="0.014"/>
  <testcase classname="pageEvents.PE2_DashBoardPageEvents" name="validateDsAlgoDropdownItems" time="0.027"/>
  <testcase classname="pageEvents.PE2_DashBoardPageEvents" name="validateDsAlgoButtons" time="0.025"/>
  <testcase classname="baseClasses.BaseHooks" name="@AfterTest quitBrowser" time="0.0">
    <ignored/>
  </testcase> <!-- @AfterTest quitBrowser -->
  <testcase classname="baseClasses.BaseHooks" name="@BeforeTest launchBrowser" time="0.0">
    <ignored/>
  </testcase> <!-- @BeforeTest launchBrowser -->
</testsuite> <!-- Test -->
