<?xml version="1.0" encoding="UTF-8"?>
<testsuite xmlns:xsi="http://www.w3.org/2001/XMLSchema-instance" xsi:noNamespaceSchemaLocation="https://maven.apache.org/surefire/maven-surefire-plugin/xsd/surefire-test-report-3.0.xsd" version="3.0" name="TestSuite" time="6.22" tests="147" errors="0" skipped="144" failures="3">
  <properties>
[...]
</properties>
  <testcase name="setUP[chrome](0)" classname="base.BaseTest" time="2.87">
    <failure message="Cannot invoke &quot;java.util.Properties.getProperty(String)&quot; because &quot;utilities.TestDataLoader.prop&quot; is null" type="java.lang.NullPointerException"><![CDATA[java.lang.NullPointerException: Cannot invoke "java.util.Properties.getProperty(String)" because "utilities.TestDataLoader.prop" is null
	at utilities.TestDataLoader.getPropertyValue(TestDataLoader.java:61)
	at utilities.TestDataLoader.getAppUrl(TestDataLoader.java:67)
	at base.BaseTest.setUP(BaseTest.java:33)
	at java.base/jdk.internal.reflect.DirectMethodHandleAccessor.invoke(DirectMethodHandleAccessor.java:104)
	at java.base/java.lang.reflect.Method.invoke(Method.java:578)
	at org.testng.internal.invokers.MethodInvocationHelper.invokeMethod(MethodInvocationHelper.java:141)
	at org.testng.internal.invokers.MethodInvocationHelper.invokeMethodConsideringTimeout(MethodInvocationHelper.java:71)
	at org.testng.internal.invokers.ConfigInvoker.invokeConfigurationMethod(ConfigInvoker.java:400)
	at org.testng.internal.invokers.ConfigInvoker.invokeConfigurations(ConfigInvoker.java:333)
	at org.testng.TestRunner.invokeTestConfigurations(TestRunner.java:655)
	at org.testng.TestRunner.beforeRun(TestRunner.java:644)
	at org.testng.TestRunner.run(TestRunner.java:610)
	at org.testng.SuiteRunner.runTest(SuiteRunner.java:421)
	at org.testng.SuiteRunner$SuiteWorker.run(SuiteRunner.java:463)
	at org.testng.internal.thread.ThreadUtil.lambda$execute$0(ThreadUtil.java:64)
	at java.base/java.util.concurrent.FutureTask.run(FutureTask.java:317)
	at java.base/java.util.concurrent.ThreadPoolExecutor.runWorker(ThreadPoolExecutor.java:1144)
	at java.base/java.util.concurrent.ThreadPoolExecutor$Worker.run(ThreadPoolExecutor.java:642)
	at java.base/java.lang.Thread.run(Thread.java:1589)
]]></failure>
    <system-out><![CDATA[In broswerchrome
]]></system-out>
    <system-err><![CDATA[SLF4J: Failed to load class "org.slf4j.impl.StaticLoggerBinder".
SLF4J: Defaulting to no-operation (NOP) logger implementation
SLF4J: See http://www.slf4j.org/codes.html#StaticLoggerBinder for further details.
Nov 15, 2024 1:00:51 PM org.openqa.selenium.devtools.CdpVersionFinder findNearestMatch
WARNING: Unable to find an exact match for CDP version 131, returning the closest version; found: 128; Please update to a Selenium version that supports CDP version 131
]]></system-err>
  </testcase>
  <testcase name="tearDown" classname="base.BaseTest" time="0">
    <skipped/>
  </testcase>
  <testcase name="tearDown" classname="base.BaseTest" time="0">
    <skipped/>
  </testcase>
  <testcase name="tearDown" classname="base.BaseTest" time="0">
    <skipped/>
  </testcase>
  <testcase name="setUP[edge](0)" classname="base.BaseTest" time="1.217">
    <failure message="Cannot invoke &quot;java.util.Properties.getProperty(String)&quot; because &quot;utilities.TestDataLoader.prop&quot; is null" type="java.lang.NullPointerException"><![CDATA[java.lang.NullPointerException: Cannot invoke "java.util.Properties.getProperty(String)" because "utilities.TestDataLoader.prop" is null
	at utilities.TestDataLoader.getPropertyValue(TestDataLoader.java:61)
	at utilities.TestDataLoader.getAppUrl(TestDataLoader.java:67)
	at base.BaseTest.setUP(BaseTest.java:33)
	at java.base/jdk.internal.reflect.DirectMethodHandleAccessor.invoke(DirectMethodHandleAccessor.java:104)
	at java.base/java.lang.reflect.Method.invoke(Method.java:578)
	at org.testng.internal.invokers.MethodInvocationHelper.invokeMethod(MethodInvocationHelper.java:141)
	at org.testng.internal.invokers.MethodInvocationHelper.invokeMethodConsideringTimeout(MethodInvocationHelper.java:71)
	at org.testng.internal.invokers.ConfigInvoker.invokeConfigurationMethod(ConfigInvoker.java:400)
	at org.testng.internal.invokers.ConfigInvoker.invokeConfigurations(ConfigInvoker.java:333)
	at org.testng.TestRunner.invokeTestConfigurations(TestRunner.java:655)
	at org.testng.TestRunner.beforeRun(TestRunner.java:644)
	at org.testng.TestRunner.run(TestRunner.java:610)
	at org.testng.SuiteRunner.runTest(SuiteRunner.java:421)
	at org.testng.SuiteRunner$SuiteWorker.run(SuiteRunner.java:463)
	at org.testng.internal.thread.ThreadUtil.lambda$execute$0(ThreadUtil.java:64)
	at java.base/java.util.concurrent.FutureTask.run(FutureTask.java:317)
	at java.base/java.util.concurrent.ThreadPoolExecutor.runWorker(ThreadPoolExecutor.java:1144)
	at java.base/java.util.concurrent.ThreadPoolExecutor$Worker.run(ThreadPoolExecutor.java:642)
	at java.base/java.lang.Thread.run(Thread.java:1589)
]]></failure>
    <system-out><![CDATA[In brosweredge
]]></system-out>
    <system-err><![CDATA[log4j:WARN No appenders could be found for logger (freemarker.cache).
log4j:WARN Please initialize the log4j system properly.
log4j:WARN See http://logging.apache.org/log4j/1.2/faq.html#noconfig for more info.
Nov 15, 2024 1:00:52 PM org.openqa.selenium.devtools.CdpVersionFinder findNearestMatch
WARNING: Unable to find an exact match for CDP version 130, returning the closest version; found: 128; Please update to a Selenium version that supports CDP version 130
]]></system-err>
  </testcase>
  <testcase name="setUP[firefox](0)" classname="base.BaseTest" time="0.375">
    <failure message="Cannot invoke &quot;java.util.Properties.getProperty(String)&quot; because &quot;utilities.TestDataLoader.prop&quot; is null" type="java.lang.NullPointerException"><![CDATA[java.lang.NullPointerException: Cannot invoke "java.util.Properties.getProperty(String)" because "utilities.TestDataLoader.prop" is null
	at utilities.TestDataLoader.getPropertyValue(TestDataLoader.java:61)
	at utilities.TestDataLoader.getAppUrl(TestDataLoader.java:67)
	at base.BaseTest.setUP(BaseTest.java:33)
	at java.base/jdk.internal.reflect.DirectMethodHandleAccessor.invoke(DirectMethodHandleAccessor.java:104)
	at java.base/java.lang.reflect.Method.invoke(Method.java:578)
	at org.testng.internal.invokers.MethodInvocationHelper.invokeMethod(MethodInvocationHelper.java:141)
	at org.testng.internal.invokers.MethodInvocationHelper.invokeMethodConsideringTimeout(MethodInvocationHelper.java:71)
	at org.testng.internal.invokers.ConfigInvoker.invokeConfigurationMethod(ConfigInvoker.java:400)
	at org.testng.internal.invokers.ConfigInvoker.invokeConfigurations(ConfigInvoker.java:333)
	at org.testng.TestRunner.invokeTestConfigurations(TestRunner.java:655)
	at org.testng.TestRunner.beforeRun(TestRunner.java:644)
	at org.testng.TestRunner.run(TestRunner.java:610)
	at org.testng.SuiteRunner.runTest(SuiteRunner.java:421)
	at org.testng.SuiteRunner$SuiteWorker.run(SuiteRunner.java:463)
	at org.testng.internal.thread.ThreadUtil.lambda$execute$0(ThreadUtil.java:64)
	at java.base/java.util.concurrent.FutureTask.run(FutureTask.java:317)
	at java.base/java.util.concurrent.ThreadPoolExecutor.runWorker(ThreadPoolExecutor.java:1144)
	at java.base/java.util.concurrent.ThreadPoolExecutor$Worker.run(ThreadPoolExecutor.java:642)
	at java.base/java.lang.Thread.run(Thread.java:1589)
]]></failure>
    <system-out><![CDATA[In broswerfirefox
]]></system-out>
  </testcase>
  <testcase name="openLandingPage" classname="pageTestEvents.LandingPageEvents" time="0">
    <skipped/>
  </testcase>
  <testcase name="testHomePageTitle" classname="pageTestEvents.LandingPageEvents" time="0">
    <skipped message="Cannot invoke &quot;java.util.Properties.getProperty(String)&quot; because &quot;utilities.TestDataLoader.prop&quot; is null"/>
    <system-out><![CDATA[[INFO ] 2024-11-15 13:00:51.539 [TestNG-tests-1] ExtentReportListener - test is added in pool.
]]></system-out>
  </testcase>
  <testcase name="getStartedBtn" classname="pageTestEvents.LandingPageEvents" time="0">
    <skipped message="Cannot invoke &quot;java.util.Properties.getProperty(String)&quot; because &quot;utilities.TestDataLoader.prop&quot; is null"/>
    <system-out><![CDATA[[INFO ] 2024-11-15 13:00:51.558 [TestNG-tests-1] ExtentReportListener - test is added in pool.
]]></system-out>
  </testcase>
  <testcase name="checknav_dsportal" classname="pageTestEvents.LandingPageEvents" time="0">
    <skipped/>
  </testcase>
  <testcase name="dsportalDashBoardWithoutSignIn" classname="pageTestEvents.DashBoardPageEvents" time="0">
    <skipped/>
  </testcase>
  <testcase name="chkPageTitle" classname="pageTestEvents.DashBoardPageEvents" time="0">
    <skipped message="Cannot invoke &quot;java.util.Properties.getProperty(String)&quot; because &quot;utilities.TestDataLoader.prop&quot; is null"/>
    <system-out><![CDATA[[INFO ] 2024-11-15 13:00:51.579 [TestNG-tests-1] ExtentReportListener - test is added in pool.
]]></system-out>
  </testcase>
  <testcase name="validateDsAlgoDropdownItems" classname="pageTestEvents.DashBoardPageEvents" time="0">
    <skipped message="Cannot invoke &quot;java.util.Properties.getProperty(String)&quot; because &quot;utilities.TestDataLoader.prop&quot; is null"/>
    <system-out><![CDATA[[INFO ] 2024-11-15 13:00:51.585 [TestNG-tests-1] ExtentReportListener - test is added in pool.
]]></system-out>
  </testcase>
  <testcase name="validateDsAlgoButtons" classname="pageTestEvents.DashBoardPageEvents" time="0">
    <skipped message="Cannot invoke &quot;java.util.Properties.getProperty(String)&quot; because &quot;utilities.TestDataLoader.prop&quot; is null"/>
    <system-out><![CDATA[[INFO ] 2024-11-15 13:00:51.592 [TestNG-tests-1] ExtentReportListener - test is added in pool.
]]></system-out>
  </testcase>
  <testcase name="validateRegister" classname="pageTestEvents.DashBoardPageEvents" time="0">
    <skipped message="Cannot invoke &quot;java.util.Properties.getProperty(String)&quot; because &quot;utilities.TestDataLoader.prop&quot; is null"/>
    <system-out><![CDATA[[INFO ] 2024-11-15 13:00:51.598 [TestNG-tests-1] ExtentReportListener - test is added in pool.
]]></system-out>
  </testcase>
  <testcase name="testDSwithoutSignIn[{type=Arrays, index=0}](1)" classname="pageTestEvents.DashBoardPageEvents" time="0">
    <skipped message="Cannot invoke &quot;java.util.Properties.getProperty(String)&quot; because &quot;utilities.TestDataLoader.prop&quot; is null"/>
    <system-out><![CDATA[In dataStructuresProvider
before dataStructuresProvider
[INFO ] 2024-11-15 13:00:51.639 [TestNG-tests-1] ExtentReportListener - test is added in pool.
]]></system-out>
  </testcase>
  <testcase name="testDSwithoutSignIn[{type=Linked List, index=1}](2)" classname="pageTestEvents.DashBoardPageEvents" time="0">
    <skipped message="Cannot invoke &quot;java.util.Properties.getProperty(String)&quot; because &quot;utilities.TestDataLoader.prop&quot; is null"/>
    <system-out><![CDATA[[INFO ] 2024-11-15 13:00:51.644 [TestNG-tests-1] ExtentReportListener - test is added in pool.
]]></system-out>
  </testcase>
  <testcase name="testDSwithoutSignIn[{type=Stack, index=2}](3)" classname="pageTestEvents.DashBoardPageEvents" time="0">
    <skipped message="Cannot invoke &quot;java.util.Properties.getProperty(String)&quot; because &quot;utilities.TestDataLoader.prop&quot; is null"/>
    <system-out><![CDATA[[INFO ] 2024-11-15 13:00:51.649 [TestNG-tests-1] ExtentReportListener - test is added in pool.
]]></system-out>
  </testcase>
  <testcase name="testDSwithoutSignIn[{type=Queue, index=3}](4)" classname="pageTestEvents.DashBoardPageEvents" time="0">
    <skipped message="Cannot invoke &quot;java.util.Properties.getProperty(String)&quot; because &quot;utilities.TestDataLoader.prop&quot; is null"/>
    <system-out><![CDATA[[INFO ] 2024-11-15 13:00:51.654 [TestNG-tests-1] ExtentReportListener - test is added in pool.
]]></system-out>
  </testcase>
  <testcase name="testDSwithoutSignIn[{type=Tree, index=4}](5)" classname="pageTestEvents.DashBoardPageEvents" time="0">
    <skipped message="Cannot invoke &quot;java.util.Properties.getProperty(String)&quot; because &quot;utilities.TestDataLoader.prop&quot; is null"/>
    <system-out><![CDATA[[INFO ] 2024-11-15 13:00:51.663 [TestNG-tests-1] ExtentReportListener - test is added in pool.
]]></system-out>
  </testcase>
  <testcase name="testDSwithoutSignIn[{type=Graph, index=5}](6)" classname="pageTestEvents.DashBoardPageEvents" time="0">
    <skipped message="Cannot invoke &quot;java.util.Properties.getProperty(String)&quot; because &quot;utilities.TestDataLoader.prop&quot; is null"/>
    <system-out><![CDATA[[INFO ] 2024-11-15 13:00:51.669 [TestNG-tests-1] ExtentReportListener - test is added in pool.
]]></system-out>
  </testcase>
  <testcase name="validateSignIn" classname="pageTestEvents.DashBoardPageEvents" time="0">
    <skipped message="Cannot invoke &quot;java.util.Properties.getProperty(String)&quot; because &quot;utilities.TestDataLoader.prop&quot; is null"/>
    <system-out><![CDATA[[INFO ] 2024-11-15 13:00:51.675 [TestNG-tests-1] ExtentReportListener - test is added in pool.
]]></system-out>
  </testcase>
  <testcase name="userSignIn" classname="pageTestEvents.DashBoardPageEvents" time="0">
    <skipped message="Cannot invoke &quot;java.util.Properties.getProperty(String)&quot; because &quot;utilities.TestDataLoader.prop&quot; is null"/>
    <system-out><![CDATA[[INFO ] 2024-11-15 13:00:51.680 [TestNG-tests-1] ExtentReportListener - test is added in pool.
]]></system-out>
  </testcase>
  <testcase name="testDataStructures[{type=Arrays, index=0}](1)" classname="pageTestEvents.DashBoardPageEvents" time="0">
    <skipped message="Cannot invoke &quot;java.util.Properties.getProperty(String)&quot; because &quot;utilities.TestDataLoader.prop&quot; is null"/>
    <system-out><![CDATA[In dataStructuresProvider
before dataStructuresProvider
[INFO ] 2024-11-15 13:00:51.686 [TestNG-tests-1] ExtentReportListener - test is added in pool.
]]></system-out>
  </testcase>
  <testcase name="testDataStructures[{type=Linked List, index=1}](2)" classname="pageTestEvents.DashBoardPageEvents" time="0">
    <skipped message="Cannot invoke &quot;java.util.Properties.getProperty(String)&quot; because &quot;utilities.TestDataLoader.prop&quot; is null"/>
    <system-out><![CDATA[[INFO ] 2024-11-15 13:00:51.692 [TestNG-tests-1] ExtentReportListener - test is added in pool.
]]></system-out>
  </testcase>
  <testcase name="testDataStructures[{type=Stack, index=2}](3)" classname="pageTestEvents.DashBoardPageEvents" time="0">
    <skipped message="Cannot invoke &quot;java.util.Properties.getProperty(String)&quot; because &quot;utilities.TestDataLoader.prop&quot; is null"/>
    <system-out><![CDATA[[INFO ] 2024-11-15 13:00:51.700 [TestNG-tests-1] ExtentReportListener - test is added in pool.
]]></system-out>
  </testcase>
  <testcase name="testDataStructures[{type=Queue, index=3}](4)" classname="pageTestEvents.DashBoardPageEvents" time="0">
    <skipped message="Cannot invoke &quot;java.util.Properties.getProperty(String)&quot; because &quot;utilities.TestDataLoader.prop&quot; is null"/>
    <system-out><![CDATA[[INFO ] 2024-11-15 13:00:51.707 [TestNG-tests-1] ExtentReportListener - test is added in pool.
]]></system-out>
  </testcase>
  <testcase name="testDataStructures[{type=Tree, index=4}](5)" classname="pageTestEvents.DashBoardPageEvents" time="0">
    <skipped message="Cannot invoke &quot;java.util.Properties.getProperty(String)&quot; because &quot;utilities.TestDataLoader.prop&quot; is null"/>
    <system-out><![CDATA[[INFO ] 2024-11-15 13:00:51.712 [TestNG-tests-1] ExtentReportListener - test is added in pool.
]]></system-out>
  </testcase>
  <testcase name="testDataStructures[{type=Graph, index=5}](6)" classname="pageTestEvents.DashBoardPageEvents" time="0">
    <skipped message="Cannot invoke &quot;java.util.Properties.getProperty(String)&quot; because &quot;utilities.TestDataLoader.prop&quot; is null"/>
    <system-out><![CDATA[[INFO ] 2024-11-15 13:00:51.718 [TestNG-tests-1] ExtentReportListener - test is added in pool.
]]></system-out>
  </testcase>
  <testcase name="Logout" classname="pageTestEvents.DashBoardPageEvents" time="0">
    <skipped/>
  </testcase>
  <testcase name="registerWithoutSignIn" classname="pageTestEvents.RegisterPageEvents" time="0">
    <skipped/>
  </testcase>
  <testcase name="testPageTitle" classname="pageTestEvents.RegisterPageEvents" time="0">
    <skipped message="Cannot invoke &quot;java.util.Properties.getProperty(String)&quot; because &quot;utilities.TestDataLoader.prop&quot; is null"/>
    <system-out><![CDATA[[INFO ] 2024-11-15 13:00:52.940 [TestNG-tests-2] ExtentReportListener - test is added in pool.
]]></system-out>
  </testcase>
  <testcase name="testUserRegistration[, , , Please enter User Name, Password and Confirm Password](1)" classname="pageTestEvents.RegisterPageEvents" time="0">
    <skipped message="Cannot invoke &quot;java.util.Properties.getProperty(String)&quot; because &quot;utilities.TestDataLoader.prop&quot; is null"/>
    <system-out><![CDATA[[INFO ] 2024-11-15 13:00:53.679 [TestNG-tests-2] ExtentReportListener - test is added in pool.
]]></system-out>
  </testcase>
  <testcase name="testUserRegistration[, Numpysdet176, Numpysdet176, Please fill out this field. below User Name](2)" classname="pageTestEvents.RegisterPageEvents" time="0">
    <skipped message="Cannot invoke &quot;java.util.Properties.getProperty(String)&quot; because &quot;utilities.TestDataLoader.prop&quot; is null"/>
    <system-out><![CDATA[[INFO ] 2024-11-15 13:00:53.687 [TestNG-tests-2] ExtentReportListener - test is added in pool.
]]></system-out>
  </testcase>
  <testcase name="testUserRegistration[Scrutinizers, , , Please fill out this field.below Password](3)" classname="pageTestEvents.RegisterPageEvents" time="0">
    <skipped message="Cannot invoke &quot;java.util.Properties.getProperty(String)&quot; because &quot;utilities.TestDataLoader.prop&quot; is null"/>
    <system-out><![CDATA[[INFO ] 2024-11-15 13:00:53.693 [TestNG-tests-2] ExtentReportListener - test is added in pool.
]]></system-out>
  </testcase>
  <testcase name="testUserRegistration[Scrutinizers, Numpysdet176, , Please fill out this field.below Confirm Password](4)" classname="pageTestEvents.RegisterPageEvents" time="0">
    <skipped message="Cannot invoke &quot;java.util.Properties.getProperty(String)&quot; because &quot;utilities.TestDataLoader.prop&quot; is null"/>
    <system-out><![CDATA[[INFO ] 2024-11-15 13:00:53.698 [TestNG-tests-2] ExtentReportListener - test is added in pool.
]]></system-out>
  </testcase>
  <testcase name="testUserRegistration[Scrutinizers, Numpysdet176, Numpysdet176!, password_mismatch:The two password fields didn’t match.](5)" classname="pageTestEvents.RegisterPageEvents" time="0">
    <skipped message="Cannot invoke &quot;java.util.Properties.getProperty(String)&quot; because &quot;utilities.TestDataLoader.prop&quot; is null"/>
    <system-out><![CDATA[[INFO ] 2024-11-15 13:00:53.703 [TestNG-tests-2] ExtentReportListener - test is added in pool.
]]></system-out>
  </testcase>
  <testcase name="testUserRegistration[Scrutinizers, 123sA, 123sa, password length doesnot meet](6)" classname="pageTestEvents.RegisterPageEvents" time="0">
    <skipped message="Cannot invoke &quot;java.util.Properties.getProperty(String)&quot; because &quot;utilities.TestDataLoader.prop&quot; is null"/>
    <system-out><![CDATA[[INFO ] 2024-11-15 13:00:53.708 [TestNG-tests-2] ExtentReportListener - test is added in pool.
]]></system-out>
  </testcase>
  <testcase name="testUserRegistration[Scrutinizers, Numpysdet176, Numpysdet176, user already exists](7)" classname="pageTestEvents.RegisterPageEvents" time="0">
    <skipped message="Cannot invoke &quot;java.util.Properties.getProperty(String)&quot; because &quot;utilities.TestDataLoader.prop&quot; is null"/>
    <system-out><![CDATA[[INFO ] 2024-11-15 13:00:53.714 [TestNG-tests-2] ExtentReportListener - test is added in pool.
]]></system-out>
  </testcase>
  <testcase name="testUserRegistrationjson[, , , Please enter User Name, Password and Confirm Password](1)" classname="pageTestEvents.RegisterPageEvents" time="0">
    <skipped message="Cannot invoke &quot;java.util.Properties.getProperty(String)&quot; because &quot;utilities.TestDataLoader.prop&quot; is null"/>
    <system-out><![CDATA[[INFO ] 2024-11-15 13:00:53.723 [TestNG-tests-2] ExtentReportListener - test is added in pool.
]]></system-out>
  </testcase>
  <testcase name="testUserRegistrationjson[, Numpysdet176, Numpysdet176, Please fill out this field. below User Name](2)" classname="pageTestEvents.RegisterPageEvents" time="0">
    <skipped message="Cannot invoke &quot;java.util.Properties.getProperty(String)&quot; because &quot;utilities.TestDataLoader.prop&quot; is null"/>
    <system-out><![CDATA[[INFO ] 2024-11-15 13:00:53.728 [TestNG-tests-2] ExtentReportListener - test is added in pool.
]]></system-out>
  </testcase>
  <testcase name="testUserRegistrationjson[Scrutinizers, , , Please fill out this field.below Password](3)" classname="pageTestEvents.RegisterPageEvents" time="0">
    <skipped message="Cannot invoke &quot;java.util.Properties.getProperty(String)&quot; because &quot;utilities.TestDataLoader.prop&quot; is null"/>
    <system-out><![CDATA[[INFO ] 2024-11-15 13:00:53.733 [TestNG-tests-2] ExtentReportListener - test is added in pool.
]]></system-out>
  </testcase>
  <testcase name="testUserRegistrationjson[Scrutinizers, Numpysdet176, , Please fill out this field.below Confirm Password](4)" classname="pageTestEvents.RegisterPageEvents" time="0">
    <skipped message="Cannot invoke &quot;java.util.Properties.getProperty(String)&quot; because &quot;utilities.TestDataLoader.prop&quot; is null"/>
    <system-out><![CDATA[[INFO ] 2024-11-15 13:00:53.745 [TestNG-tests-2] ExtentReportListener - test is added in pool.
]]></system-out>
  </testcase>
  <testcase name="testUserRegistrationjson[Scrutinizers, Numpysdet176, Numpysdet176!, password_mismatch:The two password fields didn’t match.](5)" classname="pageTestEvents.RegisterPageEvents" time="0">
    <skipped message="Cannot invoke &quot;java.util.Properties.getProperty(String)&quot; because &quot;utilities.TestDataLoader.prop&quot; is null"/>
    <system-out><![CDATA[[INFO ] 2024-11-15 13:00:53.750 [TestNG-tests-2] ExtentReportListener - test is added in pool.
]]></system-out>
  </testcase>
  <testcase name="testUserRegistrationjson[Scrutinizers, 123456789, 123456789, password cannot be only numeric](6)" classname="pageTestEvents.RegisterPageEvents" time="0">
    <skipped message="Cannot invoke &quot;java.util.Properties.getProperty(String)&quot; because &quot;utilities.TestDataLoader.prop&quot; is null"/>
    <system-out><![CDATA[[INFO ] 2024-11-15 13:00:53.755 [TestNG-tests-2] ExtentReportListener - test is added in pool.
]]></system-out>
  </testcase>
  <testcase name="testUserRegistrationjson[Scrutinizers, 123sA, 123sa, password length doesnot meet](7)" classname="pageTestEvents.RegisterPageEvents" time="0">
    <skipped message="Cannot invoke &quot;java.util.Properties.getProperty(String)&quot; because &quot;utilities.TestDataLoader.prop&quot; is null"/>
    <system-out><![CDATA[[INFO ] 2024-11-15 13:00:53.760 [TestNG-tests-2] ExtentReportListener - test is added in pool.
]]></system-out>
  </testcase>
  <testcase name="testUserRegistrationjson[Scrutinizers, 123sA, 123sa, password length is less than 8](8)" classname="pageTestEvents.RegisterPageEvents" time="0">
    <skipped message="Cannot invoke &quot;java.util.Properties.getProperty(String)&quot; because &quot;utilities.TestDataLoader.prop&quot; is null"/>
    <system-out><![CDATA[[INFO ] 2024-11-15 13:00:53.768 [TestNG-tests-2] ExtentReportListener - test is added in pool.
]]></system-out>
  </testcase>
  <testcase name="testUserRegistrationjson[123123412, 123sA, 123sa, user name cannot be only numeric](9)" classname="pageTestEvents.RegisterPageEvents" time="0">
    <skipped message="Cannot invoke &quot;java.util.Properties.getProperty(String)&quot; because &quot;utilities.TestDataLoader.prop&quot; is null"/>
    <system-out><![CDATA[[INFO ] 2024-11-15 13:00:53.775 [TestNG-tests-2] ExtentReportListener - test is added in pool.
]]></system-out>
  </testcase>
  <testcase name="userSignIn" classname="pageTestEvents.SignInPageEvents" time="0">
    <skipped/>
  </testcase>
  <testcase name="testPageTitle" classname="pageTestEvents.SignInPageEvents" time="0">
    <skipped message="Cannot invoke &quot;java.util.Properties.getProperty(String)&quot; because &quot;utilities.TestDataLoader.prop&quot; is null"/>
    <system-out><![CDATA[[INFO ] 2024-11-15 13:00:53.782 [TestNG-tests-2] ExtentReportListener - test is added in pool.
]]></system-out>
  </testcase>
  <testcase name="testSignInInvalidData[Numpysdet175, user, Invalid Username and Password](1)" classname="pageTestEvents.SignInPageEvents" time="0">
    <skipped message="Cannot invoke &quot;java.util.Properties.getProperty(String)&quot; because &quot;utilities.TestDataLoader.prop&quot; is null"/>
    <system-out><![CDATA[[INFO ] 2024-11-15 13:00:53.885 [TestNG-tests-2] ExtentReportListener - test is added in pool.
]]></system-out>
  </testcase>
  <testcase name="testSignInInvalidData[username, sdet175batch, Invalid Username and Password](2)" classname="pageTestEvents.SignInPageEvents" time="0">
    <skipped message="Cannot invoke &quot;java.util.Properties.getProperty(String)&quot; because &quot;utilities.TestDataLoader.prop&quot; is null"/>
    <system-out><![CDATA[[INFO ] 2024-11-15 13:00:53.890 [TestNG-tests-2] ExtentReportListener - test is added in pool.
]]></system-out>
  </testcase>
  <testcase name="testSignInInvalidData[Numpysdet175, sdet175batch, Invalid Username and Password](3)" classname="pageTestEvents.SignInPageEvents" time="0">
    <skipped message="Cannot invoke &quot;java.util.Properties.getProperty(String)&quot; because &quot;utilities.TestDataLoader.prop&quot; is null"/>
    <system-out><![CDATA[[INFO ] 2024-11-15 13:00:53.894 [TestNG-tests-2] ExtentReportListener - test is added in pool.
]]></system-out>
  </testcase>
  <testcase name="testSignInInvalidData[!!!@@##$$, !!!@@##$$$$$, Invalid Username and Password](4)" classname="pageTestEvents.SignInPageEvents" time="0">
    <skipped message="Cannot invoke &quot;java.util.Properties.getProperty(String)&quot; because &quot;utilities.TestDataLoader.prop&quot; is null"/>
    <system-out><![CDATA[[INFO ] 2024-11-15 13:00:53.904 [TestNG-tests-2] ExtentReportListener - test is added in pool.
]]></system-out>
  </testcase>
  <testcase name="testSignInInvalidData[, , Please fill out this field.](5)" classname="pageTestEvents.SignInPageEvents" time="0">
    <skipped message="Cannot invoke &quot;java.util.Properties.getProperty(String)&quot; because &quot;utilities.TestDataLoader.prop&quot; is null"/>
    <system-out><![CDATA[[INFO ] 2024-11-15 13:00:53.910 [TestNG-tests-2] ExtentReportListener - test is added in pool.
]]></system-out>
  </testcase>
  <testcase name="testSignInInvalidData[, qwer123, Please fill out this field.](6)" classname="pageTestEvents.SignInPageEvents" time="0">
    <skipped message="Cannot invoke &quot;java.util.Properties.getProperty(String)&quot; because &quot;utilities.TestDataLoader.prop&quot; is null"/>
    <system-out><![CDATA[[INFO ] 2024-11-15 13:00:53.915 [TestNG-tests-2] ExtentReportListener - test is added in pool.
]]></system-out>
  </testcase>
  <testcase name="testSignInInvalidData[Numpysdet175, , Please fill out this field.](7)" classname="pageTestEvents.SignInPageEvents" time="0">
    <skipped message="Cannot invoke &quot;java.util.Properties.getProperty(String)&quot; because &quot;utilities.TestDataLoader.prop&quot; is null"/>
    <system-out><![CDATA[[INFO ] 2024-11-15 13:00:53.920 [TestNG-tests-2] ExtentReportListener - test is added in pool.
]]></system-out>
  </testcase>
  <testcase name="testSignInData[Scrutinizers, Numpysdet176, You are logged in](1)" classname="pageTestEvents.SignInPageEvents" time="0">
    <skipped message="Cannot invoke &quot;java.util.Properties.getProperty(String)&quot; because &quot;utilities.TestDataLoader.prop&quot; is null"/>
    <system-out><![CDATA[[INFO ] 2024-11-15 13:00:54.008 [TestNG-tests-2] ExtentReportListener - test is added in pool.
]]></system-out>
  </testcase>
  <testcase name="userSignIn" classname="pageTestEvents.ArrayPageEvents" time="0">
    <skipped/>
  </testcase>
  <testcase name="arrayPage" classname="pageTestEvents.ArrayPageEvents" time="0">
    <skipped/>
  </testcase>
  <testcase name="arrayPage" classname="pageTestEvents.ArrayPageEvents" time="0">
    <skipped/>
  </testcase>
  <testcase name="arrayPage" classname="pageTestEvents.ArrayPageEvents" time="0">
    <skipped/>
  </testcase>
  <testcase name="arrayPage" classname="pageTestEvents.ArrayPageEvents" time="0">
    <skipped/>
  </testcase>
  <testcase name="arrayPage" classname="pageTestEvents.ArrayPageEvents" time="0">
    <skipped/>
  </testcase>
  <testcase name="arrayPage" classname="pageTestEvents.ArrayPageEvents" time="0">
    <skipped/>
  </testcase>
  <testcase name="arrayPage" classname="pageTestEvents.ArrayPageEvents" time="0">
    <skipped/>
  </testcase>
  <testcase name="arrayPage" classname="pageTestEvents.ArrayPageEvents" time="0">
    <skipped/>
  </testcase>
  <testcase name="arrayPage" classname="pageTestEvents.ArrayPageEvents" time="0">
    <skipped/>
  </testcase>
  <testcase name="arrayPage" classname="pageTestEvents.ArrayPageEvents" time="0">
    <skipped/>
  </testcase>
  <testcase name="arrayPage" classname="pageTestEvents.ArrayPageEvents" time="0">
    <skipped/>
  </testcase>
  <testcase name="arrayPage" classname="pageTestEvents.ArrayPageEvents" time="0">
    <skipped/>
  </testcase>
  <testcase name="arrayPage" classname="pageTestEvents.ArrayPageEvents" time="0">
    <skipped/>
  </testcase>
  <testcase name="arrayPage" classname="pageTestEvents.ArrayPageEvents" time="0">
    <skipped/>
  </testcase>
  <testcase name="arrayPage" classname="pageTestEvents.ArrayPageEvents" time="0">
    <skipped/>
  </testcase>
  <testcase name="arrayPage" classname="pageTestEvents.ArrayPageEvents" time="0">
    <skipped/>
  </testcase>
  <testcase name="arrayPage" classname="pageTestEvents.ArrayPageEvents" time="0">
    <skipped/>
  </testcase>
  <testcase name="arrayPage" classname="pageTestEvents.ArrayPageEvents" time="0">
    <skipped/>
  </testcase>
  <testcase name="arrayPage" classname="pageTestEvents.ArrayPageEvents" time="0">
    <skipped/>
  </testcase>
  <testcase name="arrayPage" classname="pageTestEvents.ArrayPageEvents" time="0">
    <skipped/>
  </testcase>
  <testcase name="arrayPage" classname="pageTestEvents.ArrayPageEvents" time="0">
    <skipped/>
    <system-out><![CDATA[In arrayPracticeCode
before arrayPracticeCode
]]></system-out>
  </testcase>
  <testcase name="arrayPage" classname="pageTestEvents.ArrayPageEvents" time="0">
    <skipped/>
  </testcase>
  <testcase name="arrayPage" classname="pageTestEvents.ArrayPageEvents" time="0">
    <skipped/>
  </testcase>
  <testcase name="arrayPage" classname="pageTestEvents.ArrayPageEvents" time="0">
    <skipped/>
  </testcase>
  <testcase name="arrayPage" classname="pageTestEvents.ArrayPageEvents" time="0">
    <skipped/>
  </testcase>
  <testcase name="arrayPage" classname="pageTestEvents.ArrayPageEvents" time="0">
    <skipped/>
  </testcase>
  <testcase name="arrayPage" classname="pageTestEvents.ArrayPageEvents" time="0">
    <skipped/>
  </testcase>
  <testcase name="arrayPage" classname="pageTestEvents.ArrayPageEvents" time="0">
    <skipped/>
  </testcase>
  <testcase name="arrayPage" classname="pageTestEvents.ArrayPageEvents" time="0">
    <skipped/>
  </testcase>
  <testcase name="invalidTopics[0, printhello](1)" classname="pageTestEvents.ArrayPageEvents" time="0">
    <skipped message="Cannot invoke &quot;java.util.Properties.getProperty(String)&quot; because &quot;utilities.TestDataLoader.prop&quot; is null"/>
    <system-out><![CDATA[[INFO ] 2024-11-15 13:00:54.389 [TestNG-tests-3] ExtentReportListener - test is added in pool.
]]></system-out>
  </testcase>
  <testcase name="backtoArray" classname="pageTestEvents.ArrayPageEvents" time="0">
    <skipped/>
  </testcase>
  <testcase name="backtoArray" classname="pageTestEvents.ArrayPageEvents" time="0">
    <skipped/>
  </testcase>
  <testcase name="backtoArray" classname="pageTestEvents.ArrayPageEvents" time="0">
    <skipped/>
  </testcase>
  <testcase name="backtoArray" classname="pageTestEvents.ArrayPageEvents" time="0">
    <skipped/>
  </testcase>
  <testcase name="backtoArray" classname="pageTestEvents.ArrayPageEvents" time="0">
    <skipped/>
  </testcase>
  <testcase name="backtoArray" classname="pageTestEvents.ArrayPageEvents" time="0">
    <skipped/>
  </testcase>
  <testcase name="backtoArray" classname="pageTestEvents.ArrayPageEvents" time="0">
    <skipped/>
  </testcase>
  <testcase name="backtoArray" classname="pageTestEvents.ArrayPageEvents" time="0">
    <skipped/>
  </testcase>
  <testcase name="backtoArray" classname="pageTestEvents.ArrayPageEvents" time="0">
    <skipped/>
  </testcase>
  <testcase name="backtoArray" classname="pageTestEvents.ArrayPageEvents" time="0">
    <skipped/>
  </testcase>
  <testcase name="backtoArray" classname="pageTestEvents.ArrayPageEvents" time="0">
    <skipped/>
  </testcase>
  <testcase name="backtoArray" classname="pageTestEvents.ArrayPageEvents" time="0">
    <skipped/>
  </testcase>
  <testcase name="backtoArray" classname="pageTestEvents.ArrayPageEvents" time="0">
    <skipped/>
  </testcase>
  <testcase name="backtoArray" classname="pageTestEvents.ArrayPageEvents" time="0">
    <skipped/>
  </testcase>
  <testcase name="backtoArray" classname="pageTestEvents.ArrayPageEvents" time="0">
    <skipped/>
  </testcase>
  <testcase name="backtoArray" classname="pageTestEvents.ArrayPageEvents" time="0">
    <skipped/>
  </testcase>
  <testcase name="backtoArray" classname="pageTestEvents.ArrayPageEvents" time="0">
    <skipped/>
  </testcase>
  <testcase name="backtoArray" classname="pageTestEvents.ArrayPageEvents" time="0">
    <skipped/>
  </testcase>
  <testcase name="backtoArray" classname="pageTestEvents.ArrayPageEvents" time="0">
    <skipped/>
  </testcase>
  <testcase name="backtoArray" classname="pageTestEvents.ArrayPageEvents" time="0">
    <skipped/>
  </testcase>
  <testcase name="backtoArray" classname="pageTestEvents.ArrayPageEvents" time="0">
    <skipped/>
  </testcase>
  <testcase name="backtoArray" classname="pageTestEvents.ArrayPageEvents" time="0">
    <skipped/>
  </testcase>
  <testcase name="backtoArray" classname="pageTestEvents.ArrayPageEvents" time="0">
    <skipped/>
  </testcase>
  <testcase name="backtoArray" classname="pageTestEvents.ArrayPageEvents" time="0">
    <skipped/>
  </testcase>
  <testcase name="backtoArray" classname="pageTestEvents.ArrayPageEvents" time="0">
    <skipped/>
  </testcase>
  <testcase name="backtoArray" classname="pageTestEvents.ArrayPageEvents" time="0">
    <skipped/>
  </testcase>
  <testcase name="backtoArray" classname="pageTestEvents.ArrayPageEvents" time="0">
    <skipped/>
  </testcase>
  <testcase name="backtoArray" classname="pageTestEvents.ArrayPageEvents" time="0">
    <skipped/>
  </testcase>
  <testcase name="backtoArray" classname="pageTestEvents.ArrayPageEvents" time="0">
    <skipped/>
  </testcase>
  <testcase name="invalidTopics[1, printhello](2)" classname="pageTestEvents.ArrayPageEvents" time="0">
    <skipped message="Cannot invoke &quot;java.util.Properties.getProperty(String)&quot; because &quot;utilities.TestDataLoader.prop&quot; is null"/>
    <system-out><![CDATA[[INFO ] 2024-11-15 13:00:54.396 [TestNG-tests-3] ExtentReportListener - test is added in pool.
]]></system-out>
  </testcase>
  <testcase name="invalidTopics[2, printhello](3)" classname="pageTestEvents.ArrayPageEvents" time="0">
    <skipped message="Cannot invoke &quot;java.util.Properties.getProperty(String)&quot; because &quot;utilities.TestDataLoader.prop&quot; is null"/>
    <system-out><![CDATA[[INFO ] 2024-11-15 13:00:54.403 [TestNG-tests-3] ExtentReportListener - test is added in pool.
]]></system-out>
  </testcase>
  <testcase name="invalidTopics[3, printhello](4)" classname="pageTestEvents.ArrayPageEvents" time="0">
    <skipped message="Cannot invoke &quot;java.util.Properties.getProperty(String)&quot; because &quot;utilities.TestDataLoader.prop&quot; is null"/>
    <system-out><![CDATA[[INFO ] 2024-11-15 13:00:54.408 [TestNG-tests-3] ExtentReportListener - test is added in pool.
]]></system-out>
  </testcase>
  <testcase name="nocodeTopics[0, Arrays in Python](1)" classname="pageTestEvents.ArrayPageEvents" time="0">
    <skipped message="Cannot invoke &quot;java.util.Properties.getProperty(String)&quot; because &quot;utilities.TestDataLoader.prop&quot; is null"/>
    <system-out><![CDATA[[INFO ] 2024-11-15 13:00:54.415 [TestNG-tests-3] ExtentReportListener - test is added in pool.
]]></system-out>
  </testcase>
  <testcase name="nocodeTopics[1, Arrays Using List](2)" classname="pageTestEvents.ArrayPageEvents" time="0">
    <skipped message="Cannot invoke &quot;java.util.Properties.getProperty(String)&quot; because &quot;utilities.TestDataLoader.prop&quot; is null"/>
    <system-out><![CDATA[[INFO ] 2024-11-15 13:00:54.420 [TestNG-tests-3] ExtentReportListener - test is added in pool.
]]></system-out>
  </testcase>
  <testcase name="nocodeTopics[2, Basic Operations in Lists](3)" classname="pageTestEvents.ArrayPageEvents" time="0">
    <skipped message="Cannot invoke &quot;java.util.Properties.getProperty(String)&quot; because &quot;utilities.TestDataLoader.prop&quot; is null"/>
    <system-out><![CDATA[[INFO ] 2024-11-15 13:00:54.425 [TestNG-tests-3] ExtentReportListener - test is added in pool.
]]></system-out>
  </testcase>
  <testcase name="nocodeTopics[3, Applications of Array](4)" classname="pageTestEvents.ArrayPageEvents" time="0">
    <skipped message="Cannot invoke &quot;java.util.Properties.getProperty(String)&quot; because &quot;utilities.TestDataLoader.prop&quot; is null"/>
    <system-out><![CDATA[[INFO ] 2024-11-15 13:00:54.429 [TestNG-tests-3] ExtentReportListener - test is added in pool.
]]></system-out>
  </testcase>
  <testcase name="topicsArray[0, Arrays in Python](1)" classname="pageTestEvents.ArrayPageEvents" time="0">
    <skipped message="Cannot invoke &quot;java.util.Properties.getProperty(String)&quot; because &quot;utilities.TestDataLoader.prop&quot; is null"/>
    <system-out><![CDATA[[INFO ] 2024-11-15 13:00:54.434 [TestNG-tests-3] ExtentReportListener - test is added in pool.
]]></system-out>
  </testcase>
  <testcase name="topicsArray[1, Arrays Using List](2)" classname="pageTestEvents.ArrayPageEvents" time="0">
    <skipped message="Cannot invoke &quot;java.util.Properties.getProperty(String)&quot; because &quot;utilities.TestDataLoader.prop&quot; is null"/>
    <system-out><![CDATA[[INFO ] 2024-11-15 13:00:54.439 [TestNG-tests-3] ExtentReportListener - test is added in pool.
]]></system-out>
  </testcase>
  <testcase name="topicsArray[2, Basic Operations in Lists](3)" classname="pageTestEvents.ArrayPageEvents" time="0">
    <skipped message="Cannot invoke &quot;java.util.Properties.getProperty(String)&quot; because &quot;utilities.TestDataLoader.prop&quot; is null"/>
    <system-out><![CDATA[[INFO ] 2024-11-15 13:00:54.443 [TestNG-tests-3] ExtentReportListener - test is added in pool.
]]></system-out>
  </testcase>
  <testcase name="topicsArray[3, Applications of Array](4)" classname="pageTestEvents.ArrayPageEvents" time="0">
    <skipped message="Cannot invoke &quot;java.util.Properties.getProperty(String)&quot; because &quot;utilities.TestDataLoader.prop&quot; is null"/>
    <system-out><![CDATA[[INFO ] 2024-11-15 13:00:54.452 [TestNG-tests-3] ExtentReportListener - test is added in pool.
]]></system-out>
  </testcase>
  <testcase name="tryHereTopics[0, Arrays in Python](1)" classname="pageTestEvents.ArrayPageEvents" time="0">
    <skipped message="Cannot invoke &quot;java.util.Properties.getProperty(String)&quot; because &quot;utilities.TestDataLoader.prop&quot; is null"/>
    <system-out><![CDATA[[INFO ] 2024-11-15 13:00:54.459 [TestNG-tests-3] ExtentReportListener - test is added in pool.
]]></system-out>
  </testcase>
  <testcase name="tryHereTopics[1, Arrays Using List](2)" classname="pageTestEvents.ArrayPageEvents" time="0">
    <skipped message="Cannot invoke &quot;java.util.Properties.getProperty(String)&quot; because &quot;utilities.TestDataLoader.prop&quot; is null"/>
    <system-out><![CDATA[[INFO ] 2024-11-15 13:00:54.465 [TestNG-tests-3] ExtentReportListener - test is added in pool.
]]></system-out>
  </testcase>
  <testcase name="tryHereTopics[2, Basic Operations in Lists](3)" classname="pageTestEvents.ArrayPageEvents" time="0">
    <skipped message="Cannot invoke &quot;java.util.Properties.getProperty(String)&quot; because &quot;utilities.TestDataLoader.prop&quot; is null"/>
    <system-out><![CDATA[[INFO ] 2024-11-15 13:00:54.471 [TestNG-tests-3] ExtentReportListener - test is added in pool.
]]></system-out>
  </testcase>
  <testcase name="tryHereTopics[3, Applications of Array](4)" classname="pageTestEvents.ArrayPageEvents" time="0">
    <skipped message="Cannot invoke &quot;java.util.Properties.getProperty(String)&quot; because &quot;utilities.TestDataLoader.prop&quot; is null"/>
    <system-out><![CDATA[[INFO ] 2024-11-15 13:00:54.476 [TestNG-tests-3] ExtentReportListener - test is added in pool.
]]></system-out>
  </testcase>
  <testcase name="validcodeTopics[0, print&apos;Hello&apos;](1)" classname="pageTestEvents.ArrayPageEvents" time="0">
    <skipped message="Cannot invoke &quot;java.util.Properties.getProperty(String)&quot; because &quot;utilities.TestDataLoader.prop&quot; is null"/>
    <system-out><![CDATA[[INFO ] 2024-11-15 13:00:54.481 [TestNG-tests-3] ExtentReportListener - test is added in pool.
]]></system-out>
  </testcase>
  <testcase name="validcodeTopics[1, print&apos;Hello&apos;](2)" classname="pageTestEvents.ArrayPageEvents" time="0">
    <skipped message="Cannot invoke &quot;java.util.Properties.getProperty(String)&quot; because &quot;utilities.TestDataLoader.prop&quot; is null"/>
    <system-out><![CDATA[[INFO ] 2024-11-15 13:00:54.487 [TestNG-tests-3] ExtentReportListener - test is added in pool.
]]></system-out>
  </testcase>
  <testcase name="validcodeTopics[2, print&apos;Hello&apos;](3)" classname="pageTestEvents.ArrayPageEvents" time="0">
    <skipped message="Cannot invoke &quot;java.util.Properties.getProperty(String)&quot; because &quot;utilities.TestDataLoader.prop&quot; is null"/>
    <system-out><![CDATA[[INFO ] 2024-11-15 13:00:54.492 [TestNG-tests-3] ExtentReportListener - test is added in pool.
]]></system-out>
  </testcase>
  <testcase name="validcodeTopics[3, print&apos;Hello&apos;](4)" classname="pageTestEvents.ArrayPageEvents" time="0">
    <skipped message="Cannot invoke &quot;java.util.Properties.getProperty(String)&quot; because &quot;utilities.TestDataLoader.prop&quot; is null"/>
    <system-out><![CDATA[[INFO ] 2024-11-15 13:00:54.497 [TestNG-tests-3] ExtentReportListener - test is added in pool.
]]></system-out>
  </testcase>
  <testcase name="arrayPracticeCode[{result=not exist, index=0, code=def search(list, value):&#10;    if value in list:&#10;        return &quot;Element Found&quot;&#10;    else:&#10;        return &quot;Not Found&quot;&#10;&#10;print(search([12, 23, 45, 67, 6, 90], 12)), type=Search the array, url=https://dsportalapp.herokuapp.com/question/1, rowNum=2}](1)" classname="pageTestEvents.ArrayPageEvents" time="0">
    <skipped message="Cannot invoke &quot;java.util.Properties.getProperty(String)&quot; because &quot;utilities.TestDataLoader.prop&quot; is null"/>
    <system-out><![CDATA[[INFO ] 2024-11-15 13:00:54.506 [TestNG-tests-3] ExtentReportListener - test is added in pool.
]]></system-out>
  </testcase>
  <testcase name="practiceArrayDS_ExcelPythonCode[ Search the array , def search(input_list, num):&#10;if(num in input_list):&#10;     print(&quot;Element Found&quot;)&#10;\b&#10;\b&#10;else:&#10;print(&quot;Not Found&quot;)&#10;\b&#10;\b&#10;\b&#10;\b&#10;search([12, 23, 45, 67, 6, 90] , 12), Element Found, https://dsportalapp.herokuapp.com/question/1](1)" classname="pageTestEvents.ArrayPageEvents" time="0">
    <skipped message="Cannot invoke &quot;java.util.Properties.getProperty(String)&quot; because &quot;utilities.TestDataLoader.prop&quot; is null"/>
    <system-out><![CDATA[[INFO ] 2024-11-15 13:00:54.565 [TestNG-tests-3] ExtentReportListener - test is added in pool.
]]></system-out>
  </testcase>
  <testcase name="practiceArrayDS_ExcelPythonCode[ Search the array , , Element Found, https://dsportalapp.herokuapp.com/question/1](2)" classname="pageTestEvents.ArrayPageEvents" time="0">
    <skipped message="Cannot invoke &quot;java.util.Properties.getProperty(String)&quot; because &quot;utilities.TestDataLoader.prop&quot; is null"/>
    <system-out><![CDATA[[INFO ] 2024-11-15 13:00:54.571 [TestNG-tests-3] ExtentReportListener - test is added in pool.
]]></system-out>
  </testcase>
  <testcase name="practiceArrayDS_ExcelPythonCode[Max Consecutive Ones , def findMaxConsecutiveOnes(nums) :&#10;count = 0&#10;result = 0&#10;for i in range(0, len(nums)):&#10;if (nums[i] == 0):&#10;count = 0&#10;\b&#10;\b&#10;else:&#10;count+= 1&#10;\b&#10;\b&#10;result = max(result, count)&#10;\b&#10;\b&#10;print(result)&#10;\b&#10;\b&#10;findMaxConsecutiveOnes([1,0,1,1,0,1]), 2, https://dsportalapp.herokuapp.com/question/2](3)" classname="pageTestEvents.ArrayPageEvents" time="0">
    <skipped message="Cannot invoke &quot;java.util.Properties.getProperty(String)&quot; because &quot;utilities.TestDataLoader.prop&quot; is null"/>
    <system-out><![CDATA[[INFO ] 2024-11-15 13:00:54.579 [TestNG-tests-3] ExtentReportListener - test is added in pool.
]]></system-out>
  </testcase>
  <testcase name="practiceArrayDS_ExcelPythonCode[Max Consecutive Ones , , 2, https://dsportalapp.herokuapp.com/question/2](4)" classname="pageTestEvents.ArrayPageEvents" time="0">
    <skipped message="Cannot invoke &quot;java.util.Properties.getProperty(String)&quot; because &quot;utilities.TestDataLoader.prop&quot; is null"/>
    <system-out><![CDATA[[INFO ] 2024-11-15 13:00:54.587 [TestNG-tests-3] ExtentReportListener - test is added in pool.
]]></system-out>
  </testcase>
  <testcase name="practiceArrayDS_ExcelPythonCode[Find Numbers with Even Number of Digits, def findNumbers(nums):&#10;c=0&#10;for i in nums:&#10;j=str(i)&#10;x=len(j)&#10;if x%2==0:&#10;c=c+1&#10;\b&#10;\b&#10;\b&#10;\b&#10;print c&#10;return c&#10;findNumbers([12,345,2,6,7896]), 2, https://dsportalapp.herokuapp.com/question/3](5)" classname="pageTestEvents.ArrayPageEvents" time="0">
    <skipped message="Cannot invoke &quot;java.util.Properties.getProperty(String)&quot; because &quot;utilities.TestDataLoader.prop&quot; is null"/>
    <system-out><![CDATA[[INFO ] 2024-11-15 13:00:54.595 [TestNG-tests-3] ExtentReportListener - test is added in pool.
]]></system-out>
  </testcase>
  <testcase name="practiceArrayDS_ExcelPythonCode[Find Numbers with Even Number of Digits, , 2, https://dsportalapp.herokuapp.com/question/3](6)" classname="pageTestEvents.ArrayPageEvents" time="0">
    <skipped message="Cannot invoke &quot;java.util.Properties.getProperty(String)&quot; because &quot;utilities.TestDataLoader.prop&quot; is null"/>
    <system-out><![CDATA[[INFO ] 2024-11-15 13:00:54.601 [TestNG-tests-3] ExtentReportListener - test is added in pool.
]]></system-out>
  </testcase>
  <testcase name="practiceArrayDS_ExcelPythonCode[Squares of a Sorted Array  , def sortedSquares(nums):&#10;squares_list = []&#10;for i in range(0, len(nums)):&#10;square = nums[i] * nums[i];&#10;squares_list.append(square)&#10;\b&#10;\b&#10;sorted_squares_list = sorted(squares_list)&#10;print sorted_squares_list;&#10;return sorted_squares_list;&#10;sortedSquares([-7,-3,2,3,11]), [4, 9, 9, 49, 121],  https://dsportalapp.herokuapp.com/question/4](7)" classname="pageTestEvents.ArrayPageEvents" time="0">
    <skipped message="Cannot invoke &quot;java.util.Properties.getProperty(String)&quot; because &quot;utilities.TestDataLoader.prop&quot; is null"/>
    <system-out><![CDATA[[INFO ] 2024-11-15 13:00:54.607 [TestNG-tests-3] ExtentReportListener - test is added in pool.
]]></system-out>
  </testcase>
  <testcase name="practiceArrayDS_ExcelPythonCode[Squares of a Sorted Array  , , [4, 9, 9, 49, 121],  https://dsportalapp.herokuapp.com/question/4](8)" classname="pageTestEvents.ArrayPageEvents" time="0">
    <skipped message="Cannot invoke &quot;java.util.Properties.getProperty(String)&quot; because &quot;utilities.TestDataLoader.prop&quot; is null"/>
    <system-out><![CDATA[[INFO ] 2024-11-15 13:00:54.614 [TestNG-tests-3] ExtentReportListener - test is added in pool.
]]></system-out>
  </testcase>
  <testcase name="Logout" classname="pageTestEvents.ArrayPageEvents" time="0">
    <skipped/>
  </testcase>
</testsuite>