<?xml version="1.0" encoding="UTF-8"?>
<testng-results retried="12" ignored="12" total="332" passed="291" failed="10" skipped="7">
  <reporter-output>
  </reporter-output>
  <suite started-at="2024-11-16T18:20:11 CST" name="Suite_Parallel" finished-at="2024-11-16T18:23:50 CST" duration-ms="219441">
    <groups>
    </groups>
    <test started-at="2024-11-16T18:20:11 CST" name="Test Parallel Home and Dashboard modules.Browser:Chrome" finished-at="2024-11-16T18:20:44 CST" duration-ms="33092">
      <class name="pageTestEvents.LandingPageEvents">
        <test-method is-config="true" signature="openLandingPage()[pri:0, instance:pageTestEvents.LandingPageEvents@25f7391e]" started-at="2024-11-16T18:20:14 CST" name="openLandingPage" finished-at="2024-11-16T18:20:14 CST" duration-ms="14" status="PASS">
          <reporter-output>
          </reporter-output>
        </test-method> <!-- openLandingPage -->
        <test-method signature="testHomePageTitle()[pri:1, instance:pageTestEvents.LandingPageEvents@25f7391e]" started-at="2024-11-16T18:20:14 CST" name="testHomePageTitle" finished-at="2024-11-16T18:20:14 CST" duration-ms="104" status="PASS">
          <reporter-output>
          </reporter-output>
        </test-method> <!-- testHomePageTitle -->
        <test-method signature="getStartedBtn()[pri:2, instance:pageTestEvents.LandingPageEvents@25f7391e]" started-at="2024-11-16T18:20:14 CST" name="getStartedBtn" finished-at="2024-11-16T18:20:37 CST" duration-ms="22219" status="PASS">
          <reporter-output>
          </reporter-output>
        </test-method> <!-- getStartedBtn -->
        <test-method is-config="true" signature="checknav_dsportal()[pri:0, instance:pageTestEvents.LandingPageEvents@25f7391e]" started-at="2024-11-16T18:20:37 CST" name="checknav_dsportal" finished-at="2024-11-16T18:20:37 CST" duration-ms="115" status="PASS">
          <reporter-output>
          </reporter-output>
        </test-method> <!-- checknav_dsportal -->
      </class> <!-- pageTestEvents.LandingPageEvents -->
      <class name="base.BaseTest">
        <test-method is-config="true" signature="setUP(java.lang.String)[pri:0, instance:base.BaseTest@6b5966e1]" started-at="2024-11-16T18:20:11 CST" name="setUP" finished-at="2024-11-16T18:20:14 CST" duration-ms="2977" status="PASS">
          <params>
            <param index="0">
              <value>
                <![CDATA[chrome]]>
              </value>
            </param>
          </params>
          <reporter-output>
          </reporter-output>
        </test-method> <!-- setUP -->
        <test-method is-config="true" signature="tearDown()[pri:0, instance:base.BaseTest@6b5966e1]" started-at="2024-11-16T18:20:44 CST" name="tearDown" finished-at="2024-11-16T18:20:44 CST" duration-ms="296" status="PASS">
          <reporter-output>
          </reporter-output>
        </test-method> <!-- tearDown -->
      </class> <!-- base.BaseTest -->
      <class name="pageTestEvents.DashBoardPageEvents">
        <test-method is-config="true" signature="dsportalDashBoardWithoutSignIn()[pri:0, instance:pageTestEvents.DashBoardPageEvents@3f23a3a0]" started-at="2024-11-16T18:20:37 CST" name="dsportalDashBoardWithoutSignIn" finished-at="2024-11-16T18:20:37 CST" duration-ms="193" status="PASS">
          <reporter-output>
          </reporter-output>
        </test-method> <!-- dsportalDashBoardWithoutSignIn -->
        <test-method signature="chkPageTitle()[pri:3, instance:pageTestEvents.DashBoardPageEvents@3f23a3a0]" started-at="2024-11-16T18:20:37 CST" name="chkPageTitle" finished-at="2024-11-16T18:20:37 CST" duration-ms="44" status="PASS">
          <reporter-output>
          </reporter-output>
        </test-method> <!-- chkPageTitle -->
        <test-method signature="validateDsAlgoDropdownItems()[pri:4, instance:pageTestEvents.DashBoardPageEvents@3f23a3a0]" started-at="2024-11-16T18:20:37 CST" name="validateDsAlgoDropdownItems" finished-at="2024-11-16T18:20:38 CST" duration-ms="1021" status="PASS">
          <reporter-output>
          </reporter-output>
        </test-method> <!-- validateDsAlgoDropdownItems -->
        <test-method signature="validateDsAlgoButtons()[pri:5, instance:pageTestEvents.DashBoardPageEvents@3f23a3a0]" started-at="2024-11-16T18:20:38 CST" name="validateDsAlgoButtons" finished-at="2024-11-16T18:20:38 CST" duration-ms="77" status="PASS">
          <reporter-output>
          </reporter-output>
        </test-method> <!-- validateDsAlgoButtons -->
        <test-method signature="validateRegister()[pri:6, instance:pageTestEvents.DashBoardPageEvents@3f23a3a0]" started-at="2024-11-16T18:20:38 CST" name="validateRegister" finished-at="2024-11-16T18:20:39 CST" duration-ms="516" status="PASS">
          <reporter-output>
          </reporter-output>
        </test-method> <!-- validateRegister -->
        <test-method signature="testDSwithoutSignIn(java.util.Map)[pri:7, instance:pageTestEvents.DashBoardPageEvents@3f23a3a0]" started-at="2024-11-16T18:20:39 CST" name="testDSwithoutSignIn" data-provider="dataStructuresProvider" finished-at="2024-11-16T18:20:39 CST" duration-ms="346" status="PASS">
          <params>
            <param index="0">
              <value>
                <![CDATA[{type=Arrays, index=0}]]>
              </value>
            </param>
          </params>
          <reporter-output>
          </reporter-output>
        </test-method> <!-- testDSwithoutSignIn -->
        <test-method signature="testDSwithoutSignIn(java.util.Map)[pri:7, instance:pageTestEvents.DashBoardPageEvents@3f23a3a0]" started-at="2024-11-16T18:20:39 CST" name="testDSwithoutSignIn" data-provider="dataStructuresProvider" finished-at="2024-11-16T18:20:39 CST" duration-ms="280" status="PASS">
          <params>
            <param index="0">
              <value>
                <![CDATA[{type=Linked List, index=1}]]>
              </value>
            </param>
          </params>
          <reporter-output>
          </reporter-output>
        </test-method> <!-- testDSwithoutSignIn -->
        <test-method signature="testDSwithoutSignIn(java.util.Map)[pri:7, instance:pageTestEvents.DashBoardPageEvents@3f23a3a0]" started-at="2024-11-16T18:20:39 CST" name="testDSwithoutSignIn" data-provider="dataStructuresProvider" finished-at="2024-11-16T18:20:40 CST" duration-ms="332" status="PASS">
          <params>
            <param index="0">
              <value>
                <![CDATA[{type=Stack, index=2}]]>
              </value>
            </param>
          </params>
          <reporter-output>
          </reporter-output>
        </test-method> <!-- testDSwithoutSignIn -->
        <test-method signature="testDSwithoutSignIn(java.util.Map)[pri:7, instance:pageTestEvents.DashBoardPageEvents@3f23a3a0]" started-at="2024-11-16T18:20:40 CST" name="testDSwithoutSignIn" data-provider="dataStructuresProvider" finished-at="2024-11-16T18:20:40 CST" duration-ms="307" status="PASS">
          <params>
            <param index="0">
              <value>
                <![CDATA[{type=Queue, index=3}]]>
              </value>
            </param>
          </params>
          <reporter-output>
          </reporter-output>
        </test-method> <!-- testDSwithoutSignIn -->
        <test-method signature="testDSwithoutSignIn(java.util.Map)[pri:7, instance:pageTestEvents.DashBoardPageEvents@3f23a3a0]" started-at="2024-11-16T18:20:40 CST" name="testDSwithoutSignIn" data-provider="dataStructuresProvider" finished-at="2024-11-16T18:20:40 CST" duration-ms="136" status="PASS">
          <params>
            <param index="0">
              <value>
                <![CDATA[{type=Tree, index=4}]]>
              </value>
            </param>
          </params>
          <reporter-output>
          </reporter-output>
        </test-method> <!-- testDSwithoutSignIn -->
        <test-method signature="testDSwithoutSignIn(java.util.Map)[pri:7, instance:pageTestEvents.DashBoardPageEvents@3f23a3a0]" started-at="2024-11-16T18:20:40 CST" name="testDSwithoutSignIn" data-provider="dataStructuresProvider" finished-at="2024-11-16T18:20:40 CST" duration-ms="126" status="PASS">
          <params>
            <param index="0">
              <value>
                <![CDATA[{type=Graph, index=5}]]>
              </value>
            </param>
          </params>
          <reporter-output>
          </reporter-output>
        </test-method> <!-- testDSwithoutSignIn -->
        <test-method signature="validateSignIn()[pri:8, instance:pageTestEvents.DashBoardPageEvents@3f23a3a0]" started-at="2024-11-16T18:20:40 CST" name="validateSignIn" finished-at="2024-11-16T18:20:40 CST" duration-ms="250" status="PASS">
          <reporter-output>
          </reporter-output>
        </test-method> <!-- validateSignIn -->
        <test-method signature="userSignIn()[pri:9, instance:pageTestEvents.DashBoardPageEvents@3f23a3a0]" started-at="2024-11-16T18:20:40 CST" name="userSignIn" finished-at="2024-11-16T18:20:42 CST" duration-ms="1211" status="PASS">
          <reporter-output>
          </reporter-output>
        </test-method> <!-- userSignIn -->
        <test-method signature="testDataStructures(java.util.Map)[pri:10, instance:pageTestEvents.DashBoardPageEvents@3f23a3a0]" started-at="2024-11-16T18:20:42 CST" name="testDataStructures" data-provider="dataStructuresProvider" finished-at="2024-11-16T18:20:42 CST" duration-ms="282" status="PASS">
          <params>
            <param index="0">
              <value>
                <![CDATA[{type=Arrays, index=0}]]>
              </value>
            </param>
          </params>
          <reporter-output>
          </reporter-output>
        </test-method> <!-- testDataStructures -->
        <test-method signature="testDataStructures(java.util.Map)[pri:10, instance:pageTestEvents.DashBoardPageEvents@3f23a3a0]" started-at="2024-11-16T18:20:42 CST" name="testDataStructures" data-provider="dataStructuresProvider" finished-at="2024-11-16T18:20:42 CST" duration-ms="249" status="PASS">
          <params>
            <param index="0">
              <value>
                <![CDATA[{type=Linked List, index=1}]]>
              </value>
            </param>
          </params>
          <reporter-output>
          </reporter-output>
        </test-method> <!-- testDataStructures -->
        <test-method signature="testDataStructures(java.util.Map)[pri:10, instance:pageTestEvents.DashBoardPageEvents@3f23a3a0]" started-at="2024-11-16T18:20:42 CST" name="testDataStructures" data-provider="dataStructuresProvider" finished-at="2024-11-16T18:20:42 CST" duration-ms="233" status="PASS">
          <params>
            <param index="0">
              <value>
                <![CDATA[{type=Stack, index=2}]]>
              </value>
            </param>
          </params>
          <reporter-output>
          </reporter-output>
        </test-method> <!-- testDataStructures -->
        <test-method signature="testDataStructures(java.util.Map)[pri:10, instance:pageTestEvents.DashBoardPageEvents@3f23a3a0]" started-at="2024-11-16T18:20:42 CST" name="testDataStructures" data-provider="dataStructuresProvider" finished-at="2024-11-16T18:20:43 CST" duration-ms="344" status="PASS">
          <params>
            <param index="0">
              <value>
                <![CDATA[{type=Queue, index=3}]]>
              </value>
            </param>
          </params>
          <reporter-output>
          </reporter-output>
        </test-method> <!-- testDataStructures -->
        <test-method signature="testDataStructures(java.util.Map)[pri:10, instance:pageTestEvents.DashBoardPageEvents@3f23a3a0]" started-at="2024-11-16T18:20:43 CST" name="testDataStructures" data-provider="dataStructuresProvider" finished-at="2024-11-16T18:20:43 CST" duration-ms="277" status="PASS">
          <params>
            <param index="0">
              <value>
                <![CDATA[{type=Tree, index=4}]]>
              </value>
            </param>
          </params>
          <reporter-output>
          </reporter-output>
        </test-method> <!-- testDataStructures -->
        <test-method signature="testDataStructures(java.util.Map)[pri:10, instance:pageTestEvents.DashBoardPageEvents@3f23a3a0]" started-at="2024-11-16T18:20:43 CST" name="testDataStructures" data-provider="dataStructuresProvider" finished-at="2024-11-16T18:20:43 CST" duration-ms="231" status="PASS">
          <params>
            <param index="0">
              <value>
                <![CDATA[{type=Graph, index=5}]]>
              </value>
            </param>
          </params>
          <reporter-output>
          </reporter-output>
        </test-method> <!-- testDataStructures -->
        <test-method is-config="true" signature="Logout()[pri:0, instance:pageTestEvents.DashBoardPageEvents@3f23a3a0]" started-at="2024-11-16T18:20:43 CST" name="Logout" finished-at="2024-11-16T18:20:44 CST" duration-ms="382" status="PASS">
          <reporter-output>
          </reporter-output>
        </test-method> <!-- Logout -->
      </class> <!-- pageTestEvents.DashBoardPageEvents -->
    </test> <!-- Test Parallel Home and Dashboard modules.Browser:Chrome -->
    <test started-at="2024-11-16T18:20:11 CST" name="Test Parallel Stack module.Browser:Edge" finished-at="2024-11-16T18:21:12 CST" duration-ms="61160">
      <class name="pageTestEvents.StackPageEvents">
        <test-method is-config="true" signature="Login()[pri:0, instance:pageTestEvents.StackPageEvents@5990e6c5]" started-at="2024-11-16T18:20:37 CST" name="Login" finished-at="2024-11-16T18:20:40 CST" duration-ms="2864" status="PASS">
          <reporter-output>
          </reporter-output>
        </test-method> <!-- Login -->
        <test-method is-config="true" signature="stackPage()[pri:0, instance:pageTestEvents.StackPageEvents@5990e6c5]" started-at="2024-11-16T18:20:40 CST" name="stackPage" finished-at="2024-11-16T18:20:40 CST" duration-ms="664" status="PASS">
          <reporter-output>
          </reporter-output>
        </test-method> <!-- stackPage -->
        <test-method signature="invalidTopics(java.lang.String,java.lang.String)[pri:0, instance:pageTestEvents.StackPageEvents@5990e6c5]" started-at="2024-11-16T18:20:40 CST" name="invalidTopics" data-provider="Invalid code topic no" finished-at="2024-11-16T18:20:43 CST" duration-ms="2308" status="PASS">
          <params>
            <param index="0">
              <value>
                <![CDATA[0]]>
              </value>
            </param>
            <param index="1">
              <value>
                <![CDATA[hello]]>
              </value>
            </param>
          </params>
          <reporter-output>
          </reporter-output>
        </test-method> <!-- invalidTopics -->
        <test-method is-config="true" signature="backtostack()[pri:0, instance:pageTestEvents.StackPageEvents@5990e6c5]" started-at="2024-11-16T18:20:43 CST" name="backtostack" finished-at="2024-11-16T18:20:43 CST" duration-ms="603" status="PASS">
          <reporter-output>
          </reporter-output>
        </test-method> <!-- backtostack -->
        <test-method is-config="true" signature="stackPage()[pri:0, instance:pageTestEvents.StackPageEvents@5990e6c5]" started-at="2024-11-16T18:20:43 CST" name="stackPage" finished-at="2024-11-16T18:20:44 CST" duration-ms="283" status="PASS">
          <reporter-output>
          </reporter-output>
        </test-method> <!-- stackPage -->
        <test-method signature="invalidTopics(java.lang.String,java.lang.String)[pri:0, instance:pageTestEvents.StackPageEvents@5990e6c5]" started-at="2024-11-16T18:20:44 CST" name="invalidTopics" data-provider="Invalid code topic no" finished-at="2024-11-16T18:20:45 CST" duration-ms="1212" status="PASS">
          <params>
            <param index="0">
              <value>
                <![CDATA[1]]>
              </value>
            </param>
            <param index="1">
              <value>
                <![CDATA[hello]]>
              </value>
            </param>
          </params>
          <reporter-output>
          </reporter-output>
        </test-method> <!-- invalidTopics -->
        <test-method is-config="true" signature="backtostack()[pri:0, instance:pageTestEvents.StackPageEvents@5990e6c5]" started-at="2024-11-16T18:20:45 CST" name="backtostack" finished-at="2024-11-16T18:20:45 CST" duration-ms="458" status="PASS">
          <reporter-output>
          </reporter-output>
        </test-method> <!-- backtostack -->
        <test-method is-config="true" signature="stackPage()[pri:0, instance:pageTestEvents.StackPageEvents@5990e6c5]" started-at="2024-11-16T18:20:45 CST" name="stackPage" finished-at="2024-11-16T18:20:46 CST" duration-ms="338" status="PASS">
          <reporter-output>
          </reporter-output>
        </test-method> <!-- stackPage -->
        <test-method signature="invalidTopics(java.lang.String,java.lang.String)[pri:0, instance:pageTestEvents.StackPageEvents@5990e6c5]" started-at="2024-11-16T18:20:46 CST" name="invalidTopics" data-provider="Invalid code topic no" finished-at="2024-11-16T18:20:47 CST" duration-ms="1232" status="PASS">
          <params>
            <param index="0">
              <value>
                <![CDATA[2]]>
              </value>
            </param>
            <param index="1">
              <value>
                <![CDATA[hello]]>
              </value>
            </param>
          </params>
          <reporter-output>
          </reporter-output>
        </test-method> <!-- invalidTopics -->
        <test-method is-config="true" signature="backtostack()[pri:0, instance:pageTestEvents.StackPageEvents@5990e6c5]" started-at="2024-11-16T18:20:47 CST" name="backtostack" finished-at="2024-11-16T18:20:47 CST" duration-ms="423" status="PASS">
          <reporter-output>
          </reporter-output>
        </test-method> <!-- backtostack -->
        <test-method is-config="true" signature="stackPage()[pri:0, instance:pageTestEvents.StackPageEvents@5990e6c5]" started-at="2024-11-16T18:20:47 CST" name="stackPage" finished-at="2024-11-16T18:20:48 CST" duration-ms="465" status="PASS">
          <reporter-output>
          </reporter-output>
        </test-method> <!-- stackPage -->
        <test-method signature="nocodeTopics(int,java.lang.String)[pri:0, instance:pageTestEvents.StackPageEvents@5990e6c5]" started-at="2024-11-16T18:20:48 CST" name="nocodeTopics" data-provider="Stack Topics" finished-at="2024-11-16T18:20:48 CST" duration-ms="783" status="PASS">
          <params>
            <param index="0">
              <value>
                <![CDATA[0]]>
              </value>
            </param>
            <param index="1">
              <value>
                <![CDATA[Operations in Stack]]>
              </value>
            </param>
          </params>
          <reporter-output>
          </reporter-output>
        </test-method> <!-- nocodeTopics -->
        <test-method is-config="true" signature="backtostack()[pri:0, instance:pageTestEvents.StackPageEvents@5990e6c5]" started-at="2024-11-16T18:20:48 CST" name="backtostack" finished-at="2024-11-16T18:20:49 CST" duration-ms="337" status="PASS">
          <reporter-output>
          </reporter-output>
        </test-method> <!-- backtostack -->
        <test-method is-config="true" signature="stackPage()[pri:0, instance:pageTestEvents.StackPageEvents@5990e6c5]" started-at="2024-11-16T18:20:49 CST" name="stackPage" finished-at="2024-11-16T18:20:49 CST" duration-ms="359" status="PASS">
          <reporter-output>
          </reporter-output>
        </test-method> <!-- stackPage -->
        <test-method signature="nocodeTopics(int,java.lang.String)[pri:0, instance:pageTestEvents.StackPageEvents@5990e6c5]" started-at="2024-11-16T18:20:49 CST" name="nocodeTopics" data-provider="Stack Topics" finished-at="2024-11-16T18:20:50 CST" duration-ms="735" status="PASS">
          <params>
            <param index="0">
              <value>
                <![CDATA[1]]>
              </value>
            </param>
            <param index="1">
              <value>
                <![CDATA[Implementation]]>
              </value>
            </param>
          </params>
          <reporter-output>
          </reporter-output>
        </test-method> <!-- nocodeTopics -->
        <test-method is-config="true" signature="backtostack()[pri:0, instance:pageTestEvents.StackPageEvents@5990e6c5]" started-at="2024-11-16T18:20:50 CST" name="backtostack" finished-at="2024-11-16T18:20:50 CST" duration-ms="327" status="PASS">
          <reporter-output>
          </reporter-output>
        </test-method> <!-- backtostack -->
        <test-method is-config="true" signature="stackPage()[pri:0, instance:pageTestEvents.StackPageEvents@5990e6c5]" started-at="2024-11-16T18:20:50 CST" name="stackPage" finished-at="2024-11-16T18:20:51 CST" duration-ms="364" status="PASS">
          <reporter-output>
          </reporter-output>
        </test-method> <!-- stackPage -->
        <test-method signature="nocodeTopics(int,java.lang.String)[pri:0, instance:pageTestEvents.StackPageEvents@5990e6c5]" started-at="2024-11-16T18:20:51 CST" name="nocodeTopics" data-provider="Stack Topics" finished-at="2024-11-16T18:20:51 CST" duration-ms="823" status="PASS">
          <params>
            <param index="0">
              <value>
                <![CDATA[2]]>
              </value>
            </param>
            <param index="1">
              <value>
                <![CDATA[Applications]]>
              </value>
            </param>
          </params>
          <reporter-output>
          </reporter-output>
        </test-method> <!-- nocodeTopics -->
        <test-method is-config="true" signature="backtostack()[pri:0, instance:pageTestEvents.StackPageEvents@5990e6c5]" started-at="2024-11-16T18:20:51 CST" name="backtostack" finished-at="2024-11-16T18:20:52 CST" duration-ms="370" status="PASS">
          <reporter-output>
          </reporter-output>
        </test-method> <!-- backtostack -->
        <test-method is-config="true" signature="stackPage()[pri:0, instance:pageTestEvents.StackPageEvents@5990e6c5]" started-at="2024-11-16T18:20:52 CST" name="stackPage" finished-at="2024-11-16T18:20:52 CST" duration-ms="405" status="PASS">
          <reporter-output>
          </reporter-output>
        </test-method> <!-- stackPage -->
        <test-method signature="topicsStack(int,java.lang.String)[pri:0, instance:pageTestEvents.StackPageEvents@5990e6c5]" started-at="2024-11-16T18:20:52 CST" name="topicsStack" data-provider="Stack Topics" finished-at="2024-11-16T18:20:53 CST" duration-ms="362" status="PASS">
          <params>
            <param index="0">
              <value>
                <![CDATA[0]]>
              </value>
            </param>
            <param index="1">
              <value>
                <![CDATA[Operations in Stack]]>
              </value>
            </param>
          </params>
          <reporter-output>
          </reporter-output>
        </test-method> <!-- topicsStack -->
        <test-method is-config="true" signature="backtostack()[pri:0, instance:pageTestEvents.StackPageEvents@5990e6c5]" started-at="2024-11-16T18:20:53 CST" name="backtostack" finished-at="2024-11-16T18:20:53 CST" duration-ms="463" status="PASS">
          <reporter-output>
          </reporter-output>
        </test-method> <!-- backtostack -->
        <test-method is-config="true" signature="stackPage()[pri:0, instance:pageTestEvents.StackPageEvents@5990e6c5]" started-at="2024-11-16T18:20:53 CST" name="stackPage" finished-at="2024-11-16T18:20:54 CST" duration-ms="512" status="PASS">
          <reporter-output>
          </reporter-output>
        </test-method> <!-- stackPage -->
        <test-method signature="topicsStack(int,java.lang.String)[pri:0, instance:pageTestEvents.StackPageEvents@5990e6c5]" started-at="2024-11-16T18:20:54 CST" name="topicsStack" data-provider="Stack Topics" finished-at="2024-11-16T18:20:54 CST" duration-ms="470" status="PASS">
          <params>
            <param index="0">
              <value>
                <![CDATA[1]]>
              </value>
            </param>
            <param index="1">
              <value>
                <![CDATA[Implementation]]>
              </value>
            </param>
          </params>
          <reporter-output>
          </reporter-output>
        </test-method> <!-- topicsStack -->
        <test-method is-config="true" signature="backtostack()[pri:0, instance:pageTestEvents.StackPageEvents@5990e6c5]" started-at="2024-11-16T18:20:54 CST" name="backtostack" finished-at="2024-11-16T18:20:55 CST" duration-ms="530" status="PASS">
          <reporter-output>
          </reporter-output>
        </test-method> <!-- backtostack -->
        <test-method is-config="true" signature="stackPage()[pri:0, instance:pageTestEvents.StackPageEvents@5990e6c5]" started-at="2024-11-16T18:20:55 CST" name="stackPage" finished-at="2024-11-16T18:20:55 CST" duration-ms="449" status="PASS">
          <reporter-output>
          </reporter-output>
        </test-method> <!-- stackPage -->
        <test-method signature="topicsStack(int,java.lang.String)[pri:0, instance:pageTestEvents.StackPageEvents@5990e6c5]" started-at="2024-11-16T18:20:55 CST" name="topicsStack" data-provider="Stack Topics" finished-at="2024-11-16T18:20:55 CST" duration-ms="434" status="PASS">
          <params>
            <param index="0">
              <value>
                <![CDATA[2]]>
              </value>
            </param>
            <param index="1">
              <value>
                <![CDATA[Applications]]>
              </value>
            </param>
          </params>
          <reporter-output>
          </reporter-output>
        </test-method> <!-- topicsStack -->
        <test-method is-config="true" signature="backtostack()[pri:0, instance:pageTestEvents.StackPageEvents@5990e6c5]" started-at="2024-11-16T18:20:55 CST" name="backtostack" finished-at="2024-11-16T18:20:56 CST" duration-ms="473" status="PASS">
          <reporter-output>
          </reporter-output>
        </test-method> <!-- backtostack -->
        <test-method is-config="true" signature="stackPage()[pri:0, instance:pageTestEvents.StackPageEvents@5990e6c5]" started-at="2024-11-16T18:20:56 CST" name="stackPage" finished-at="2024-11-16T18:20:56 CST" duration-ms="473" status="PASS">
          <reporter-output>
          </reporter-output>
        </test-method> <!-- stackPage -->
        <test-method signature="tryHereTopics(int,java.lang.String)[pri:0, instance:pageTestEvents.StackPageEvents@5990e6c5]" started-at="2024-11-16T18:20:56 CST" name="tryHereTopics" data-provider="Stack Topics" finished-at="2024-11-16T18:20:57 CST" duration-ms="977" status="PASS">
          <params>
            <param index="0">
              <value>
                <![CDATA[0]]>
              </value>
            </param>
            <param index="1">
              <value>
                <![CDATA[Operations in Stack]]>
              </value>
            </param>
          </params>
          <reporter-output>
          </reporter-output>
        </test-method> <!-- tryHereTopics -->
        <test-method is-config="true" signature="backtostack()[pri:0, instance:pageTestEvents.StackPageEvents@5990e6c5]" started-at="2024-11-16T18:20:57 CST" name="backtostack" finished-at="2024-11-16T18:20:58 CST" duration-ms="479" status="PASS">
          <reporter-output>
          </reporter-output>
        </test-method> <!-- backtostack -->
        <test-method is-config="true" signature="stackPage()[pri:0, instance:pageTestEvents.StackPageEvents@5990e6c5]" started-at="2024-11-16T18:20:58 CST" name="stackPage" finished-at="2024-11-16T18:20:58 CST" duration-ms="402" status="PASS">
          <reporter-output>
          </reporter-output>
        </test-method> <!-- stackPage -->
        <test-method signature="tryHereTopics(int,java.lang.String)[pri:0, instance:pageTestEvents.StackPageEvents@5990e6c5]" started-at="2024-11-16T18:20:58 CST" name="tryHereTopics" data-provider="Stack Topics" finished-at="2024-11-16T18:21:00 CST" duration-ms="1794" status="PASS">
          <params>
            <param index="0">
              <value>
                <![CDATA[1]]>
              </value>
            </param>
            <param index="1">
              <value>
                <![CDATA[Implementation]]>
              </value>
            </param>
          </params>
          <reporter-output>
          </reporter-output>
        </test-method> <!-- tryHereTopics -->
        <test-method is-config="true" signature="backtostack()[pri:0, instance:pageTestEvents.StackPageEvents@5990e6c5]" started-at="2024-11-16T18:21:00 CST" name="backtostack" finished-at="2024-11-16T18:21:01 CST" duration-ms="432" status="PASS">
          <reporter-output>
          </reporter-output>
        </test-method> <!-- backtostack -->
        <test-method is-config="true" signature="stackPage()[pri:0, instance:pageTestEvents.StackPageEvents@5990e6c5]" started-at="2024-11-16T18:21:01 CST" name="stackPage" finished-at="2024-11-16T18:21:01 CST" duration-ms="437" status="PASS">
          <reporter-output>
          </reporter-output>
        </test-method> <!-- stackPage -->
        <test-method signature="tryHereTopics(int,java.lang.String)[pri:0, instance:pageTestEvents.StackPageEvents@5990e6c5]" started-at="2024-11-16T18:21:01 CST" name="tryHereTopics" data-provider="Stack Topics" finished-at="2024-11-16T18:21:02 CST" duration-ms="860" status="PASS">
          <params>
            <param index="0">
              <value>
                <![CDATA[2]]>
              </value>
            </param>
            <param index="1">
              <value>
                <![CDATA[Applications]]>
              </value>
            </param>
          </params>
          <reporter-output>
          </reporter-output>
        </test-method> <!-- tryHereTopics -->
        <test-method is-config="true" signature="backtostack()[pri:0, instance:pageTestEvents.StackPageEvents@5990e6c5]" started-at="2024-11-16T18:21:02 CST" name="backtostack" finished-at="2024-11-16T18:21:02 CST" duration-ms="606" status="PASS">
          <reporter-output>
          </reporter-output>
        </test-method> <!-- backtostack -->
        <test-method is-config="true" signature="stackPage()[pri:0, instance:pageTestEvents.StackPageEvents@5990e6c5]" started-at="2024-11-16T18:21:03 CST" name="stackPage" finished-at="2024-11-16T18:21:03 CST" duration-ms="453" status="PASS">
          <reporter-output>
          </reporter-output>
        </test-method> <!-- stackPage -->
        <test-method signature="validcodeTopics(java.lang.String,java.lang.String)[pri:0, instance:pageTestEvents.StackPageEvents@5990e6c5]" started-at="2024-11-16T18:21:03 CST" name="validcodeTopics" data-provider="Valid code topic no" finished-at="2024-11-16T18:21:04 CST" duration-ms="1307" status="PASS">
          <params>
            <param index="0">
              <value>
                <![CDATA[0]]>
              </value>
            </param>
            <param index="1">
              <value>
                <![CDATA[print"Hello";]]>
              </value>
            </param>
          </params>
          <reporter-output>
          </reporter-output>
        </test-method> <!-- validcodeTopics -->
        <test-method is-config="true" signature="backtostack()[pri:0, instance:pageTestEvents.StackPageEvents@5990e6c5]" started-at="2024-11-16T18:21:04 CST" name="backtostack" finished-at="2024-11-16T18:21:05 CST" duration-ms="531" status="PASS">
          <reporter-output>
          </reporter-output>
        </test-method> <!-- backtostack -->
        <test-method is-config="true" signature="stackPage()[pri:0, instance:pageTestEvents.StackPageEvents@5990e6c5]" started-at="2024-11-16T18:21:05 CST" name="stackPage" finished-at="2024-11-16T18:21:05 CST" duration-ms="458" status="PASS">
          <reporter-output>
          </reporter-output>
        </test-method> <!-- stackPage -->
        <test-method signature="validcodeTopics(java.lang.String,java.lang.String)[pri:0, instance:pageTestEvents.StackPageEvents@5990e6c5]" started-at="2024-11-16T18:21:05 CST" name="validcodeTopics" data-provider="Valid code topic no" finished-at="2024-11-16T18:21:07 CST" duration-ms="2168" status="PASS">
          <params>
            <param index="0">
              <value>
                <![CDATA[1]]>
              </value>
            </param>
            <param index="1">
              <value>
                <![CDATA[print"Hello";]]>
              </value>
            </param>
          </params>
          <reporter-output>
          </reporter-output>
        </test-method> <!-- validcodeTopics -->
        <test-method is-config="true" signature="backtostack()[pri:0, instance:pageTestEvents.StackPageEvents@5990e6c5]" started-at="2024-11-16T18:21:07 CST" name="backtostack" finished-at="2024-11-16T18:21:08 CST" duration-ms="479" status="PASS">
          <reporter-output>
          </reporter-output>
        </test-method> <!-- backtostack -->
        <test-method is-config="true" signature="stackPage()[pri:0, instance:pageTestEvents.StackPageEvents@5990e6c5]" started-at="2024-11-16T18:21:08 CST" name="stackPage" finished-at="2024-11-16T18:21:08 CST" duration-ms="382" status="PASS">
          <reporter-output>
          </reporter-output>
        </test-method> <!-- stackPage -->
        <test-method signature="validcodeTopics(java.lang.String,java.lang.String)[pri:0, instance:pageTestEvents.StackPageEvents@5990e6c5]" started-at="2024-11-16T18:21:08 CST" name="validcodeTopics" data-provider="Valid code topic no" finished-at="2024-11-16T18:21:10 CST" duration-ms="1350" status="PASS">
          <params>
            <param index="0">
              <value>
                <![CDATA[2]]>
              </value>
            </param>
            <param index="1">
              <value>
                <![CDATA[print"Hello";]]>
              </value>
            </param>
          </params>
          <reporter-output>
          </reporter-output>
        </test-method> <!-- validcodeTopics -->
        <test-method is-config="true" signature="backtostack()[pri:0, instance:pageTestEvents.StackPageEvents@5990e6c5]" started-at="2024-11-16T18:21:10 CST" name="backtostack" finished-at="2024-11-16T18:21:10 CST" duration-ms="434" status="PASS">
          <reporter-output>
          </reporter-output>
        </test-method> <!-- backtostack -->
        <test-method is-config="true" signature="Logout()[pri:0, instance:pageTestEvents.StackPageEvents@5990e6c5]" started-at="2024-11-16T18:21:10 CST" name="Logout" finished-at="2024-11-16T18:21:11 CST" duration-ms="470" status="PASS">
          <reporter-output>
          </reporter-output>
        </test-method> <!-- Logout -->
      </class> <!-- pageTestEvents.StackPageEvents -->
      <class name="base.BaseTest">
        <test-method is-config="true" signature="setUP(java.lang.String)[pri:0, instance:base.BaseTest@4a9cc6cb]" started-at="2024-11-16T18:20:11 CST" name="setUP" finished-at="2024-11-16T18:20:37 CST" duration-ms="25590" status="PASS">
          <params>
            <param index="0">
              <value>
                <![CDATA[edge]]>
              </value>
            </param>
          </params>
          <reporter-output>
          </reporter-output>
        </test-method> <!-- setUP -->
        <test-method is-config="true" signature="tearDown()[pri:0, instance:base.BaseTest@4a9cc6cb]" started-at="2024-11-16T18:21:11 CST" name="tearDown" finished-at="2024-11-16T18:21:12 CST" duration-ms="1481" status="PASS">
          <reporter-output>
          </reporter-output>
        </test-method> <!-- tearDown -->
      </class> <!-- base.BaseTest -->
    </test> <!-- Test Parallel Stack module.Browser:Edge -->
    <test started-at="2024-11-16T18:20:11 CST" name="Test Parallel Array module.Browser:FireFox" finished-at="2024-11-16T18:21:31 CST" duration-ms="79918">
      <class name="base.BaseTest">
        <test-method is-config="true" signature="setUP(java.lang.String)[pri:0, instance:base.BaseTest@644c78d4]" started-at="2024-11-16T18:20:11 CST" name="setUP" finished-at="2024-11-16T18:20:37 CST" duration-ms="25704" status="PASS">
          <params>
            <param index="0">
              <value>
                <![CDATA[firefox]]>
              </value>
            </param>
          </params>
          <reporter-output>
          </reporter-output>
        </test-method> <!-- setUP -->
        <test-method is-config="true" signature="tearDown()[pri:0, instance:base.BaseTest@644c78d4]" started-at="2024-11-16T18:21:30 CST" name="tearDown" finished-at="2024-11-16T18:21:31 CST" duration-ms="1168" status="PASS">
          <reporter-output>
          </reporter-output>
        </test-method> <!-- tearDown -->
      </class> <!-- base.BaseTest -->
      <class name="pageTestEvents.ArrayPageEvents">
        <test-method is-config="true" signature="userSignIn()[pri:0, instance:pageTestEvents.ArrayPageEvents@532a02d9]" started-at="2024-11-16T18:20:37 CST" name="userSignIn" finished-at="2024-11-16T18:20:39 CST" duration-ms="2142" status="PASS">
          <reporter-output>
          </reporter-output>
        </test-method> <!-- userSignIn -->
        <test-method is-config="true" signature="arrayPage()[pri:0, instance:pageTestEvents.ArrayPageEvents@532a02d9]" started-at="2024-11-16T18:20:39 CST" name="arrayPage" finished-at="2024-11-16T18:20:40 CST" duration-ms="843" status="PASS">
          <reporter-output>
          </reporter-output>
        </test-method> <!-- arrayPage -->
        <test-method signature="invalidTopics(int,java.lang.String)[pri:0, instance:pageTestEvents.ArrayPageEvents@532a02d9]" started-at="2024-11-16T18:20:40 CST" name="invalidTopics" data-provider="invalidcode Arrays Topics" finished-at="2024-11-16T18:20:43 CST" duration-ms="3010" status="PASS">
          <params>
            <param index="0">
              <value>
                <![CDATA[0]]>
              </value>
            </param>
            <param index="1">
              <value>
                <![CDATA[printhello]]>
              </value>
            </param>
          </params>
          <reporter-output>
          </reporter-output>
        </test-method> <!-- invalidTopics -->
        <test-method is-config="true" signature="backtoArray()[pri:0, instance:pageTestEvents.ArrayPageEvents@532a02d9]" started-at="2024-11-16T18:20:43 CST" name="backtoArray" finished-at="2024-11-16T18:20:44 CST" duration-ms="758" status="PASS">
          <reporter-output>
          </reporter-output>
        </test-method> <!-- backtoArray -->
        <test-method is-config="true" signature="arrayPage()[pri:0, instance:pageTestEvents.ArrayPageEvents@532a02d9]" started-at="2024-11-16T18:20:44 CST" name="arrayPage" finished-at="2024-11-16T18:20:44 CST" duration-ms="817" status="PASS">
          <reporter-output>
          </reporter-output>
        </test-method> <!-- arrayPage -->
        <test-method signature="invalidTopics(int,java.lang.String)[pri:0, instance:pageTestEvents.ArrayPageEvents@532a02d9]" started-at="2024-11-16T18:20:44 CST" name="invalidTopics" data-provider="invalidcode Arrays Topics" finished-at="2024-11-16T18:20:46 CST" duration-ms="1902" status="PASS">
          <params>
            <param index="0">
              <value>
                <![CDATA[1]]>
              </value>
            </param>
            <param index="1">
              <value>
                <![CDATA[printhello]]>
              </value>
            </param>
          </params>
          <reporter-output>
          </reporter-output>
        </test-method> <!-- invalidTopics -->
        <test-method is-config="true" signature="backtoArray()[pri:0, instance:pageTestEvents.ArrayPageEvents@532a02d9]" started-at="2024-11-16T18:20:46 CST" name="backtoArray" finished-at="2024-11-16T18:20:47 CST" duration-ms="694" status="PASS">
          <reporter-output>
          </reporter-output>
        </test-method> <!-- backtoArray -->
        <test-method is-config="true" signature="arrayPage()[pri:0, instance:pageTestEvents.ArrayPageEvents@532a02d9]" started-at="2024-11-16T18:20:47 CST" name="arrayPage" finished-at="2024-11-16T18:20:48 CST" duration-ms="621" status="PASS">
          <reporter-output>
          </reporter-output>
        </test-method> <!-- arrayPage -->
        <test-method signature="invalidTopics(int,java.lang.String)[pri:0, instance:pageTestEvents.ArrayPageEvents@532a02d9]" started-at="2024-11-16T18:20:48 CST" name="invalidTopics" data-provider="invalidcode Arrays Topics" finished-at="2024-11-16T18:20:49 CST" duration-ms="1711" status="PASS">
          <params>
            <param index="0">
              <value>
                <![CDATA[2]]>
              </value>
            </param>
            <param index="1">
              <value>
                <![CDATA[printhello]]>
              </value>
            </param>
          </params>
          <reporter-output>
          </reporter-output>
        </test-method> <!-- invalidTopics -->
        <test-method is-config="true" signature="backtoArray()[pri:0, instance:pageTestEvents.ArrayPageEvents@532a02d9]" started-at="2024-11-16T18:20:49 CST" name="backtoArray" finished-at="2024-11-16T18:20:50 CST" duration-ms="618" status="PASS">
          <reporter-output>
          </reporter-output>
        </test-method> <!-- backtoArray -->
        <test-method is-config="true" signature="arrayPage()[pri:0, instance:pageTestEvents.ArrayPageEvents@532a02d9]" started-at="2024-11-16T18:20:50 CST" name="arrayPage" finished-at="2024-11-16T18:20:51 CST" duration-ms="564" status="PASS">
          <reporter-output>
          </reporter-output>
        </test-method> <!-- arrayPage -->
        <test-method signature="invalidTopics(int,java.lang.String)[pri:0, instance:pageTestEvents.ArrayPageEvents@532a02d9]" started-at="2024-11-16T18:20:51 CST" name="invalidTopics" data-provider="invalidcode Arrays Topics" finished-at="2024-11-16T18:20:52 CST" duration-ms="1671" status="PASS">
          <params>
            <param index="0">
              <value>
                <![CDATA[3]]>
              </value>
            </param>
            <param index="1">
              <value>
                <![CDATA[printhello]]>
              </value>
            </param>
          </params>
          <reporter-output>
          </reporter-output>
        </test-method> <!-- invalidTopics -->
        <test-method is-config="true" signature="backtoArray()[pri:0, instance:pageTestEvents.ArrayPageEvents@532a02d9]" started-at="2024-11-16T18:20:52 CST" name="backtoArray" finished-at="2024-11-16T18:20:53 CST" duration-ms="626" status="PASS">
          <reporter-output>
          </reporter-output>
        </test-method> <!-- backtoArray -->
        <test-method is-config="true" signature="arrayPage()[pri:0, instance:pageTestEvents.ArrayPageEvents@532a02d9]" started-at="2024-11-16T18:20:53 CST" name="arrayPage" finished-at="2024-11-16T18:20:54 CST" duration-ms="892" status="PASS">
          <reporter-output>
          </reporter-output>
        </test-method> <!-- arrayPage -->
        <test-method signature="topicsArray(int,java.lang.String)[pri:1, instance:pageTestEvents.ArrayPageEvents@532a02d9]" started-at="2024-11-16T18:20:54 CST" name="topicsArray" data-provider="Array Topics" finished-at="2024-11-16T18:20:54 CST" duration-ms="538" status="PASS">
          <params>
            <param index="0">
              <value>
                <![CDATA[0]]>
              </value>
            </param>
            <param index="1">
              <value>
                <![CDATA[Arrays in Python]]>
              </value>
            </param>
          </params>
          <reporter-output>
          </reporter-output>
        </test-method> <!-- topicsArray -->
        <test-method is-config="true" signature="backtoArray()[pri:0, instance:pageTestEvents.ArrayPageEvents@532a02d9]" started-at="2024-11-16T18:20:54 CST" name="backtoArray" finished-at="2024-11-16T18:20:55 CST" duration-ms="699" status="PASS">
          <reporter-output>
          </reporter-output>
        </test-method> <!-- backtoArray -->
        <test-method is-config="true" signature="arrayPage()[pri:0, instance:pageTestEvents.ArrayPageEvents@532a02d9]" started-at="2024-11-16T18:20:55 CST" name="arrayPage" finished-at="2024-11-16T18:20:56 CST" duration-ms="697" status="PASS">
          <reporter-output>
          </reporter-output>
        </test-method> <!-- arrayPage -->
        <test-method signature="topicsArray(int,java.lang.String)[pri:1, instance:pageTestEvents.ArrayPageEvents@532a02d9]" started-at="2024-11-16T18:20:56 CST" name="topicsArray" data-provider="Array Topics" finished-at="2024-11-16T18:20:56 CST" duration-ms="540" status="PASS">
          <params>
            <param index="0">
              <value>
                <![CDATA[1]]>
              </value>
            </param>
            <param index="1">
              <value>
                <![CDATA[Arrays Using List]]>
              </value>
            </param>
          </params>
          <reporter-output>
          </reporter-output>
        </test-method> <!-- topicsArray -->
        <test-method is-config="true" signature="backtoArray()[pri:0, instance:pageTestEvents.ArrayPageEvents@532a02d9]" started-at="2024-11-16T18:20:56 CST" name="backtoArray" finished-at="2024-11-16T18:20:57 CST" duration-ms="905" status="PASS">
          <reporter-output>
          </reporter-output>
        </test-method> <!-- backtoArray -->
        <test-method is-config="true" signature="arrayPage()[pri:0, instance:pageTestEvents.ArrayPageEvents@532a02d9]" started-at="2024-11-16T18:20:57 CST" name="arrayPage" finished-at="2024-11-16T18:20:58 CST" duration-ms="805" status="PASS">
          <reporter-output>
          </reporter-output>
        </test-method> <!-- arrayPage -->
        <test-method signature="topicsArray(int,java.lang.String)[pri:1, instance:pageTestEvents.ArrayPageEvents@532a02d9]" started-at="2024-11-16T18:20:58 CST" name="topicsArray" data-provider="Array Topics" finished-at="2024-11-16T18:20:59 CST" duration-ms="429" status="PASS">
          <params>
            <param index="0">
              <value>
                <![CDATA[2]]>
              </value>
            </param>
            <param index="1">
              <value>
                <![CDATA[Basic Operations in Lists]]>
              </value>
            </param>
          </params>
          <reporter-output>
          </reporter-output>
        </test-method> <!-- topicsArray -->
        <test-method is-config="true" signature="backtoArray()[pri:0, instance:pageTestEvents.ArrayPageEvents@532a02d9]" started-at="2024-11-16T18:20:59 CST" name="backtoArray" finished-at="2024-11-16T18:20:59 CST" duration-ms="602" status="PASS">
          <reporter-output>
          </reporter-output>
        </test-method> <!-- backtoArray -->
        <test-method is-config="true" signature="arrayPage()[pri:0, instance:pageTestEvents.ArrayPageEvents@532a02d9]" started-at="2024-11-16T18:20:59 CST" name="arrayPage" finished-at="2024-11-16T18:21:00 CST" duration-ms="502" status="PASS">
          <reporter-output>
          </reporter-output>
        </test-method> <!-- arrayPage -->
        <test-method signature="topicsArray(int,java.lang.String)[pri:1, instance:pageTestEvents.ArrayPageEvents@532a02d9]" started-at="2024-11-16T18:21:00 CST" name="topicsArray" data-provider="Array Topics" finished-at="2024-11-16T18:21:00 CST" duration-ms="351" status="PASS">
          <params>
            <param index="0">
              <value>
                <![CDATA[3]]>
              </value>
            </param>
            <param index="1">
              <value>
                <![CDATA[Applications of Array]]>
              </value>
            </param>
          </params>
          <reporter-output>
          </reporter-output>
        </test-method> <!-- topicsArray -->
        <test-method is-config="true" signature="backtoArray()[pri:0, instance:pageTestEvents.ArrayPageEvents@532a02d9]" started-at="2024-11-16T18:21:00 CST" name="backtoArray" finished-at="2024-11-16T18:21:01 CST" duration-ms="571" status="PASS">
          <reporter-output>
          </reporter-output>
        </test-method> <!-- backtoArray -->
        <test-method is-config="true" signature="arrayPage()[pri:0, instance:pageTestEvents.ArrayPageEvents@532a02d9]" started-at="2024-11-16T18:21:01 CST" name="arrayPage" finished-at="2024-11-16T18:21:01 CST" duration-ms="660" status="PASS">
          <reporter-output>
          </reporter-output>
        </test-method> <!-- arrayPage -->
        <test-method signature="tryHereTopics(int,java.lang.String)[pri:2, instance:pageTestEvents.ArrayPageEvents@532a02d9]" started-at="2024-11-16T18:21:01 CST" name="tryHereTopics" data-provider="Array Topics" finished-at="2024-11-16T18:21:03 CST" duration-ms="1847" status="PASS">
          <params>
            <param index="0">
              <value>
                <![CDATA[0]]>
              </value>
            </param>
            <param index="1">
              <value>
                <![CDATA[Arrays in Python]]>
              </value>
            </param>
          </params>
          <reporter-output>
          </reporter-output>
        </test-method> <!-- tryHereTopics -->
        <test-method is-config="true" signature="backtoArray()[pri:0, instance:pageTestEvents.ArrayPageEvents@532a02d9]" started-at="2024-11-16T18:21:03 CST" name="backtoArray" finished-at="2024-11-16T18:21:04 CST" duration-ms="668" status="PASS">
          <reporter-output>
          </reporter-output>
        </test-method> <!-- backtoArray -->
        <test-method is-config="true" signature="arrayPage()[pri:0, instance:pageTestEvents.ArrayPageEvents@532a02d9]" started-at="2024-11-16T18:21:04 CST" name="arrayPage" finished-at="2024-11-16T18:21:04 CST" duration-ms="751" status="PASS">
          <reporter-output>
          </reporter-output>
        </test-method> <!-- arrayPage -->
        <test-method signature="tryHereTopics(int,java.lang.String)[pri:2, instance:pageTestEvents.ArrayPageEvents@532a02d9]" started-at="2024-11-16T18:21:04 CST" name="tryHereTopics" data-provider="Array Topics" finished-at="2024-11-16T18:21:06 CST" duration-ms="1415" status="PASS">
          <params>
            <param index="0">
              <value>
                <![CDATA[1]]>
              </value>
            </param>
            <param index="1">
              <value>
                <![CDATA[Arrays Using List]]>
              </value>
            </param>
          </params>
          <reporter-output>
          </reporter-output>
        </test-method> <!-- tryHereTopics -->
        <test-method is-config="true" signature="backtoArray()[pri:0, instance:pageTestEvents.ArrayPageEvents@532a02d9]" started-at="2024-11-16T18:21:06 CST" name="backtoArray" finished-at="2024-11-16T18:21:07 CST" duration-ms="646" status="PASS">
          <reporter-output>
          </reporter-output>
        </test-method> <!-- backtoArray -->
        <test-method is-config="true" signature="arrayPage()[pri:0, instance:pageTestEvents.ArrayPageEvents@532a02d9]" started-at="2024-11-16T18:21:07 CST" name="arrayPage" finished-at="2024-11-16T18:21:07 CST" duration-ms="655" status="PASS">
          <reporter-output>
          </reporter-output>
        </test-method> <!-- arrayPage -->
        <test-method signature="tryHereTopics(int,java.lang.String)[pri:2, instance:pageTestEvents.ArrayPageEvents@532a02d9]" started-at="2024-11-16T18:21:07 CST" name="tryHereTopics" data-provider="Array Topics" finished-at="2024-11-16T18:21:09 CST" duration-ms="1313" status="PASS">
          <params>
            <param index="0">
              <value>
                <![CDATA[2]]>
              </value>
            </param>
            <param index="1">
              <value>
                <![CDATA[Basic Operations in Lists]]>
              </value>
            </param>
          </params>
          <reporter-output>
          </reporter-output>
        </test-method> <!-- tryHereTopics -->
        <test-method is-config="true" signature="backtoArray()[pri:0, instance:pageTestEvents.ArrayPageEvents@532a02d9]" started-at="2024-11-16T18:21:09 CST" name="backtoArray" finished-at="2024-11-16T18:21:09 CST" duration-ms="678" status="PASS">
          <reporter-output>
          </reporter-output>
        </test-method> <!-- backtoArray -->
        <test-method is-config="true" signature="arrayPage()[pri:0, instance:pageTestEvents.ArrayPageEvents@532a02d9]" started-at="2024-11-16T18:21:09 CST" name="arrayPage" finished-at="2024-11-16T18:21:10 CST" duration-ms="688" status="PASS">
          <reporter-output>
          </reporter-output>
        </test-method> <!-- arrayPage -->
        <test-method signature="tryHereTopics(int,java.lang.String)[pri:2, instance:pageTestEvents.ArrayPageEvents@532a02d9]" started-at="2024-11-16T18:21:10 CST" name="tryHereTopics" data-provider="Array Topics" finished-at="2024-11-16T18:21:12 CST" duration-ms="2273" status="PASS">
          <params>
            <param index="0">
              <value>
                <![CDATA[3]]>
              </value>
            </param>
            <param index="1">
              <value>
                <![CDATA[Applications of Array]]>
              </value>
            </param>
          </params>
          <reporter-output>
          </reporter-output>
        </test-method> <!-- tryHereTopics -->
        <test-method is-config="true" signature="backtoArray()[pri:0, instance:pageTestEvents.ArrayPageEvents@532a02d9]" started-at="2024-11-16T18:21:12 CST" name="backtoArray" finished-at="2024-11-16T18:21:13 CST" duration-ms="822" status="PASS">
          <reporter-output>
          </reporter-output>
        </test-method> <!-- backtoArray -->
        <test-method is-config="true" signature="arrayPage()[pri:0, instance:pageTestEvents.ArrayPageEvents@532a02d9]" started-at="2024-11-16T18:21:13 CST" name="arrayPage" finished-at="2024-11-16T18:21:14 CST" duration-ms="713" status="PASS">
          <reporter-output>
          </reporter-output>
        </test-method> <!-- arrayPage -->
        <test-method signature="nocodeTopics(int,java.lang.String)[pri:4, instance:pageTestEvents.ArrayPageEvents@532a02d9]" started-at="2024-11-16T18:21:14 CST" name="nocodeTopics" data-provider="Array Topics" finished-at="2024-11-16T18:21:16 CST" duration-ms="2172" status="PASS">
          <params>
            <param index="0">
              <value>
                <![CDATA[0]]>
              </value>
            </param>
            <param index="1">
              <value>
                <![CDATA[Arrays in Python]]>
              </value>
            </param>
          </params>
          <reporter-output>
          </reporter-output>
        </test-method> <!-- nocodeTopics -->
        <test-method is-config="true" signature="backtoArray()[pri:0, instance:pageTestEvents.ArrayPageEvents@532a02d9]" started-at="2024-11-16T18:21:16 CST" name="backtoArray" finished-at="2024-11-16T18:21:17 CST" duration-ms="1038" status="PASS">
          <reporter-output>
          </reporter-output>
        </test-method> <!-- backtoArray -->
        <test-method is-config="true" signature="arrayPage()[pri:0, instance:pageTestEvents.ArrayPageEvents@532a02d9]" started-at="2024-11-16T18:21:17 CST" name="arrayPage" finished-at="2024-11-16T18:21:18 CST" duration-ms="921" status="PASS">
          <reporter-output>
          </reporter-output>
        </test-method> <!-- arrayPage -->
        <test-method signature="nocodeTopics(int,java.lang.String)[pri:4, instance:pageTestEvents.ArrayPageEvents@532a02d9]" started-at="2024-11-16T18:21:18 CST" name="nocodeTopics" data-provider="Array Topics" finished-at="2024-11-16T18:21:20 CST" duration-ms="2054" status="PASS">
          <params>
            <param index="0">
              <value>
                <![CDATA[1]]>
              </value>
            </param>
            <param index="1">
              <value>
                <![CDATA[Arrays Using List]]>
              </value>
            </param>
          </params>
          <reporter-output>
          </reporter-output>
        </test-method> <!-- nocodeTopics -->
        <test-method is-config="true" signature="backtoArray()[pri:0, instance:pageTestEvents.ArrayPageEvents@532a02d9]" started-at="2024-11-16T18:21:20 CST" name="backtoArray" finished-at="2024-11-16T18:21:21 CST" duration-ms="628" status="PASS">
          <reporter-output>
          </reporter-output>
        </test-method> <!-- backtoArray -->
        <test-method is-config="true" signature="arrayPage()[pri:0, instance:pageTestEvents.ArrayPageEvents@532a02d9]" started-at="2024-11-16T18:21:21 CST" name="arrayPage" finished-at="2024-11-16T18:21:21 CST" duration-ms="790" status="PASS">
          <reporter-output>
          </reporter-output>
        </test-method> <!-- arrayPage -->
        <test-method signature="nocodeTopics(int,java.lang.String)[pri:4, instance:pageTestEvents.ArrayPageEvents@532a02d9]" started-at="2024-11-16T18:21:21 CST" name="nocodeTopics" data-provider="Array Topics" finished-at="2024-11-16T18:21:24 CST" duration-ms="2166" status="PASS">
          <params>
            <param index="0">
              <value>
                <![CDATA[2]]>
              </value>
            </param>
            <param index="1">
              <value>
                <![CDATA[Basic Operations in Lists]]>
              </value>
            </param>
          </params>
          <reporter-output>
          </reporter-output>
        </test-method> <!-- nocodeTopics -->
        <test-method is-config="true" signature="backtoArray()[pri:0, instance:pageTestEvents.ArrayPageEvents@532a02d9]" started-at="2024-11-16T18:21:24 CST" name="backtoArray" finished-at="2024-11-16T18:21:24 CST" duration-ms="944" status="PASS">
          <reporter-output>
          </reporter-output>
        </test-method> <!-- backtoArray -->
        <test-method is-config="true" signature="arrayPage()[pri:0, instance:pageTestEvents.ArrayPageEvents@532a02d9]" started-at="2024-11-16T18:21:24 CST" name="arrayPage" finished-at="2024-11-16T18:21:25 CST" duration-ms="705" status="PASS">
          <reporter-output>
          </reporter-output>
        </test-method> <!-- arrayPage -->
        <test-method signature="nocodeTopics(int,java.lang.String)[pri:4, instance:pageTestEvents.ArrayPageEvents@532a02d9]" started-at="2024-11-16T18:21:25 CST" name="nocodeTopics" data-provider="Array Topics" finished-at="2024-11-16T18:21:27 CST" duration-ms="1572" status="PASS">
          <params>
            <param index="0">
              <value>
                <![CDATA[3]]>
              </value>
            </param>
            <param index="1">
              <value>
                <![CDATA[Applications of Array]]>
              </value>
            </param>
          </params>
          <reporter-output>
          </reporter-output>
        </test-method> <!-- nocodeTopics -->
        <test-method is-config="true" signature="backtoArray()[pri:0, instance:pageTestEvents.ArrayPageEvents@532a02d9]" started-at="2024-11-16T18:21:27 CST" name="backtoArray" finished-at="2024-11-16T18:21:27 CST" duration-ms="730" status="PASS">
          <reporter-output>
          </reporter-output>
        </test-method> <!-- backtoArray -->
        <test-method is-config="true" signature="arrayPage()[pri:0, instance:pageTestEvents.ArrayPageEvents@532a02d9]" started-at="2024-11-16T18:21:27 CST" name="arrayPage" finished-at="2024-11-16T18:21:28 CST" duration-ms="647" status="PASS">
          <reporter-output>
          </reporter-output>
        </test-method> <!-- arrayPage -->
        <test-method signature="validcodeTopics(int,java.lang.String)[pri:5, instance:pageTestEvents.ArrayPageEvents@532a02d9]" started-at="2024-11-16T18:21:28 CST" name="validcodeTopics" data-provider="validcode Arrays Topics" finished-at="2024-11-16T18:21:30 CST" duration-ms="1399" status="FAIL">
          <params>
            <param index="0">
              <value>
                <![CDATA[0]]>
              </value>
            </param>
            <param index="1">
              <value>
                <![CDATA[print'Hello']]>
              </value>
            </param>
          </params>
          <exception class="java.lang.AssertionError">
            <message>
              <![CDATA[expected [Hello] but found []]]>
            </message>
            <full-stacktrace>
              <![CDATA[java.lang.AssertionError: expected [Hello] but found []
at org.testng.Assert.fail(Assert.java:111)
at org.testng.Assert.failNotEquals(Assert.java:1578)
at org.testng.Assert.assertEqualsImpl(Assert.java:150)
at org.testng.Assert.assertEquals(Assert.java:132)
at org.testng.Assert.assertEquals(Assert.java:656)
at org.testng.Assert.assertEquals(Assert.java:666)
at pageTestEvents.ArrayPageEvents.validcodeTopics(ArrayPageEvents.java:77)
at java.base/jdk.internal.reflect.DirectMethodHandleAccessor.invoke(DirectMethodHandleAccessor.java:104)
at java.base/java.lang.reflect.Method.invoke(Method.java:578)
at org.testng.internal.invokers.MethodInvocationHelper.invokeMethod(MethodInvocationHelper.java:141)
at org.testng.internal.invokers.TestInvoker.invokeMethod(TestInvoker.java:686)
at org.testng.internal.invokers.TestInvoker.invokeTestMethod(TestInvoker.java:230)
at org.testng.internal.invokers.MethodRunner.runInSequence(MethodRunner.java:63)
at org.testng.internal.invokers.TestInvoker$MethodInvocationAgent.invoke(TestInvoker.java:992)
at org.testng.internal.invokers.TestInvoker.invokeTestMethods(TestInvoker.java:203)
at org.testng.internal.invokers.TestMethodWorker.invokeTestMethods(TestMethodWorker.java:154)
at org.testng.internal.invokers.TestMethodWorker.run(TestMethodWorker.java:134)
at java.base/java.util.ArrayList.forEach(ArrayList.java:1511)
at org.testng.TestRunner.privateRun(TestRunner.java:739)
at org.testng.TestRunner.run(TestRunner.java:614)
at org.testng.SuiteRunner.runTest(SuiteRunner.java:421)
at org.testng.SuiteRunner$SuiteWorker.run(SuiteRunner.java:463)
at org.testng.internal.thread.ThreadUtil.lambda$execute$0(ThreadUtil.java:64)
at java.base/java.util.concurrent.FutureTask.run(FutureTask.java:317)
at java.base/java.util.concurrent.ThreadPoolExecutor.runWorker(ThreadPoolExecutor.java:1144)
at java.base/java.util.concurrent.ThreadPoolExecutor$Worker.run(ThreadPoolExecutor.java:642)
at java.base/java.lang.Thread.run(Thread.java:1589)
]]>
            </full-stacktrace>
          </exception> <!-- java.lang.AssertionError -->
          <reporter-output>
          </reporter-output>
        </test-method> <!-- validcodeTopics -->
        <test-method is-config="true" signature="backtoArray()[pri:0, instance:pageTestEvents.ArrayPageEvents@532a02d9]" started-at="2024-11-16T18:21:30 CST" name="backtoArray" finished-at="2024-11-16T18:21:30 CST" duration-ms="13" status="FAIL">
          <exception class="org.openqa.selenium.NoSuchElementException">
            <message>
              <![CDATA[Unable to locate element: //a[text()='Data Structures']
For documentation on this error, please visit: https://www.selenium.dev/documentation/webdriver/troubleshooting/errors#no-such-element-exception
Build info: version: '4.24.0', revision: '748ffc9bc3'
System info: os.name: 'Windows 11', os.arch: 'amd64', os.version: '10.0', java.version: '19.0.2'
Driver info: org.openqa.selenium.firefox.FirefoxDriver
Command: [c16d38b2-4666-4bec-a5cd-ccc5e59980bf, findElement {using=xpath, value=//a[text()='Data Structures']}]
Capabilities {acceptInsecureCerts: true, browserName: firefox, browserVersion: 132.0.2, moz:accessibilityChecks: false, moz:buildID: 20241110231641, moz:debuggerAddress: 127.0.0.1:8275, moz:geckodriverVersion: 0.35.0, moz:headless: false, moz:platformVersion: 10.0, moz:processID: 57208, moz:profile: C:\Users\geeta\AppData\Loca..., moz:shutdownTimeout: 60000, moz:webdriverClick: true, moz:windowless: false, pageLoadStrategy: normal, platformName: windows, proxy: Proxy(), se:cdp: ws://127.0.0.1:8275/devtool..., se:cdpVersion: 85.0, setWindowRect: true, strictFileInteractability: false, timeouts: {implicit: 0, pageLoad: 300000, script: 30000}, unhandledPromptBehavior: dismiss and notify, userAgent: Mozilla/5.0 (Windows NT 10....}
Session ID: c16d38b2-4666-4bec-a5cd-ccc5e59980bf]]>
            </message>
            <full-stacktrace>
              <![CDATA[org.openqa.selenium.NoSuchElementException: Unable to locate element: //a[text()='Data Structures']
For documentation on this error, please visit: https://www.selenium.dev/documentation/webdriver/troubleshooting/errors#no-such-element-exception
Build info: version: '4.24.0', revision: '748ffc9bc3'
System info: os.name: 'Windows 11', os.arch: 'amd64', os.version: '10.0', java.version: '19.0.2'
Driver info: org.openqa.selenium.firefox.FirefoxDriver
Command: [c16d38b2-4666-4bec-a5cd-ccc5e59980bf, findElement {using=xpath, value=//a[text()='Data Structures']}]
Capabilities {acceptInsecureCerts: true, browserName: firefox, browserVersion: 132.0.2, moz:accessibilityChecks: false, moz:buildID: 20241110231641, moz:debuggerAddress: 127.0.0.1:8275, moz:geckodriverVersion: 0.35.0, moz:headless: false, moz:platformVersion: 10.0, moz:processID: 57208, moz:profile: C:\Users\geeta\AppData\Loca..., moz:shutdownTimeout: 60000, moz:webdriverClick: true, moz:windowless: false, pageLoadStrategy: normal, platformName: windows, proxy: Proxy(), se:cdp: ws://127.0.0.1:8275/devtool..., se:cdpVersion: 85.0, setWindowRect: true, strictFileInteractability: false, timeouts: {implicit: 0, pageLoad: 300000, script: 30000}, unhandledPromptBehavior: dismiss and notify, userAgent: Mozilla/5.0 (Windows NT 10....}
Session ID: c16d38b2-4666-4bec-a5cd-ccc5e59980bf
at java.base/jdk.internal.reflect.DirectConstructorHandleAccessor.newInstance(DirectConstructorHandleAccessor.java:67)
at java.base/java.lang.reflect.Constructor.newInstanceWithCaller(Constructor.java:500)
at java.base/java.lang.reflect.Constructor.newInstance(Constructor.java:484)
at org.openqa.selenium.remote.ErrorCodec.decode(ErrorCodec.java:167)
at org.openqa.selenium.remote.codec.w3c.W3CHttpResponseCodec.decode(W3CHttpResponseCodec.java:138)
at org.openqa.selenium.remote.codec.w3c.W3CHttpResponseCodec.decode(W3CHttpResponseCodec.java:50)
at org.openqa.selenium.remote.HttpCommandExecutor.execute(HttpCommandExecutor.java:190)
at org.openqa.selenium.remote.service.DriverCommandExecutor.invokeExecute(DriverCommandExecutor.java:216)
at org.openqa.selenium.remote.service.DriverCommandExecutor.execute(DriverCommandExecutor.java:174)
at org.openqa.selenium.remote.RemoteWebDriver.execute(RemoteWebDriver.java:545)
at org.openqa.selenium.remote.ElementLocation$ElementFinder$2.findElement(ElementLocation.java:165)
at org.openqa.selenium.remote.ElementLocation.findElement(ElementLocation.java:59)
at org.openqa.selenium.remote.RemoteWebDriver.findElement(RemoteWebDriver.java:368)
at org.openqa.selenium.remote.RemoteWebDriver.findElement(RemoteWebDriver.java:362)
at pageObjects.ArrayPage.backToArray(ArrayPage.java:208)
at pageTestEvents.ArrayPageEvents.backtoArray(ArrayPageEvents.java:134)
at java.base/jdk.internal.reflect.DirectMethodHandleAccessor.invoke(DirectMethodHandleAccessor.java:104)
at java.base/java.lang.reflect.Method.invoke(Method.java:578)
at org.testng.internal.invokers.MethodInvocationHelper.invokeMethod(MethodInvocationHelper.java:141)
at org.testng.internal.invokers.MethodInvocationHelper.invokeMethodConsideringTimeout(MethodInvocationHelper.java:71)
at org.testng.internal.invokers.ConfigInvoker.invokeConfigurationMethod(ConfigInvoker.java:400)
at org.testng.internal.invokers.ConfigInvoker.invokeConfigurations(ConfigInvoker.java:333)
at org.testng.internal.invokers.TestInvoker.runConfigMethods(TestInvoker.java:833)
at org.testng.internal.invokers.TestInvoker.runAfterConfigurations(TestInvoker.java:802)
at org.testng.internal.invokers.TestInvoker.invokeMethod(TestInvoker.java:778)
at org.testng.internal.invokers.TestInvoker.invokeTestMethod(TestInvoker.java:230)
at org.testng.internal.invokers.MethodRunner.runInSequence(MethodRunner.java:63)
at org.testng.internal.invokers.TestInvoker$MethodInvocationAgent.invoke(TestInvoker.java:992)
at org.testng.internal.invokers.TestInvoker.invokeTestMethods(TestInvoker.java:203)
at org.testng.internal.invokers.TestMethodWorker.invokeTestMethods(TestMethodWorker.java:154)
at org.testng.internal.invokers.TestMethodWorker.run(TestMethodWorker.java:134)
at java.base/java.util.ArrayList.forEach(ArrayList.java:1511)
at org.testng.TestRunner.privateRun(TestRunner.java:739)
at org.testng.TestRunner.run(TestRunner.java:614)
at org.testng.SuiteRunner.runTest(SuiteRunner.java:421)
at org.testng.SuiteRunner$SuiteWorker.run(SuiteRunner.java:463)
at org.testng.internal.thread.ThreadUtil.lambda$execute$0(ThreadUtil.java:64)
at java.base/java.util.concurrent.FutureTask.run(FutureTask.java:317)
at java.base/java.util.concurrent.ThreadPoolExecutor.runWorker(ThreadPoolExecutor.java:1144)
at java.base/java.util.concurrent.ThreadPoolExecutor$Worker.run(ThreadPoolExecutor.java:642)
at java.base/java.lang.Thread.run(Thread.java:1589)
]]>
            </full-stacktrace>
          </exception> <!-- org.openqa.selenium.NoSuchElementException -->
          <reporter-output>
          </reporter-output>
        </test-method> <!-- backtoArray -->
        <test-method is-config="true" signature="arrayPage()[pri:0, instance:pageTestEvents.ArrayPageEvents@532a02d9]" started-at="2024-11-16T18:21:30 CST" name="arrayPage" finished-at="2024-11-16T18:21:30 CST" duration-ms="0" status="SKIP">
          <reporter-output>
          </reporter-output>
        </test-method> <!-- arrayPage -->
        <test-method signature="validcodeTopics(int,java.lang.String)[pri:5, instance:pageTestEvents.ArrayPageEvents@532a02d9]" started-at="2024-11-16T18:21:30 CST" name="validcodeTopics" data-provider="validcode Arrays Topics" finished-at="2024-11-16T18:21:30 CST" duration-ms="0" status="SKIP">
          <params>
            <param index="0">
              <value>
                <![CDATA[1]]>
              </value>
            </param>
            <param index="1">
              <value>
                <![CDATA[print'Hello']]>
              </value>
            </param>
          </params>
          <exception class="org.openqa.selenium.NoSuchElementException">
            <message>
              <![CDATA[Unable to locate element: //a[text()='Data Structures']
For documentation on this error, please visit: https://www.selenium.dev/documentation/webdriver/troubleshooting/errors#no-such-element-exception
Build info: version: '4.24.0', revision: '748ffc9bc3'
System info: os.name: 'Windows 11', os.arch: 'amd64', os.version: '10.0', java.version: '19.0.2'
Driver info: org.openqa.selenium.firefox.FirefoxDriver
Command: [c16d38b2-4666-4bec-a5cd-ccc5e59980bf, findElement {using=xpath, value=//a[text()='Data Structures']}]
Capabilities {acceptInsecureCerts: true, browserName: firefox, browserVersion: 132.0.2, moz:accessibilityChecks: false, moz:buildID: 20241110231641, moz:debuggerAddress: 127.0.0.1:8275, moz:geckodriverVersion: 0.35.0, moz:headless: false, moz:platformVersion: 10.0, moz:processID: 57208, moz:profile: C:\Users\geeta\AppData\Loca..., moz:shutdownTimeout: 60000, moz:webdriverClick: true, moz:windowless: false, pageLoadStrategy: normal, platformName: windows, proxy: Proxy(), se:cdp: ws://127.0.0.1:8275/devtool..., se:cdpVersion: 85.0, setWindowRect: true, strictFileInteractability: false, timeouts: {implicit: 0, pageLoad: 300000, script: 30000}, unhandledPromptBehavior: dismiss and notify, userAgent: Mozilla/5.0 (Windows NT 10....}
Session ID: c16d38b2-4666-4bec-a5cd-ccc5e59980bf]]>
            </message>
            <full-stacktrace>
              <![CDATA[org.openqa.selenium.NoSuchElementException: Unable to locate element: //a[text()='Data Structures']
For documentation on this error, please visit: https://www.selenium.dev/documentation/webdriver/troubleshooting/errors#no-such-element-exception
Build info: version: '4.24.0', revision: '748ffc9bc3'
System info: os.name: 'Windows 11', os.arch: 'amd64', os.version: '10.0', java.version: '19.0.2'
Driver info: org.openqa.selenium.firefox.FirefoxDriver
Command: [c16d38b2-4666-4bec-a5cd-ccc5e59980bf, findElement {using=xpath, value=//a[text()='Data Structures']}]
Capabilities {acceptInsecureCerts: true, browserName: firefox, browserVersion: 132.0.2, moz:accessibilityChecks: false, moz:buildID: 20241110231641, moz:debuggerAddress: 127.0.0.1:8275, moz:geckodriverVersion: 0.35.0, moz:headless: false, moz:platformVersion: 10.0, moz:processID: 57208, moz:profile: C:\Users\geeta\AppData\Loca..., moz:shutdownTimeout: 60000, moz:webdriverClick: true, moz:windowless: false, pageLoadStrategy: normal, platformName: windows, proxy: Proxy(), se:cdp: ws://127.0.0.1:8275/devtool..., se:cdpVersion: 85.0, setWindowRect: true, strictFileInteractability: false, timeouts: {implicit: 0, pageLoad: 300000, script: 30000}, unhandledPromptBehavior: dismiss and notify, userAgent: Mozilla/5.0 (Windows NT 10....}
Session ID: c16d38b2-4666-4bec-a5cd-ccc5e59980bf
at java.base/jdk.internal.reflect.DirectConstructorHandleAccessor.newInstance(DirectConstructorHandleAccessor.java:67)
at java.base/java.lang.reflect.Constructor.newInstanceWithCaller(Constructor.java:500)
at java.base/java.lang.reflect.Constructor.newInstance(Constructor.java:484)
at org.openqa.selenium.remote.ErrorCodec.decode(ErrorCodec.java:167)
at org.openqa.selenium.remote.codec.w3c.W3CHttpResponseCodec.decode(W3CHttpResponseCodec.java:138)
at org.openqa.selenium.remote.codec.w3c.W3CHttpResponseCodec.decode(W3CHttpResponseCodec.java:50)
at org.openqa.selenium.remote.HttpCommandExecutor.execute(HttpCommandExecutor.java:190)
at org.openqa.selenium.remote.service.DriverCommandExecutor.invokeExecute(DriverCommandExecutor.java:216)
at org.openqa.selenium.remote.service.DriverCommandExecutor.execute(DriverCommandExecutor.java:174)
at org.openqa.selenium.remote.RemoteWebDriver.execute(RemoteWebDriver.java:545)
at org.openqa.selenium.remote.ElementLocation$ElementFinder$2.findElement(ElementLocation.java:165)
at org.openqa.selenium.remote.ElementLocation.findElement(ElementLocation.java:59)
at org.openqa.selenium.remote.RemoteWebDriver.findElement(RemoteWebDriver.java:368)
at org.openqa.selenium.remote.RemoteWebDriver.findElement(RemoteWebDriver.java:362)
at pageObjects.ArrayPage.backToArray(ArrayPage.java:208)
at pageTestEvents.ArrayPageEvents.backtoArray(ArrayPageEvents.java:134)
at java.base/jdk.internal.reflect.DirectMethodHandleAccessor.invoke(DirectMethodHandleAccessor.java:104)
at java.base/java.lang.reflect.Method.invoke(Method.java:578)
at org.testng.internal.invokers.MethodInvocationHelper.invokeMethod(MethodInvocationHelper.java:141)
at org.testng.internal.invokers.MethodInvocationHelper.invokeMethodConsideringTimeout(MethodInvocationHelper.java:71)
at org.testng.internal.invokers.ConfigInvoker.invokeConfigurationMethod(ConfigInvoker.java:400)
at org.testng.internal.invokers.ConfigInvoker.invokeConfigurations(ConfigInvoker.java:333)
at org.testng.internal.invokers.TestInvoker.runConfigMethods(TestInvoker.java:833)
at org.testng.internal.invokers.TestInvoker.runAfterConfigurations(TestInvoker.java:802)
at org.testng.internal.invokers.TestInvoker.invokeMethod(TestInvoker.java:778)
at org.testng.internal.invokers.TestInvoker.invokeTestMethod(TestInvoker.java:230)
at org.testng.internal.invokers.MethodRunner.runInSequence(MethodRunner.java:63)
at org.testng.internal.invokers.TestInvoker$MethodInvocationAgent.invoke(TestInvoker.java:992)
at org.testng.internal.invokers.TestInvoker.invokeTestMethods(TestInvoker.java:203)
at org.testng.internal.invokers.TestMethodWorker.invokeTestMethods(TestMethodWorker.java:154)
at org.testng.internal.invokers.TestMethodWorker.run(TestMethodWorker.java:134)
at java.base/java.util.ArrayList.forEach(ArrayList.java:1511)
at org.testng.TestRunner.privateRun(TestRunner.java:739)
at org.testng.TestRunner.run(TestRunner.java:614)
at org.testng.SuiteRunner.runTest(SuiteRunner.java:421)
at org.testng.SuiteRunner$SuiteWorker.run(SuiteRunner.java:463)
at org.testng.internal.thread.ThreadUtil.lambda$execute$0(ThreadUtil.java:64)
at java.base/java.util.concurrent.FutureTask.run(FutureTask.java:317)
at java.base/java.util.concurrent.ThreadPoolExecutor.runWorker(ThreadPoolExecutor.java:1144)
at java.base/java.util.concurrent.ThreadPoolExecutor$Worker.run(ThreadPoolExecutor.java:642)
at java.base/java.lang.Thread.run(Thread.java:1589)
]]>
            </full-stacktrace>
          </exception> <!-- org.openqa.selenium.NoSuchElementException -->
          <reporter-output>
          </reporter-output>
        </test-method> <!-- validcodeTopics -->
        <test-method is-config="true" signature="backtoArray()[pri:0, instance:pageTestEvents.ArrayPageEvents@532a02d9]" started-at="2024-11-16T18:21:30 CST" name="backtoArray" finished-at="2024-11-16T18:21:30 CST" duration-ms="0" status="SKIP">
          <reporter-output>
          </reporter-output>
        </test-method> <!-- backtoArray -->
        <test-method is-config="true" signature="arrayPage()[pri:0, instance:pageTestEvents.ArrayPageEvents@532a02d9]" started-at="2024-11-16T18:21:30 CST" name="arrayPage" finished-at="2024-11-16T18:21:30 CST" duration-ms="0" status="SKIP">
          <reporter-output>
          </reporter-output>
        </test-method> <!-- arrayPage -->
        <test-method signature="validcodeTopics(int,java.lang.String)[pri:5, instance:pageTestEvents.ArrayPageEvents@532a02d9]" started-at="2024-11-16T18:21:30 CST" name="validcodeTopics" data-provider="validcode Arrays Topics" finished-at="2024-11-16T18:21:30 CST" duration-ms="0" status="SKIP">
          <params>
            <param index="0">
              <value>
                <![CDATA[2]]>
              </value>
            </param>
            <param index="1">
              <value>
                <![CDATA[print'Hello']]>
              </value>
            </param>
          </params>
          <exception class="org.openqa.selenium.NoSuchElementException">
            <message>
              <![CDATA[Unable to locate element: //a[text()='Data Structures']
For documentation on this error, please visit: https://www.selenium.dev/documentation/webdriver/troubleshooting/errors#no-such-element-exception
Build info: version: '4.24.0', revision: '748ffc9bc3'
System info: os.name: 'Windows 11', os.arch: 'amd64', os.version: '10.0', java.version: '19.0.2'
Driver info: org.openqa.selenium.firefox.FirefoxDriver
Command: [c16d38b2-4666-4bec-a5cd-ccc5e59980bf, findElement {using=xpath, value=//a[text()='Data Structures']}]
Capabilities {acceptInsecureCerts: true, browserName: firefox, browserVersion: 132.0.2, moz:accessibilityChecks: false, moz:buildID: 20241110231641, moz:debuggerAddress: 127.0.0.1:8275, moz:geckodriverVersion: 0.35.0, moz:headless: false, moz:platformVersion: 10.0, moz:processID: 57208, moz:profile: C:\Users\geeta\AppData\Loca..., moz:shutdownTimeout: 60000, moz:webdriverClick: true, moz:windowless: false, pageLoadStrategy: normal, platformName: windows, proxy: Proxy(), se:cdp: ws://127.0.0.1:8275/devtool..., se:cdpVersion: 85.0, setWindowRect: true, strictFileInteractability: false, timeouts: {implicit: 0, pageLoad: 300000, script: 30000}, unhandledPromptBehavior: dismiss and notify, userAgent: Mozilla/5.0 (Windows NT 10....}
Session ID: c16d38b2-4666-4bec-a5cd-ccc5e59980bf]]>
            </message>
            <full-stacktrace>
              <![CDATA[org.openqa.selenium.NoSuchElementException: Unable to locate element: //a[text()='Data Structures']
[...]
              <value>
                <![CDATA[Implementation Of BST]]>
              </value>
            </param>
          </params>
          <reporter-output>
          </reporter-output>
        </test-method> <!-- tryHereTopics -->
        <test-method is-config="true" signature="backtostack()[pri:0, instance:pageTestEvents.TreePageEvents@1a69561c]" started-at="2024-11-16T18:23:29 CST" name="backtostack" finished-at="2024-11-16T18:23:29 CST" duration-ms="394" status="PASS">
          <reporter-output>
          </reporter-output>
        </test-method> <!-- backtostack -->
        <test-method is-config="true" signature="treePage()[pri:0, instance:pageTestEvents.TreePageEvents@1a69561c]" started-at="2024-11-16T18:23:29 CST" name="treePage" finished-at="2024-11-16T18:23:29 CST" duration-ms="243" status="PASS">
          <reporter-output>
          </reporter-output>
        </test-method> <!-- treePage -->
        <test-method signature="validcodeTopics(int,java.lang.String)[pri:0, instance:pageTestEvents.TreePageEvents@1a69561c]" started-at="2024-11-16T18:23:29 CST" name="validcodeTopics" data-provider="validcode Topics" finished-at="2024-11-16T18:23:30 CST" duration-ms="916" status="PASS">
          <params>
            <param index="0">
              <value>
                <![CDATA[0]]>
              </value>
            </param>
            <param index="1">
              <value>
                <![CDATA[print'Hello']]>
              </value>
            </param>
          </params>
          <reporter-output>
          </reporter-output>
        </test-method> <!-- validcodeTopics -->
        <test-method is-config="true" signature="backtostack()[pri:0, instance:pageTestEvents.TreePageEvents@1a69561c]" started-at="2024-11-16T18:23:30 CST" name="backtostack" finished-at="2024-11-16T18:23:31 CST" duration-ms="326" status="PASS">
          <reporter-output>
          </reporter-output>
        </test-method> <!-- backtostack -->
        <test-method is-config="true" signature="treePage()[pri:0, instance:pageTestEvents.TreePageEvents@1a69561c]" started-at="2024-11-16T18:23:31 CST" name="treePage" finished-at="2024-11-16T18:23:31 CST" duration-ms="305" status="PASS">
          <reporter-output>
          </reporter-output>
        </test-method> <!-- treePage -->
        <test-method signature="validcodeTopics(int,java.lang.String)[pri:0, instance:pageTestEvents.TreePageEvents@1a69561c]" started-at="2024-11-16T18:23:31 CST" name="validcodeTopics" data-provider="validcode Topics" finished-at="2024-11-16T18:23:32 CST" duration-ms="850" status="PASS">
          <params>
            <param index="0">
              <value>
                <![CDATA[1]]>
              </value>
            </param>
            <param index="1">
              <value>
                <![CDATA[print'Hello']]>
              </value>
            </param>
          </params>
          <reporter-output>
          </reporter-output>
        </test-method> <!-- validcodeTopics -->
        <test-method is-config="true" signature="backtostack()[pri:0, instance:pageTestEvents.TreePageEvents@1a69561c]" started-at="2024-11-16T18:23:32 CST" name="backtostack" finished-at="2024-11-16T18:23:32 CST" duration-ms="340" status="PASS">
          <reporter-output>
          </reporter-output>
        </test-method> <!-- backtostack -->
        <test-method is-config="true" signature="treePage()[pri:0, instance:pageTestEvents.TreePageEvents@1a69561c]" started-at="2024-11-16T18:23:32 CST" name="treePage" finished-at="2024-11-16T18:23:32 CST" duration-ms="329" status="PASS">
          <reporter-output>
          </reporter-output>
        </test-method> <!-- treePage -->
        <test-method signature="validcodeTopics(int,java.lang.String)[pri:0, instance:pageTestEvents.TreePageEvents@1a69561c]" started-at="2024-11-16T18:23:32 CST" name="validcodeTopics" data-provider="validcode Topics" finished-at="2024-11-16T18:23:33 CST" duration-ms="789" status="PASS">
          <params>
            <param index="0">
              <value>
                <![CDATA[2]]>
              </value>
            </param>
            <param index="1">
              <value>
                <![CDATA[print'Hello']]>
              </value>
            </param>
          </params>
          <reporter-output>
          </reporter-output>
        </test-method> <!-- validcodeTopics -->
        <test-method is-config="true" signature="backtostack()[pri:0, instance:pageTestEvents.TreePageEvents@1a69561c]" started-at="2024-11-16T18:23:33 CST" name="backtostack" finished-at="2024-11-16T18:23:34 CST" duration-ms="252" status="PASS">
          <reporter-output>
          </reporter-output>
        </test-method> <!-- backtostack -->
        <test-method is-config="true" signature="treePage()[pri:0, instance:pageTestEvents.TreePageEvents@1a69561c]" started-at="2024-11-16T18:23:34 CST" name="treePage" finished-at="2024-11-16T18:23:34 CST" duration-ms="242" status="PASS">
          <reporter-output>
          </reporter-output>
        </test-method> <!-- treePage -->
        <test-method signature="validcodeTopics(int,java.lang.String)[pri:0, instance:pageTestEvents.TreePageEvents@1a69561c]" started-at="2024-11-16T18:23:34 CST" name="validcodeTopics" data-provider="validcode Topics" finished-at="2024-11-16T18:23:34 CST" duration-ms="744" status="PASS">
          <params>
            <param index="0">
              <value>
                <![CDATA[3]]>
              </value>
            </param>
            <param index="1">
              <value>
                <![CDATA[print'Hello']]>
              </value>
            </param>
          </params>
          <reporter-output>
          </reporter-output>
        </test-method> <!-- validcodeTopics -->
        <test-method is-config="true" signature="backtostack()[pri:0, instance:pageTestEvents.TreePageEvents@1a69561c]" started-at="2024-11-16T18:23:34 CST" name="backtostack" finished-at="2024-11-16T18:23:35 CST" duration-ms="225" status="PASS">
          <reporter-output>
          </reporter-output>
        </test-method> <!-- backtostack -->
        <test-method is-config="true" signature="treePage()[pri:0, instance:pageTestEvents.TreePageEvents@1a69561c]" started-at="2024-11-16T18:23:35 CST" name="treePage" finished-at="2024-11-16T18:23:35 CST" duration-ms="202" status="PASS">
          <reporter-output>
          </reporter-output>
        </test-method> <!-- treePage -->
        <test-method signature="validcodeTopics(int,java.lang.String)[pri:0, instance:pageTestEvents.TreePageEvents@1a69561c]" started-at="2024-11-16T18:23:35 CST" name="validcodeTopics" data-provider="validcode Topics" finished-at="2024-11-16T18:23:36 CST" duration-ms="809" status="PASS">
          <params>
            <param index="0">
              <value>
                <![CDATA[4]]>
              </value>
            </param>
            <param index="1">
              <value>
                <![CDATA[print'Hello']]>
              </value>
            </param>
          </params>
          <reporter-output>
          </reporter-output>
        </test-method> <!-- validcodeTopics -->
        <test-method is-config="true" signature="backtostack()[pri:0, instance:pageTestEvents.TreePageEvents@1a69561c]" started-at="2024-11-16T18:23:36 CST" name="backtostack" finished-at="2024-11-16T18:23:36 CST" duration-ms="423" status="PASS">
          <reporter-output>
          </reporter-output>
        </test-method> <!-- backtostack -->
        <test-method is-config="true" signature="treePage()[pri:0, instance:pageTestEvents.TreePageEvents@1a69561c]" started-at="2024-11-16T18:23:36 CST" name="treePage" finished-at="2024-11-16T18:23:36 CST" duration-ms="271" status="PASS">
          <reporter-output>
          </reporter-output>
        </test-method> <!-- treePage -->
        <test-method signature="validcodeTopics(int,java.lang.String)[pri:0, instance:pageTestEvents.TreePageEvents@1a69561c]" started-at="2024-11-16T18:23:36 CST" name="validcodeTopics" data-provider="validcode Topics" finished-at="2024-11-16T18:23:37 CST" duration-ms="768" status="PASS">
          <params>
            <param index="0">
              <value>
                <![CDATA[5]]>
              </value>
            </param>
            <param index="1">
              <value>
                <![CDATA[print'Hello']]>
              </value>
            </param>
          </params>
          <reporter-output>
          </reporter-output>
        </test-method> <!-- validcodeTopics -->
        <test-method is-config="true" signature="backtostack()[pri:0, instance:pageTestEvents.TreePageEvents@1a69561c]" started-at="2024-11-16T18:23:37 CST" name="backtostack" finished-at="2024-11-16T18:23:37 CST" duration-ms="257" status="PASS">
          <reporter-output>
          </reporter-output>
        </test-method> <!-- backtostack -->
        <test-method is-config="true" signature="treePage()[pri:0, instance:pageTestEvents.TreePageEvents@1a69561c]" started-at="2024-11-16T18:23:37 CST" name="treePage" finished-at="2024-11-16T18:23:38 CST" duration-ms="253" status="PASS">
          <reporter-output>
          </reporter-output>
        </test-method> <!-- treePage -->
        <test-method signature="validcodeTopics(int,java.lang.String)[pri:0, instance:pageTestEvents.TreePageEvents@1a69561c]" started-at="2024-11-16T18:23:38 CST" name="validcodeTopics" data-provider="validcode Topics" finished-at="2024-11-16T18:23:39 CST" duration-ms="910" status="PASS">
          <params>
            <param index="0">
              <value>
                <![CDATA[6]]>
              </value>
            </param>
            <param index="1">
              <value>
                <![CDATA[print'Hello']]>
              </value>
            </param>
          </params>
          <reporter-output>
          </reporter-output>
        </test-method> <!-- validcodeTopics -->
        <test-method is-config="true" signature="backtostack()[pri:0, instance:pageTestEvents.TreePageEvents@1a69561c]" started-at="2024-11-16T18:23:39 CST" name="backtostack" finished-at="2024-11-16T18:23:39 CST" duration-ms="424" status="PASS">
          <reporter-output>
          </reporter-output>
        </test-method> <!-- backtostack -->
        <test-method is-config="true" signature="treePage()[pri:0, instance:pageTestEvents.TreePageEvents@1a69561c]" started-at="2024-11-16T18:23:39 CST" name="treePage" finished-at="2024-11-16T18:23:39 CST" duration-ms="292" status="PASS">
          <reporter-output>
          </reporter-output>
        </test-method> <!-- treePage -->
        <test-method signature="validcodeTopics(int,java.lang.String)[pri:0, instance:pageTestEvents.TreePageEvents@1a69561c]" started-at="2024-11-16T18:23:39 CST" name="validcodeTopics" data-provider="validcode Topics" finished-at="2024-11-16T18:23:40 CST" duration-ms="783" status="PASS">
          <params>
            <param index="0">
              <value>
                <![CDATA[7]]>
              </value>
            </param>
            <param index="1">
              <value>
                <![CDATA[print'Hello']]>
              </value>
            </param>
          </params>
          <reporter-output>
          </reporter-output>
        </test-method> <!-- validcodeTopics -->
        <test-method is-config="true" signature="backtostack()[pri:0, instance:pageTestEvents.TreePageEvents@1a69561c]" started-at="2024-11-16T18:23:40 CST" name="backtostack" finished-at="2024-11-16T18:23:40 CST" duration-ms="263" status="PASS">
          <reporter-output>
          </reporter-output>
        </test-method> <!-- backtostack -->
        <test-method is-config="true" signature="treePage()[pri:0, instance:pageTestEvents.TreePageEvents@1a69561c]" started-at="2024-11-16T18:23:40 CST" name="treePage" finished-at="2024-11-16T18:23:41 CST" duration-ms="230" status="PASS">
          <reporter-output>
          </reporter-output>
        </test-method> <!-- treePage -->
        <test-method signature="validcodeTopics(int,java.lang.String)[pri:0, instance:pageTestEvents.TreePageEvents@1a69561c]" started-at="2024-11-16T18:23:41 CST" name="validcodeTopics" data-provider="validcode Topics" finished-at="2024-11-16T18:23:42 CST" duration-ms="874" status="PASS">
          <params>
            <param index="0">
              <value>
                <![CDATA[8]]>
              </value>
            </param>
            <param index="1">
              <value>
                <![CDATA[print'Hello']]>
              </value>
            </param>
          </params>
          <reporter-output>
          </reporter-output>
        </test-method> <!-- validcodeTopics -->
        <test-method is-config="true" signature="backtostack()[pri:0, instance:pageTestEvents.TreePageEvents@1a69561c]" started-at="2024-11-16T18:23:42 CST" name="backtostack" finished-at="2024-11-16T18:23:42 CST" duration-ms="387" status="PASS">
          <reporter-output>
          </reporter-output>
        </test-method> <!-- backtostack -->
        <test-method is-config="true" signature="treePage()[pri:0, instance:pageTestEvents.TreePageEvents@1a69561c]" started-at="2024-11-16T18:23:42 CST" name="treePage" finished-at="2024-11-16T18:23:42 CST" duration-ms="286" status="PASS">
          <reporter-output>
          </reporter-output>
        </test-method> <!-- treePage -->
        <test-method signature="validcodeTopics(int,java.lang.String)[pri:0, instance:pageTestEvents.TreePageEvents@1a69561c]" started-at="2024-11-16T18:23:42 CST" name="validcodeTopics" data-provider="validcode Topics" finished-at="2024-11-16T18:23:43 CST" duration-ms="874" status="PASS">
          <params>
            <param index="0">
              <value>
                <![CDATA[9]]>
              </value>
            </param>
            <param index="1">
              <value>
                <![CDATA[print'Hello']]>
              </value>
            </param>
          </params>
          <reporter-output>
          </reporter-output>
        </test-method> <!-- validcodeTopics -->
        <test-method is-config="true" signature="backtostack()[pri:0, instance:pageTestEvents.TreePageEvents@1a69561c]" started-at="2024-11-16T18:23:43 CST" name="backtostack" finished-at="2024-11-16T18:23:43 CST" duration-ms="311" status="PASS">
          <reporter-output>
          </reporter-output>
        </test-method> <!-- backtostack -->
        <test-method is-config="true" signature="treePage()[pri:0, instance:pageTestEvents.TreePageEvents@1a69561c]" started-at="2024-11-16T18:23:43 CST" name="treePage" finished-at="2024-11-16T18:23:44 CST" duration-ms="275" status="PASS">
          <reporter-output>
          </reporter-output>
        </test-method> <!-- treePage -->
        <test-method signature="validcodeTopics(int,java.lang.String)[pri:0, instance:pageTestEvents.TreePageEvents@1a69561c]" started-at="2024-11-16T18:23:44 CST" name="validcodeTopics" data-provider="validcode Topics" finished-at="2024-11-16T18:23:45 CST" duration-ms="878" status="PASS">
          <params>
            <param index="0">
              <value>
                <![CDATA[10]]>
              </value>
            </param>
            <param index="1">
              <value>
                <![CDATA[print'Hello']]>
              </value>
            </param>
          </params>
          <reporter-output>
          </reporter-output>
        </test-method> <!-- validcodeTopics -->
        <test-method is-config="true" signature="backtostack()[pri:0, instance:pageTestEvents.TreePageEvents@1a69561c]" started-at="2024-11-16T18:23:45 CST" name="backtostack" finished-at="2024-11-16T18:23:45 CST" duration-ms="331" status="PASS">
          <reporter-output>
          </reporter-output>
        </test-method> <!-- backtostack -->
        <test-method is-config="true" signature="treePage()[pri:0, instance:pageTestEvents.TreePageEvents@1a69561c]" started-at="2024-11-16T18:23:45 CST" name="treePage" finished-at="2024-11-16T18:23:45 CST" duration-ms="440" status="PASS">
          <reporter-output>
          </reporter-output>
        </test-method> <!-- treePage -->
        <test-method signature="validcodeTopics(int,java.lang.String)[pri:0, instance:pageTestEvents.TreePageEvents@1a69561c]" started-at="2024-11-16T18:23:45 CST" name="validcodeTopics" data-provider="validcode Topics" finished-at="2024-11-16T18:23:47 CST" duration-ms="1774" status="PASS">
          <params>
            <param index="0">
              <value>
                <![CDATA[11]]>
              </value>
            </param>
            <param index="1">
              <value>
                <![CDATA[print'Hello']]>
              </value>
            </param>
          </params>
          <reporter-output>
          </reporter-output>
        </test-method> <!-- validcodeTopics -->
        <test-method is-config="true" signature="backtostack()[pri:0, instance:pageTestEvents.TreePageEvents@1a69561c]" started-at="2024-11-16T18:23:47 CST" name="backtostack" finished-at="2024-11-16T18:23:47 CST" duration-ms="340" status="PASS">
          <reporter-output>
          </reporter-output>
        </test-method> <!-- backtostack -->
        <test-method is-config="true" signature="treePage()[pri:0, instance:pageTestEvents.TreePageEvents@1a69561c]" started-at="2024-11-16T18:23:47 CST" name="treePage" finished-at="2024-11-16T18:23:48 CST" duration-ms="269" status="PASS">
          <reporter-output>
          </reporter-output>
        </test-method> <!-- treePage -->
        <test-method signature="validcodeTopics(int,java.lang.String)[pri:0, instance:pageTestEvents.TreePageEvents@1a69561c]" started-at="2024-11-16T18:23:48 CST" name="validcodeTopics" data-provider="validcode Topics" finished-at="2024-11-16T18:23:48 CST" duration-ms="782" status="PASS">
          <params>
            <param index="0">
              <value>
                <![CDATA[12]]>
              </value>
            </param>
            <param index="1">
              <value>
                <![CDATA[print'Hello']]>
              </value>
            </param>
          </params>
          <reporter-output>
          </reporter-output>
        </test-method> <!-- validcodeTopics -->
        <test-method is-config="true" signature="backtostack()[pri:0, instance:pageTestEvents.TreePageEvents@1a69561c]" started-at="2024-11-16T18:23:48 CST" name="backtostack" finished-at="2024-11-16T18:23:49 CST" duration-ms="234" status="PASS">
          <reporter-output>
          </reporter-output>
        </test-method> <!-- backtostack -->
        <test-method is-config="true" signature="Logout()[pri:0, instance:pageTestEvents.TreePageEvents@1a69561c]" started-at="2024-11-16T18:23:49 CST" name="Logout" finished-at="2024-11-16T18:23:49 CST" duration-ms="351" status="PASS">
          <reporter-output>
          </reporter-output>
        </test-method> <!-- Logout -->
      </class> <!-- pageTestEvents.TreePageEvents -->
      <class name="base.BaseTest">
        <test-method is-config="true" signature="setUP(java.lang.String)[pri:0, instance:base.BaseTest@552518c3]" started-at="2024-11-16T18:21:12 CST" name="setUP" finished-at="2024-11-16T18:21:18 CST" duration-ms="5645" status="PASS">
          <params>
            <param index="0">
              <value>
                <![CDATA[edge]]>
              </value>
            </param>
          </params>
          <reporter-output>
          </reporter-output>
        </test-method> <!-- setUP -->
        <test-method is-config="true" signature="tearDown()[pri:0, instance:base.BaseTest@552518c3]" started-at="2024-11-16T18:23:49 CST" name="tearDown" finished-at="2024-11-16T18:23:50 CST" duration-ms="1316" status="PASS">
          <reporter-output>
          </reporter-output>
        </test-method> <!-- tearDown -->
      </class> <!-- base.BaseTest -->
    </test> <!-- Test Parallel Tree module.Browser:Edge -->
  </suite> <!-- Suite_Parallel -->
</testng-results>
