<?xml version="1.0" encoding="UTF-8"?>
<testsuite xmlns:xsi="http://www.w3.org/2001/XMLSchema-instance" xsi:noNamespaceSchemaLocation="https://maven.apache.org/surefire/maven-surefire-plugin/xsd/surefire-test-report-3.0.xsd" version="3.0" name="TestSuite" time="220.72" tests="336" errors="0" skipped="34" failures="11">
  <properties>
[...]
</properties>
  <testcase name="testHomePageTitle" classname="pageTestEvents.LandingPageEvents" time="0.28">
    <system-out><![CDATA[In broswerchrome
In broswerchrome
LandingPage Initializing
logger
before method
[INFO ] 2024-11-16 18:20:14.680 [TestNG-tests-1] ExtentReportListener - test is added in pool.
LandingPageEvents : test1
getPageTitle
extent report
]]></system-out>
    <system-err><![CDATA[SLF4J: Failed to load class "org.slf4j.impl.StaticLoggerBinder".
SLF4J: Defaulting to no-operation (NOP) logger implementation
SLF4J: See http://www.slf4j.org/codes.html#StaticLoggerBinder for further details.
Nov 16, 2024 6:20:13 PM org.openqa.selenium.devtools.CdpVersionFinder findNearestMatch
WARNING: Unable to find an exact match for CDP version 131, returning the closest version; found: 128; Please update to a Selenium version that supports CDP version 131
Nov 16, 2024 6:20:13 PM org.openqa.selenium.devtools.CdpVersionFinder findNearestMatch
WARNING: Unable to find an exact match for CDP version 131, returning the closest version; found: 128; Please update to a Selenium version that supports CDP version 131
]]></system-err>
  </testcase>
  <testcase name="getStartedBtn" classname="pageTestEvents.LandingPageEvents" time="22.225">
    <system-out><![CDATA[[INFO ] 2024-11-16 18:20:14.910 [TestNG-tests-1] ExtentReportListener - test is added in pool.
test2
clickGetStarted
In broswerfirefox
In brosweredge
In brosweredge
extent report
]]></system-out>
    <system-err><![CDATA[Nov 16, 2024 6:20:36 PM org.openqa.selenium.devtools.CdpVersionFinder findNearestMatch
WARNING: Unable to find an exact match for CDP version 130, returning the closest version; found: 128; Please update to a Selenium version that supports CDP version 130
Nov 16, 2024 6:20:36 PM org.openqa.selenium.devtools.CdpVersionFinder findNearestMatch
WARNING: Unable to find an exact match for CDP version 130, returning the closest version; found: 128; Please update to a Selenium version that supports CDP version 130
]]></system-err>
  </testcase>
  <testcase name="chkPageTitle" classname="pageTestEvents.DashBoardPageEvents" time="0.048">
    <system-out><![CDATA[after method
isAtDashboard
getPageTitle
@BeforeClass
@BeforeClass
@BeforeClass
userSignIn
[INFO ] 2024-11-16 18:20:37.447 [TestNG-tests-1] ExtentReportListener - test is added in pool.
@Test3
extent report
]]></system-out>
  </testcase>
  <testcase name="validateDsAlgoDropdownItems" classname="pageTestEvents.DashBoardPageEvents" time="0.464">
    <system-out><![CDATA[Scrutinizers
Numpysdet176
In SignIn pagesize items:6
extent report
]]></system-out>
  </testcase>
  <testcase name="validateDsAlgoButtons" classname="pageTestEvents.DashBoardPageEvents" time="0.078">
    <system-out><![CDATA[[INFO ] 2024-11-16 18:20:38.547 [TestNG-tests-1] ExtentReportListener - test is added in pool.
@Test5
extent report
]]></system-out>
  </testcase>
  <testcase name="validateRegister" classname="pageTestEvents.DashBoardPageEvents" time="0.535">
    <system-out><![CDATA[[INFO ] 2024-11-16 18:20:38.604 [TestNG-tests-1] ExtentReportListener - test is added in pool.
validateRegister
extent report
]]></system-out>
  </testcase>
  <testcase name="testDSwithoutSignIn[{type=Arrays, index=0}](1)" classname="pageTestEvents.DashBoardPageEvents" time="0.347">
    <system-out><![CDATA[In dataStructuresProvider
before dataStructuresProvider
[INFO ] 2024-11-16 18:20:39.167 [TestNG-tests-1] ExtentReportListener - test is added in pool.
Type: Arrays, Index: 0
Landed on Main pageArrays : webelement selected
extent report
]]></system-out>
  </testcase>
  <testcase name="testDSwithoutSignIn[{type=Linked List, index=1}](2)" classname="pageTestEvents.DashBoardPageEvents" time="0.066">
    <system-out><![CDATA[[INFO ] 2024-11-16 18:20:39.514 [TestNG-tests-1] ExtentReportListener - test is added in pool.
Type: Linked List, Index: 1
[INFO ] 2024-11-16 18:20:39.729 [TestNG-tests-4] ExtentReportListener - test is added in pool.
 : webelement selected
extent report
]]></system-out>
  </testcase>
  <testcase name="testDSwithoutSignIn[{type=Stack, index=2}](3)" classname="pageTestEvents.DashBoardPageEvents" time="0.038">
    <system-out><![CDATA[[INFO ] 2024-11-16 18:20:39.799 [TestNG-tests-1] ExtentReportListener - test is added in pool.
Type: Stack, Index: 2
[INFO ] 2024-11-16 18:20:40.090 [TestNG-tests-2] ExtentReportListener - test is added in pool.
Stack : webelement selected
extent report
]]></system-out>
  </testcase>
  <testcase name="testDSwithoutSignIn[{type=Queue, index=3}](4)" classname="pageTestEvents.DashBoardPageEvents" time="0.142">
    <system-out><![CDATA[[INFO ] 2024-11-16 18:20:40.131 [TestNG-tests-1] ExtentReportListener - test is added in pool.
Type: Queue, Index: 3
3
2no of columns
[INFO ] 2024-11-16 18:20:40.306 [TestNG-tests-3] ExtentReportListener - test is added in pool.
 : webelement selected
extent report
]]></system-out>
  </testcase>
  <testcase name="testDSwithoutSignIn[{type=Tree, index=4}](5)" classname="pageTestEvents.DashBoardPageEvents" time="0.139">
    <system-out><![CDATA[[INFO ] 2024-11-16 18:20:40.444 [TestNG-tests-1] ExtentReportListener - test is added in pool.
Type: Tree, Index: 4
We are in Introduction
Tree : webelement selected
extent report
]]></system-out>
  </testcase>
  <testcase name="testDSwithoutSignIn[{type=Graph, index=5}](6)" classname="pageTestEvents.DashBoardPageEvents" time="0.127">
    <system-out><![CDATA[[INFO ] 2024-11-16 18:20:40.583 [TestNG-tests-1] ExtentReportListener - test is added in pool.
Type: Graph, Index: 5
 : webelement selected
extent report
]]></system-out>
  </testcase>
  <testcase name="validateSignIn" classname="pageTestEvents.DashBoardPageEvents" time="0.128">
    <system-out><![CDATA[[INFO ] 2024-11-16 18:20:40.711 [TestNG-tests-1] ExtentReportListener - test is added in pool.
validateSignIn
[INFO ] 2024-11-16 18:20:40.840 [TestNG-tests-5] ExtentReportListener - test is added in pool.
extent report
]]></system-out>
  </testcase>
  <testcase name="userSignIn" classname="pageTestEvents.DashBoardPageEvents" time="1.221">
    <system-out><![CDATA[We are in Arrays in Python
We are in Operations in Stack
User is back to LinkedList page
Landed on Main pageextent report
]]></system-out>
  </testcase>
  <testcase name="testDataStructures[{type=Arrays, index=0}](1)" classname="pageTestEvents.DashBoardPageEvents" time="0.266">
    <system-out><![CDATA[In dataStructuresProvider
before dataStructuresProvider
[INFO ] 2024-11-16 18:20:42.196 [TestNG-tests-1] ExtentReportListener - test is added in pool.
Type: Arrays, Index: 0
[INFO ] 2024-11-16 18:20:42.211 [TestNG-tests-4] ExtentReportListener - test is added in pool.
Arrays : webelement selected
extent report
]]></system-out>
  </testcase>
  <testcase name="testDataStructures[{type=Linked List, index=1}](2)" classname="pageTestEvents.DashBoardPageEvents" time="0.127">
    <system-out><![CDATA[[INFO ] 2024-11-16 18:20:42.594 [TestNG-tests-2] ExtentReportListener - test is added in pool.
We are in Creating Linked LIst
 : webelement selected
extent report
]]></system-out>
  </testcase>
  <testcase name="testDataStructures[{type=Stack, index=2}](3)" classname="pageTestEvents.DashBoardPageEvents" time="0.234">
    <system-out><![CDATA[[INFO ] 2024-11-16 18:20:42.735 [TestNG-tests-1] ExtentReportListener - test is added in pool.
Type: Stack, Index: 2
Stack : webelement selected
extent report
]]></system-out>
  </testcase>
  <testcase name="testDataStructures[{type=Queue, index=3}](4)" classname="pageTestEvents.DashBoardPageEvents" time="0.359"/>
  <testcase name="testDataStructures[{type=Tree, index=4}](5)" classname="pageTestEvents.DashBoardPageEvents" time="0.275">
    <system-out><![CDATA[Tree : webelement selected
extent report
]]></system-out>
  </testcase>
  <testcase name="testDataStructures[{type=Graph, index=5}](6)" classname="pageTestEvents.DashBoardPageEvents" time="0.232">
    <system-out><![CDATA[[INFO ] 2024-11-16 18:20:43.625 [TestNG-tests-1] ExtentReportListener - test is added in pool.
Type: Graph, Index: 5
User is back to Stack page
 : webelement selected
extent report
]]></system-out>
  </testcase>
  <testcase name="testPageTitle" classname="pageTestEvents.RegisterPageEvents" time="0.064">
    <system-out><![CDATA[[INFO ] 2024-11-16 18:20:37.499 [TestNG-tests-1] ExtentReportListener - test is added in pool.
@Test4
[INFO ] 2024-11-16 18:20:38.056 [TestNG-tests-2] ExtentReportListener - test is added in pool.
chk Register PageTitle
extent report
]]></system-out>
  </testcase>
  <testcase name="testUserRegistration[, , , Please enter User Name, Password and Confirm Password](1)" classname="pageTestEvents.RegisterPageEvents" time="0.122">
    <system-out><![CDATA[[INFO ] 2024-11-16 18:20:42.480 [TestNG-tests-1] ExtentReportListener - test is added in pool.
Type: Linked List, Index: 1
extent report
]]></system-out>
  </testcase>
  <testcase name="testUserRegistration[, Numpysdet176, Numpysdet176, Please fill out this field. below User Name](2)" classname="pageTestEvents.RegisterPageEvents" time="0.386">
    <system-out><![CDATA[extent report
]]></system-out>
  </testcase>
  <testcase name="testUserRegistration[Scrutinizers, , , Please fill out this field.below Password](3)" classname="pageTestEvents.RegisterPageEvents" time="0.279">
    <system-out><![CDATA[[INFO ] 2024-11-16 18:20:47.437 [TestNG-tests-4] ExtentReportListener - test is added in pool.
User is back to Array page
extent report
]]></system-out>
  </testcase>
  <testcase name="testUserRegistration[Scrutinizers, Numpysdet176, , Please fill out this field.below Confirm Password](4)" classname="pageTestEvents.RegisterPageEvents" time="0.319">
    <system-out><![CDATA[extent report
]]></system-out>
  </testcase>
  <testcase name="testUserRegistration[Scrutinizers, Numpysdet176, Numpysdet176!, password_mismatch:The two password fields didn’t match.](5)" classname="pageTestEvents.RegisterPageEvents" time="0.429">
    <system-out><![CDATA[Testing registration with Username: Scrutinizers, Password: Numpysdet176, Confirm Password: Numpysdet176!, ExpectedMsg: password_mismatch:The two password fields didn’t match.
extent report
]]></system-out>
  </testcase>
  <testcase name="testUserRegistration[Scrutinizers, 123sA, 123sa, password length doesnot meet](6)" classname="pageTestEvents.RegisterPageEvents" time="0.125">
    <failure message="expected [password length doesnot meet] but found [password_mismatch:The two password fields didn’t match.]" type="java.lang.AssertionError"><![CDATA[java.lang.AssertionError: expected [password length doesnot meet] but found [password_mismatch:The two password fields didn’t match.]
	at org.testng.Assert.fail(Assert.java:111)
	at org.testng.Assert.failNotEquals(Assert.java:1578)
	at org.testng.Assert.assertEqualsImpl(Assert.java:150)
	at org.testng.Assert.assertEquals(Assert.java:132)
	at org.testng.Assert.assertEquals(Assert.java:656)
	at org.testng.Assert.assertEquals(Assert.java:666)
	at pageTestEvents.RegisterPageEvents.registerUser(RegisterPageEvents.java:42)
	at pageTestEvents.RegisterPageEvents.testUserRegistration(RegisterPageEvents.java:68)
	at java.base/jdk.internal.reflect.DirectMethodHandleAccessor.invoke(DirectMethodHandleAccessor.java:104)
	at java.base/java.lang.reflect.Method.invoke(Method.java:578)
	at org.testng.internal.invokers.MethodInvocationHelper.invokeMethod(MethodInvocationHelper.java:141)
	at org.testng.internal.invokers.TestInvoker.invokeMethod(TestInvoker.java:686)
	at org.testng.internal.invokers.TestInvoker.invokeTestMethod(TestInvoker.java:230)
	at org.testng.internal.invokers.MethodRunner.runInSequence(MethodRunner.java:63)
	at org.testng.internal.invokers.TestInvoker$MethodInvocationAgent.invoke(TestInvoker.java:992)
	at org.testng.internal.invokers.TestInvoker.invokeTestMethods(TestInvoker.java:203)
	at org.testng.internal.invokers.TestMethodWorker.invokeTestMethods(TestMethodWorker.java:154)
	at org.testng.internal.invokers.TestMethodWorker.run(TestMethodWorker.java:134)
	at java.base/java.util.ArrayList.forEach(ArrayList.java:1511)
	at org.testng.TestRunner.privateRun(TestRunner.java:739)
	at org.testng.TestRunner.run(TestRunner.java:614)
	at org.testng.SuiteRunner.runTest(SuiteRunner.java:421)
	at org.testng.SuiteRunner$SuiteWorker.run(SuiteRunner.java:463)
	at org.testng.internal.thread.ThreadUtil.lambda$execute$0(ThreadUtil.java:64)
	at java.base/java.util.concurrent.FutureTask.run(FutureTask.java:317)
	at java.base/java.util.concurrent.ThreadPoolExecutor.runWorker(ThreadPoolExecutor.java:1144)
	at java.base/java.util.concurrent.ThreadPoolExecutor$Worker.run(ThreadPoolExecutor.java:642)
	at java.base/java.lang.Thread.run(Thread.java:1589)
]]></failure>
    <system-out><![CDATA[User is back to Queue page
[INFO ] 2024-11-16 18:20:58.274 [TestNG-tests-4] ExtentReportListener - test is added in pool.
User is back to Stack page
[INFO ] 2024-11-16 18:20:58.583 [TestNG-tests-3] ExtentReportListener - test is added in pool.
]]></system-out>
  </testcase>
  <testcase name="testUserRegistration[Scrutinizers, Numpysdet176, Numpysdet176, user already exists](7)" classname="pageTestEvents.RegisterPageEvents" time="0">
    <skipped message="expected [user already exists] but found [password_mismatch:The two password fields didn’t match.]"/>
    <system-out><![CDATA[Retrying test testUserRegistration with status FAILURE for the 1 time.
]]></system-out>
  </testcase>
  <testcase name="testUserRegistration[Scrutinizers, Numpysdet176, Numpysdet176, user already exists](8)" classname="pageTestEvents.RegisterPageEvents" time="0">
    <skipped message="expected [user already exists] but found [password_mismatch:The two password fields didn’t match.]"/>
    <system-out><![CDATA[Retrying test testUserRegistration with status FAILURE for the 2 time.
]]></system-out>
  </testcase>
  <testcase name="testUserRegistration[Scrutinizers, Numpysdet176, Numpysdet176, user already exists](9)" classname="pageTestEvents.RegisterPageEvents" time="0">
    <skipped message="expected [user already exists] but found [password_mismatch:The two password fields didn’t match.]"/>
    <system-out><![CDATA[User is back to LinkedList page
We are in Applications
[INFO ] 2024-11-16 18:21:09.497 [TestNG-tests-1] ExtentReportListener - test is added in pool.
[INFO ] 2024-11-16 18:21:09.610 [TestNG-tests-4] ExtentReportListener - test is added in pool.
User is back to Array page
We are in Deletion
Retrying test testUserRegistration with status FAILURE for the 3 time.
]]></system-out>
  </testcase>
  <testcase name="testUserRegistration[Scrutinizers, Numpysdet176, Numpysdet176, user already exists](10)" classname="pageTestEvents.RegisterPageEvents" time="0.504">
    <failure message="expected [user already exists] but found [password_mismatch:The two password fields didn’t match.]" type="java.lang.AssertionError"><![CDATA[java.lang.AssertionError: expected [user already exists] but found [password_mismatch:The two password fields didn’t match.]
	at org.testng.Assert.fail(Assert.java:111)
	at org.testng.Assert.failNotEquals(Assert.java:1578)
	at org.testng.Assert.assertEqualsImpl(Assert.java:150)
	at org.testng.Assert.assertEquals(Assert.java:132)
	at org.testng.Assert.assertEquals(Assert.java:656)
	at org.testng.Assert.assertEquals(Assert.java:666)
	at pageTestEvents.RegisterPageEvents.registerUser(RegisterPageEvents.java:42)
	at pageTestEvents.RegisterPageEvents.testUserRegistration(RegisterPageEvents.java:68)
	at java.base/jdk.internal.reflect.DirectMethodHandleAccessor.invoke(DirectMethodHandleAccessor.java:104)
	at java.base/java.lang.reflect.Method.invoke(Method.java:578)
	at org.testng.internal.invokers.MethodInvocationHelper.invokeMethod(MethodInvocationHelper.java:141)
	at org.testng.internal.invokers.TestInvoker.invokeMethod(TestInvoker.java:686)
	at org.testng.internal.invokers.TestInvoker.retryFailed(TestInvoker.java:269)
	at org.testng.internal.invokers.MethodRunner.runInSequence(MethodRunner.java:76)
	at org.testng.internal.invokers.TestInvoker$MethodInvocationAgent.invoke(TestInvoker.java:992)
	at org.testng.internal.invokers.TestInvoker.invokeTestMethods(TestInvoker.java:203)
	at org.testng.internal.invokers.TestMethodWorker.invokeTestMethods(TestMethodWorker.java:154)
	at org.testng.internal.invokers.TestMethodWorker.run(TestMethodWorker.java:134)
	at java.base/java.util.ArrayList.forEach(ArrayList.java:1511)
	at org.testng.TestRunner.privateRun(TestRunner.java:739)
	at org.testng.TestRunner.run(TestRunner.java:614)
	at org.testng.SuiteRunner.runTest(SuiteRunner.java:421)
	at org.testng.SuiteRunner$SuiteWorker.run(SuiteRunner.java:463)
	at org.testng.internal.thread.ThreadUtil.lambda$execute$0(ThreadUtil.java:64)
	at java.base/java.util.concurrent.FutureTask.run(FutureTask.java:317)
	at java.base/java.util.concurrent.ThreadPoolExecutor.runWorker(ThreadPoolExecutor.java:1144)
	at java.base/java.util.concurrent.ThreadPoolExecutor$Worker.run(ThreadPoolExecutor.java:642)
	at java.base/java.lang.Thread.run(Thread.java:1589)
]]></failure>
  </testcase>
  <testcase name="testUserRegistrationjson[, , , Please enter User Name, Password and Confirm Password](1)" classname="pageTestEvents.RegisterPageEvents" time="0.764">
    <system-out><![CDATA[[INFO ] 2024-11-16 18:21:15.239 [TestNG-tests-4] ExtentReportListener - test is added in pool.
User is back to Queue page
true
We are in Creating Linked LIst
2
1
2
extent report
]]></system-out>
  </testcase>
  <testcase name="testUserRegistrationjson[, Numpysdet176, Numpysdet176, Please fill out this field. below User Name](2)" classname="pageTestEvents.RegisterPageEvents" time="1.233">
    <system-out><![CDATA[[INFO ] 2024-11-16 18:21:18.370 [TestNG-tests-3] ExtentReportListener - test is added in pool.
We are in Arrays Using List
User is back to LinkedList page
extent report
]]></system-out>
  </testcase>
  <testcase name="testUserRegistrationjson[Scrutinizers, , , Please fill out this field.below Password](3)" classname="pageTestEvents.RegisterPageEvents" time="0.274">
    <system-out><![CDATA[[INFO ] 2024-11-16 18:21:21.218 [TestNG-tests-5] ExtentReportListener - test is added in pool.
[INFO ] 2024-11-16 18:21:21.388 [TestNG-tests-1] ExtentReportListener - test is added in pool.
We are in Overview of Trees
[INFO ] 2024-11-16 18:21:21.852 [TestNG-tests-3] ExtentReportListener - test is added in pool.
User is back to LinkedList page
extent report
]]></system-out>
  </testcase>
  <testcase name="testUserRegistrationjson[Scrutinizers, Numpysdet176, , Please fill out this field.below Confirm Password](4)" classname="pageTestEvents.RegisterPageEvents" time="0.07">
    <system-out><![CDATA[[INFO ] 2024-11-16 18:21:24.574 [TestNG-tests-5] ExtentReportListener - test is added in pool.
extent report
]]></system-out>
  </testcase>
  <testcase name="testUserRegistrationjson[Scrutinizers, Numpysdet176, Numpysdet176!, password_mismatch:The two password fields didn’t match.](5)" classname="pageTestEvents.RegisterPageEvents" time="0.743">
    <system-out><![CDATA[We are in Arrays in Python
User is back to Queue page
Testing registration with Username: Scrutinizers, Password: Numpysdet176, Confirm Password: Numpysdet176!, ExpectedMsg: password_mismatch:The two password fields didn’t match.
extent report
]]></system-out>
  </testcase>
  <testcase name="testUserRegistrationjson[Scrutinizers, 123456789, 123456789, password cannot be only numeric](6)" classname="pageTestEvents.RegisterPageEvents" time="0.147">
    <failure message="expected [password cannot be only numeric] but found [password_mismatch:The two password fields didn’t match.]" type="java.lang.AssertionError"><![CDATA[java.lang.AssertionError: expected [password cannot be only numeric] but found [password_mismatch:The two password fields didn’t match.]
	at org.testng.Assert.fail(Assert.java:111)
	at org.testng.Assert.failNotEquals(Assert.java:1578)
	at org.testng.Assert.assertEqualsImpl(Assert.java:150)
	at org.testng.Assert.assertEquals(Assert.java:132)
	at org.testng.Assert.assertEquals(Assert.java:656)
	at org.testng.Assert.assertEquals(Assert.java:666)
	at pageTestEvents.RegisterPageEvents.registerUser(RegisterPageEvents.java:42)
	at pageTestEvents.RegisterPageEvents.testUserRegistrationjson(RegisterPageEvents.java:76)
	at java.base/jdk.internal.reflect.DirectMethodHandleAccessor.invoke(DirectMethodHandleAccessor.java:104)
	at java.base/java.lang.reflect.Method.invoke(Method.java:578)
	at org.testng.internal.invokers.MethodInvocationHelper.invokeMethod(MethodInvocationHelper.java:141)
	at org.testng.internal.invokers.TestInvoker.invokeMethod(TestInvoker.java:686)
	at org.testng.internal.invokers.TestInvoker.invokeTestMethod(TestInvoker.java:230)
	at org.testng.internal.invokers.MethodRunner.runInSequence(MethodRunner.java:63)
	at org.testng.internal.invokers.TestInvoker$MethodInvocationAgent.invoke(TestInvoker.java:992)
	at org.testng.internal.invokers.TestInvoker.invokeTestMethods(TestInvoker.java:203)
	at org.testng.internal.invokers.TestMethodWorker.invokeTestMethods(TestMethodWorker.java:154)
	at org.testng.internal.invokers.TestMethodWorker.run(TestMethodWorker.java:134)
	at java.base/java.util.ArrayList.forEach(ArrayList.java:1511)
	at org.testng.TestRunner.privateRun(TestRunner.java:739)
	at org.testng.TestRunner.run(TestRunner.java:614)
	at org.testng.SuiteRunner.runTest(SuiteRunner.java:421)
	at org.testng.SuiteRunner$SuiteWorker.run(SuiteRunner.java:463)
	at org.testng.internal.thread.ThreadUtil.lambda$execute$0(ThreadUtil.java:64)
	at java.base/java.util.concurrent.FutureTask.run(FutureTask.java:317)
	at java.base/java.util.concurrent.ThreadPoolExecutor.runWorker(ThreadPoolExecutor.java:1144)
	at java.base/java.util.concurrent.ThreadPoolExecutor$Worker.run(ThreadPoolExecutor.java:642)
	at java.base/java.lang.Thread.run(Thread.java:1589)
]]></failure>
    <system-out><![CDATA[User is back to Queue page
[INFO ] 2024-11-16 18:21:32.504 [TestNG-tests-1] ExtentReportListener - test is added in pool.
]]></system-out>
  </testcase>
  <testcase name="testUserRegistrationjson[Scrutinizers, 123sA, 123sa, password length doesnot meet](7)" classname="pageTestEvents.RegisterPageEvents" time="0">
    <skipped message="expected [password length doesnot meet] but found [password_mismatch:The two password fields didn’t match.]"/>
    <system-out><![CDATA[User is back to Queue page
Retrying test testUserRegistrationjson with status FAILURE for the 1 time.
]]></system-out>
  </testcase>
  <testcase name="testUserRegistrationjson[Scrutinizers, 123sA, 123sa, password length doesnot meet](8)" classname="pageTestEvents.RegisterPageEvents" time="0">
    <skipped message="expected [password length doesnot meet] but found [password_mismatch:The two password fields didn’t match.]"/>
    <system-out><![CDATA[Retrying test testUserRegistrationjson with status FAILURE for the 2 time.
]]></system-out>
  </testcase>
  <testcase name="testUserRegistrationjson[Scrutinizers, 123sA, 123sa, password length doesnot meet](9)" classname="pageTestEvents.RegisterPageEvents" time="0">
    <skipped message="expected [password length doesnot meet] but found [password_mismatch:The two password fields didn’t match.]"/>
    <system-out><![CDATA[Retrying test testUserRegistrationjson with status FAILURE for the 3 time.
]]></system-out>
  </testcase>
  <testcase name="testUserRegistrationjson[Scrutinizers, 123sA, 123sa, password length doesnot meet](10)" classname="pageTestEvents.RegisterPageEvents" time="0.725">
    <failure message="expected [password length doesnot meet] but found [password_mismatch:The two password fields didn’t match.]" type="java.lang.AssertionError"><![CDATA[java.lang.AssertionError: expected [password length doesnot meet] but found [password_mismatch:The two password fields didn’t match.]
	at org.testng.Assert.fail(Assert.java:111)
	at org.testng.Assert.failNotEquals(Assert.java:1578)
	at org.testng.Assert.assertEqualsImpl(Assert.java:150)
	at org.testng.Assert.assertEquals(Assert.java:132)
	at org.testng.Assert.assertEquals(Assert.java:656)
	at org.testng.Assert.assertEquals(Assert.java:666)
	at pageTestEvents.RegisterPageEvents.registerUser(RegisterPageEvents.java:42)
	at pageTestEvents.RegisterPageEvents.testUserRegistrationjson(RegisterPageEvents.java:76)
	at java.base/jdk.internal.reflect.DirectMethodHandleAccessor.invoke(DirectMethodHandleAccessor.java:104)
	at java.base/java.lang.reflect.Method.invoke(Method.java:578)
	at org.testng.internal.invokers.MethodInvocationHelper.invokeMethod(MethodInvocationHelper.java:141)
	at org.testng.internal.invokers.TestInvoker.invokeMethod(TestInvoker.java:686)
	at org.testng.internal.invokers.TestInvoker.retryFailed(TestInvoker.java:269)
	at org.testng.internal.invokers.MethodRunner.runInSequence(MethodRunner.java:76)
	at org.testng.internal.invokers.TestInvoker$MethodInvocationAgent.invoke(TestInvoker.java:992)
	at org.testng.internal.invokers.TestInvoker.invokeTestMethods(TestInvoker.java:203)
	at org.testng.internal.invokers.TestMethodWorker.invokeTestMethods(TestMethodWorker.java:154)
	at org.testng.internal.invokers.TestMethodWorker.run(TestMethodWorker.java:134)
	at java.base/java.util.ArrayList.forEach(ArrayList.java:1511)
	at org.testng.TestRunner.privateRun(TestRunner.java:739)
	at org.testng.TestRunner.run(TestRunner.java:614)
	at org.testng.SuiteRunner.runTest(SuiteRunner.java:421)
	at org.testng.SuiteRunner$SuiteWorker.run(SuiteRunner.java:463)
	at org.testng.internal.thread.ThreadUtil.lambda$execute$0(ThreadUtil.java:64)
	at java.base/java.util.concurrent.FutureTask.run(FutureTask.java:317)
	at java.base/java.util.concurrent.ThreadPoolExecutor.runWorker(ThreadPoolExecutor.java:1144)
	at java.base/java.util.concurrent.ThreadPoolExecutor$Worker.run(ThreadPoolExecutor.java:642)
	at java.base/java.lang.Thread.run(Thread.java:1589)
]]></failure>
    <system-out><![CDATA[We are in Traversals-Illustration
User is back to Queue page
User is back to LinkedList page
]]></system-out>
  </testcase>
  <testcase name="testUserRegistrationjson[Scrutinizers, 123sA, 123sa, password length is less than 8](11)" classname="pageTestEvents.RegisterPageEvents" time="0">
    <skipped message="expected [password length is less than 8] but found [password_mismatch:The two password fields didn’t match.]"/>
    <system-out><![CDATA[User is back to Queue page
User is back to LinkedList page
[INFO ] 2024-11-16 18:21:48.331 [TestNG-tests-1] ExtentReportListener - test is added in pool.
[INFO ] 2024-11-16 18:21:48.433 [TestNG-tests-4] ExtentReportListener - test is added in pool.
We are in Insertion
Retrying test testUserRegistrationjson with status FAILURE for the 1 time.
]]></system-out>
  </testcase>
  <testcase name="testUserRegistrationjson[Scrutinizers, 123sA, 123sa, password length is less than 8](12)" classname="pageTestEvents.RegisterPageEvents" time="0">
    <skipped message="expected [password length is less than 8] but found [password_mismatch:The two password fields didn’t match.]"/>
    <system-out><![CDATA[Retrying test testUserRegistrationjson with status FAILURE for the 2 time.
]]></system-out>
  </testcase>
  <testcase name="testUserRegistrationjson[Scrutinizers, 123sA, 123sa, password length is less than 8](13)" classname="pageTestEvents.RegisterPageEvents" time="0">
    <skipped message="expected [password length is less than 8] but found [password_mismatch:The two password fields didn’t match.]"/>
    <system-out><![CDATA[Retrying test testUserRegistrationjson with status FAILURE for the 3 time.
]]></system-out>
  </testcase>
  <testcase name="testUserRegistrationjson[Scrutinizers, 123sA, 123sa, password length is less than 8](14)" classname="pageTestEvents.RegisterPageEvents" time="0.533">
    <failure message="expected [password length is less than 8] but found [password_mismatch:The two password fields didn’t match.]" type="java.lang.AssertionError"><![CDATA[java.lang.AssertionError: expected [password length is less than 8] but found [password_mismatch:The two password fields didn’t match.]
	at org.testng.Assert.fail(Assert.java:111)
	at org.testng.Assert.failNotEquals(Assert.java:1578)
	at org.testng.Assert.assertEqualsImpl(Assert.java:150)
	at org.testng.Assert.assertEquals(Assert.java:132)
	at org.testng.Assert.assertEquals(Assert.java:656)
	at org.testng.Assert.assertEquals(Assert.java:666)
	at pageTestEvents.RegisterPageEvents.registerUser(RegisterPageEvents.java:42)
	at pageTestEvents.RegisterPageEvents.testUserRegistrationjson(RegisterPageEvents.java:76)
	at java.base/jdk.internal.reflect.DirectMethodHandleAccessor.invoke(DirectMethodHandleAccessor.java:104)
	at java.base/java.lang.reflect.Method.invoke(Method.java:578)
	at org.testng.internal.invokers.MethodInvocationHelper.invokeMethod(MethodInvocationHelper.java:141)
	at org.testng.internal.invokers.TestInvoker.invokeMethod(TestInvoker.java:686)
	at org.testng.internal.invokers.TestInvoker.retryFailed(TestInvoker.java:269)
	at org.testng.internal.invokers.MethodRunner.runInSequence(MethodRunner.java:76)
	at org.testng.internal.invokers.TestInvoker$MethodInvocationAgent.invoke(TestInvoker.java:992)
	at org.testng.internal.invokers.TestInvoker.invokeTestMethods(TestInvoker.java:203)
	at org.testng.internal.invokers.TestMethodWorker.invokeTestMethods(TestMethodWorker.java:154)
	at org.testng.internal.invokers.TestMethodWorker.run(TestMethodWorker.java:134)
	at java.base/java.util.ArrayList.forEach(ArrayList.java:1511)
	at org.testng.TestRunner.privateRun(TestRunner.java:739)
	at org.testng.TestRunner.run(TestRunner.java:614)
	at org.testng.SuiteRunner.runTest(SuiteRunner.java:421)
	at org.testng.SuiteRunner$SuiteWorker.run(SuiteRunner.java:463)
	at org.testng.internal.thread.ThreadUtil.lambda$execute$0(ThreadUtil.java:64)
	at java.base/java.util.concurrent.FutureTask.run(FutureTask.java:317)
	at java.base/java.util.concurrent.ThreadPoolExecutor.runWorker(ThreadPoolExecutor.java:1144)
	at java.base/java.util.concurrent.ThreadPoolExecutor$Worker.run(ThreadPoolExecutor.java:642)
	at java.base/java.lang.Thread.run(Thread.java:1589)
]]></failure>
  </testcase>
  <testcase name="testUserRegistrationjson[123123412, 123sA, 123sa, user name cannot be only numeric](15)" classname="pageTestEvents.RegisterPageEvents" time="0">
    <skipped message="expected [user name cannot be only numeric] but found [password_mismatch:The two password fields didn’t match.]"/>
    <system-out><![CDATA[User is back to LinkedList page
[INFO ] 2024-11-16 18:22:01.353 [TestNG-tests-1] ExtentReportListener - test is added in pool.
Retrying test testUserRegistrationjson with status FAILURE for the 1 time.
]]></system-out>
  </testcase>
  <testcase name="testUserRegistrationjson[123123412, 123sA, 123sa, user name cannot be only numeric](16)" classname="pageTestEvents.RegisterPageEvents" time="0">
    <skipped message="expected [user name cannot be only numeric] but found [password_mismatch:The two password fields didn’t match.]"/>
    <system-out><![CDATA[User is back to LinkedList page
[INFO ] 2024-11-16 18:22:04.197 [TestNG-tests-1] ExtentReportListener - test is added in pool.
User is back to Graph page
[INFO ] 2024-11-16 18:22:04.500 [TestNG-tests-4] ExtentReportListener - test is added in pool.
Retrying test testUserRegistrationjson with status FAILURE for the 2 time.
]]></system-out>
  </testcase>
  <testcase name="testUserRegistrationjson[123123412, 123sA, 123sa, user name cannot be only numeric](17)" classname="pageTestEvents.RegisterPageEvents" time="0">
    <skipped message="expected [user name cannot be only numeric] but found [password_mismatch:The two password fields didn’t match.]"/>
    <system-out><![CDATA[User is back to LinkedList page
[INFO ] 2024-11-16 18:22:07.242 [TestNG-tests-1] ExtentReportListener - test is added in pool.
User is back to Graph page
[INFO ] 2024-11-16 18:22:07.427 [TestNG-tests-4] ExtentReportListener - test is added in pool.
[INFO ] 2024-11-16 18:22:07.627 [TestNG-tests-3] ExtentReportListener - test is added in pool.
We are in Implement Linked List in Python
Retrying test testUserRegistrationjson with status FAILURE for the 3 time.
]]></system-out>
  </testcase>
  <testcase name="testUserRegistrationjson[123123412, 123sA, 123sa, user name cannot be only numeric](18)" classname="pageTestEvents.RegisterPageEvents" time="0.687">
    <failure message="expected [user name cannot be only numeric] but found [password_mismatch:The two password fields didn’t match.]" type="java.lang.AssertionError"><![CDATA[java.lang.AssertionError: expected [user name cannot be only numeric] but found [password_mismatch:The two password fields didn’t match.]
	at org.testng.Assert.fail(Assert.java:111)
	at org.testng.Assert.failNotEquals(Assert.java:1578)
	at org.testng.Assert.assertEqualsImpl(Assert.java:150)
	at org.testng.Assert.assertEquals(Assert.java:132)
	at org.testng.Assert.assertEquals(Assert.java:656)
	at org.testng.Assert.assertEquals(Assert.java:666)
	at pageTestEvents.RegisterPageEvents.registerUser(RegisterPageEvents.java:42)
	at pageTestEvents.RegisterPageEvents.testUserRegistrationjson(RegisterPageEvents.java:76)
	at java.base/jdk.internal.reflect.DirectMethodHandleAccessor.invoke(DirectMethodHandleAccessor.java:104)
	at java.base/java.lang.reflect.Method.invoke(Method.java:578)
	at org.testng.internal.invokers.MethodInvocationHelper.invokeMethod(MethodInvocationHelper.java:141)
	at org.testng.internal.invokers.TestInvoker.invokeMethod(TestInvoker.java:686)
	at org.testng.internal.invokers.TestInvoker.retryFailed(TestInvoker.java:269)
	at org.testng.internal.invokers.MethodRunner.runInSequence(MethodRunner.java:76)
	at org.testng.internal.invokers.TestInvoker$MethodInvocationAgent.invoke(TestInvoker.java:992)
	at org.testng.internal.invokers.TestInvoker.invokeTestMethods(TestInvoker.java:203)
	at org.testng.internal.invokers.TestMethodWorker.invokeTestMethods(TestMethodWorker.java:154)
	at org.testng.internal.invokers.TestMethodWorker.run(TestMethodWorker.java:134)
	at java.base/java.util.ArrayList.forEach(ArrayList.java:1511)
	at org.testng.TestRunner.privateRun(TestRunner.java:739)
	at org.testng.TestRunner.run(TestRunner.java:614)
	at org.testng.SuiteRunner.runTest(SuiteRunner.java:421)
	at org.testng.SuiteRunner$SuiteWorker.run(SuiteRunner.java:463)
	at org.testng.internal.thread.ThreadUtil.lambda$execute$0(ThreadUtil.java:64)
	at java.base/java.util.concurrent.FutureTask.run(FutureTask.java:317)
	at java.base/java.util.concurrent.ThreadPoolExecutor.runWorker(ThreadPoolExecutor.java:1144)
	at java.base/java.util.concurrent.ThreadPoolExecutor$Worker.run(ThreadPoolExecutor.java:642)
	at java.base/java.lang.Thread.run(Thread.java:1589)
]]></failure>
  </testcase>
  <testcase name="arrayPage[0, Introduction](1)" classname="pageTestEvents.LinkedListPageEvents" time="0.045">
    <system-out><![CDATA[[INFO ] 2024-11-16 18:20:40.968 [TestNG-tests-1] ExtentReportListener - test is added in pool.
userSignIn
Scrutinizers
Numpysdet176
In SignIn pageextent report
]]></system-out>
  </testcase>
  <testcase name="arrayPage[1, Creating Linked LIst](2)" classname="pageTestEvents.LinkedListPageEvents" time="0.156">
    <system-out><![CDATA[[INFO ] 2024-11-16 18:20:43.341 [TestNG-tests-1] ExtentReportListener - test is added in pool.
Type: Tree, Index: 4
extent report
]]></system-out>
  </testcase>
  <testcase name="arrayPage[2, Types of Linked List](3)" classname="pageTestEvents.LinkedListPageEvents" time="0.741">
    <system-out><![CDATA[[INFO ] 2024-11-16 18:20:45.280 [TestNG-tests-2] ExtentReportListener - test is added in pool.
We are in Types of Linked List
We are in Arrays Using List
User is back to Stack page
extent report
]]></system-out>
  </testcase>
  <testcase name="arrayPage[3, Implement Linked List in Python](4)" classname="pageTestEvents.LinkedListPageEvents" time="0.075">
    <system-out><![CDATA[[INFO ] 2024-11-16 18:20:47.719 [TestNG-tests-2] ExtentReportListener - test is added in pool.
User is back to Stack page
We are in Implement Linked List in Python
[INFO ] 2024-11-16 18:20:48.197 [TestNG-tests-5] ExtentReportListener - test is added in pool.
[INFO ] 2024-11-16 18:20:48.276 [TestNG-tests-3] ExtentReportListener - test is added in pool.
extent report
]]></system-out>
  </testcase>
  <testcase name="arrayPage[4, Traversal](5)" classname="pageTestEvents.LinkedListPageEvents" time="0.037">
    <system-out><![CDATA[[INFO ] 2024-11-16 18:20:50.142 [TestNG-tests-2] ExtentReportListener - test is added in pool.
extent report
]]></system-out>
  </testcase>
  <testcase name="arrayPage[5, Insertion](6)" classname="pageTestEvents.LinkedListPageEvents" time="0.745">
    <system-out><![CDATA[extent report
]]></system-out>
  </testcase>
  <testcase name="arrayPage[6, Deletion](7)" classname="pageTestEvents.LinkedListPageEvents" time="0.204">
    <system-out><![CDATA[[INFO ] 2024-11-16 18:20:53.318 [TestNG-tests-1] ExtentReportListener - test is added in pool.
User is back to Array page
We are in Deletion
User is back to Stack page
[INFO ] 2024-11-16 18:20:54.067 [TestNG-tests-5] ExtentReportListener - test is added in pool.
extent report
]]></system-out>
  </testcase>
  <testcase name="graphPage[0, Introduction](1)" classname="pageTestEvents.LinkedListPageEvents" time="0.343">
    <system-out><![CDATA[[INFO ] 2024-11-16 18:20:56.009 [TestNG-tests-1] ExtentReportListener - test is added in pool.
We are in Introduction
[INFO ] 2024-11-16 18:20:56.320 [TestNG-tests-3] ExtentReportListener - test is added in pool.
User is back to Stack page
extent report
]]></system-out>
  </testcase>
  <testcase name="graphPage[1, Creating Linked LIst](2)" classname="pageTestEvents.LinkedListPageEvents" time="0.572">
    <system-out><![CDATA[We are in Implementation
extent report
]]></system-out>
  </testcase>
  <testcase name="graphPage[2, Types of Linked List](3)" classname="pageTestEvents.LinkedListPageEvents" time="0.01">
    <system-out><![CDATA[We are in Types of Linked List
[INFO ] 2024-11-16 18:21:00.911 [TestNG-tests-1] ExtentReportListener - test is added in pool.
User is back to Stack page
User is back to Array page
[INFO ] 2024-11-16 18:21:01.457 [TestNG-tests-5] ExtentReportListener - test is added in pool.
extent report
]]></system-out>
  </testcase>
  <testcase name="graphPage[3, Implement Linked List in Python](4)" classname="pageTestEvents.LinkedListPageEvents" time="0.567">
    <system-out><![CDATA[extent report
]]></system-out>
  </testcase>
  <testcase name="graphPage[4, Traversal](5)" classname="pageTestEvents.LinkedListPageEvents" time="0.585"/>
  <testcase name="graphPage[5, Insertion](6)" classname="pageTestEvents.LinkedListPageEvents" time="0.714">
    <system-out><![CDATA[extent report
]]></system-out>
  </testcase>
  <testcase name="graphPage[6, Deletion](7)" classname="pageTestEvents.LinkedListPageEvents" time="0.165">
    <system-out><![CDATA[extent report
]]></system-out>
  </testcase>
  <testcase name="invalidTopics[0, printhello](1)" classname="pageTestEvents.LinkedListPageEvents" time="0.497">
    <system-out><![CDATA[[INFO ] 2024-11-16 18:21:13.634 [TestNG-tests-2] ExtentReportListener - test is added in pool.
Testing registration with Username: , Password: , Confirm Password: , ExpectedMsg: Please enter User Name, Password and Confirm Password
User is back to Queue page
extent report
]]></system-out>
  </testcase>
  <testcase name="invalidTopics[1, printhello](2)" classname="pageTestEvents.LinkedListPageEvents" time="1.468">
    <system-out><![CDATA[[INFO ] 2024-11-16 18:21:16.777 [TestNG-tests-1] ExtentReportListener - test is added in pool.
User is back to Array page
In brosweredge
extent report
]]></system-out>
    <system-err><![CDATA[Nov 16, 2024 6:21:17 PM org.openqa.selenium.devtools.CdpVersionFinder findNearestMatch
WARNING: Unable to find an exact match for CDP version 130, returning the closest version; found: 128; Please update to a Selenium version that supports CDP version 130
]]></system-err>
  </testcase>
  <testcase name="invalidTopics[2, printhello](3)" classname="pageTestEvents.LinkedListPageEvents" time="1.367">
    <system-out><![CDATA[User is back to Queue page
true
2
1
2
User is back to Array page
extent report
]]></system-out>
  </testcase>
  <testcase name="invalidTopics[3, printhello](4)" classname="pageTestEvents.LinkedListPageEvents" time="0.223">
    <system-out><![CDATA[[INFO ] 2024-11-16 18:21:24.077 [TestNG-tests-1] ExtentReportListener - test is added in pool.
User is back to Tree page
extent report
]]></system-out>
  </testcase>
  <testcase name="invalidTopics[4, printhello](5)" classname="pageTestEvents.LinkedListPageEvents" time="0.31">
    <system-out><![CDATA[[INFO ] 2024-11-16 18:21:25.512 [TestNG-tests-4] ExtentReportListener - test is added in pool.
[INFO ] 2024-11-16 18:21:25.671 [TestNG-tests-3] ExtentReportListener - test is added in pool.
We are in Traversal
User is back to Queue page
true
2
1
2
We are in Applications of Array
[INFO ] 2024-11-16 18:21:26.435 [TestNG-tests-1] ExtentReportListener - test is added in pool.
extent report
]]></system-out>
  </testcase>
  <testcase name="invalidTopics[5, printhello](6)" classname="pageTestEvents.LinkedListPageEvents" time="1.404">
    <system-out><![CDATA[User is back to Queue page
extent report
]]></system-out>
  </testcase>
  <testcase name="invalidTopics[6, printhello](7)" classname="pageTestEvents.LinkedListPageEvents" time="0.363">
    <system-out><![CDATA[User is back to Queue page
User is back to Graph page
[INFO ] 2024-11-16 18:21:40.614 [TestNG-tests-1] ExtentReportListener - test is added in pool.
[INFO ] 2024-11-16 18:21:40.715 [TestNG-tests-3] ExtentReportListener - test is added in pool.
extent report
]]></system-out>
  </testcase>
  <testcase name="linkedListPageDropdn[0, Introduction](1)" classname="pageTestEvents.LinkedListPageEvents" time="0.298">
    <system-out><![CDATA[User is back to LinkedList page
User is back to Graph page
User is back to Queue page
[INFO ] 2024-11-16 18:21:41.878 [TestNG-tests-4] ExtentReportListener - test is added in pool.
[INFO ] 2024-11-16 18:21:42.162 [TestNG-tests-3] ExtentReportListener - test is added in pool.
We are in Introduction
[INFO ] 2024-11-16 18:21:42.191 [TestNG-tests-1] ExtentReportListener - test is added in pool.
extent report
]]></system-out>
  </testcase>
  <testcase name="linkedListPageDropdn[1, Creating Linked LIst](2)" classname="pageTestEvents.LinkedListPageEvents" time="0.299"/>
  <testcase name="linkedListPageDropdn[2, Types of Linked List](3)" classname="pageTestEvents.LinkedListPageEvents" time="0.314">
    <system-out><![CDATA[extent report
]]></system-out>
  </testcase>
  <testcase name="linkedListPageDropdn[3, Implement Linked List in Python](4)" classname="pageTestEvents.LinkedListPageEvents" time="0.563">
    <system-out><![CDATA[extent report
]]></system-out>
  </testcase>
  <testcase name="linkedListPageDropdn[4, Traversal](5)" classname="pageTestEvents.LinkedListPageEvents" time="0.591">
    <system-out><![CDATA[extent report
]]></system-out>
  </testcase>
  <testcase name="linkedListPageDropdn[5, Insertion](6)" classname="pageTestEvents.LinkedListPageEvents" time="0.284">
    <system-out><![CDATA[extent report
]]></system-out>
  </testcase>
  <testcase name="linkedListPageDropdn[6, Deletion](7)" classname="pageTestEvents.LinkedListPageEvents" time="0.577">
    <system-out><![CDATA[User is back to Queue page
extent report
]]></system-out>
  </testcase>
  <testcase name="nocodeTopics[0, Introduction](1)" classname="pageTestEvents.LinkedListPageEvents" time="0.026">
    <system-out><![CDATA[We are in Introduction
User is back to Tree page
User is back to Queue page
[INFO ] 2024-11-16 18:21:51.700 [TestNG-tests-5] ExtentReportListener - test is added in pool.
[INFO ] 2024-11-16 18:21:51.721 [TestNG-tests-1] ExtentReportListener - test is added in pool.
extent report
]]></system-out>
  </testcase>
  <testcase name="nocodeTopics[1, Creating Linked LIst](2)" classname="pageTestEvents.LinkedListPageEvents" time="0.237">
    <system-out><![CDATA[[INFO ] 2024-11-16 18:21:52.424 [TestNG-tests-4] ExtentReportListener - test is added in pool.
User is back to Queue page
We are in Creating Linked LIst
[INFO ] 2024-11-16 18:21:52.932 [TestNG-tests-1] ExtentReportListener - test is added in pool.
extent report
]]></system-out>
  </testcase>
  <testcase name="nocodeTopics[2, Types of Linked List](3)" classname="pageTestEvents.LinkedListPageEvents" time="0.007">
    <system-out><![CDATA[[INFO ] 2024-11-16 18:21:55.023 [TestNG-tests-2] ExtentReportListener - test is added in pool.
Testing registration with Username: Scrutinizers, Password: 123sA, Confirm Password: 123sa, ExpectedMsg: password length is less than 8
extent report
]]></system-out>
  </testcase>
  <testcase name="nocodeTopics[3, Implement Linked List in Python](4)" classname="pageTestEvents.LinkedListPageEvents" time="0.463">
    <system-out><![CDATA[We are in Implement Linked List in Python
[INFO ] 2024-11-16 18:21:57.201 [TestNG-tests-1] ExtentReportListener - test is added in pool.
User is back to Graph page
extent report
]]></system-out>
  </testcase>
  <testcase name="nocodeTopics[4, Traversal](5)" classname="pageTestEvents.LinkedListPageEvents" time="0.38">
    <system-out><![CDATA[extent report
]]></system-out>
  </testcase>
  <testcase name="nocodeTopics[5, Insertion](6)" classname="pageTestEvents.LinkedListPageEvents" time="0.427">
    <system-out><![CDATA[extent report
]]></system-out>
  </testcase>
  <testcase name="nocodeTopics[6, Deletion](7)" classname="pageTestEvents.LinkedListPageEvents" time="0.457">
    <system-out><![CDATA[extent report
]]></system-out>
  </testcase>
  <testcase name="queuePage[0, Introduction](1)" classname="pageTestEvents.LinkedListPageEvents" time="0.501">
    <system-out><![CDATA[extent report
]]></system-out>
  </testcase>
  <testcase name="queuePage[1, Creating Linked LIst](2)" classname="pageTestEvents.LinkedListPageEvents" time="0.262">
    <system-out><![CDATA[[INFO ] 2024-11-16 18:22:04.984 [TestNG-tests-3] ExtentReportListener - test is added in pool.
User is back to Tree page
User is back to Queue page
extent report
]]></system-out>
  </testcase>
  <testcase name="queuePage[2, Types of Linked List](3)" classname="pageTestEvents.LinkedListPageEvents" time="0.366">
    <system-out><![CDATA[extent report
]]></system-out>
  </testcase>
  <testcase name="queuePage[3, Implement Linked List in Python](4)" classname="pageTestEvents.LinkedListPageEvents" time="0.294"/>
  <testcase name="queuePage[4, Traversal](5)" classname="pageTestEvents.LinkedListPageEvents" time="0.641">
    <system-out><![CDATA[extent report
]]></system-out>
  </testcase>
  <testcase name="queuePage[5, Insertion](6)" classname="pageTestEvents.LinkedListPageEvents" time="0.612">
    <system-out><![CDATA[extent report
]]></system-out>
  </testcase>
  <testcase name="queuePage[6, Deletion](7)" classname="pageTestEvents.LinkedListPageEvents" time="0.077">
    <system-out><![CDATA[[INFO ] 2024-11-16 18:22:12.100 [TestNG-tests-5] ExtentReportListener - test is added in pool.
Landed on Main pageextent report
]]></system-out>
  </testcase>
  <testcase name="stackPage[0, Introduction](1)" classname="pageTestEvents.LinkedListPageEvents" time="0.115">
    <system-out><![CDATA[[INFO ] 2024-11-16 18:22:13.487 [TestNG-tests-2] ExtentReportListener - test is added in pool.
invalid data
In SignIn pageextent report
]]></system-out>
  </testcase>
  <testcase name="stackPage[1, Creating Linked LIst](2)" classname="pageTestEvents.LinkedListPageEvents" time="0.783">
    <system-out><![CDATA[In Teardown
extent report
]]></system-out>
  </testcase>
  <testcase name="stackPage[2, Types of Linked List](3)" classname="pageTestEvents.LinkedListPageEvents" time="0.679">
    <system-out><![CDATA[extent report
]]></system-out>
  </testcase>
  <testcase name="stackPage[3, Implement Linked List in Python](4)" classname="pageTestEvents.LinkedListPageEvents" time="0.717">
    <system-out><![CDATA[extent report
]]></system-out>
  </testcase>
  <testcase name="stackPage[4, Traversal](5)" classname="pageTestEvents.LinkedListPageEvents" time="0.072">
    <system-out><![CDATA[[INFO ] 2024-11-16 18:22:19.433 [TestNG-tests-5] ExtentReportListener - test is added in pool.
extent report
]]></system-out>
  </testcase>
  <testcase name="stackPage[5, Insertion](6)" classname="pageTestEvents.LinkedListPageEvents" time="0.665">
    <system-out><![CDATA[User is back to Graph page
We are in Implementation of Binary Trees
User is back to LinkedList page
[INFO ] 2024-11-16 18:22:20.173 [TestNG-tests-3] ExtentReportListener - test is added in pool.
[INFO ] 2024-11-16 18:22:20.236 [TestNG-tests-4] ExtentReportListener - test is added in pool.
We are in Insertion
extent report
]]></system-out>
  </testcase>
  <testcase name="stackPage[6, Deletion](7)" classname="pageTestEvents.LinkedListPageEvents" time="0.58">
    <system-out><![CDATA[User is back to LinkedList page
User is back to Graph page
[INFO ] 2024-11-16 18:22:21.589 [TestNG-tests-4] ExtentReportListener - test is added in pool.
[INFO ] 2024-11-16 18:22:21.691 [TestNG-tests-3] ExtentReportListener - test is added in pool.
We are in Deletion
extent report
]]></system-out>
  </testcase>
  <testcase name="topicsLinkedList[0, Introduction](1)" classname="pageTestEvents.LinkedListPageEvents" time="0.151">
    <system-out><![CDATA[We are in Introduction
extent report
]]></system-out>
  </testcase>
  <testcase name="topicsLinkedList[1, Creating Linked LIst](2)" classname="pageTestEvents.LinkedListPageEvents" time="0.287">
    <system-out><![CDATA[User is back to Queue page
true
2
1
2
User is back to LinkedList page
[INFO ] 2024-11-16 18:22:23.959 [TestNG-tests-1] ExtentReportListener - test is added in pool.
[INFO ] 2024-11-16 18:22:24.066 [TestNG-tests-4] ExtentReportListener - test is added in pool.
We are in Creating Linked LIst
extent report
]]></system-out>
  </testcase>
  <testcase name="topicsLinkedList[2, Types of Linked List](3)" classname="pageTestEvents.LinkedListPageEvents" time="0.315">
    <system-out><![CDATA[User is back to LinkedList page
[INFO ] 2024-11-16 18:22:25.131 [TestNG-tests-4] ExtentReportListener - test is added in pool.
We are in Types of Linked List
extent report
]]></system-out>
  </testcase>
  <testcase name="topicsLinkedList[3, Implement Linked List in Python](4)" classname="pageTestEvents.LinkedListPageEvents" time="0.785">
    <system-out><![CDATA[User is back to Tree page
User is back to LinkedList page
[INFO ] 2024-11-16 18:22:26.465 [TestNG-tests-5] ExtentReportListener - test is added in pool.
We are in Applications of Binary trees
[INFO ] 2024-11-16 18:22:26.906 [TestNG-tests-4] ExtentReportListener - test is added in pool.
We are in Implement Linked List in Python
extent report
]]></system-out>
  </testcase>
  <testcase name="topicsLinkedList[4, Traversal](5)" classname="pageTestEvents.LinkedListPageEvents" time="0.387">
    <system-out><![CDATA[We are in Traversal
extent report
]]></system-out>
  </testcase>
  <testcase name="topicsLinkedList[5, Insertion](6)" classname="pageTestEvents.LinkedListPageEvents" time="0.014">
    <system-out><![CDATA[[INFO ] 2024-11-16 18:22:30.016 [TestNG-tests-3] ExtentReportListener - test is added in pool.
[INFO ] 2024-11-16 18:22:30.190 [TestNG-tests-4] ExtentReportListener - test is added in pool.
User is back to Queue page
true
2
1
2
We are in Insertion
[INFO ] 2024-11-16 18:22:30.605 [TestNG-tests-1] ExtentReportListener - test is added in pool.
extent report
]]></system-out>
  </testcase>
  <testcase name="topicsLinkedList[6, Deletion](7)" classname="pageTestEvents.LinkedListPageEvents" time="0.371">
    <system-out><![CDATA[User is back to LinkedList page
[INFO ] 2024-11-16 18:22:31.582 [TestNG-tests-4] ExtentReportListener - test is added in pool.
We are in Deletion
extent report
]]></system-out>
  </testcase>
  <testcase name="treePage[0, Introduction](1)" classname="pageTestEvents.LinkedListPageEvents" time="0.421">
    <system-out><![CDATA[[INFO ] 2024-11-16 18:22:32.871 [TestNG-tests-4] ExtentReportListener - test is added in pool.
User is back to Tree page
We are in Introduction
[INFO ] 2024-11-16 18:22:33.305 [TestNG-tests-5] ExtentReportListener - test is added in pool.
extent report
]]></system-out>
  </testcase>
  <testcase name="treePage[1, Creating Linked LIst](2)" classname="pageTestEvents.LinkedListPageEvents" time="0.842">
    <system-out><![CDATA[We are in Binary Search Trees
User is back to LinkedList page
[INFO ] 2024-11-16 18:22:34.681 [TestNG-tests-4] ExtentReportListener - test is added in pool.
We are in Creating Linked LIst
extent report
]]></system-out>
  </testcase>
  <testcase name="treePage[2, Types of Linked List](3)" classname="pageTestEvents.LinkedListPageEvents" time="0.387">
    <system-out><![CDATA[extent report
]]></system-out>
  </testcase>
  <testcase name="treePage[3, Implement Linked List in Python](4)" classname="pageTestEvents.LinkedListPageEvents" time="0.932">
    <system-out><![CDATA[[INFO ] 2024-11-16 18:22:38.270 [TestNG-tests-4] ExtentReportListener - test is added in pool.
User is back to Graph page
We are in Implement Linked List in Python
User loggedout
In Teardown
extent report
]]></system-out>
  </testcase>
  <testcase name="treePage[4, Traversal](5)" classname="pageTestEvents.LinkedListPageEvents" time="0.254">
    <system-out><![CDATA[[INFO ] 2024-11-16 18:22:39.866 [TestNG-tests-4] ExtentReportListener - test is added in pool.
User is back to Tree page
We are in Traversal
[INFO ] 2024-11-16 18:22:40.417 [TestNG-tests-5] ExtentReportListener - test is added in pool.
extent report
]]></system-out>
  </testcase>
  <testcase name="treePage[5, Insertion](6)" classname="pageTestEvents.LinkedListPageEvents" time="0.723">
    <system-out><![CDATA[We are in Implementation Of BST
User is back to LinkedList page
[INFO ] 2024-11-16 18:22:41.417 [TestNG-tests-4] ExtentReportListener - test is added in pool.
We are in Insertion
extent report
]]></system-out>
  </testcase>
  <testcase name="treePage[6, Deletion](7)" classname="pageTestEvents.LinkedListPageEvents" time="0.765">
    <system-out><![CDATA[User is back to LinkedList page
[INFO ] 2024-11-16 18:22:43.199 [TestNG-tests-4] ExtentReportListener - test is added in pool.
We are in Deletion
extent report
]]></system-out>
  </testcase>
  <testcase name="tryHereTopics[0, Introduction](1)" classname="pageTestEvents.LinkedListPageEvents" time="1.089">
    <system-out><![CDATA[User is back to LinkedList page
[INFO ] 2024-11-16 18:22:45.008 [TestNG-tests-4] ExtentReportListener - test is added in pool.
We are in Introduction
extent report
]]></system-out>
  </testcase>
  <testcase name="tryHereTopics[1, Creating Linked LIst](2)" classname="pageTestEvents.LinkedListPageEvents" time="0.564">
    <system-out><![CDATA[User is back to LinkedList page
User is back to Tree page
[INFO ] 2024-11-16 18:22:47.068 [TestNG-tests-4] ExtentReportListener - test is added in pool.
[INFO ] 2024-11-16 18:22:47.131 [TestNG-tests-5] ExtentReportListener - test is added in pool.
We are in Creating Linked LIst
We are in Overview of Trees
extent report
]]></system-out>
  </testcase>
  <testcase name="tryHereTopics[2, Types of Linked List](3)" classname="pageTestEvents.LinkedListPageEvents" time="0.541">
    <system-out><![CDATA[User is back to LinkedList page
User is back to Tree page
[INFO ] 2024-11-16 18:22:48.468 [TestNG-tests-4] ExtentReportListener - test is added in pool.
[INFO ] 2024-11-16 18:22:48.651 [TestNG-tests-5] ExtentReportListener - test is added in pool.
We are in Types of Linked List
We are in Terminologies
extent report
]]></system-out>
  </testcase>
  <testcase name="tryHereTopics[3, Implement Linked List in Python](4)" classname="pageTestEvents.LinkedListPageEvents" time="0.751">
    <system-out><![CDATA[extent report
]]></system-out>
  </testcase>
  <testcase name="tryHereTopics[4, Traversal](5)" classname="pageTestEvents.LinkedListPageEvents" time="0.691">
    <system-out><![CDATA[extent report
]]></system-out>
  </testcase>
  <testcase name="tryHereTopics[5, Insertion](6)" classname="pageTestEvents.LinkedListPageEvents" time="0.947">
    <system-out><![CDATA[We are in Insertion
User is back to Tree page
extent report
]]></system-out>
  </testcase>
  <testcase name="tryHereTopics[6, Deletion](7)" classname="pageTestEvents.LinkedListPageEvents" time="0.029">
    <system-out><![CDATA[We are in Deletion
User is back to Tree page
[INFO ] 2024-11-16 18:22:56.087 [TestNG-tests-5] ExtentReportListener - test is added in pool.
extent report
]]></system-out>
  </testcase>
  <testcase name="validcodeTopics[0, print&apos;Hello&apos;](1)" classname="pageTestEvents.LinkedListPageEvents" time="0.516">
    <system-out><![CDATA[[INFO ] 2024-11-16 18:22:56.801 [TestNG-tests-4] ExtentReportListener - test is added in pool.
User is back to Tree page
We are in Introduction
[INFO ] 2024-11-16 18:22:57.236 [TestNG-tests-5] ExtentReportListener - test is added in pool.
We are in Implementation in Python
extent report
]]></system-out>
  </testcase>
  <testcase name="validcodeTopics[1, print&apos;Hello&apos;](2)" classname="pageTestEvents.LinkedListPageEvents" time="0.955">
    <system-out><![CDATA[User is back to Tree page
extent report
]]></system-out>
  </testcase>
  <testcase name="validcodeTopics[2, print&apos;Hello&apos;](3)" classname="pageTestEvents.LinkedListPageEvents" time="0.111">
    <system-out><![CDATA[User is back to Tree page
[INFO ] 2024-11-16 18:23:00.955 [TestNG-tests-5] ExtentReportListener - test is added in pool.
extent report
]]></system-out>
  </testcase>
  <testcase name="validcodeTopics[3, print&apos;Hello&apos;](4)" classname="pageTestEvents.LinkedListPageEvents" time="0.596">
    <system-out><![CDATA[[INFO ] 2024-11-16 18:23:01.810 [TestNG-tests-4] ExtentReportListener - test is added in pool.
User is back to Tree page
We are in Implement Linked List in Python
[INFO ] 2024-11-16 18:23:02.228 [TestNG-tests-5] ExtentReportListener - test is added in pool.
We are in Binary Search Trees
extent report
]]></system-out>
  </testcase>
  <testcase name="validcodeTopics[4, print&apos;Hello&apos;](5)" classname="pageTestEvents.LinkedListPageEvents" time="0.866">
    <system-out><![CDATA[extent report
]]></system-out>
  </testcase>
  <testcase name="validcodeTopics[5, print&apos;Hello&apos;](6)" classname="pageTestEvents.LinkedListPageEvents" time="0.466">
    <system-out><![CDATA[extent report
]]></system-out>
  </testcase>
  <testcase name="validcodeTopics[6, print&apos;Hello&apos;](7)" classname="pageTestEvents.LinkedListPageEvents" time="0.503">
    <system-out><![CDATA[extent report
]]></system-out>
  </testcase>
  <testcase name="invalidTopics[0, hello](1)" classname="pageTestEvents.StackPageEvents" time="0.183">
    <system-out><![CDATA[[INFO ] 2024-11-16 18:20:42.972 [TestNG-tests-1] ExtentReportListener - test is added in pool.
Type: Queue, Index: 3
extent report
]]></system-out>
  </testcase>
  <testcase name="invalidTopics[1, hello](2)" classname="pageTestEvents.StackPageEvents" time="0.369">
    <system-out><![CDATA[[INFO ] 2024-11-16 18:20:44.045 [TestNG-tests-5] ExtentReportListener - test is added in pool.
User is back to Array page
User is back to LinkedList page
User loggedout
In Teardown
We are in Implementation
[INFO ] 2024-11-16 18:20:44.766 [TestNG-tests-4] ExtentReportListener - test is added in pool.
[INFO ] 2024-11-16 18:20:44.895 [TestNG-tests-3] ExtentReportListener - test is added in pool.
extent report
]]></system-out>
    <system-err><![CDATA[log4j:WARN No appenders could be found for logger (freemarker.cache).
log4j:WARN Please initialize the log4j system properly.
log4j:WARN See http://logging.apache.org/log4j/1.2/faq.html#noconfig for more info.
]]></system-err>
  </testcase>
  <testcase name="invalidTopics[2, hello](3)" classname="pageTestEvents.StackPageEvents" time="1.234">
    <system-out><![CDATA[In broswerchrome
extent report
]]></system-out>
    <system-err><![CDATA[Nov 16, 2024 6:20:47 PM org.openqa.selenium.devtools.CdpVersionFinder findNearestMatch
WARNING: Unable to find an exact match for CDP version 131, returning the closest version; found: 128; Please update to a Selenium version that supports CDP version 131
]]></system-err>
  </testcase>
  <testcase name="nocodeTopics[0, Operations in Stack](1)" classname="pageTestEvents.StackPageEvents" time="0.711">
    <system-out><![CDATA[We are in Operations in Stack
We are in Basic Operations in Lists
User is back to LinkedList page
extent report
]]></system-out>
  </testcase>
  <testcase name="nocodeTopics[1, Implementation](2)" classname="pageTestEvents.StackPageEvents" time="0.277">
    <system-out><![CDATA[extent report
]]></system-out>
  </testcase>
  <testcase name="nocodeTopics[2, Applications](3)" classname="pageTestEvents.StackPageEvents" time="0.662">
    <system-out><![CDATA[User is back to Array page
User is back to LinkedList page
User is back to Stack page
User is back to Queue page
[INFO ] 2024-11-16 18:20:51.067 [TestNG-tests-4] ExtentReportListener - test is added in pool.
[INFO ] 2024-11-16 18:20:51.114 [TestNG-tests-5] ExtentReportListener - test is added in pool.
[INFO ] 2024-11-16 18:20:51.166 [TestNG-tests-3] ExtentReportListener - test is added in pool.
[INFO ] 2024-11-16 18:20:51.285 [TestNG-tests-1] ExtentReportListener - test is added in pool.
We are in Applications
We are in Insertion
We are in Applications of Array
extent report
]]></system-out>
  </testcase>
  <testcase name="topicsStack[0, Operations in Stack](1)" classname="pageTestEvents.StackPageEvents" time="0.037">
    <system-out><![CDATA[User is back to Queue page
[INFO ] 2024-11-16 18:20:53.051 [TestNG-tests-4] ExtentReportListener - test is added in pool.
We are in Operations in Stack
extent report
]]></system-out>
  </testcase>
  <testcase name="topicsStack[1, Implementation](2)" classname="pageTestEvents.StackPageEvents" time="0.16">
    <system-out><![CDATA[[INFO ] 2024-11-16 18:20:54.381 [TestNG-tests-3] ExtentReportListener - test is added in pool.
We are in Implementation
extent report
]]></system-out>
  </testcase>
  <testcase name="topicsStack[2, Applications](3)" classname="pageTestEvents.StackPageEvents" time="0.361">
    <system-out><![CDATA[User is back to LinkedList page
User is back to Stack page
User is back to Queue page
[INFO ] 2024-11-16 18:20:55.528 [TestNG-tests-5] ExtentReportListener - test is added in pool.
[INFO ] 2024-11-16 18:20:55.605 [TestNG-tests-4] ExtentReportListener - test is added in pool.
User is back to Array page
We are in Applications
extent report
]]></system-out>
  </testcase>
  <testcase name="tryHereTopics[0, Operations in Stack](1)" classname="pageTestEvents.StackPageEvents" time="0.979">
    <system-out><![CDATA[We are in Operations in Stack
User is back to LinkedList page
User is back to Array page
extent report
]]></system-out>
  </testcase>
  <testcase name="tryHereTopics[1, Implementation](2)" classname="pageTestEvents.StackPageEvents" time="0.141">
    <system-out><![CDATA[extent report
]]></system-out>
  </testcase>
  <testcase name="tryHereTopics[2, Applications](3)" classname="pageTestEvents.StackPageEvents" time="0.598">
    <system-out><![CDATA[[INFO ] 2024-11-16 18:21:01.720 [TestNG-tests-3] ExtentReportListener - test is added in pool.
We are in Applications
We are in Arrays in Python
User is back to LinkedList page
User is back to Queue page
extent report
]]></system-out>
  </testcase>
  <testcase name="validcodeTopics[0, print&quot;Hello&quot;;](1)" classname="pageTestEvents.StackPageEvents" time="1.308">
    <system-out><![CDATA[User is back to Array page
User is back to Queue page
User is back to LinkedList page
extent report
]]></system-out>
  </testcase>
  <testcase name="validcodeTopics[1, print&quot;Hello&quot;;](2)" classname="pageTestEvents.StackPageEvents" time="0.263">
    <system-out><![CDATA[[INFO ] 2024-11-16 18:21:06.419 [TestNG-tests-2] ExtentReportListener - test is added in pool.
User is back to Queue page
User is back to LinkedList page
User is back to Array page
We are in Implementation
[INFO ] 2024-11-16 18:21:07.411 [TestNG-tests-1] ExtentReportListener - test is added in pool.
[INFO ] 2024-11-16 18:21:07.433 [TestNG-tests-4] ExtentReportListener - test is added in pool.
[INFO ] 2024-11-16 18:21:07.722 [TestNG-tests-3] ExtentReportListener - test is added in pool.
We are in Insertion
extent report
]]></system-out>
  </testcase>
  <testcase name="validcodeTopics[2, print&quot;Hello&quot;;](3)" classname="pageTestEvents.StackPageEvents" time="0.139">
    <system-out><![CDATA[[INFO ] 2024-11-16 18:21:10.066 [TestNG-tests-2] ExtentReportListener - test is added in pool.
extent report
]]></system-out>
  </testcase>
  <testcase name="invalidTopics[0, printhello](1)" classname="pageTestEvents.ArrayPageEvents" time="0.35">
    <system-out><![CDATA[extent report
 : webelement selected
extent report
]]></system-out>
  </testcase>
  <testcase name="invalidTopics[1, printhello](2)" classname="pageTestEvents.ArrayPageEvents" time="0.73">
    <system-out><![CDATA[[INFO ] 2024-11-16 18:20:46.069 [TestNG-tests-5] ExtentReportListener - test is added in pool.
We are in Applications
User is back to LinkedList page
extent report
]]></system-out>
  </testcase>
  <testcase name="invalidTopics[2, printhello](3)" classname="pageTestEvents.ArrayPageEvents" time="0.158">
    <system-out><![CDATA[[INFO ] 2024-11-16 18:20:49.305 [TestNG-tests-4] ExtentReportListener - test is added in pool.
User is back to Stack page
[INFO ] 2024-11-16 18:20:49.684 [TestNG-tests-5] ExtentReportListener - test is added in pool.
We are in Traversal
[INFO ] 2024-11-16 18:20:49.825 [TestNG-tests-1] ExtentReportListener - test is added in pool.
We are in Implementation
extent report
]]></system-out>
  </testcase>
  <testcase name="invalidTopics[3, printhello](4)" classname="pageTestEvents.ArrayPageEvents" time="0.122">
    <system-out><![CDATA[User is back to Stack page
User is back to LinkedList page
[INFO ] 2024-11-16 18:20:52.724 [TestNG-tests-5] ExtentReportListener - test is added in pool.
extent report
]]></system-out>
  </testcase>
  <testcase name="topicsArray[0, Arrays in Python](1)" classname="pageTestEvents.ArrayPageEvents" time="0.108">
    <system-out><![CDATA[[INFO ] 2024-11-16 18:20:54.810 [TestNG-tests-2] ExtentReportListener - test is added in pool.
We are in Arrays in Python
extent report
]]></system-out>
  </testcase>
  <testcase name="topicsArray[1, Arrays Using List](2)" classname="pageTestEvents.ArrayPageEvents" time="0.548">
    <system-out><![CDATA[We are in Arrays Using List
extent report
]]></system-out>
  </testcase>
  <testcase name="topicsArray[2, Basic Operations in Lists](3)" classname="pageTestEvents.ArrayPageEvents" time="0.234">
    <system-out><![CDATA[[INFO ] 2024-11-16 18:20:58.708 [TestNG-tests-2] ExtentReportListener - test is added in pool.
[INFO ] 2024-11-16 18:20:58.718 [TestNG-tests-1] ExtentReportListener - test is added in pool.
We are in Creating Linked LIst
[INFO ] 2024-11-16 18:20:58.783 [TestNG-tests-5] ExtentReportListener - test is added in pool.
We are in Basic Operations in Lists
extent report
]]></system-out>
  </testcase>
  <testcase name="topicsArray[3, Applications of Array](4)" classname="pageTestEvents.ArrayPageEvents" time="0.047">
    <system-out><![CDATA[User is back to LinkedList page
[INFO ] 2024-11-16 18:21:00.125 [TestNG-tests-3] ExtentReportListener - test is added in pool.
User is back to Queue page
[INFO ] 2024-11-16 18:21:00.441 [TestNG-tests-4] ExtentReportListener - test is added in pool.
We are in Applications of Array
extent report
]]></system-out>
  </testcase>
  <testcase name="tryHereTopics[0, Arrays in Python](1)" classname="pageTestEvents.ArrayPageEvents" time="0.062">
    <system-out><![CDATA[[INFO ] 2024-11-16 18:21:02.486 [TestNG-tests-2] ExtentReportListener - test is added in pool.
[INFO ] 2024-11-16 18:21:02.875 [TestNG-tests-4] ExtentReportListener - test is added in pool.
[INFO ] 2024-11-16 18:21:02.904 [TestNG-tests-1] ExtentReportListener - test is added in pool.
User is back to Stack page
true
4no of rows
3
2no of columns
We are in Implement Linked List in Python
[INFO ] 2024-11-16 18:21:03.509 [TestNG-tests-5] ExtentReportListener - test is added in pool.
extent report
]]></system-out>
  </testcase>
  <testcase name="tryHereTopics[1, Arrays Using List](2)" classname="pageTestEvents.ArrayPageEvents" time="0.597">
    <system-out><![CDATA[extent report
]]></system-out>
  </testcase>
  <testcase name="tryHereTopics[2, Basic Operations in Lists](3)" classname="pageTestEvents.ArrayPageEvents" time="0.182">
    <system-out><![CDATA[User is back to Stack page
[INFO ] 2024-11-16 18:21:08.854 [TestNG-tests-5] ExtentReportListener - test is added in pool.
User is back to Queue page
extent report
]]></system-out>
  </testcase>
  <testcase name="tryHereTopics[3, Applications of Array](4)" classname="pageTestEvents.ArrayPageEvents" time="0.788">
    <system-out><![CDATA[We are in Introduction
User is back to Queue page
extent report
]]></system-out>
  </testcase>
  <testcase name="nocodeTopics[0, Arrays in Python](1)" classname="pageTestEvents.ArrayPageEvents" time="0.399">
    <system-out><![CDATA[[INFO ] 2024-11-16 18:21:16.004 [TestNG-tests-2] ExtentReportListener - test is added in pool.
Testing registration with Username: , Password: Numpysdet176, Confirm Password: Numpysdet176, ExpectedMsg: Please fill out this field. below User Name
extent report
]]></system-out>
  </testcase>
  <testcase name="nocodeTopics[1, Arrays Using List](2)" classname="pageTestEvents.ArrayPageEvents" time="0.653">
    <system-out><![CDATA[extent report
]]></system-out>
  </testcase>
  <testcase name="nocodeTopics[2, Basic Operations in Lists](3)" classname="pageTestEvents.ArrayPageEvents" time="1.186">
    <system-out><![CDATA[extent report
]]></system-out>
  </testcase>
  <testcase name="nocodeTopics[3, Applications of Array](4)" classname="pageTestEvents.ArrayPageEvents" time="0.813">
    <system-out><![CDATA[extent report
]]></system-out>
  </testcase>
  <testcase name="validcodeTopics[0, print&apos;Hello&apos;](1)" classname="pageTestEvents.ArrayPageEvents" time="0.352">
    <failure message="expected [Hello] but found []" type="java.lang.AssertionError"><![CDATA[java.lang.AssertionError: expected [Hello] but found []
	at org.testng.Assert.fail(Assert.java:111)
	at org.testng.Assert.failNotEquals(Assert.java:1578)
	at org.testng.Assert.assertEqualsImpl(Assert.java:150)
	at org.testng.Assert.assertEquals(Assert.java:132)
	at org.testng.Assert.assertEquals(Assert.java:656)
	at org.testng.Assert.assertEquals(Assert.java:666)
	at pageTestEvents.ArrayPageEvents.validcodeTopics(ArrayPageEvents.java:77)
	at java.base/jdk.internal.reflect.DirectMethodHandleAccessor.invoke(DirectMethodHandleAccessor.java:104)
	at java.base/java.lang.reflect.Method.invoke(Method.java:578)
	at org.testng.internal.invokers.MethodInvocationHelper.invokeMethod(MethodInvocationHelper.java:141)
	at org.testng.internal.invokers.TestInvoker.invokeMethod(TestInvoker.java:686)
	at org.testng.internal.invokers.TestInvoker.invokeTestMethod(TestInvoker.java:230)
	at org.testng.internal.invokers.MethodRunner.runInSequence(MethodRunner.java:63)
	at org.testng.internal.invokers.TestInvoker$MethodInvocationAgent.invoke(TestInvoker.java:992)
	at org.testng.internal.invokers.TestInvoker.invokeTestMethods(TestInvoker.java:203)
	at org.testng.internal.invokers.TestMethodWorker.invokeTestMethods(TestMethodWorker.java:154)
	at org.testng.internal.invokers.TestMethodWorker.run(TestMethodWorker.java:134)
	at java.base/java.util.ArrayList.forEach(ArrayList.java:1511)
	at org.testng.TestRunner.privateRun(TestRunner.java:739)
	at org.testng.TestRunner.run(TestRunner.java:614)
	at org.testng.SuiteRunner.runTest(SuiteRunner.java:421)
	at org.testng.SuiteRunner$SuiteWorker.run(SuiteRunner.java:463)
	at org.testng.internal.thread.ThreadUtil.lambda$execute$0(ThreadUtil.java:64)
	at java.base/java.util.concurrent.FutureTask.run(FutureTask.java:317)
	at java.base/java.util.concurrent.ThreadPoolExecutor.runWorker(ThreadPoolExecutor.java:1144)
	at java.base/java.util.concurrent.ThreadPoolExecutor$Worker.run(ThreadPoolExecutor.java:642)
	at java.base/java.lang.Thread.run(Thread.java:1589)
]]></failure>
    <system-out><![CDATA[[INFO ] 2024-11-16 18:21:29.369 [TestNG-tests-2] ExtentReportListener - test is added in pool.
Testing registration with Username: Scrutinizers, Password: 123456789, Confirm Password: 123456789, ExpectedMsg: password cannot be only numeric
print'Hello'
[INFO ] 2024-11-16 18:21:29.677 [TestNG-tests-1] ExtentReportListener - test is added in pool.
    :   actualOutput
]]></system-out>
  </testcase>
  <testcase name="backtoArray" classname="pageTestEvents.ArrayPageEvents" time="0.378">
    <failure message="Unable to locate element: //a[text()=&apos;Data Structures&apos;]&#10;For documentation on this error, please visit: https://www.selenium.dev/documentation/webdriver/troubleshooting/errors#no-such-element-exception&#10;Build info: version: &apos;4.24.0&apos;, revision: &apos;748ffc9bc3&apos;&#10;System info: os.name: &apos;Windows 11&apos;, os.arch: &apos;amd64&apos;, os.version: &apos;10.0&apos;, java.version: &apos;19.0.2&apos;&#10;Driver info: org.openqa.selenium.firefox.FirefoxDriver&#10;Command: [c16d38b2-4666-4bec-a5cd-ccc5e59980bf, findElement {using=xpath, value=//a[text()=&apos;Data Structures&apos;]}]&#10;Capabilities {acceptInsecureCerts: true, browserName: firefox, browserVersion: 132.0.2, moz:accessibilityChecks: false, moz:buildID: 20241110231641, moz:debuggerAddress: 127.0.0.1:8275, moz:geckodriverVersion: 0.35.0, moz:headless: false, moz:platformVersion: 10.0, moz:processID: 57208, moz:profile: C:\Users\geeta\AppData\Loca..., moz:shutdownTimeout: 60000, moz:webdriverClick: true, moz:windowless: false, pageLoadStrategy: normal, platformName: windows, proxy: Proxy(), se:cdp: ws://127.0.0.1:8275/devtool..., se:cdpVersion: 85.0, setWindowRect: true, strictFileInteractability: false, timeouts: {implicit: 0, pageLoad: 300000, script: 30000}, unhandledPromptBehavior: dismiss and notify, userAgent: Mozilla/5.0 (Windows NT 10....}&#10;Session ID: c16d38b2-4666-4bec-a5cd-ccc5e59980bf" type="org.openqa.selenium.NoSuchElementException"><![CDATA[org.openqa.selenium.NoSuchElementException: 
Unable to locate element: //a[text()='Data Structures']
For documentation on this error, please visit: https://www.selenium.dev/documentation/webdriver/troubleshooting/errors#no-such-element-exception
Build info: version: '4.24.0', revision: '748ffc9bc3'
System info: os.name: 'Windows 11', os.arch: 'amd64', os.version: '10.0', java.version: '19.0.2'
Driver info: org.openqa.selenium.firefox.FirefoxDriver
Command: [c16d38b2-4666-4bec-a5cd-ccc5e59980bf, findElement {using=xpath, value=//a[text()='Data Structures']}]
Capabilities {acceptInsecureCerts: true, browserName: firefox, browserVersion: 132.0.2, moz:accessibilityChecks: false, moz:buildID: 20241110231641, moz:debuggerAddress: 127.0.0.1:8275, moz:geckodriverVersion: 0.35.0, moz:headless: false, moz:platformVersion: 10.0, moz:processID: 57208, moz:profile: C:\Users\geeta\AppData\Loca..., moz:shutdownTimeout: 60000, moz:webdriverClick: true, moz:windowless: false, pageLoadStrategy: normal, platformName: windows, proxy: Proxy(), se:cdp: ws://127.0.0.1:8275/devtool..., se:cdpVersion: 85.0, setWindowRect: true, strictFileInteractability: false, timeouts: {implicit: 0, pageLoad: 300000, script: 30000}, unhandledPromptBehavior: dismiss and notify, userAgent: Mozilla/5.0 (Windows NT 10....}
Session ID: c16d38b2-4666-4bec-a5cd-ccc5e59980bf
	at java.base/jdk.internal.reflect.DirectConstructorHandleAccessor.newInstance(DirectConstructorHandleAccessor.java:67)
	at java.base/java.lang.reflect.Constructor.newInstanceWithCaller(Constructor.java:500)
	at java.base/java.lang.reflect.Constructor.newInstance(Constructor.java:484)
	at org.openqa.selenium.remote.ErrorCodec.decode(ErrorCodec.java:167)
	at org.openqa.selenium.remote.codec.w3c.W3CHttpResponseCodec.decode(W3CHttpResponseCodec.java:138)
	at org.openqa.selenium.remote.codec.w3c.W3CHttpResponseCodec.decode(W3CHttpResponseCodec.java:50)
	at org.openqa.selenium.remote.HttpCommandExecutor.execute(HttpCommandExecutor.java:190)
	at org.openqa.selenium.remote.service.DriverCommandExecutor.invokeExecute(DriverCommandExecutor.java:216)
	at org.openqa.selenium.remote.service.DriverCommandExecutor.execute(DriverCommandExecutor.java:174)
	at org.openqa.selenium.remote.RemoteWebDriver.execute(RemoteWebDriver.java:545)
	at org.openqa.selenium.remote.ElementLocation$ElementFinder$2.findElement(ElementLocation.java:165)
	at org.openqa.selenium.remote.ElementLocation.findElement(ElementLocation.java:59)
	at org.openqa.selenium.remote.RemoteWebDriver.findElement(RemoteWebDriver.java:368)
	at org.openqa.selenium.remote.RemoteWebDriver.findElement(RemoteWebDriver.java:362)
	at pageObjects.ArrayPage.backToArray(ArrayPage.java:208)
	at pageTestEvents.ArrayPageEvents.backtoArray(ArrayPageEvents.java:134)
	at java.base/jdk.internal.reflect.DirectMethodHandleAccessor.invoke(DirectMethodHandleAccessor.java:104)
	at java.base/java.lang.reflect.Method.invoke(Method.java:578)
	at org.testng.internal.invokers.MethodInvocationHelper.invokeMethod(MethodInvocationHelper.java:141)
	at org.testng.internal.invokers.MethodInvocationHelper.invokeMethodConsideringTimeout(MethodInvocationHelper.java:71)
	at org.testng.internal.invokers.ConfigInvoker.invokeConfigurationMethod(ConfigInvoker.java:400)
	at org.testng.internal.invokers.ConfigInvoker.invokeConfigurations(ConfigInvoker.java:333)
	at org.testng.internal.invokers.TestInvoker.runConfigMethods(TestInvoker.java:833)
	at org.testng.internal.invokers.TestInvoker.runAfterConfigurations(TestInvoker.java:802)
	at org.testng.internal.invokers.TestInvoker.invokeMethod(TestInvoker.java:778)
	at org.testng.internal.invokers.TestInvoker.invokeTestMethod(TestInvoker.java:230)
	at org.testng.internal.invokers.MethodRunner.runInSequence(MethodRunner.java:63)
	at org.testng.internal.invokers.TestInvoker$MethodInvocationAgent.invoke(TestInvoker.java:992)
	at org.testng.internal.invokers.TestInvoker.invokeTestMethods(TestInvoker.java:203)
	at org.testng.internal.invokers.TestMethodWorker.invokeTestMethods(TestMethodWorker.java:154)
	at org.testng.internal.invokers.TestMethodWorker.run(TestMethodWorker.java:134)
	at java.base/java.util.ArrayList.forEach(ArrayList.java:1511)
	at org.testng.TestRunner.privateRun(TestRunner.java:739)
	at org.testng.TestRunner.run(TestRunner.java:614)
	at org.testng.SuiteRunner.runTest(SuiteRunner.java:421)
	at org.testng.SuiteRunner$SuiteWorker.run(SuiteRunner.java:463)
	at org.testng.internal.thread.ThreadUtil.lambda$execute$0(ThreadUtil.java:64)
	at java.base/java.util.concurrent.FutureTask.run(FutureTask.java:317)
	at java.base/java.util.concurrent.ThreadPoolExecutor.runWorker(ThreadPoolExecutor.java:1144)
	at java.base/java.util.concurrent.ThreadPoolExecutor$Worker.run(ThreadPoolExecutor.java:642)
	at java.base/java.lang.Thread.run(Thread.java:1589)
]]></failure>
  </testcase>
  <testcase name="backtoArray" classname="pageTestEvents.ArrayPageEvents" time="0">
    <skipped/>
  </testcase>
  <testcase name="backtoArray" classname="pageTestEvents.ArrayPageEvents" time="0">
    <skipped/>
  </testcase>
  <testcase name="backtoArray" classname="pageTestEvents.ArrayPageEvents" time="0">
    <skipped/>
  </testcase>
  <testcase name="backtoArray" classname="pageTestEvents.ArrayPageEvents" time="0">
    <skipped/>
[...]
We are in Overview of Trees
extent report
]]></system-out>
  </testcase>
  <testcase name="validcodeTopics[1, print&apos;Hello&apos;](2)" classname="pageTestEvents.TreePageEvents" time="0.853">
    <system-out><![CDATA[User is back to Tree page
[INFO ] 2024-11-16 18:23:31.442 [TestNG-tests-5] ExtentReportListener - test is added in pool.
We are in Terminologies
extent report
]]></system-out>
  </testcase>
  <testcase name="validcodeTopics[2, print&apos;Hello&apos;](3)" classname="pageTestEvents.TreePageEvents" time="0.789">
    <system-out><![CDATA[User is back to Tree page
[INFO ] 2024-11-16 18:23:32.968 [TestNG-tests-5] ExtentReportListener - test is added in pool.
We are in Types of Trees
extent report
]]></system-out>
  </testcase>
  <testcase name="validcodeTopics[3, print&apos;Hello&apos;](4)" classname="pageTestEvents.TreePageEvents" time="0.746">
    <system-out><![CDATA[User is back to Tree page
[INFO ] 2024-11-16 18:23:34.252 [TestNG-tests-5] ExtentReportListener - test is added in pool.
We are in Tree Traversals
extent report
]]></system-out>
  </testcase>
  <testcase name="validcodeTopics[4, print&apos;Hello&apos;](5)" classname="pageTestEvents.TreePageEvents" time="0.811">
    <system-out><![CDATA[User is back to Tree page
[INFO ] 2024-11-16 18:23:35.426 [TestNG-tests-5] ExtentReportListener - test is added in pool.
We are in Traversals-Illustration
extent report
]]></system-out>
  </testcase>
  <testcase name="validcodeTopics[5, print&apos;Hello&apos;](6)" classname="pageTestEvents.TreePageEvents" time="0.77">
    <system-out><![CDATA[User is back to Tree page
[INFO ] 2024-11-16 18:23:36.935 [TestNG-tests-5] ExtentReportListener - test is added in pool.
We are in Binary Trees
extent report
]]></system-out>
  </testcase>
  <testcase name="validcodeTopics[6, print&apos;Hello&apos;](7)" classname="pageTestEvents.TreePageEvents" time="0.912">
    <system-out><![CDATA[User is back to Tree page
[INFO ] 2024-11-16 18:23:38.218 [TestNG-tests-5] ExtentReportListener - test is added in pool.
We are in Types of Binary Trees
extent report
]]></system-out>
  </testcase>
  <testcase name="validcodeTopics[7, print&apos;Hello&apos;](8)" classname="pageTestEvents.TreePageEvents" time="0.785">
    <system-out><![CDATA[User is back to Tree page
[INFO ] 2024-11-16 18:23:39.848 [TestNG-tests-5] ExtentReportListener - test is added in pool.
We are in Implementation in Python
extent report
]]></system-out>
  </testcase>
  <testcase name="validcodeTopics[8, print&apos;Hello&apos;](9)" classname="pageTestEvents.TreePageEvents" time="0.876">
    <system-out><![CDATA[User is back to Tree page
[INFO ] 2024-11-16 18:23:41.128 [TestNG-tests-5] ExtentReportListener - test is added in pool.
We are in Binary Tree Traversals
extent report
]]></system-out>
  </testcase>
  <testcase name="validcodeTopics[9, print&apos;Hello&apos;](10)" classname="pageTestEvents.TreePageEvents" time="0.875">
    <system-out><![CDATA[User is back to Tree page
[INFO ] 2024-11-16 18:23:42.682 [TestNG-tests-5] ExtentReportListener - test is added in pool.
We are in Implementation of Binary Trees
extent report
]]></system-out>
  </testcase>
  <testcase name="validcodeTopics[10, print&apos;Hello&apos;](11)" classname="pageTestEvents.TreePageEvents" time="0.879">
    <system-out><![CDATA[User is back to Tree page
[INFO ] 2024-11-16 18:23:44.147 [TestNG-tests-5] ExtentReportListener - test is added in pool.
We are in Applications of Binary trees
extent report
]]></system-out>
  </testcase>
  <testcase name="validcodeTopics[11, print&apos;Hello&apos;](12)" classname="pageTestEvents.TreePageEvents" time="1.776">
    <system-out><![CDATA[User is back to Tree page
[INFO ] 2024-11-16 18:23:45.804 [TestNG-tests-5] ExtentReportListener - test is added in pool.
We are in Binary Search Trees
extent report
]]></system-out>
  </testcase>
  <testcase name="validcodeTopics[12, print&apos;Hello&apos;](13)" classname="pageTestEvents.TreePageEvents" time="0.783">
    <system-out><![CDATA[User is back to Tree page
[INFO ] 2024-11-16 18:23:48.188 [TestNG-tests-5] ExtentReportListener - test is added in pool.
We are in Implementation Of BST
extent report
]]></system-out>
  </testcase>
  <testcase name="arrayPage" classname="pageTestEvents.GraphPageEvents" time="0.363">
    <system-out><![CDATA[[INFO ] 2024-11-16 18:21:35.960 [TestNG-tests-3] ExtentReportListener - test is added in pool.
[INFO ] 2024-11-16 18:21:35.960 [TestNG-tests-2] ExtentReportListener - test is added in pool.
Testing registration with Username: Scrutinizers, Password: 123sA, Confirm Password: 123sa, ExpectedMsg: password length doesnot meet
[INFO ] 2024-11-16 18:21:36.092 [TestNG-tests-1] ExtentReportListener - test is added in pool.
extent report
]]></system-out>
  </testcase>
  <testcase name="arrayPageT1" classname="pageTestEvents.GraphPageEvents" time="0.103">
    <system-out><![CDATA[[INFO ] 2024-11-16 18:21:37.571 [TestNG-tests-1] ExtentReportListener - test is added in pool.
extent report
]]></system-out>
  </testcase>
  <testcase name="arrayPageT2" classname="pageTestEvents.GraphPageEvents" time="0.003">
    <system-out><![CDATA[We are in Tree Traversals
User is back to Queue page
extent report
[INFO ] 2024-11-16 18:21:39.122 [TestNG-tests-1] ExtentReportListener - test is added in pool.
]]></system-out>
  </testcase>
  <testcase name="graphDdropDown" classname="pageTestEvents.GraphPageEvents" time="0.297">
    <system-out><![CDATA[extent report
]]></system-out>
  </testcase>
  <testcase name="graphDdropDownT1" classname="pageTestEvents.GraphPageEvents" time="0.663">
    <system-out><![CDATA[extent report
]]></system-out>
  </testcase>
  <testcase name="graphDdropDownT2" classname="pageTestEvents.GraphPageEvents" time="0.241">
    <system-out><![CDATA[extent report
]]></system-out>
  </testcase>
  <testcase name="invalidCodeGraph[print&quot;Hello&quot;;, hello](1)" classname="pageTestEvents.GraphPageEvents" time="0.368">
    <system-out><![CDATA[We are in Deletion
extent report
]]></system-out>
  </testcase>
  <testcase name="invalidCodeGraphRep[print&quot;Hello&quot;;, hello](1)" classname="pageTestEvents.GraphPageEvents" time="0.385">
    <system-out><![CDATA[[INFO ] 2024-11-16 18:21:56.500 [TestNG-tests-4] ExtentReportListener - test is added in pool.
User is back to Queue page
extent report
]]></system-out>
  </testcase>
  <testcase name="linkedListPage" classname="pageTestEvents.GraphPageEvents" time="0.476">
    <system-out><![CDATA[User is back to LinkedList page
User is back to Queue page
User is back to Tree page
extent report
]]></system-out>
  </testcase>
  <testcase name="linkedListPageT1" classname="pageTestEvents.GraphPageEvents" time="0.72">
    <system-out><![CDATA[User is back to Queue page
extent report
]]></system-out>
  </testcase>
  <testcase name="linkedListPageT2" classname="pageTestEvents.GraphPageEvents" time="0.701">
    <system-out><![CDATA[User is back to Queue page
extent report
]]></system-out>
  </testcase>
  <testcase name="nocodeGraph" classname="pageTestEvents.GraphPageEvents" time="0.764">
    <system-out><![CDATA[User is back to Queue page
extent report
]]></system-out>
  </testcase>
  <testcase name="nocodeGraphRepresentation" classname="pageTestEvents.GraphPageEvents" time="0.801">
    <system-out><![CDATA[User is back to Queue page
extent report
]]></system-out>
  </testcase>
  <testcase name="practiceQueT1" classname="pageTestEvents.GraphPageEvents" time="0.012">
    <failure message="expected [true] but found [false]" type="java.lang.AssertionError"><![CDATA[java.lang.AssertionError: expected [true] but found [false]
	at org.testng.Assert.fail(Assert.java:111)
	at org.testng.Assert.failNotEquals(Assert.java:1578)
	at org.testng.Assert.assertTrue(Assert.java:57)
	at org.testng.Assert.assertTrue(Assert.java:67)
	at pageTestEvents.GraphPageEvents.practiceQueT1(GraphPageEvents.java:165)
	at java.base/jdk.internal.reflect.DirectMethodHandleAccessor.invoke(DirectMethodHandleAccessor.java:104)
	at java.base/java.lang.reflect.Method.invoke(Method.java:578)
	at org.testng.internal.invokers.MethodInvocationHelper.invokeMethod(MethodInvocationHelper.java:141)
	at org.testng.internal.invokers.TestInvoker.invokeMethod(TestInvoker.java:686)
	at org.testng.internal.invokers.TestInvoker.invokeTestMethod(TestInvoker.java:230)
	at org.testng.internal.invokers.MethodRunner.runInSequence(MethodRunner.java:63)
	at org.testng.internal.invokers.TestInvoker$MethodInvocationAgent.invoke(TestInvoker.java:992)
	at org.testng.internal.invokers.TestInvoker.invokeTestMethods(TestInvoker.java:203)
	at org.testng.internal.invokers.TestMethodWorker.invokeTestMethods(TestMethodWorker.java:154)
	at org.testng.internal.invokers.TestMethodWorker.run(TestMethodWorker.java:134)
	at java.base/java.util.ArrayList.forEach(ArrayList.java:1511)
	at org.testng.TestRunner.privateRun(TestRunner.java:739)
	at org.testng.TestRunner.run(TestRunner.java:614)
	at org.testng.SuiteRunner.runTest(SuiteRunner.java:421)
	at org.testng.SuiteRunner$SuiteWorker.run(SuiteRunner.java:463)
	at org.testng.internal.thread.ThreadUtil.lambda$execute$0(ThreadUtil.java:64)
	at java.base/java.util.concurrent.FutureTask.run(FutureTask.java:317)
	at java.base/java.util.concurrent.ThreadPoolExecutor.runWorker(ThreadPoolExecutor.java:1144)
	at java.base/java.util.concurrent.ThreadPoolExecutor$Worker.run(ThreadPoolExecutor.java:642)
	at java.base/java.lang.Thread.run(Thread.java:1589)
]]></failure>
    <system-out><![CDATA[[INFO ] 2024-11-16 18:22:05.380 [TestNG-tests-5] ExtentReportListener - test is added in pool.
[INFO ] 2024-11-16 18:22:05.577 [TestNG-tests-1] ExtentReportListener - test is added in pool.
false
]]></system-out>
  </testcase>
  <testcase name="practiceQueT2" classname="pageTestEvents.GraphPageEvents" time="0.583">
    <failure message="expected [true] but found [false]" type="java.lang.AssertionError"><![CDATA[java.lang.AssertionError: expected [true] but found [false]
	at org.testng.Assert.fail(Assert.java:111)
	at org.testng.Assert.failNotEquals(Assert.java:1578)
	at org.testng.Assert.assertTrue(Assert.java:57)
	at org.testng.Assert.assertTrue(Assert.java:67)
	at pageTestEvents.GraphPageEvents.practiceQueT2(GraphPageEvents.java:176)
	at java.base/jdk.internal.reflect.DirectMethodHandleAccessor.invoke(DirectMethodHandleAccessor.java:104)
	at java.base/java.lang.reflect.Method.invoke(Method.java:578)
	at org.testng.internal.invokers.MethodInvocationHelper.invokeMethod(MethodInvocationHelper.java:141)
	at org.testng.internal.invokers.TestInvoker.invokeMethod(TestInvoker.java:686)
	at org.testng.internal.invokers.TestInvoker.invokeTestMethod(TestInvoker.java:230)
	at org.testng.internal.invokers.MethodRunner.runInSequence(MethodRunner.java:63)
	at org.testng.internal.invokers.TestInvoker$MethodInvocationAgent.invoke(TestInvoker.java:992)
	at org.testng.internal.invokers.TestInvoker.invokeTestMethods(TestInvoker.java:203)
	at org.testng.internal.invokers.TestMethodWorker.invokeTestMethods(TestMethodWorker.java:154)
	at org.testng.internal.invokers.TestMethodWorker.run(TestMethodWorker.java:134)
	at java.base/java.util.ArrayList.forEach(ArrayList.java:1511)
	at org.testng.TestRunner.privateRun(TestRunner.java:739)
	at org.testng.TestRunner.run(TestRunner.java:614)
	at org.testng.SuiteRunner.runTest(SuiteRunner.java:421)
	at org.testng.SuiteRunner$SuiteWorker.run(SuiteRunner.java:463)
	at org.testng.internal.thread.ThreadUtil.lambda$execute$0(ThreadUtil.java:64)
	at java.base/java.util.concurrent.FutureTask.run(FutureTask.java:317)
	at java.base/java.util.concurrent.ThreadPoolExecutor.runWorker(ThreadPoolExecutor.java:1144)
	at java.base/java.util.concurrent.ThreadPoolExecutor$Worker.run(ThreadPoolExecutor.java:642)
	at java.base/java.lang.Thread.run(Thread.java:1589)
]]></failure>
    <system-out><![CDATA[User is back to Queue page
false
]]></system-out>
  </testcase>
  <testcase name="queuePage" classname="pageTestEvents.GraphPageEvents" time="0.294">
    <system-out><![CDATA[extent report
extent report
]]></system-out>
  </testcase>
  <testcase name="queuePageT1" classname="pageTestEvents.GraphPageEvents" time="0.621">
    <system-out><![CDATA[extent report
]]></system-out>
  </testcase>
  <testcase name="queuePageT2" classname="pageTestEvents.GraphPageEvents" time="0.59">
    <system-out><![CDATA[User is back to Queue page
true
2
1
2
User is back to Graph page
User is back to LinkedList page
[INFO ] 2024-11-16 18:22:10.172 [TestNG-tests-3] ExtentReportListener - test is added in pool.
[INFO ] 2024-11-16 18:22:10.231 [TestNG-tests-4] ExtentReportListener - test is added in pool.
[INFO ] 2024-11-16 18:22:10.247 [TestNG-tests-1] ExtentReportListener - test is added in pool.
We are in Insertion
extent report
]]></system-out>
  </testcase>
  <testcase name="stackPage" classname="pageTestEvents.GraphPageEvents" time="0.251">
    <system-out><![CDATA[[INFO ] 2024-11-16 18:22:11.734 [TestNG-tests-2] ExtentReportListener - test is added in pool.
invalid data
In SignIn pageUser is back to Tree page
We are in Deletion
extent report
]]></system-out>
  </testcase>
  <testcase name="stackPageT1" classname="pageTestEvents.GraphPageEvents" time="0.056">
    <system-out><![CDATA[[INFO ] 2024-11-16 18:22:13.275 [TestNG-tests-2] ExtentReportListener - test is added in pool.
invalid data
In SignIn pageextent report
]]></system-out>
  </testcase>
  <testcase name="stackPageT2" classname="pageTestEvents.GraphPageEvents" time="0.438">
    <system-out><![CDATA[[INFO ] 2024-11-16 18:22:14.112 [TestNG-tests-2] ExtentReportListener - test is added in pool.
valid data
In SignIn page[INFO ] 2024-11-16 18:22:14.114 [TestNG-tests-3] ExtentReportListener - test is added in pool.
[INFO ] 2024-11-16 18:22:14.335 [TestNG-tests-4] ExtentReportListener - test is added in pool.
We are in Creating Linked LIst
extent report
]]></system-out>
  </testcase>
  <testcase name="treePage" classname="pageTestEvents.GraphPageEvents" time="0.387">
    <system-out><![CDATA[User is back to Graph page
User is back to LinkedList page
[INFO ] 2024-11-16 18:22:15.728 [TestNG-tests-3] ExtentReportListener - test is added in pool.
[INFO ] 2024-11-16 18:22:15.930 [TestNG-tests-4] ExtentReportListener - test is added in pool.
We are in Types of Linked List
extent report
]]></system-out>
  </testcase>
  <testcase name="treePageT1" classname="pageTestEvents.GraphPageEvents" time="0.495">
    <system-out><![CDATA[User is back to Graph page
User is back to Queue page
true
2
1
2
User is back to LinkedList page
[INFO ] 2024-11-16 18:22:17.044 [TestNG-tests-3] ExtentReportListener - test is added in pool.
[INFO ] 2024-11-16 18:22:17.268 [TestNG-tests-1] ExtentReportListener - test is added in pool.
[INFO ] 2024-11-16 18:22:17.325 [TestNG-tests-4] ExtentReportListener - test is added in pool.
We are in Implement Linked List in Python
extent report
]]></system-out>
  </testcase>
  <testcase name="treePageT2" classname="pageTestEvents.GraphPageEvents" time="0.58">
    <system-out><![CDATA[[INFO ] 2024-11-16 18:22:18.821 [TestNG-tests-4] ExtentReportListener - test is added in pool.
User is back to Tree page
We are in Traversal
extent report
]]></system-out>
  </testcase>
  <testcase name="tryHereGraph" classname="pageTestEvents.GraphPageEvents" time="0.708">
    <system-out><![CDATA[extent report
]]></system-out>
  </testcase>
  <testcase name="tryHereGraphRepresentation" classname="pageTestEvents.GraphPageEvents" time="0.698">
    <system-out><![CDATA[extent report
]]></system-out>
  </testcase>
  <testcase name="validCodeGraph[print&quot;Hello&quot;;, hello](1)" classname="pageTestEvents.GraphPageEvents" time="0.367">
    <system-out><![CDATA[User is back to LinkedList page
[INFO ] 2024-11-16 18:22:28.875 [TestNG-tests-4] ExtentReportListener - test is added in pool.
extent report
]]></system-out>
  </testcase>
  <testcase name="validCodeGraphRep[print&quot;Hello&quot;;, hello](1)" classname="pageTestEvents.GraphPageEvents" time="1.335">
    <system-out><![CDATA[User is back to LinkedList page
extent report
]]></system-out>
  </testcase>
  <testcase name="graphTopic" classname="pageTestEvents.GraphPageEvents" time="0.224">
    <system-out><![CDATA[Graph
extent report
]]></system-out>
  </testcase>
  <testcase name="graphRepresentationTopic" classname="pageTestEvents.GraphPageEvents" time="0.236">
    <system-out><![CDATA[User is back to Queue page
User is back to Graph page
User loggedout
In Teardown
User is back to LinkedList page
[INFO ] 2024-11-16 18:22:37.857 [TestNG-tests-3] ExtentReportListener - test is added in pool.
Graph Representations
extent report
]]></system-out>
  </testcase>
  <testcase name="testPageTitle" classname="pageTestEvents.SignInPageEvents" time="0.021">
    <system-out><![CDATA[@BeforeClass
[INFO ] 2024-11-16 18:22:11.088 [TestNG-tests-2] ExtentReportListener - test is added in pool.
chk SignIn PageTitle: Login and checked with : Login
extent report
]]></system-out>
  </testcase>
  <testcase name="testSignInInvalidData[Numpysdet175, user, Invalid Username and Password](1)" classname="pageTestEvents.SignInPageEvents" time="0.173">
    <system-out><![CDATA[[INFO ] 2024-11-16 18:22:11.537 [TestNG-tests-4] ExtentReportListener - test is added in pool.
[INFO ] 2024-11-16 18:22:11.560 [TestNG-tests-3] ExtentReportListener - test is added in pool.
Landed on Main pageExpected message Invalid Username and Password
extent report
]]></system-out>
  </testcase>
  <testcase name="testSignInInvalidData[username, sdet175batch, Invalid Username and Password](2)" classname="pageTestEvents.SignInPageEvents" time="0.15">
    <system-out><![CDATA[Expected message Invalid Username and Password
extent report
]]></system-out>
  </testcase>
  <testcase name="testSignInInvalidData[Numpysdet175, sdet175batch, Invalid Username and Password](3)" classname="pageTestEvents.SignInPageEvents" time="0.004">
    <system-out><![CDATA[[INFO ] 2024-11-16 18:22:12.250 [TestNG-tests-2] ExtentReportListener - test is added in pool.
invalid data
In SignIn pageUser is back to Graph page
We are in Binary Tree Traversals
User is back to LinkedList page
Landed on Main page[INFO ] 2024-11-16 18:22:12.745 [TestNG-tests-3] ExtentReportListener - test is added in pool.
Expected message Invalid Username and Password
extent report
]]></system-out>
  </testcase>
  <testcase name="testSignInInvalidData[!!!@@##$$, !!!@@##$$$$$, Invalid Username and Password](4)" classname="pageTestEvents.SignInPageEvents" time="0.376">
    <system-out><![CDATA[[INFO ] 2024-11-16 18:22:12.750 [TestNG-tests-2] ExtentReportListener - test is added in pool.
invalid data
In SignIn page[INFO ] 2024-11-16 18:22:12.896 [TestNG-tests-4] ExtentReportListener - test is added in pool.
We are in Introduction
Landed on Main pageExpected message Invalid Username and Password
extent report
]]></system-out>
  </testcase>
  <testcase name="testSignInInvalidData[, , Please fill out this field.](5)" classname="pageTestEvents.SignInPageEvents" time="0.215">
    <system-out><![CDATA[Landed on Main pageextent report
]]></system-out>
  </testcase>
  <testcase name="testSignInInvalidData[, qwer123, Please fill out this field.](6)" classname="pageTestEvents.SignInPageEvents" time="0.206">
    <system-out><![CDATA[Landed on Main pageextent report
]]></system-out>
  </testcase>
  <testcase name="testSignInInvalidData[Numpysdet175, , Please fill out this field.](7)" classname="pageTestEvents.SignInPageEvents" time="0.351">
    <system-out><![CDATA[[INFO ] 2024-11-16 18:22:13.694 [TestNG-tests-2] ExtentReportListener - test is added in pool.
invalid data
In SignIn pageUser is back to Graph page
User is back to LinkedList page
Landed on Main pageextent report
]]></system-out>
  </testcase>
  <testcase name="testSignInData[Scrutinizers, Numpysdet176, You are logged in](1)" classname="pageTestEvents.SignInPageEvents" time="0.472">
    <system-out><![CDATA[Landed on Main pageextent report
]]></system-out>
  </testcase>
</testsuite>