<?xml version="1.0" encoding="UTF-8"?>
<!-- Generated by org.testng.reporters.JUnitXMLReporter -->
<testsuite ignored="4" hostname="Anvi" failures="0" tests="26" name="Test Parallel Edge2" time="4.566" errors="0" timestamp="2024-11-15T13:00:54 CST">
  <testcase classname="pageTestEvents.RegisterPageEvents" name="testPageTitle" time="0.0">
    <skipped/>
  </testcase> <!-- testPageTitle -->
  <testcase classname="pageTestEvents.RegisterPageEvents" name="testUserRegistration" time="0.0">
    <skipped/>
  </testcase> <!-- testUserRegistration -->
  <testcase classname="pageTestEvents.RegisterPageEvents" name="testUserRegistration" time="0.0">
    <skipped/>
  </testcase> <!-- testUserRegistration -->
  <testcase classname="pageTestEvents.RegisterPageEvents" name="testUserRegistration" time="0.0">
    <skipped/>
  </testcase> <!-- testUserRegistration -->
  <testcase classname="pageTestEvents.RegisterPageEvents" name="testUserRegistration" time="0.0">
    <skipped/>
  </testcase> <!-- testUserRegistration -->
  <testcase classname="pageTestEvents.RegisterPageEvents" name="testUserRegistration" time="0.0">
    <skipped/>
  </testcase> <!-- testUserRegistration -->
  <testcase classname="pageTestEvents.RegisterPageEvents" name="testUserRegistration" time="0.0">
    <skipped/>
  </testcase> <!-- testUserRegistration -->
  <testcase classname="pageTestEvents.RegisterPageEvents" name="testUserRegistration" time="0.0">
    <skipped/>
  </testcase> <!-- testUserRegistration -->
  <testcase classname="pageTestEvents.RegisterPageEvents" name="testUserRegistrationjson" time="0.0">
    <skipped/>
  </testcase> <!-- testUserRegistrationjson -->
  <testcase classname="pageTestEvents.RegisterPageEvents" name="testUserRegistrationjson" time="0.0">
    <skipped/>
  </testcase> <!-- testUserRegistrationjson -->
  <testcase classname="pageTestEvents.RegisterPageEvents" name="testUserRegistrationjson" time="0.0">
    <skipped/>
  </testcase> <!-- testUserRegistrationjson -->
  <testcase classname="pageTestEvents.RegisterPageEvents" name="testUserRegistrationjson" time="0.0">
    <skipped/>
  </testcase> <!-- testUserRegistrationjson -->
  <testcase classname="pageTestEvents.RegisterPageEvents" name="testUserRegistrationjson" time="0.0">
    <skipped/>
  </testcase> <!-- testUserRegistrationjson -->
  <testcase classname="pageTestEvents.RegisterPageEvents" name="testUserRegistrationjson" time="0.0">
    <skipped/>
  </testcase> <!-- testUserRegistrationjson -->
  <testcase classname="pageTestEvents.RegisterPageEvents" name="testUserRegistrationjson" time="0.0">
    <skipped/>
  </testcase> <!-- testUserRegistrationjson -->
  <testcase classname="pageTestEvents.RegisterPageEvents" name="testUserRegistrationjson" time="0.0">
    <skipped/>
  </testcase> <!-- testUserRegistrationjson -->
  <testcase classname="pageTestEvents.RegisterPageEvents" name="testUserRegistrationjson" time="0.0">
    <skipped/>
  </testcase> <!-- testUserRegistrationjson -->
  <testcase classname="pageTestEvents.SignInPageEvents" name="testPageTitle" time="0.0">
    <skipped/>
  </testcase> <!-- testPageTitle -->
  <testcase classname="pageTestEvents.SignInPageEvents" name="testSignInInvalidData" time="0.0">
    <skipped/>
  </testcase> <!-- testSignInInvalidData -->
  <testcase classname="pageTestEvents.SignInPageEvents" name="testSignInInvalidData" time="0.0">
    <skipped/>
  </testcase> <!-- testSignInInvalidData -->
  <testcase classname="pageTestEvents.SignInPageEvents" name="testSignInInvalidData" time="0.0">
    <skipped/>
  </testcase> <!-- testSignInInvalidData -->
  <testcase classname="pageTestEvents.SignInPageEvents" name="testSignInInvalidData" time="0.0">
    <skipped/>
  </testcase> <!-- testSignInInvalidData -->
  <testcase classname="pageTestEvents.SignInPageEvents" name="testSignInInvalidData" time="0.0">
    <skipped/>
  </testcase> <!-- testSignInInvalidData -->
  <testcase classname="pageTestEvents.SignInPageEvents" name="testSignInInvalidData" time="0.0">
    <skipped/>
  </testcase> <!-- testSignInInvalidData -->
  <testcase classname="pageTestEvents.SignInPageEvents" name="testSignInInvalidData" time="0.0">
    <skipped/>
  </testcase> <!-- testSignInInvalidData -->
  <testcase classname="pageTestEvents.SignInPageEvents" name="testSignInData" time="0.0">
    <skipped/>
  </testcase> <!-- testSignInData -->
  <testcase classname="base.BaseTest" name="@AfterTest tearDown" time="0.0">
    <ignored/>
  </testcase> <!-- @AfterTest tearDown -->
  <testcase classname="base.BaseTest" name="@AfterTest tearDown" time="0.0">
    <ignored/>
  </testcase> <!-- @AfterTest tearDown -->
  <testcase classname="base.BaseTest" name="@BeforeTest setUP" time="0.0">
    <ignored/>
  </testcase> <!-- @BeforeTest setUP -->
  <testcase classname="base.BaseTest" name="@BeforeTest setUP" time="0.0">
    <ignored/>
  </testcase> <!-- @BeforeTest setUP -->
</testsuite> <!-- Test Parallel Edge2 -->
