<?xml version="1.0" encoding="UTF-8"?>
<testng-results retried="12" ignored="12" total="332" passed="299" failed="9" skipped="0">
  <reporter-output>
  </reporter-output>
  <suite started-at="2024-11-16T18:06:20 CST" name="Suite_Seq" finished-at="2024-11-16T18:16:03 CST" duration-ms="583373">
    <groups>
    </groups>
    <test started-at="2024-11-16T18:06:20 CST" name="Test Parallel Home and Dashboard modules.Browser:Chrome" finished-at="2024-11-16T18:16:03 CST" duration-ms="583373">
      <class name="pageTestEvents.LinkedListPageEvents">
        <test-method is-config="true" signature="Login()[pri:0, instance:pageTestEvents.LinkedListPageEvents@7d61eccf]" started-at="2024-11-16T18:08:22 CST" name="Login" finished-at="2024-11-16T18:08:23 CST" duration-ms="789" status="PASS">
          <reporter-output>
          </reporter-output>
        </test-method> <!-- Login -->
        <test-method is-config="true" signature="linkedListPage()[pri:0, instance:pageTestEvents.LinkedListPageEvents@7d61eccf]" started-at="2024-11-16T18:08:23 CST" name="linkedListPage" finished-at="2024-11-16T18:08:23 CST" duration-ms="442" status="PASS">
          <reporter-output>
          </reporter-output>
        </test-method> <!-- linkedListPage -->
        <test-method signature="arrayPage(int,java.lang.String)[pri:0, instance:pageTestEvents.LinkedListPageEvents@7d61eccf]" started-at="2024-11-16T18:08:23 CST" name="arrayPage" data-provider="LinkedList Topics" finished-at="2024-11-16T18:08:24 CST" duration-ms="661" status="PASS">
          <params>
            <param index="0">
              <value>
                <![CDATA[0]]>
              </value>
            </param>
            <param index="1">
              <value>
                <![CDATA[Introduction]]>
              </value>
            </param>
          </params>
          <reporter-output>
          </reporter-output>
        </test-method> <!-- arrayPage -->
        <test-method is-config="true" signature="backtoQueue()[pri:0, instance:pageTestEvents.LinkedListPageEvents@7d61eccf]" started-at="2024-11-16T18:08:24 CST" name="backtoQueue" finished-at="2024-11-16T18:08:24 CST" duration-ms="384" status="PASS">
          <reporter-output>
          </reporter-output>
        </test-method> <!-- backtoQueue -->
        <test-method is-config="true" signature="linkedListPage()[pri:0, instance:pageTestEvents.LinkedListPageEvents@7d61eccf]" started-at="2024-11-16T18:08:24 CST" name="linkedListPage" finished-at="2024-11-16T18:08:24 CST" duration-ms="328" status="PASS">
          <reporter-output>
          </reporter-output>
        </test-method> <!-- linkedListPage -->
        <test-method signature="arrayPage(int,java.lang.String)[pri:0, instance:pageTestEvents.LinkedListPageEvents@7d61eccf]" started-at="2024-11-16T18:08:24 CST" name="arrayPage" data-provider="LinkedList Topics" finished-at="2024-11-16T18:08:25 CST" duration-ms="764" status="PASS">
          <params>
            <param index="0">
              <value>
                <![CDATA[1]]>
              </value>
            </param>
            <param index="1">
              <value>
                <![CDATA[Creating Linked LIst]]>
              </value>
            </param>
          </params>
          <reporter-output>
          </reporter-output>
        </test-method> <!-- arrayPage -->
        <test-method is-config="true" signature="backtoQueue()[pri:0, instance:pageTestEvents.LinkedListPageEvents@7d61eccf]" started-at="2024-11-16T18:08:25 CST" name="backtoQueue" finished-at="2024-11-16T18:08:26 CST" duration-ms="298" status="PASS">
          <reporter-output>
          </reporter-output>
        </test-method> <!-- backtoQueue -->
        <test-method is-config="true" signature="linkedListPage()[pri:0, instance:pageTestEvents.LinkedListPageEvents@7d61eccf]" started-at="2024-11-16T18:08:26 CST" name="linkedListPage" finished-at="2024-11-16T18:08:26 CST" duration-ms="395" status="PASS">
          <reporter-output>
          </reporter-output>
        </test-method> <!-- linkedListPage -->
        <test-method signature="arrayPage(int,java.lang.String)[pri:0, instance:pageTestEvents.LinkedListPageEvents@7d61eccf]" started-at="2024-11-16T18:08:26 CST" name="arrayPage" data-provider="LinkedList Topics" finished-at="2024-11-16T18:08:27 CST" duration-ms="974" status="PASS">
          <params>
            <param index="0">
              <value>
                <![CDATA[2]]>
              </value>
            </param>
            <param index="1">
              <value>
                <![CDATA[Types of Linked List]]>
              </value>
            </param>
          </params>
          <reporter-output>
          </reporter-output>
        </test-method> <!-- arrayPage -->
        <test-method is-config="true" signature="backtoQueue()[pri:0, instance:pageTestEvents.LinkedListPageEvents@7d61eccf]" started-at="2024-11-16T18:08:27 CST" name="backtoQueue" finished-at="2024-11-16T18:08:27 CST" duration-ms="469" status="PASS">
          <reporter-output>
          </reporter-output>
        </test-method> <!-- backtoQueue -->
        <test-method is-config="true" signature="linkedListPage()[pri:0, instance:pageTestEvents.LinkedListPageEvents@7d61eccf]" started-at="2024-11-16T18:08:27 CST" name="linkedListPage" finished-at="2024-11-16T18:08:28 CST" duration-ms="324" status="PASS">
          <reporter-output>
          </reporter-output>
        </test-method> <!-- linkedListPage -->
        <test-method signature="arrayPage(int,java.lang.String)[pri:0, instance:pageTestEvents.LinkedListPageEvents@7d61eccf]" started-at="2024-11-16T18:08:28 CST" name="arrayPage" data-provider="LinkedList Topics" finished-at="2024-11-16T18:08:28 CST" duration-ms="699" status="PASS">
          <params>
            <param index="0">
              <value>
                <![CDATA[3]]>
              </value>
            </param>
            <param index="1">
              <value>
                <![CDATA[Implement Linked List in Python]]>
              </value>
            </param>
          </params>
          <reporter-output>
          </reporter-output>
        </test-method> <!-- arrayPage -->
        <test-method is-config="true" signature="backtoQueue()[pri:0, instance:pageTestEvents.LinkedListPageEvents@7d61eccf]" started-at="2024-11-16T18:08:28 CST" name="backtoQueue" finished-at="2024-11-16T18:08:29 CST" duration-ms="334" status="PASS">
          <reporter-output>
          </reporter-output>
        </test-method> <!-- backtoQueue -->
        <test-method is-config="true" signature="linkedListPage()[pri:0, instance:pageTestEvents.LinkedListPageEvents@7d61eccf]" started-at="2024-11-16T18:08:29 CST" name="linkedListPage" finished-at="2024-11-16T18:08:29 CST" duration-ms="414" status="PASS">
          <reporter-output>
          </reporter-output>
        </test-method> <!-- linkedListPage -->
        <test-method signature="arrayPage(int,java.lang.String)[pri:0, instance:pageTestEvents.LinkedListPageEvents@7d61eccf]" started-at="2024-11-16T18:08:29 CST" name="arrayPage" data-provider="LinkedList Topics" finished-at="2024-11-16T18:08:30 CST" duration-ms="644" status="PASS">
          <params>
            <param index="0">
              <value>
                <![CDATA[4]]>
              </value>
            </param>
            <param index="1">
              <value>
                <![CDATA[Traversal]]>
              </value>
            </param>
          </params>
          <reporter-output>
          </reporter-output>
        </test-method> <!-- arrayPage -->
        <test-method is-config="true" signature="backtoQueue()[pri:0, instance:pageTestEvents.LinkedListPageEvents@7d61eccf]" started-at="2024-11-16T18:08:30 CST" name="backtoQueue" finished-at="2024-11-16T18:08:30 CST" duration-ms="372" status="PASS">
          <reporter-output>
          </reporter-output>
        </test-method> <!-- backtoQueue -->
        <test-method is-config="true" signature="linkedListPage()[pri:0, instance:pageTestEvents.LinkedListPageEvents@7d61eccf]" started-at="2024-11-16T18:08:30 CST" name="linkedListPage" finished-at="2024-11-16T18:08:30 CST" duration-ms="340" status="PASS">
          <reporter-output>
          </reporter-output>
        </test-method> <!-- linkedListPage -->
        <test-method signature="arrayPage(int,java.lang.String)[pri:0, instance:pageTestEvents.LinkedListPageEvents@7d61eccf]" started-at="2024-11-16T18:08:30 CST" name="arrayPage" data-provider="LinkedList Topics" finished-at="2024-11-16T18:08:31 CST" duration-ms="669" status="PASS">
          <params>
            <param index="0">
              <value>
                <![CDATA[5]]>
              </value>
            </param>
            <param index="1">
              <value>
                <![CDATA[Insertion]]>
              </value>
            </param>
          </params>
          <reporter-output>
          </reporter-output>
        </test-method> <!-- arrayPage -->
        <test-method is-config="true" signature="backtoQueue()[pri:0, instance:pageTestEvents.LinkedListPageEvents@7d61eccf]" started-at="2024-11-16T18:08:31 CST" name="backtoQueue" finished-at="2024-11-16T18:08:32 CST" duration-ms="413" status="PASS">
          <reporter-output>
          </reporter-output>
        </test-method> <!-- backtoQueue -->
        <test-method is-config="true" signature="linkedListPage()[pri:0, instance:pageTestEvents.LinkedListPageEvents@7d61eccf]" started-at="2024-11-16T18:08:32 CST" name="linkedListPage" finished-at="2024-11-16T18:08:32 CST" duration-ms="394" status="PASS">
          <reporter-output>
          </reporter-output>
        </test-method> <!-- linkedListPage -->
        <test-method signature="arrayPage(int,java.lang.String)[pri:0, instance:pageTestEvents.LinkedListPageEvents@7d61eccf]" started-at="2024-11-16T18:08:32 CST" name="arrayPage" data-provider="LinkedList Topics" finished-at="2024-11-16T18:08:33 CST" duration-ms="915" status="PASS">
          <params>
            <param index="0">
              <value>
                <![CDATA[6]]>
              </value>
            </param>
            <param index="1">
              <value>
                <![CDATA[Deletion]]>
              </value>
            </param>
          </params>
          <reporter-output>
          </reporter-output>
        </test-method> <!-- arrayPage -->
        <test-method is-config="true" signature="backtoQueue()[pri:0, instance:pageTestEvents.LinkedListPageEvents@7d61eccf]" started-at="2024-11-16T18:08:33 CST" name="backtoQueue" finished-at="2024-11-16T18:08:33 CST" duration-ms="484" status="PASS">
          <reporter-output>
          </reporter-output>
        </test-method> <!-- backtoQueue -->
        <test-method is-config="true" signature="linkedListPage()[pri:0, instance:pageTestEvents.LinkedListPageEvents@7d61eccf]" started-at="2024-11-16T18:08:33 CST" name="linkedListPage" finished-at="2024-11-16T18:08:34 CST" duration-ms="384" status="PASS">
          <reporter-output>
          </reporter-output>
        </test-method> <!-- linkedListPage -->
        <test-method signature="graphPage(int,java.lang.String)[pri:0, instance:pageTestEvents.LinkedListPageEvents@7d61eccf]" started-at="2024-11-16T18:08:34 CST" name="graphPage" data-provider="LinkedList Topics" finished-at="2024-11-16T18:08:35 CST" duration-ms="761" status="PASS">
          <params>
            <param index="0">
              <value>
                <![CDATA[0]]>
              </value>
            </param>
            <param index="1">
              <value>
                <![CDATA[Introduction]]>
              </value>
            </param>
          </params>
          <reporter-output>
          </reporter-output>
        </test-method> <!-- graphPage -->
        <test-method is-config="true" signature="backtoQueue()[pri:0, instance:pageTestEvents.LinkedListPageEvents@7d61eccf]" started-at="2024-11-16T18:08:35 CST" name="backtoQueue" finished-at="2024-11-16T18:08:35 CST" duration-ms="429" status="PASS">
          <reporter-output>
          </reporter-output>
        </test-method> <!-- backtoQueue -->
        <test-method is-config="true" signature="linkedListPage()[pri:0, instance:pageTestEvents.LinkedListPageEvents@7d61eccf]" started-at="2024-11-16T18:08:35 CST" name="linkedListPage" finished-at="2024-11-16T18:08:36 CST" duration-ms="686" status="PASS">
          <reporter-output>
          </reporter-output>
        </test-method> <!-- linkedListPage -->
        <test-method signature="graphPage(int,java.lang.String)[pri:0, instance:pageTestEvents.LinkedListPageEvents@7d61eccf]" started-at="2024-11-16T18:08:36 CST" name="graphPage" data-provider="LinkedList Topics" finished-at="2024-11-16T18:08:36 CST" duration-ms="811" status="PASS">
          <params>
            <param index="0">
              <value>
                <![CDATA[1]]>
              </value>
            </param>
            <param index="1">
              <value>
                <![CDATA[Creating Linked LIst]]>
              </value>
            </param>
          </params>
          <reporter-output>
          </reporter-output>
        </test-method> <!-- graphPage -->
        <test-method is-config="true" signature="backtoQueue()[pri:0, instance:pageTestEvents.LinkedListPageEvents@7d61eccf]" started-at="2024-11-16T18:08:36 CST" name="backtoQueue" finished-at="2024-11-16T18:08:37 CST" duration-ms="508" status="PASS">
          <reporter-output>
          </reporter-output>
        </test-method> <!-- backtoQueue -->
        <test-method is-config="true" signature="linkedListPage()[pri:0, instance:pageTestEvents.LinkedListPageEvents@7d61eccf]" started-at="2024-11-16T18:08:37 CST" name="linkedListPage" finished-at="2024-11-16T18:08:37 CST" duration-ms="451" status="PASS">
          <reporter-output>
          </reporter-output>
        </test-method> <!-- linkedListPage -->
        <test-method signature="graphPage(int,java.lang.String)[pri:0, instance:pageTestEvents.LinkedListPageEvents@7d61eccf]" started-at="2024-11-16T18:08:37 CST" name="graphPage" data-provider="LinkedList Topics" finished-at="2024-11-16T18:08:38 CST" duration-ms="796" status="PASS">
          <params>
            <param index="0">
              <value>
                <![CDATA[2]]>
              </value>
            </param>
            <param index="1">
              <value>
                <![CDATA[Types of Linked List]]>
              </value>
            </param>
          </params>
          <reporter-output>
          </reporter-output>
        </test-method> <!-- graphPage -->
        <test-method is-config="true" signature="backtoQueue()[pri:0, instance:pageTestEvents.LinkedListPageEvents@7d61eccf]" started-at="2024-11-16T18:08:38 CST" name="backtoQueue" finished-at="2024-11-16T18:08:39 CST" duration-ms="592" status="PASS">
          <reporter-output>
          </reporter-output>
        </test-method> <!-- backtoQueue -->
        <test-method is-config="true" signature="linkedListPage()[pri:0, instance:pageTestEvents.LinkedListPageEvents@7d61eccf]" started-at="2024-11-16T18:08:39 CST" name="linkedListPage" finished-at="2024-11-16T18:08:39 CST" duration-ms="386" status="PASS">
          <reporter-output>
          </reporter-output>
        </test-method> <!-- linkedListPage -->
        <test-method signature="graphPage(int,java.lang.String)[pri:0, instance:pageTestEvents.LinkedListPageEvents@7d61eccf]" started-at="2024-11-16T18:08:39 CST" name="graphPage" data-provider="LinkedList Topics" finished-at="2024-11-16T18:08:40 CST" duration-ms="731" status="PASS">
          <params>
            <param index="0">
              <value>
                <![CDATA[3]]>
              </value>
            </param>
            <param index="1">
              <value>
                <![CDATA[Implement Linked List in Python]]>
              </value>
            </param>
          </params>
          <reporter-output>
          </reporter-output>
        </test-method> <!-- graphPage -->
        <test-method is-config="true" signature="backtoQueue()[pri:0, instance:pageTestEvents.LinkedListPageEvents@7d61eccf]" started-at="2024-11-16T18:08:40 CST" name="backtoQueue" finished-at="2024-11-16T18:08:40 CST" duration-ms="528" status="PASS">
          <reporter-output>
          </reporter-output>
        </test-method> <!-- backtoQueue -->
        <test-method is-config="true" signature="linkedListPage()[pri:0, instance:pageTestEvents.LinkedListPageEvents@7d61eccf]" started-at="2024-11-16T18:08:40 CST" name="linkedListPage" finished-at="2024-11-16T18:08:41 CST" duration-ms="384" status="PASS">
          <reporter-output>
          </reporter-output>
        </test-method> <!-- linkedListPage -->
        <test-method signature="graphPage(int,java.lang.String)[pri:0, instance:pageTestEvents.LinkedListPageEvents@7d61eccf]" started-at="2024-11-16T18:08:41 CST" name="graphPage" data-provider="LinkedList Topics" finished-at="2024-11-16T18:08:42 CST" duration-ms="663" status="PASS">
          <params>
            <param index="0">
              <value>
                <![CDATA[4]]>
              </value>
            </param>
            <param index="1">
              <value>
                <![CDATA[Traversal]]>
              </value>
            </param>
          </params>
          <reporter-output>
          </reporter-output>
        </test-method> <!-- graphPage -->
        <test-method is-config="true" signature="backtoQueue()[pri:0, instance:pageTestEvents.LinkedListPageEvents@7d61eccf]" started-at="2024-11-16T18:08:42 CST" name="backtoQueue" finished-at="2024-11-16T18:08:42 CST" duration-ms="447" status="PASS">
          <reporter-output>
          </reporter-output>
        </test-method> <!-- backtoQueue -->
        <test-method is-config="true" signature="linkedListPage()[pri:0, instance:pageTestEvents.LinkedListPageEvents@7d61eccf]" started-at="2024-11-16T18:08:42 CST" name="linkedListPage" finished-at="2024-11-16T18:08:42 CST" duration-ms="319" status="PASS">
          <reporter-output>
          </reporter-output>
        </test-method> <!-- linkedListPage -->
        <test-method signature="graphPage(int,java.lang.String)[pri:0, instance:pageTestEvents.LinkedListPageEvents@7d61eccf]" started-at="2024-11-16T18:08:42 CST" name="graphPage" data-provider="LinkedList Topics" finished-at="2024-11-16T18:08:43 CST" duration-ms="739" status="PASS">
          <params>
            <param index="0">
              <value>
                <![CDATA[5]]>
              </value>
            </param>
            <param index="1">
              <value>
                <![CDATA[Insertion]]>
              </value>
            </param>
          </params>
          <reporter-output>
          </reporter-output>
        </test-method> <!-- graphPage -->
        <test-method is-config="true" signature="backtoQueue()[pri:0, instance:pageTestEvents.LinkedListPageEvents@7d61eccf]" started-at="2024-11-16T18:08:43 CST" name="backtoQueue" finished-at="2024-11-16T18:08:43 CST" duration-ms="375" status="PASS">
          <reporter-output>
          </reporter-output>
        </test-method> <!-- backtoQueue -->
        <test-method is-config="true" signature="linkedListPage()[pri:0, instance:pageTestEvents.LinkedListPageEvents@7d61eccf]" started-at="2024-11-16T18:08:43 CST" name="linkedListPage" finished-at="2024-11-16T18:08:44 CST" duration-ms="348" status="PASS">
          <reporter-output>
          </reporter-output>
        </test-method> <!-- linkedListPage -->
        <test-method signature="graphPage(int,java.lang.String)[pri:0, instance:pageTestEvents.LinkedListPageEvents@7d61eccf]" started-at="2024-11-16T18:08:44 CST" name="graphPage" data-provider="LinkedList Topics" finished-at="2024-11-16T18:08:44 CST" duration-ms="729" status="PASS">
          <params>
            <param index="0">
              <value>
                <![CDATA[6]]>
              </value>
            </param>
            <param index="1">
              <value>
                <![CDATA[Deletion]]>
              </value>
            </param>
          </params>
          <reporter-output>
          </reporter-output>
        </test-method> <!-- graphPage -->
        <test-method is-config="true" signature="backtoQueue()[pri:0, instance:pageTestEvents.LinkedListPageEvents@7d61eccf]" started-at="2024-11-16T18:08:44 CST" name="backtoQueue" finished-at="2024-11-16T18:08:45 CST" duration-ms="368" status="PASS">
          <reporter-output>
          </reporter-output>
        </test-method> <!-- backtoQueue -->
        <test-method is-config="true" signature="linkedListPage()[pri:0, instance:pageTestEvents.LinkedListPageEvents@7d61eccf]" started-at="2024-11-16T18:08:45 CST" name="linkedListPage" finished-at="2024-11-16T18:08:45 CST" duration-ms="253" status="PASS">
          <reporter-output>
          </reporter-output>
        </test-method> <!-- linkedListPage -->
        <test-method signature="invalidTopics(int,java.lang.String)[pri:0, instance:pageTestEvents.LinkedListPageEvents@7d61eccf]" started-at="2024-11-16T18:08:45 CST" name="invalidTopics" data-provider="invalidcode Topics" finished-at="2024-11-16T18:08:46 CST" duration-ms="904" status="PASS">
          <params>
            <param index="0">
              <value>
                <![CDATA[0]]>
              </value>
            </param>
            <param index="1">
              <value>
                <![CDATA[printhello]]>
              </value>
            </param>
          </params>
          <reporter-output>
          </reporter-output>
        </test-method> <!-- invalidTopics -->
        <test-method is-config="true" signature="backtoQueue()[pri:0, instance:pageTestEvents.LinkedListPageEvents@7d61eccf]" started-at="2024-11-16T18:08:46 CST" name="backtoQueue" finished-at="2024-11-16T18:08:47 CST" duration-ms="877" status="PASS">
          <reporter-output>
          </reporter-output>
        </test-method> <!-- backtoQueue -->
        <test-method is-config="true" signature="linkedListPage()[pri:0, instance:pageTestEvents.LinkedListPageEvents@7d61eccf]" started-at="2024-11-16T18:08:47 CST" name="linkedListPage" finished-at="2024-11-16T18:08:48 CST" duration-ms="685" status="PASS">
          <reporter-output>
          </reporter-output>
        </test-method> <!-- linkedListPage -->
        <test-method signature="invalidTopics(int,java.lang.String)[pri:0, instance:pageTestEvents.LinkedListPageEvents@7d61eccf]" started-at="2024-11-16T18:08:48 CST" name="invalidTopics" data-provider="invalidcode Topics" finished-at="2024-11-16T18:08:49 CST" duration-ms="1200" status="PASS">
          <params>
            <param index="0">
              <value>
                <![CDATA[1]]>
              </value>
            </param>
            <param index="1">
              <value>
                <![CDATA[printhello]]>
              </value>
            </param>
          </params>
          <reporter-output>
          </reporter-output>
        </test-method> <!-- invalidTopics -->
        <test-method is-config="true" signature="backtoQueue()[pri:0, instance:pageTestEvents.LinkedListPageEvents@7d61eccf]" started-at="2024-11-16T18:08:49 CST" name="backtoQueue" finished-at="2024-11-16T18:08:49 CST" duration-ms="612" status="PASS">
          <reporter-output>
          </reporter-output>
        </test-method> <!-- backtoQueue -->
        <test-method is-config="true" signature="linkedListPage()[pri:0, instance:pageTestEvents.LinkedListPageEvents@7d61eccf]" started-at="2024-11-16T18:08:49 CST" name="linkedListPage" finished-at="2024-11-16T18:08:50 CST" duration-ms="518" status="PASS">
          <reporter-output>
          </reporter-output>
        </test-method> <!-- linkedListPage -->
        <test-method signature="invalidTopics(int,java.lang.String)[pri:0, instance:pageTestEvents.LinkedListPageEvents@7d61eccf]" started-at="2024-11-16T18:08:50 CST" name="invalidTopics" data-provider="invalidcode Topics" finished-at="2024-11-16T18:08:51 CST" duration-ms="1013" status="PASS">
          <params>
            <param index="0">
              <value>
                <![CDATA[2]]>
              </value>
            </param>
            <param index="1">
              <value>
                <![CDATA[printhello]]>
              </value>
            </param>
          </params>
          <reporter-output>
          </reporter-output>
        </test-method> <!-- invalidTopics -->
        <test-method is-config="true" signature="backtoQueue()[pri:0, instance:pageTestEvents.LinkedListPageEvents@7d61eccf]" started-at="2024-11-16T18:08:51 CST" name="backtoQueue" finished-at="2024-11-16T18:08:51 CST" duration-ms="407" status="PASS">
          <reporter-output>
          </reporter-output>
        </test-method> <!-- backtoQueue -->
        <test-method is-config="true" signature="linkedListPage()[pri:0, instance:pageTestEvents.LinkedListPageEvents@7d61eccf]" started-at="2024-11-16T18:08:51 CST" name="linkedListPage" finished-at="2024-11-16T18:08:52 CST" duration-ms="349" status="PASS">
          <reporter-output>
          </reporter-output>
        </test-method> <!-- linkedListPage -->
        <test-method signature="invalidTopics(int,java.lang.String)[pri:0, instance:pageTestEvents.LinkedListPageEvents@7d61eccf]" started-at="2024-11-16T18:08:52 CST" name="invalidTopics" data-provider="invalidcode Topics" finished-at="2024-11-16T18:08:53 CST" duration-ms="848" status="PASS">
          <params>
            <param index="0">
              <value>
                <![CDATA[3]]>
              </value>
            </param>
            <param index="1">
              <value>
                <![CDATA[printhello]]>
              </value>
            </param>
          </params>
          <reporter-output>
          </reporter-output>
        </test-method> <!-- invalidTopics -->
        <test-method is-config="true" signature="backtoQueue()[pri:0, instance:pageTestEvents.LinkedListPageEvents@7d61eccf]" started-at="2024-11-16T18:08:53 CST" name="backtoQueue" finished-at="2024-11-16T18:08:53 CST" duration-ms="318" status="PASS">
          <reporter-output>
          </reporter-output>
        </test-method> <!-- backtoQueue -->
        <test-method is-config="true" signature="linkedListPage()[pri:0, instance:pageTestEvents.LinkedListPageEvents@7d61eccf]" started-at="2024-11-16T18:08:53 CST" name="linkedListPage" finished-at="2024-11-16T18:08:53 CST" duration-ms="359" status="PASS">
          <reporter-output>
          </reporter-output>
        </test-method> <!-- linkedListPage -->
        <test-method signature="invalidTopics(int,java.lang.String)[pri:0, instance:pageTestEvents.LinkedListPageEvents@7d61eccf]" started-at="2024-11-16T18:08:53 CST" name="invalidTopics" data-provider="invalidcode Topics" finished-at="2024-11-16T18:08:54 CST" duration-ms="915" status="PASS">
          <params>
            <param index="0">
              <value>
                <![CDATA[4]]>
              </value>
            </param>
            <param index="1">
              <value>
                <![CDATA[printhello]]>
              </value>
            </param>
          </params>
          <reporter-output>
          </reporter-output>
        </test-method> <!-- invalidTopics -->
        <test-method is-config="true" signature="backtoQueue()[pri:0, instance:pageTestEvents.LinkedListPageEvents@7d61eccf]" started-at="2024-11-16T18:08:54 CST" name="backtoQueue" finished-at="2024-11-16T18:08:55 CST" duration-ms="342" status="PASS">
          <reporter-output>
          </reporter-output>
        </test-method> <!-- backtoQueue -->
        <test-method is-config="true" signature="linkedListPage()[pri:0, instance:pageTestEvents.LinkedListPageEvents@7d61eccf]" started-at="2024-11-16T18:08:55 CST" name="linkedListPage" finished-at="2024-11-16T18:08:55 CST" duration-ms="353" status="PASS">
          <reporter-output>
          </reporter-output>
        </test-method> <!-- linkedListPage -->
        <test-method signature="invalidTopics(int,java.lang.String)[pri:0, instance:pageTestEvents.LinkedListPageEvents@7d61eccf]" started-at="2024-11-16T18:08:55 CST" name="invalidTopics" data-provider="invalidcode Topics" finished-at="2024-11-16T18:08:56 CST" duration-ms="1000" status="PASS">
          <params>
            <param index="0">
              <value>
                <![CDATA[5]]>
              </value>
            </param>
            <param index="1">
              <value>
                <![CDATA[printhello]]>
              </value>
            </param>
          </params>
          <reporter-output>
          </reporter-output>
        </test-method> <!-- invalidTopics -->
        <test-method is-config="true" signature="backtoQueue()[pri:0, instance:pageTestEvents.LinkedListPageEvents@7d61eccf]" started-at="2024-11-16T18:08:56 CST" name="backtoQueue" finished-at="2024-11-16T18:08:56 CST" duration-ms="353" status="PASS">
          <reporter-output>
          </reporter-output>
        </test-method> <!-- backtoQueue -->
        <test-method is-config="true" signature="linkedListPage()[pri:0, instance:pageTestEvents.LinkedListPageEvents@7d61eccf]" started-at="2024-11-16T18:08:56 CST" name="linkedListPage" finished-at="2024-11-16T18:08:57 CST" duration-ms="340" status="PASS">
          <reporter-output>
          </reporter-output>
        </test-method> <!-- linkedListPage -->
        <test-method signature="invalidTopics(int,java.lang.String)[pri:0, instance:pageTestEvents.LinkedListPageEvents@7d61eccf]" started-at="2024-11-16T18:08:57 CST" name="invalidTopics" data-provider="invalidcode Topics" finished-at="2024-11-16T18:08:57 CST" duration-ms="896" status="PASS">
          <params>
            <param index="0">
              <value>
                <![CDATA[6]]>
              </value>
            </param>
            <param index="1">
              <value>
                <![CDATA[printhello]]>
              </value>
            </param>
          </params>
          <reporter-output>
          </reporter-output>
        </test-method> <!-- invalidTopics -->
        <test-method is-config="true" signature="backtoQueue()[pri:0, instance:pageTestEvents.LinkedListPageEvents@7d61eccf]" started-at="2024-11-16T18:08:57 CST" name="backtoQueue" finished-at="2024-11-16T18:08:58 CST" duration-ms="349" status="PASS">
          <reporter-output>
          </reporter-output>
        </test-method> <!-- backtoQueue -->
        <test-method is-config="true" signature="linkedListPage()[pri:0, instance:pageTestEvents.LinkedListPageEvents@7d61eccf]" started-at="2024-11-16T18:08:58 CST" name="linkedListPage" finished-at="2024-11-16T18:08:58 CST" duration-ms="307" status="PASS">
          <reporter-output>
          </reporter-output>
        </test-method> <!-- linkedListPage -->
        <test-method signature="linkedListPageDropdn(int,java.lang.String)[pri:0, instance:pageTestEvents.LinkedListPageEvents@7d61eccf]" started-at="2024-11-16T18:08:58 CST" name="linkedListPageDropdn" data-provider="LinkedList Topics" finished-at="2024-11-16T18:08:59 CST" duration-ms="699" status="PASS">
          <params>
            <param index="0">
              <value>
                <![CDATA[0]]>
              </value>
            </param>
            <param index="1">
              <value>
                <![CDATA[Introduction]]>
              </value>
            </param>
          </params>
          <reporter-output>
          </reporter-output>
        </test-method> <!-- linkedListPageDropdn -->
        <test-method is-config="true" signature="backtoQueue()[pri:0, instance:pageTestEvents.LinkedListPageEvents@7d61eccf]" started-at="2024-11-16T18:08:59 CST" name="backtoQueue" finished-at="2024-11-16T18:09:00 CST" duration-ms="997" status="PASS">
          <reporter-output>
          </reporter-output>
        </test-method> <!-- backtoQueue -->
        <test-method is-config="true" signature="linkedListPage()[pri:0, instance:pageTestEvents.LinkedListPageEvents@7d61eccf]" started-at="2024-11-16T18:09:00 CST" name="linkedListPage" finished-at="2024-11-16T18:09:00 CST" duration-ms="362" status="PASS">
          <reporter-output>
          </reporter-output>
        </test-method> <!-- linkedListPage -->
        <test-method signature="linkedListPageDropdn(int,java.lang.String)[pri:0, instance:pageTestEvents.LinkedListPageEvents@7d61eccf]" started-at="2024-11-16T18:09:00 CST" name="linkedListPageDropdn" data-provider="LinkedList Topics" finished-at="2024-11-16T18:09:01 CST" duration-ms="711" status="PASS">
          <params>
            <param index="0">
              <value>
                <![CDATA[1]]>
              </value>
            </param>
            <param index="1">
              <value>
                <![CDATA[Creating Linked LIst]]>
              </value>
            </param>
          </params>
          <reporter-output>
          </reporter-output>
        </test-method> <!-- linkedListPageDropdn -->
        <test-method is-config="true" signature="backtoQueue()[pri:0, instance:pageTestEvents.LinkedListPageEvents@7d61eccf]" started-at="2024-11-16T18:09:01 CST" name="backtoQueue" finished-at="2024-11-16T18:09:01 CST" duration-ms="356" status="PASS">
          <reporter-output>
          </reporter-output>
        </test-method> <!-- backtoQueue -->
        <test-method is-config="true" signature="linkedListPage()[pri:0, instance:pageTestEvents.LinkedListPageEvents@7d61eccf]" started-at="2024-11-16T18:09:01 CST" name="linkedListPage" finished-at="2024-11-16T18:09:02 CST" duration-ms="412" status="PASS">
          <reporter-output>
          </reporter-output>
        </test-method> <!-- linkedListPage -->
        <test-method signature="linkedListPageDropdn(int,java.lang.String)[pri:0, instance:pageTestEvents.LinkedListPageEvents@7d61eccf]" started-at="2024-11-16T18:09:02 CST" name="linkedListPageDropdn" data-provider="LinkedList Topics" finished-at="2024-11-16T18:09:02 CST" duration-ms="613" status="PASS">
          <params>
            <param index="0">
              <value>
                <![CDATA[2]]>
              </value>
            </param>
            <param index="1">
              <value>
                <![CDATA[Types of Linked List]]>
              </value>
            </param>
          </params>
          <reporter-output>
          </reporter-output>
        </test-method> <!-- linkedListPageDropdn -->
        <test-method is-config="true" signature="backtoQueue()[pri:0, instance:pageTestEvents.LinkedListPageEvents@7d61eccf]" started-at="2024-11-16T18:09:02 CST" name="backtoQueue" finished-at="2024-11-16T18:09:03 CST" duration-ms="478" status="PASS">
          <reporter-output>
          </reporter-output>
        </test-method> <!-- backtoQueue -->
        <test-method is-config="true" signature="linkedListPage()[pri:0, instance:pageTestEvents.LinkedListPageEvents@7d61eccf]" started-at="2024-11-16T18:09:03 CST" name="linkedListPage" finished-at="2024-11-16T18:09:03 CST" duration-ms="382" status="PASS">
          <reporter-output>
          </reporter-output>
        </test-method> <!-- linkedListPage -->
        <test-method signature="linkedListPageDropdn(int,java.lang.String)[pri:0, instance:pageTestEvents.LinkedListPageEvents@7d61eccf]" started-at="2024-11-16T18:09:03 CST" name="linkedListPageDropdn" data-provider="LinkedList Topics" finished-at="2024-11-16T18:09:04 CST" duration-ms="633" status="PASS">
          <params>
            <param index="0">
              <value>
                <![CDATA[3]]>
              </value>
            </param>
            <param index="1">
              <value>
                <![CDATA[Implement Linked List in Python]]>
              </value>
            </param>
          </params>
          <reporter-output>
          </reporter-output>
        </test-method> <!-- linkedListPageDropdn -->
        <test-method is-config="true" signature="backtoQueue()[pri:0, instance:pageTestEvents.LinkedListPageEvents@7d61eccf]" started-at="2024-11-16T18:09:04 CST" name="backtoQueue" finished-at="2024-11-16T18:09:04 CST" duration-ms="370" status="PASS">
          <reporter-output>
          </reporter-output>
        </test-method> <!-- backtoQueue -->
        <test-method is-config="true" signature="linkedListPage()[pri:0, instance:pageTestEvents.LinkedListPageEvents@7d61eccf]" started-at="2024-11-16T18:09:04 CST" name="linkedListPage" finished-at="2024-11-16T18:09:04 CST" duration-ms="305" status="PASS">
          <reporter-output>
          </reporter-output>
        </test-method> <!-- linkedListPage -->
        <test-method signature="linkedListPageDropdn(int,java.lang.String)[pri:0, instance:pageTestEvents.LinkedListPageEvents@7d61eccf]" started-at="2024-11-16T18:09:04 CST" name="linkedListPageDropdn" data-provider="LinkedList Topics" finished-at="2024-11-16T18:09:05 CST" duration-ms="606" status="PASS">
          <params>
            <param index="0">
              <value>
                <![CDATA[4]]>
              </value>
            </param>
            <param index="1">
              <value>
                <![CDATA[Traversal]]>
              </value>
            </param>
          </params>
          <reporter-output>
          </reporter-output>
        </test-method> <!-- linkedListPageDropdn -->
        <test-method is-config="true" signature="backtoQueue()[pri:0, instance:pageTestEvents.LinkedListPageEvents@7d61eccf]" started-at="2024-11-16T18:09:05 CST" name="backtoQueue" finished-at="2024-11-16T18:09:05 CST" duration-ms="393" status="PASS">
          <reporter-output>
          </reporter-output>
        </test-method> <!-- backtoQueue -->
        <test-method is-config="true" signature="linkedListPage()[pri:0, instance:pageTestEvents.LinkedListPageEvents@7d61eccf]" started-at="2024-11-16T18:09:05 CST" name="linkedListPage" finished-at="2024-11-16T18:09:06 CST" duration-ms="306" status="PASS">
          <reporter-output>
          </reporter-output>
        </test-method> <!-- linkedListPage -->
        <test-method signature="linkedListPageDropdn(int,java.lang.String)[pri:0, instance:pageTestEvents.LinkedListPageEvents@7d61eccf]" started-at="2024-11-16T18:09:06 CST" name="linkedListPageDropdn" data-provider="LinkedList Topics" finished-at="2024-11-16T18:09:06 CST" duration-ms="674" status="PASS">
          <params>
            <param index="0">
              <value>
                <![CDATA[5]]>
              </value>
            </param>
            <param index="1">
              <value>
                <![CDATA[Insertion]]>
              </value>
            </param>
          </params>
          <reporter-output>
          </reporter-output>
        </test-method> <!-- linkedListPageDropdn -->
        <test-method is-config="true" signature="backtoQueue()[pri:0, instance:pageTestEvents.LinkedListPageEvents@7d61eccf]" started-at="2024-11-16T18:09:06 CST" name="backtoQueue" finished-at="2024-11-16T18:09:07 CST" duration-ms="441" status="PASS">
          <reporter-output>
          </reporter-output>
        </test-method> <!-- backtoQueue -->
        <test-method is-config="true" signature="linkedListPage()[pri:0, instance:pageTestEvents.LinkedListPageEvents@7d61eccf]" started-at="2024-11-16T18:09:07 CST" name="linkedListPage" finished-at="2024-11-16T18:09:07 CST" duration-ms="325" status="PASS">
          <reporter-output>
          </reporter-output>
        </test-method> <!-- linkedListPage -->
        <test-method signature="linkedListPageDropdn(int,java.lang.String)[pri:0, instance:pageTestEvents.LinkedListPageEvents@7d61eccf]" started-at="2024-11-16T18:09:07 CST" name="linkedListPageDropdn" data-provider="LinkedList Topics" finished-at="2024-11-16T18:09:08 CST" duration-ms="607" status="PASS">
          <params>
            <param index="0">
              <value>
                <![CDATA[6]]>
              </value>
            </param>
            <param index="1">
              <value>
                <![CDATA[Deletion]]>
              </value>
            </param>
          </params>
          <reporter-output>
          </reporter-output>
        </test-method> <!-- linkedListPageDropdn -->
        <test-method is-config="true" signature="backtoQueue()[pri:0, instance:pageTestEvents.LinkedListPageEvents@7d61eccf]" started-at="2024-11-16T18:09:08 CST" name="backtoQueue" finished-at="2024-11-16T18:09:08 CST" duration-ms="342" status="PASS">
          <reporter-output>
          </reporter-output>
        </test-method> <!-- backtoQueue -->
        <test-method is-config="true" signature="linkedListPage()[pri:0, instance:pageTestEvents.LinkedListPageEvents@7d61eccf]" started-at="2024-11-16T18:09:08 CST" name="linkedListPage" finished-at="2024-11-16T18:09:08 CST" duration-ms="285" status="PASS">
          <reporter-output>
          </reporter-output>
        </test-method> <!-- linkedListPage -->
        <test-method signature="nocodeTopics(int,java.lang.String)[pri:0, instance:pageTestEvents.LinkedListPageEvents@7d61eccf]" started-at="2024-11-16T18:09:08 CST" name="nocodeTopics" data-provider="LinkedList Topics" finished-at="2024-11-16T18:09:09 CST" duration-ms="678" status="PASS">
          <params>
            <param index="0">
              <value>
                <![CDATA[0]]>
              </value>
            </param>
            <param index="1">
              <value>
                <![CDATA[Introduction]]>
              </value>
            </param>
          </params>
          <reporter-output>
          </reporter-output>
        </test-method> <!-- nocodeTopics -->
        <test-method is-config="true" signature="backtoQueue()[pri:0, instance:pageTestEvents.LinkedListPageEvents@7d61eccf]" started-at="2024-11-16T18:09:09 CST" name="backtoQueue" finished-at="2024-11-16T18:09:10 CST" duration-ms="492" status="PASS">
          <reporter-output>
          </reporter-output>
        </test-method> <!-- backtoQueue -->
        <test-method is-config="true" signature="linkedListPage()[pri:0, instance:pageTestEvents.LinkedListPageEvents@7d61eccf]" started-at="2024-11-16T18:09:10 CST" name="linkedListPage" finished-at="2024-11-16T18:09:10 CST" duration-ms="378" status="PASS">
          <reporter-output>
          </reporter-output>
        </test-method> <!-- linkedListPage -->
        <test-method signature="nocodeTopics(int,java.lang.String)[pri:0, instance:pageTestEvents.LinkedListPageEvents@7d61eccf]" started-at="2024-11-16T18:09:10 CST" name="nocodeTopics" data-provider="LinkedList Topics" finished-at="2024-11-16T18:09:11 CST" duration-ms="762" status="PASS">
          <params>
            <param index="0">
              <value>
                <![CDATA[1]]>
              </value>
            </param>
            <param index="1">
              <value>
                <![CDATA[Creating Linked LIst]]>
              </value>
            </param>
          </params>
          <reporter-output>
          </reporter-output>
        </test-method> <!-- nocodeTopics -->
        <test-method is-config="true" signature="backtoQueue()[pri:0, instance:pageTestEvents.LinkedListPageEvents@7d61eccf]" started-at="2024-11-16T18:09:11 CST" name="backtoQueue" finished-at="2024-11-16T18:09:11 CST" duration-ms="423" status="PASS">
          <reporter-output>
          </reporter-output>
        </test-method> <!-- backtoQueue -->
        <test-method is-config="true" signature="linkedListPage()[pri:0, instance:pageTestEvents.LinkedListPageEvents@7d61eccf]" started-at="2024-11-16T18:09:11 CST" name="linkedListPage" finished-at="2024-11-16T18:09:11 CST" duration-ms="282" status="PASS">
          <reporter-output>
          </reporter-output>
        </test-method> <!-- linkedListPage -->
        <test-method signature="nocodeTopics(int,java.lang.String)[pri:0, instance:pageTestEvents.LinkedListPageEvents@7d61eccf]" started-at="2024-11-16T18:09:11 CST" name="nocodeTopics" data-provider="LinkedList Topics" finished-at="2024-11-16T18:09:12 CST" duration-ms="651" status="PASS">
          <params>
            <param index="0">
              <value>
                <![CDATA[2]]>
              </value>
            </param>
            <param index="1">
              <value>
                <![CDATA[Types of Linked List]]>
              </value>
            </param>
          </params>
          <reporter-output>
          </reporter-output>
        </test-method> <!-- nocodeTopics -->
        <test-method is-config="true" signature="backtoQueue()[pri:0, instance:pageTestEvents.LinkedListPageEvents@7d61eccf]" started-at="2024-11-16T18:09:12 CST" name="backtoQueue" finished-at="2024-11-16T18:09:12 CST" duration-ms="282" status="PASS">
          <reporter-output>
          </reporter-output>
        </test-method> <!-- backtoQueue -->
        <test-method is-config="true" signature="linkedListPage()[pri:0, instance:pageTestEvents.LinkedListPageEvents@7d61eccf]" started-at="2024-11-16T18:09:12 CST" name="linkedListPage" finished-at="2024-11-16T18:09:13 CST" duration-ms="275" status="PASS">
          <reporter-output>
          </reporter-output>
        </test-method> <!-- linkedListPage -->
        <test-method signature="nocodeTopics(int,java.lang.String)[pri:0, instance:pageTestEvents.LinkedListPageEvents@7d61eccf]" started-at="2024-11-16T18:09:13 CST" name="nocodeTopics" data-provider="LinkedList Topics" finished-at="2024-11-16T18:09:13 CST" duration-ms="664" status="PASS">
          <params>
            <param index="0">
              <value>
                <![CDATA[3]]>
              </value>
            </param>
            <param index="1">
              <value>
                <![CDATA[Implement Linked List in Python]]>
              </value>
            </param>
          </params>
          <reporter-output>
          </reporter-output>
        </test-method> <!-- nocodeTopics -->
        <test-method is-config="true" signature="backtoQueue()[pri:0, instance:pageTestEvents.LinkedListPageEvents@7d61eccf]" started-at="2024-11-16T18:09:13 CST" name="backtoQueue" finished-at="2024-11-16T18:09:14 CST" duration-ms="316" status="PASS">
          <reporter-output>
          </reporter-output>
        </test-method> <!-- backtoQueue -->
        <test-method is-config="true" signature="linkedListPage()[pri:0, instance:pageTestEvents.LinkedListPageEvents@7d61eccf]" started-at="2024-11-16T18:09:14 CST" name="linkedListPage" finished-at="2024-11-16T18:09:14 CST" duration-ms="386" status="PASS">
          <reporter-output>
          </reporter-output>
        </test-method> <!-- linkedListPage -->
        <test-method signature="nocodeTopics(int,java.lang.String)[pri:0, instance:pageTestEvents.LinkedListPageEvents@7d61eccf]" started-at="2024-11-16T18:09:14 CST" name="nocodeTopics" data-provider="LinkedList Topics" finished-at="2024-11-16T18:09:15 CST" duration-ms="676" status="PASS">
          <params>
            <param index="0">
              <value>
                <![CDATA[4]]>
              </value>
            </param>
            <param index="1">
              <value>
                <![CDATA[Traversal]]>
              </value>
            </param>
          </params>
          <reporter-output>
          </reporter-output>
        </test-method> <!-- nocodeTopics -->
        <test-method is-config="true" signature="backtoQueue()[pri:0, instance:pageTestEvents.LinkedListPageEvents@7d61eccf]" started-at="2024-11-16T18:09:15 CST" name="backtoQueue" finished-at="2024-11-16T18:09:16 CST" duration-ms="821" status="PASS">
          <reporter-output>
          </reporter-output>
        </test-method> <!-- backtoQueue -->
        <test-method is-config="true" signature="linkedListPage()[pri:0, instance:pageTestEvents.LinkedListPageEvents@7d61eccf]" started-at="2024-11-16T18:09:16 CST" name="linkedListPage" finished-at="2024-11-16T18:09:16 CST" duration-ms="553" status="PASS">
          <reporter-output>
          </reporter-output>
        </test-method> <!-- linkedListPage -->
        <test-method signature="nocodeTopics(int,java.lang.String)[pri:0, instance:pageTestEvents.LinkedListPageEvents@7d61eccf]" started-at="2024-11-16T18:09:16 CST" name="nocodeTopics" data-provider="LinkedList Topics" finished-at="2024-11-16T18:09:17 CST" duration-ms="943" status="PASS">
          <params>
            <param index="0">
              <value>
                <![CDATA[5]]>
              </value>
            </param>
            <param index="1">
              <value>
                <![CDATA[Insertion]]>
              </value>
            </param>
          </params>
          <reporter-output>
          </reporter-output>
        </test-method> <!-- nocodeTopics -->
        <test-method is-config="true" signature="backtoQueue()[pri:0, instance:pageTestEvents.LinkedListPageEvents@7d61eccf]" started-at="2024-11-16T18:09:17 CST" name="backtoQueue" finished-at="2024-11-16T18:09:17 CST" duration-ms="427" status="PASS">
          <reporter-output>
          </reporter-output>
        </test-method> <!-- backtoQueue -->
        <test-method is-config="true" signature="linkedListPage()[pri:0, instance:pageTestEvents.LinkedListPageEvents@7d61eccf]" started-at="2024-11-16T18:09:18 CST" name="linkedListPage" finished-at="2024-11-16T18:09:18 CST" duration-ms="322" status="PASS">
          <reporter-output>
          </reporter-output>
        </test-method> <!-- linkedListPage -->
        <test-method signature="nocodeTopics(int,java.lang.String)[pri:0, instance:pageTestEvents.LinkedListPageEvents@7d61eccf]" started-at="2024-11-16T18:09:18 CST" name="nocodeTopics" data-provider="LinkedList Topics" finished-at="2024-11-16T18:09:18 CST" duration-ms="660" status="PASS">
          <params>
            <param index="0">
              <value>
                <![CDATA[6]]>
              </value>
            </param>
            <param index="1">
              <value>
                <![CDATA[Deletion]]>
              </value>
            </param>
          </params>
          <reporter-output>
          </reporter-output>
        </test-method> <!-- nocodeTopics -->
        <test-method is-config="true" signature="backtoQueue()[pri:0, instance:pageTestEvents.LinkedListPageEvents@7d61eccf]" started-at="2024-11-16T18:09:18 CST" name="backtoQueue" finished-at="2024-11-16T18:09:19 CST" duration-ms="362" status="PASS">
          <reporter-output>
          </reporter-output>
        </test-method> <!-- backtoQueue -->
        <test-method is-config="true" signature="linkedListPage()[pri:0, instance:pageTestEvents.LinkedListPageEvents@7d61eccf]" started-at="2024-11-16T18:09:19 CST" name="linkedListPage" finished-at="2024-11-16T18:09:19 CST" duration-ms="306" status="PASS">
          <reporter-output>
          </reporter-output>
        </test-method> <!-- linkedListPage -->
        <test-method signature="queuePage(int,java.lang.String)[pri:0, instance:pageTestEvents.LinkedListPageEvents@7d61eccf]" started-at="2024-11-16T18:09:19 CST" name="queuePage" data-provider="LinkedList Topics" finished-at="2024-11-16T18:09:20 CST" duration-ms="683" status="PASS">
          <params>
            <param index="0">
              <value>
                <![CDATA[0]]>
              </value>
            </param>
            <param index="1">
              <value>
                <![CDATA[Introduction]]>
              </value>
            </param>
          </params>
          <reporter-output>
          </reporter-output>
        </test-method> <!-- queuePage -->
        <test-method is-config="true" signature="backtoQueue()[pri:0, instance:pageTestEvents.LinkedListPageEvents@7d61eccf]" started-at="2024-11-16T18:09:20 CST" name="backtoQueue" finished-at="2024-11-16T18:09:20 CST" duration-ms="312" status="PASS">
          <reporter-output>
          </reporter-output>
        </test-method> <!-- backtoQueue -->
        <test-method is-config="true" signature="linkedListPage()[pri:0, instance:pageTestEvents.LinkedListPageEvents@7d61eccf]" started-at="2024-11-16T18:09:20 CST" name="linkedListPage" finished-at="2024-11-16T18:09:20 CST" duration-ms="329" status="PASS">
          <reporter-output>
          </reporter-output>
        </test-method> <!-- linkedListPage -->
        <test-method signature="queuePage(int,java.lang.String)[pri:0, instance:pageTestEvents.LinkedListPageEvents@7d61eccf]" started-at="2024-11-16T18:09:20 CST" name="queuePage" data-provider="LinkedList Topics" finished-at="2024-11-16T18:09:21 CST" duration-ms="635" status="PASS">
          <params>
            <param index="0">
              <value>
                <![CDATA[1]]>
              </value>
            </param>
            <param index="1">
              <value>
                <![CDATA[Creating Linked LIst]]>
              </value>
            </param>
          </params>
          <reporter-output>
          </reporter-output>
        </test-method> <!-- queuePage -->
        <test-method is-config="true" signature="backtoQueue()[pri:0, instance:pageTestEvents.LinkedListPageEvents@7d61eccf]" started-at="2024-11-16T18:09:21 CST" name="backtoQueue" finished-at="2024-11-16T18:09:22 CST" duration-ms="439" status="PASS">
          <reporter-output>
          </reporter-output>
        </test-method> <!-- backtoQueue -->
        <test-method is-config="true" signature="linkedListPage()[pri:0, instance:pageTestEvents.LinkedListPageEvents@7d61eccf]" started-at="2024-11-16T18:09:22 CST" name="linkedListPage" finished-at="2024-11-16T18:09:22 CST" duration-ms="285" status="PASS">
          <reporter-output>
          </reporter-output>
        </test-method> <!-- linkedListPage -->
        <test-method signature="queuePage(int,java.lang.String)[pri:0, instance:pageTestEvents.LinkedListPageEvents@7d61eccf]" started-at="2024-11-16T18:09:22 CST" name="queuePage" data-provider="LinkedList Topics" finished-at="2024-11-16T18:09:22 CST" duration-ms="619" status="PASS">
          <params>
            <param index="0">
              <value>
                <![CDATA[2]]>
              </value>
            </param>
            <param index="1">
              <value>
                <![CDATA[Types of Linked List]]>
              </value>
            </param>
          </params>
          <reporter-output>
          </reporter-output>
        </test-method> <!-- queuePage -->
        <test-method is-config="true" signature="backtoQueue()[pri:0, instance:pageTestEvents.LinkedListPageEvents@7d61eccf]" started-at="2024-11-16T18:09:22 CST" name="backtoQueue" finished-at="2024-11-16T18:09:23 CST" duration-ms="327" status="PASS">
          <reporter-output>
          </reporter-output>
        </test-method> <!-- backtoQueue -->
        <test-method is-config="true" signature="linkedListPage()[pri:0, instance:pageTestEvents.LinkedListPageEvents@7d61eccf]" started-at="2024-11-16T18:09:23 CST" name="linkedListPage" finished-at="2024-11-16T18:09:23 CST" duration-ms="275" status="PASS">
          <reporter-output>
          </reporter-output>
        </test-method> <!-- linkedListPage -->
        <test-method signature="queuePage(int,java.lang.String)[pri:0, instance:pageTestEvents.LinkedListPageEvents@7d61eccf]" started-at="2024-11-16T18:09:23 CST" name="queuePage" data-provider="LinkedList Topics" finished-at="2024-11-16T18:09:24 CST" duration-ms="551" status="PASS">
          <params>
            <param index="0">
              <value>
                <![CDATA[3]]>
              </value>
            </param>
            <param index="1">
              <value>
                <![CDATA[Implement Linked List in Python]]>
              </value>
            </param>
          </params>
          <reporter-output>
          </reporter-output>
        </test-method> <!-- queuePage -->
        <test-method is-config="true" signature="backtoQueue()[pri:0, instance:pageTestEvents.LinkedListPageEvents@7d61eccf]" started-at="2024-11-16T18:09:24 CST" name="backtoQueue" finished-at="2024-11-16T18:09:24 CST" duration-ms="333" status="PASS">
          <reporter-output>
          </reporter-output>
        </test-method> <!-- backtoQueue -->
        <test-method is-config="true" signature="linkedListPage()[pri:0, instance:pageTestEvents.LinkedListPageEvents@7d61eccf]" started-at="2024-11-16T18:09:24 CST" name="linkedListPage" finished-at="2024-11-16T18:09:24 CST" duration-ms="324" status="PASS">
          <reporter-output>
          </reporter-output>
        </test-method> <!-- linkedListPage -->
        <test-method signature="queuePage(int,java.lang.String)[pri:0, instance:pageTestEvents.LinkedListPageEvents@7d61eccf]" started-at="2024-11-16T18:09:24 CST" name="queuePage" data-provider="LinkedList Topics" finished-at="2024-11-16T18:09:25 CST" duration-ms="570" status="PASS">
          <params>
            <param index="0">
              <value>
                <![CDATA[4]]>
              </value>
            </param>
            <param index="1">
              <value>
                <![CDATA[Traversal]]>
              </value>
            </param>
          </params>
          <reporter-output>
          </reporter-output>
        </test-method> <!-- queuePage -->
        <test-method is-config="true" signature="backtoQueue()[pri:0, instance:pageTestEvents.LinkedListPageEvents@7d61eccf]" started-at="2024-11-16T18:09:25 CST" name="backtoQueue" finished-at="2024-11-16T18:09:25 CST" duration-ms="344" status="PASS">
          <reporter-output>
          </reporter-output>
        </test-method> <!-- backtoQueue -->
        <test-method is-config="true" signature="linkedListPage()[pri:0, instance:pageTestEvents.LinkedListPageEvents@7d61eccf]" started-at="2024-11-16T18:09:25 CST" name="linkedListPage" finished-at="2024-11-16T18:09:26 CST" duration-ms="358" status="PASS">
          <reporter-output>
          </reporter-output>
        </test-method> <!-- linkedListPage -->
        <test-method signature="queuePage(int,java.lang.String)[pri:0, instance:pageTestEvents.LinkedListPageEvents@7d61eccf]" started-at="2024-11-16T18:09:26 CST" name="queuePage" data-provider="LinkedList Topics" finished-at="2024-11-16T18:09:26 CST" duration-ms="600" status="PASS">
          <params>
            <param index="0">
              <value>
                <![CDATA[5]]>
              </value>
            </param>
            <param index="1">
              <value>
                <![CDATA[Insertion]]>
              </value>
            </param>
          </params>
          <reporter-output>
          </reporter-output>
        </test-method> <!-- queuePage -->
        <test-method is-config="true" signature="backtoQueue()[pri:0, instance:pageTestEvents.LinkedListPageEvents@7d61eccf]" started-at="2024-11-16T18:09:26 CST" name="backtoQueue" finished-at="2024-11-16T18:09:26 CST" duration-ms="297" status="PASS">
          <reporter-output>
          </reporter-output>
        </test-method> <!-- backtoQueue -->
        <test-method is-config="true" signature="linkedListPage()[pri:0, instance:pageTestEvents.LinkedListPageEvents@7d61eccf]" started-at="2024-11-16T18:09:26 CST" name="linkedListPage" finished-at="2024-11-16T18:09:27 CST" duration-ms="271" status="PASS">
          <reporter-output>
          </reporter-output>
        </test-method> <!-- linkedListPage -->
        <test-method signature="queuePage(int,java.lang.String)[pri:0, instance:pageTestEvents.LinkedListPageEvents@7d61eccf]" started-at="2024-11-16T18:09:27 CST" name="queuePage" data-provider="LinkedList Topics" finished-at="2024-11-16T18:09:27 CST" duration-ms="538" status="PASS">
          <params>
            <param index="0">
              <value>
                <![CDATA[6]]>
              </value>
            </param>
            <param index="1">
              <value>
                <![CDATA[Deletion]]>
              </value>
            </param>
          </params>
          <reporter-output>
          </reporter-output>
        </test-method> <!-- queuePage -->
        <test-method is-config="true" signature="backtoQueue()[pri:0, instance:pageTestEvents.LinkedListPageEvents@7d61eccf]" started-at="2024-11-16T18:09:27 CST" name="backtoQueue" finished-at="2024-11-16T18:09:28 CST" duration-ms="336" status="PASS">
          <reporter-output>
          </reporter-output>
        </test-method> <!-- backtoQueue -->
        <test-method is-config="true" signature="linkedListPage()[pri:0, instance:pageTestEvents.LinkedListPageEvents@7d61eccf]" started-at="2024-11-16T18:09:28 CST" name="linkedListPage" finished-at="2024-11-16T18:09:28 CST" duration-ms="332" status="PASS">
          <reporter-output>
          </reporter-output>
        </test-method> <!-- linkedListPage -->
        <test-method signature="stackPage(int,java.lang.String)[pri:0, instance:pageTestEvents.LinkedListPageEvents@7d61eccf]" started-at="2024-11-16T18:09:28 CST" name="stackPage" data-provider="LinkedList Topics" finished-at="2024-11-16T18:09:29 CST" duration-ms="632" status="PASS">
          <params>
            <param index="0">
              <value>
                <![CDATA[0]]>
              </value>
            </param>
            <param index="1">
              <value>
                <![CDATA[Introduction]]>
              </value>
            </param>
          </params>
          <reporter-output>
          </reporter-output>
        </test-method> <!-- stackPage -->
        <test-method is-config="true" signature="backtoQueue()[pri:0, instance:pageTestEvents.LinkedListPageEvents@7d61eccf]" started-at="2024-11-16T18:09:29 CST" name="backtoQueue" finished-at="2024-11-16T18:09:29 CST" duration-ms="317" status="PASS">
          <reporter-output>
          </reporter-output>
        </test-method> <!-- backtoQueue -->
        <test-method is-config="true" signature="linkedListPage()[pri:0, instance:pageTestEvents.LinkedListPageEvents@7d61eccf]" started-at="2024-11-16T18:09:29 CST" name="linkedListPage" finished-at="2024-11-16T18:09:29 CST" duration-ms="301" status="PASS">
          <reporter-output>
          </reporter-output>
        </test-method> <!-- linkedListPage -->
        <test-method signature="stackPage(int,java.lang.String)[pri:0, instance:pageTestEvents.LinkedListPageEvents@7d61eccf]" started-at="2024-11-16T18:09:29 CST" name="stackPage" data-provider="LinkedList Topics" finished-at="2024-11-16T18:09:30 CST" duration-ms="569" status="PASS">
          <params>
            <param index="0">
              <value>
                <![CDATA[1]]>
              </value>
            </param>
            <param index="1">
              <value>
                <![CDATA[Creating Linked LIst]]>
              </value>
            </param>
          </params>
          <reporter-output>
          </reporter-output>
        </test-method> <!-- stackPage -->
        <test-method is-config="true" signature="backtoQueue()[pri:0, instance:pageTestEvents.LinkedListPageEvents@7d61eccf]" started-at="2024-11-16T18:09:30 CST" name="backtoQueue" finished-at="2024-11-16T18:09:30 CST" duration-ms="315" status="PASS">
          <reporter-output>
          </reporter-output>
        </test-method> <!-- backtoQueue -->
        <test-method is-config="true" signature="linkedListPage()[pri:0, instance:pageTestEvents.LinkedListPageEvents@7d61eccf]" started-at="2024-11-16T18:09:30 CST" name="linkedListPage" finished-at="2024-11-16T18:09:30 CST" duration-ms="313" status="PASS">
          <reporter-output>
          </reporter-output>
        </test-method> <!-- linkedListPage -->
        <test-method signature="stackPage(int,java.lang.String)[pri:0, instance:pageTestEvents.LinkedListPageEvents@7d61eccf]" started-at="2024-11-16T18:09:30 CST" name="stackPage" data-provider="LinkedList Topics" finished-at="2024-11-16T18:09:31 CST" duration-ms="578" status="PASS">
          <params>
            <param index="0">
              <value>
                <![CDATA[2]]>
              </value>
            </param>
            <param index="1">
              <value>
                <![CDATA[Types of Linked List]]>
              </value>
            </param>
          </params>
          <reporter-output>
          </reporter-output>
        </test-method> <!-- stackPage -->
        <test-method is-config="true" signature="backtoQueue()[pri:0, instance:pageTestEvents.LinkedListPageEvents@7d61eccf]" started-at="2024-11-16T18:09:31 CST" name="backtoQueue" finished-at="2024-11-16T18:09:31 CST" duration-ms="383" status="PASS">
          <reporter-output>
          </reporter-output>
        </test-method> <!-- backtoQueue -->
        <test-method is-config="true" signature="linkedListPage()[pri:0, instance:pageTestEvents.LinkedListPageEvents@7d61eccf]" started-at="2024-11-16T18:09:31 CST" name="linkedListPage" finished-at="2024-11-16T18:09:32 CST" duration-ms="338" status="PASS">
          <reporter-output>
          </reporter-output>
        </test-method> <!-- linkedListPage -->
        <test-method signature="stackPage(int,java.lang.String)[pri:0, instance:pageTestEvents.LinkedListPageEvents@7d61eccf]" started-at="2024-11-16T18:09:32 CST" name="stackPage" data-provider="LinkedList Topics" finished-at="2024-11-16T18:09:32 CST" duration-ms="614" status="PASS">
          <params>
            <param index="0">
              <value>
                <![CDATA[3]]>
              </value>
            </param>
            <param index="1">
              <value>
                <![CDATA[Implement Linked List in Python]]>
              </value>
            </param>
          </params>
          <reporter-output>
          </reporter-output>
        </test-method> <!-- stackPage -->
        <test-method is-config="true" signature="backtoQueue()[pri:0, instance:pageTestEvents.LinkedListPageEvents@7d61eccf]" started-at="2024-11-16T18:09:32 CST" name="backtoQueue" finished-at="2024-11-16T18:09:33 CST" duration-ms="322" status="PASS">
          <reporter-output>
          </reporter-output>
        </test-method> <!-- backtoQueue -->
        <test-method is-config="true" signature="linkedListPage()[pri:0, instance:pageTestEvents.LinkedListPageEvents@7d61eccf]" started-at="2024-11-16T18:09:33 CST" name="linkedListPage" finished-at="2024-11-16T18:09:33 CST" duration-ms="378" status="PASS">
          <reporter-output>
          </reporter-output>
        </test-method> <!-- linkedListPage -->
        <test-method signature="stackPage(int,java.lang.String)[pri:0, instance:pageTestEvents.LinkedListPageEvents@7d61eccf]" started-at="2024-11-16T18:09:33 CST" name="stackPage" data-provider="LinkedList Topics" finished-at="2024-11-16T18:09:34 CST" duration-ms="577" status="PASS">
          <params>
            <param index="0">
              <value>
                <![CDATA[4]]>
              </value>
            </param>
            <param index="1">
              <value>
                <![CDATA[Traversal]]>
              </value>
            </param>
          </params>
          <reporter-output>
          </reporter-output>
        </test-method> <!-- stackPage -->
        <test-method is-config="true" signature="backtoQueue()[pri:0, instance:pageTestEvents.LinkedListPageEvents@7d61eccf]" started-at="2024-11-16T18:09:34 CST" name="backtoQueue" finished-at="2024-11-16T18:09:34 CST" duration-ms="312" status="PASS">
          <reporter-output>
          </reporter-output>
        </test-method> <!-- backtoQueue -->
        <test-method is-config="true" signature="linkedListPage()[pri:0, instance:pageTestEvents.LinkedListPageEvents@7d61eccf]" started-at="2024-11-16T18:09:34 CST" name="linkedListPage" finished-at="2024-11-16T18:09:34 CST" duration-ms="321" status="PASS">
          <reporter-output>
          </reporter-output>
        </test-method> <!-- linkedListPage -->
        <test-method signature="stackPage(int,java.lang.String)[pri:0, instance:pageTestEvents.LinkedListPageEvents@7d61eccf]" started-at="2024-11-16T18:09:34 CST" name="stackPage" data-provider="LinkedList Topics" finished-at="2024-11-16T18:09:35 CST" duration-ms="587" status="PASS">
          <params>
            <param index="0">
              <value>
                <![CDATA[5]]>
              </value>
            </param>
            <param index="1">
              <value>
                <![CDATA[Insertion]]>
              </value>
            </param>
          </params>
          <reporter-output>
          </reporter-output>
        </test-method> <!-- stackPage -->
        <test-method is-config="true" signature="backtoQueue()[pri:0, instance:pageTestEvents.LinkedListPageEvents@7d61eccf]" started-at="2024-11-16T18:09:35 CST" name="backtoQueue" finished-at="2024-11-16T18:09:35 CST" duration-ms="396" status="PASS">
          <reporter-output>
          </reporter-output>
        </test-method> <!-- backtoQueue -->
        <test-method is-config="true" signature="linkedListPage()[pri:0, instance:pageTestEvents.LinkedListPageEvents@7d61eccf]" started-at="2024-11-16T18:09:35 CST" name="linkedListPage" finished-at="2024-11-16T18:09:36 CST" duration-ms="284" status="PASS">
          <reporter-output>
          </reporter-output>
        </test-method> <!-- linkedListPage -->
        <test-method signature="stackPage(int,java.lang.String)[pri:0, instance:pageTestEvents.LinkedListPageEvents@7d61eccf]" started-at="2024-11-16T18:09:36 CST" name="stackPage" data-provider="LinkedList Topics" finished-at="2024-11-16T18:09:36 CST" duration-ms="547" status="PASS">
          <params>
            <param index="0">
              <value>
                <![CDATA[6]]>
              </value>
            </param>
            <param index="1">
              <value>
                <![CDATA[Deletion]]>
              </value>
            </param>
          </params>
          <reporter-output>
          </reporter-output>
        </test-method> <!-- stackPage -->
        <test-method is-config="true" signature="backtoQueue()[pri:0, instance:pageTestEvents.LinkedListPageEvents@7d61eccf]" started-at="2024-11-16T18:09:36 CST" name="backtoQueue" finished-at="2024-11-16T18:09:36 CST" duration-ms="387" status="PASS">
          <reporter-output>
          </reporter-output>
        </test-method> <!-- backtoQueue -->
        <test-method is-config="true" signature="linkedListPage()[pri:0, instance:pageTestEvents.LinkedListPageEvents@7d61eccf]" started-at="2024-11-16T18:09:36 CST" name="linkedListPage" finished-at="2024-11-16T18:09:37 CST" duration-ms="292" status="PASS">
          <reporter-output>
          </reporter-output>
        </test-method> <!-- linkedListPage -->
        <test-method signature="topicsLinkedList(int,java.lang.String)[pri:0, instance:pageTestEvents.LinkedListPageEvents@7d61eccf]" started-at="2024-11-16T18:09:37 CST" name="topicsLinkedList" data-provider="LinkedList Topics" finished-at="2024-11-16T18:09:37 CST" duration-ms="310" status="PASS">
          <params>
            <param index="0">
              <value>
                <![CDATA[0]]>
              </value>
            </param>
            <param index="1">
              <value>
                <![CDATA[Introduction]]>
              </value>
            </param>
          </params>
          <reporter-output>
          </reporter-output>
        </test-method> <!-- topicsLinkedList -->
        <test-method is-config="true" signature="backtoQueue()[pri:0, instance:pageTestEvents.LinkedListPageEvents@7d61eccf]" started-at="2024-11-16T18:09:37 CST" name="backtoQueue" finished-at="2024-11-16T18:09:37 CST" duration-ms="347" status="PASS">
          <reporter-output>
          </reporter-output>
        </test-method> <!-- backtoQueue -->
        <test-method is-config="true" signature="linkedListPage()[pri:0, instance:pageTestEvents.LinkedListPageEvents@7d61eccf]" started-at="2024-11-16T18:09:37 CST" name="linkedListPage" finished-at="2024-11-16T18:09:38 CST" duration-ms="430" status="PASS">
          <reporter-output>
          </reporter-output>
        </test-method> <!-- linkedListPage -->
        <test-method signature="topicsLinkedList(int,java.lang.String)[pri:0, instance:pageTestEvents.LinkedListPageEvents@7d61eccf]" started-at="2024-11-16T18:09:38 CST" name="topicsLinkedList" data-provider="LinkedList Topics" finished-at="2024-11-16T18:09:38 CST" duration-ms="278" status="PASS">
          <params>
            <param index="0">
              <value>
                <![CDATA[1]]>
              </value>
            </param>
            <param index="1">
              <value>
                <![CDATA[Creating Linked LIst]]>
              </value>
            </param>
          </params>
          <reporter-output>
          </reporter-output>
        </test-method> <!-- topicsLinkedList -->
        <test-method is-config="true" signature="backtoQueue()[pri:0, instance:pageTestEvents.LinkedListPageEvents@7d61eccf]" started-at="2024-11-16T18:09:38 CST" name="backtoQueue" finished-at="2024-11-16T18:09:38 CST" duration-ms="315" status="PASS">
          <reporter-output>
          </reporter-output>
        </test-method> <!-- backtoQueue -->
        <test-method is-config="true" signature="linkedListPage()[pri:0, instance:pageTestEvents.LinkedListPageEvents@7d61eccf]" started-at="2024-11-16T18:09:38 CST" name="linkedListPage" finished-at="2024-11-16T18:09:39 CST" duration-ms="317" status="PASS">
          <reporter-output>
          </reporter-output>
        </test-method> <!-- linkedListPage -->
        <test-method signature="topicsLinkedList(int,java.lang.String)[pri:0, instance:pageTestEvents.LinkedListPageEvents@7d61eccf]" started-at="2024-11-16T18:09:39 CST" name="topicsLinkedList" data-provider="LinkedList Topics" finished-at="2024-11-16T18:09:39 CST" duration-ms="265" status="PASS">
          <params>
            <param index="0">
              <value>
                <![CDATA[2]]>
              </value>
            </param>
            <param index="1">
              <value>
                <![CDATA[Types of Linked List]]>
              </value>
            </param>
          </params>
          <reporter-output>
          </reporter-output>
        </test-method> <!-- topicsLinkedList -->
        <test-method is-config="true" signature="backtoQueue()[pri:0, instance:pageTestEvents.LinkedListPageEvents@7d61eccf]" started-at="2024-11-16T18:09:39 CST" name="backtoQueue" finished-at="2024-11-16T18:09:39 CST" duration-ms="291" status="PASS">
          <reporter-output>
          </reporter-output>
        </test-method> <!-- backtoQueue -->
        <test-method is-config="true" signature="linkedListPage()[pri:0, instance:pageTestEvents.LinkedListPageEvents@7d61eccf]" started-at="2024-11-16T18:09:39 CST" name="linkedListPage" finished-at="2024-11-16T18:09:40 CST" duration-ms="336" status="PASS">
          <reporter-output>
          </reporter-output>
        </test-method> <!-- linkedListPage -->
        <test-method signature="topicsLinkedList(int,java.lang.String)[pri:0, instance:pageTestEvents.LinkedListPageEvents@7d61eccf]" started-at="2024-11-16T18:09:40 CST" name="topicsLinkedList" data-provider="LinkedList Topics" finished-at="2024-11-16T18:09:40 CST" duration-ms="273" status="PASS">
          <params>
            <param index="0">
              <value>
                <![CDATA[3]]>
              </value>
            </param>
            <param index="1">
              <value>
                <![CDATA[Implement Linked List in Python]]>
              </value>
            </param>
          </params>
          <reporter-output>
          </reporter-output>
        </test-method> <!-- topicsLinkedList -->
        <test-method is-config="true" signature="backtoQueue()[pri:0, instance:pageTestEvents.LinkedListPageEvents@7d61eccf]" started-at="2024-11-16T18:09:40 CST" name="backtoQueue" finished-at="2024-11-16T18:09:40 CST" duration-ms="375" status="PASS">
          <reporter-output>
          </reporter-output>
        </test-method> <!-- backtoQueue -->
        <test-method is-config="true" signature="linkedListPage()[pri:0, instance:pageTestEvents.LinkedListPageEvents@7d61eccf]" started-at="2024-11-16T18:09:40 CST" name="linkedListPage" finished-at="2024-11-16T18:09:41 CST" duration-ms="285" status="PASS">
          <reporter-output>
          </reporter-output>
        </test-method> <!-- linkedListPage -->
        <test-method signature="topicsLinkedList(int,java.lang.String)[pri:0, instance:pageTestEvents.LinkedListPageEvents@7d61eccf]" started-at="2024-11-16T18:09:41 CST" name="topicsLinkedList" data-provider="LinkedList Topics" finished-at="2024-11-16T18:09:41 CST" duration-ms="279" status="PASS">
          <params>
            <param index="0">
              <value>
                <![CDATA[4]]>
              </value>
            </param>
            <param index="1">
              <value>
                <![CDATA[Traversal]]>
              </value>
            </param>
          </params>
          <reporter-output>
          </reporter-output>
        </test-method> <!-- topicsLinkedList -->
        <test-method is-config="true" signature="backtoQueue()[pri:0, instance:pageTestEvents.LinkedListPageEvents@7d61eccf]" started-at="2024-11-16T18:09:41 CST" name="backtoQueue" finished-at="2024-11-16T18:09:41 CST" duration-ms="316" status="PASS">
          <reporter-output>
          </reporter-output>
        </test-method> <!-- backtoQueue -->
        <test-method is-config="true" signature="linkedListPage()[pri:0, instance:pageTestEvents.LinkedListPageEvents@7d61eccf]" started-at="2024-11-16T18:09:41 CST" name="linkedListPage" finished-at="2024-11-16T18:09:42 CST" duration-ms="349" status="PASS">
          <reporter-output>
          </reporter-output>
        </test-method> <!-- linkedListPage -->
        <test-method signature="topicsLinkedList(int,java.lang.String)[pri:0, instance:pageTestEvents.LinkedListPageEvents@7d61eccf]" started-at="2024-11-16T18:09:42 CST" name="topicsLinkedList" data-provider="LinkedList Topics" finished-at="2024-11-16T18:09:42 CST" duration-ms="261" status="PASS">
          <params>
            <param index="0">
              <value>
                <![CDATA[5]]>
              </value>
            </param>
            <param index="1">
              <value>
                <![CDATA[Insertion]]>
              </value>
            </param>
          </params>
          <reporter-output>
          </reporter-output>
        </test-method> <!-- topicsLinkedList -->
        <test-method is-config="true" signature="backtoQueue()[pri:0, instance:pageTestEvents.LinkedListPageEvents@7d61eccf]" started-at="2024-11-16T18:09:42 CST" name="backtoQueue" finished-at="2024-11-16T18:09:42 CST" duration-ms="311" status="PASS">
          <reporter-output>
          </reporter-output>
        </test-method> <!-- backtoQueue -->
        <test-method is-config="true" signature="linkedListPage()[pri:0, instance:pageTestEvents.LinkedListPageEvents@7d61eccf]" started-at="2024-11-16T18:09:42 CST" name="linkedListPage" finished-at="2024-11-16T18:09:42 CST" duration-ms="305" status="PASS">
          <reporter-output>
          </reporter-output>
        </test-method> <!-- linkedListPage -->
        <test-method signature="topicsLinkedList(int,java.lang.String)[pri:0, instance:pageTestEvents.LinkedListPageEvents@7d61eccf]" started-at="2024-11-16T18:09:42 CST" name="topicsLinkedList" data-provider="LinkedList Topics" finished-at="2024-11-16T18:09:43 CST" duration-ms="254" status="PASS">
          <params>
            <param index="0">
              <value>
                <![CDATA[6]]>
              </value>
            </param>
            <param index="1">
              <value>
                <![CDATA[Deletion]]>
              </value>
            </param>
          </params>
          <reporter-output>
          </reporter-output>
        </test-method> <!-- topicsLinkedList -->
[...]
            </param>
          </params>
          <reporter-output>
          </reporter-output>
        </test-method> <!-- tryHereTopics -->
        <test-method is-config="true" signature="backtoArray()[pri:0, instance:pageTestEvents.ArrayPageEvents@226f885f]" started-at="2024-11-16T18:08:03 CST" name="backtoArray" finished-at="2024-11-16T18:08:03 CST" duration-ms="316" status="PASS">
          <reporter-output>
          </reporter-output>
        </test-method> <!-- backtoArray -->
        <test-method is-config="true" signature="arrayPage()[pri:0, instance:pageTestEvents.ArrayPageEvents@226f885f]" started-at="2024-11-16T18:08:03 CST" name="arrayPage" finished-at="2024-11-16T18:08:04 CST" duration-ms="261" status="PASS">
          <reporter-output>
          </reporter-output>
        </test-method> <!-- arrayPage -->
        <test-method signature="tryHereTopics(int,java.lang.String)[pri:2, instance:pageTestEvents.ArrayPageEvents@226f885f]" started-at="2024-11-16T18:08:04 CST" name="tryHereTopics" data-provider="Array Topics" finished-at="2024-11-16T18:08:04 CST" duration-ms="573" status="PASS">
          <params>
            <param index="0">
              <value>
                <![CDATA[3]]>
              </value>
            </param>
            <param index="1">
              <value>
                <![CDATA[Applications of Array]]>
              </value>
            </param>
          </params>
          <reporter-output>
          </reporter-output>
        </test-method> <!-- tryHereTopics -->
        <test-method is-config="true" signature="backtoArray()[pri:0, instance:pageTestEvents.ArrayPageEvents@226f885f]" started-at="2024-11-16T18:08:04 CST" name="backtoArray" finished-at="2024-11-16T18:08:04 CST" duration-ms="274" status="PASS">
          <reporter-output>
          </reporter-output>
        </test-method> <!-- backtoArray -->
        <test-method is-config="true" signature="arrayPage()[pri:0, instance:pageTestEvents.ArrayPageEvents@226f885f]" started-at="2024-11-16T18:08:04 CST" name="arrayPage" finished-at="2024-11-16T18:08:05 CST" duration-ms="246" status="PASS">
          <reporter-output>
          </reporter-output>
        </test-method> <!-- arrayPage -->
        <test-method signature="nocodeTopics(int,java.lang.String)[pri:4, instance:pageTestEvents.ArrayPageEvents@226f885f]" started-at="2024-11-16T18:08:05 CST" name="nocodeTopics" data-provider="Array Topics" finished-at="2024-11-16T18:08:05 CST" duration-ms="568" status="PASS">
          <params>
            <param index="0">
              <value>
                <![CDATA[0]]>
              </value>
            </param>
            <param index="1">
              <value>
                <![CDATA[Arrays in Python]]>
              </value>
            </param>
          </params>
          <reporter-output>
          </reporter-output>
        </test-method> <!-- nocodeTopics -->
        <test-method is-config="true" signature="backtoArray()[pri:0, instance:pageTestEvents.ArrayPageEvents@226f885f]" started-at="2024-11-16T18:08:05 CST" name="backtoArray" finished-at="2024-11-16T18:08:06 CST" duration-ms="408" status="PASS">
          <reporter-output>
          </reporter-output>
        </test-method> <!-- backtoArray -->
        <test-method is-config="true" signature="arrayPage()[pri:0, instance:pageTestEvents.ArrayPageEvents@226f885f]" started-at="2024-11-16T18:08:06 CST" name="arrayPage" finished-at="2024-11-16T18:08:06 CST" duration-ms="269" status="PASS">
          <reporter-output>
          </reporter-output>
        </test-method> <!-- arrayPage -->
        <test-method signature="nocodeTopics(int,java.lang.String)[pri:4, instance:pageTestEvents.ArrayPageEvents@226f885f]" started-at="2024-11-16T18:08:06 CST" name="nocodeTopics" data-provider="Array Topics" finished-at="2024-11-16T18:08:06 CST" duration-ms="549" status="PASS">
          <params>
            <param index="0">
              <value>
                <![CDATA[1]]>
              </value>
            </param>
            <param index="1">
              <value>
                <![CDATA[Arrays Using List]]>
              </value>
            </param>
          </params>
          <reporter-output>
          </reporter-output>
        </test-method> <!-- nocodeTopics -->
        <test-method is-config="true" signature="backtoArray()[pri:0, instance:pageTestEvents.ArrayPageEvents@226f885f]" started-at="2024-11-16T18:08:06 CST" name="backtoArray" finished-at="2024-11-16T18:08:07 CST" duration-ms="267" status="PASS">
          <reporter-output>
          </reporter-output>
        </test-method> <!-- backtoArray -->
        <test-method is-config="true" signature="arrayPage()[pri:0, instance:pageTestEvents.ArrayPageEvents@226f885f]" started-at="2024-11-16T18:08:07 CST" name="arrayPage" finished-at="2024-11-16T18:08:07 CST" duration-ms="240" status="PASS">
          <reporter-output>
          </reporter-output>
        </test-method> <!-- arrayPage -->
        <test-method signature="nocodeTopics(int,java.lang.String)[pri:4, instance:pageTestEvents.ArrayPageEvents@226f885f]" started-at="2024-11-16T18:08:07 CST" name="nocodeTopics" data-provider="Array Topics" finished-at="2024-11-16T18:08:08 CST" duration-ms="609" status="PASS">
          <params>
            <param index="0">
              <value>
                <![CDATA[2]]>
              </value>
            </param>
            <param index="1">
              <value>
                <![CDATA[Basic Operations in Lists]]>
              </value>
            </param>
          </params>
          <reporter-output>
          </reporter-output>
        </test-method> <!-- nocodeTopics -->
        <test-method is-config="true" signature="backtoArray()[pri:0, instance:pageTestEvents.ArrayPageEvents@226f885f]" started-at="2024-11-16T18:08:08 CST" name="backtoArray" finished-at="2024-11-16T18:08:08 CST" duration-ms="278" status="PASS">
          <reporter-output>
          </reporter-output>
        </test-method> <!-- backtoArray -->
        <test-method is-config="true" signature="arrayPage()[pri:0, instance:pageTestEvents.ArrayPageEvents@226f885f]" started-at="2024-11-16T18:08:08 CST" name="arrayPage" finished-at="2024-11-16T18:08:08 CST" duration-ms="267" status="PASS">
          <reporter-output>
          </reporter-output>
        </test-method> <!-- arrayPage -->
        <test-method signature="nocodeTopics(int,java.lang.String)[pri:4, instance:pageTestEvents.ArrayPageEvents@226f885f]" started-at="2024-11-16T18:08:08 CST" name="nocodeTopics" data-provider="Array Topics" finished-at="2024-11-16T18:08:09 CST" duration-ms="580" status="PASS">
          <params>
            <param index="0">
              <value>
                <![CDATA[3]]>
              </value>
            </param>
            <param index="1">
              <value>
                <![CDATA[Applications of Array]]>
              </value>
            </param>
          </params>
          <reporter-output>
          </reporter-output>
        </test-method> <!-- nocodeTopics -->
        <test-method is-config="true" signature="backtoArray()[pri:0, instance:pageTestEvents.ArrayPageEvents@226f885f]" started-at="2024-11-16T18:08:09 CST" name="backtoArray" finished-at="2024-11-16T18:08:09 CST" duration-ms="304" status="PASS">
          <reporter-output>
          </reporter-output>
        </test-method> <!-- backtoArray -->
        <test-method is-config="true" signature="arrayPage()[pri:0, instance:pageTestEvents.ArrayPageEvents@226f885f]" started-at="2024-11-16T18:08:09 CST" name="arrayPage" finished-at="2024-11-16T18:08:09 CST" duration-ms="254" status="PASS">
          <reporter-output>
          </reporter-output>
        </test-method> <!-- arrayPage -->
        <test-method signature="validcodeTopics(int,java.lang.String)[pri:5, instance:pageTestEvents.ArrayPageEvents@226f885f]" started-at="2024-11-16T18:08:09 CST" name="validcodeTopics" data-provider="validcode Arrays Topics" finished-at="2024-11-16T18:08:10 CST" duration-ms="837" status="PASS">
          <params>
            <param index="0">
              <value>
                <![CDATA[0]]>
              </value>
            </param>
            <param index="1">
              <value>
                <![CDATA[print'Hello']]>
              </value>
            </param>
          </params>
          <reporter-output>
          </reporter-output>
        </test-method> <!-- validcodeTopics -->
        <test-method is-config="true" signature="backtoArray()[pri:0, instance:pageTestEvents.ArrayPageEvents@226f885f]" started-at="2024-11-16T18:08:10 CST" name="backtoArray" finished-at="2024-11-16T18:08:10 CST" duration-ms="349" status="PASS">
          <reporter-output>
          </reporter-output>
        </test-method> <!-- backtoArray -->
        <test-method is-config="true" signature="arrayPage()[pri:0, instance:pageTestEvents.ArrayPageEvents@226f885f]" started-at="2024-11-16T18:08:10 CST" name="arrayPage" finished-at="2024-11-16T18:08:11 CST" duration-ms="238" status="PASS">
          <reporter-output>
          </reporter-output>
        </test-method> <!-- arrayPage -->
        <test-method signature="validcodeTopics(int,java.lang.String)[pri:5, instance:pageTestEvents.ArrayPageEvents@226f885f]" started-at="2024-11-16T18:08:11 CST" name="validcodeTopics" data-provider="validcode Arrays Topics" finished-at="2024-11-16T18:08:12 CST" duration-ms="791" status="PASS">
          <params>
            <param index="0">
              <value>
                <![CDATA[1]]>
              </value>
            </param>
            <param index="1">
              <value>
                <![CDATA[print'Hello']]>
              </value>
            </param>
          </params>
          <reporter-output>
          </reporter-output>
        </test-method> <!-- validcodeTopics -->
        <test-method is-config="true" signature="backtoArray()[pri:0, instance:pageTestEvents.ArrayPageEvents@226f885f]" started-at="2024-11-16T18:08:12 CST" name="backtoArray" finished-at="2024-11-16T18:08:12 CST" duration-ms="340" status="PASS">
          <reporter-output>
          </reporter-output>
        </test-method> <!-- backtoArray -->
        <test-method is-config="true" signature="arrayPage()[pri:0, instance:pageTestEvents.ArrayPageEvents@226f885f]" started-at="2024-11-16T18:08:12 CST" name="arrayPage" finished-at="2024-11-16T18:08:12 CST" duration-ms="262" status="PASS">
          <reporter-output>
          </reporter-output>
        </test-method> <!-- arrayPage -->
        <test-method signature="validcodeTopics(int,java.lang.String)[pri:5, instance:pageTestEvents.ArrayPageEvents@226f885f]" started-at="2024-11-16T18:08:12 CST" name="validcodeTopics" data-provider="validcode Arrays Topics" finished-at="2024-11-16T18:08:13 CST" duration-ms="884" status="PASS">
          <params>
            <param index="0">
              <value>
                <![CDATA[2]]>
              </value>
            </param>
            <param index="1">
              <value>
                <![CDATA[print'Hello']]>
              </value>
            </param>
          </params>
          <reporter-output>
          </reporter-output>
        </test-method> <!-- validcodeTopics -->
        <test-method is-config="true" signature="backtoArray()[pri:0, instance:pageTestEvents.ArrayPageEvents@226f885f]" started-at="2024-11-16T18:08:13 CST" name="backtoArray" finished-at="2024-11-16T18:08:13 CST" duration-ms="356" status="PASS">
          <reporter-output>
          </reporter-output>
        </test-method> <!-- backtoArray -->
        <test-method is-config="true" signature="arrayPage()[pri:0, instance:pageTestEvents.ArrayPageEvents@226f885f]" started-at="2024-11-16T18:08:13 CST" name="arrayPage" finished-at="2024-11-16T18:08:14 CST" duration-ms="253" status="PASS">
          <reporter-output>
          </reporter-output>
        </test-method> <!-- arrayPage -->
        <test-method signature="validcodeTopics(int,java.lang.String)[pri:5, instance:pageTestEvents.ArrayPageEvents@226f885f]" started-at="2024-11-16T18:08:14 CST" name="validcodeTopics" data-provider="validcode Arrays Topics" finished-at="2024-11-16T18:08:14 CST" duration-ms="845" status="PASS">
          <params>
            <param index="0">
              <value>
                <![CDATA[3]]>
              </value>
            </param>
            <param index="1">
              <value>
                <![CDATA[print'Hello']]>
              </value>
            </param>
          </params>
          <reporter-output>
          </reporter-output>
        </test-method> <!-- validcodeTopics -->
        <test-method is-config="true" signature="backtoArray()[pri:0, instance:pageTestEvents.ArrayPageEvents@226f885f]" started-at="2024-11-16T18:08:14 CST" name="backtoArray" finished-at="2024-11-16T18:08:15 CST" duration-ms="375" status="PASS">
          <reporter-output>
          </reporter-output>
        </test-method> <!-- backtoArray -->
        <test-method is-config="true" signature="arrayPage()[pri:0, instance:pageTestEvents.ArrayPageEvents@226f885f]" started-at="2024-11-16T18:08:15 CST" name="arrayPage" finished-at="2024-11-16T18:08:15 CST" duration-ms="351" status="PASS">
          <reporter-output>
          </reporter-output>
        </test-method> <!-- arrayPage -->
        <test-method signature="getArrayTopicCodeExcelData(java.lang.String,java.lang.String,java.lang.String)[pri:9, instance:pageTestEvents.ArrayPageEvents@226f885f]" started-at="2024-11-16T18:08:15 CST" name="getArrayTopicCodeExcelData" data-provider="getArrayTopicCodeExcelData" finished-at="2024-11-16T18:08:16 CST" duration-ms="815" status="PASS">
          <params>
            <param index="0">
              <value>
                <![CDATA[Arrays in Python]]>
              </value>
            </param>
            <param index="1">
              <value>
                <![CDATA[print"Hello";]]>
              </value>
            </param>
            <param index="2">
              <value>
                <![CDATA[Hello]]>
              </value>
            </param>
          </params>
          <reporter-output>
          </reporter-output>
        </test-method> <!-- getArrayTopicCodeExcelData -->
        <test-method is-config="true" signature="backtoArray()[pri:0, instance:pageTestEvents.ArrayPageEvents@226f885f]" started-at="2024-11-16T18:08:16 CST" name="backtoArray" finished-at="2024-11-16T18:08:16 CST" duration-ms="402" status="PASS">
          <reporter-output>
          </reporter-output>
        </test-method> <!-- backtoArray -->
        <test-method is-config="true" signature="arrayPage()[pri:0, instance:pageTestEvents.ArrayPageEvents@226f885f]" started-at="2024-11-16T18:08:16 CST" name="arrayPage" finished-at="2024-11-16T18:08:17 CST" duration-ms="435" status="PASS">
          <reporter-output>
          </reporter-output>
        </test-method> <!-- arrayPage -->
        <test-method signature="getArrayTopicCodeExcelData(java.lang.String,java.lang.String,java.lang.String)[pri:9, instance:pageTestEvents.ArrayPageEvents@226f885f]" started-at="2024-11-16T18:08:17 CST" name="getArrayTopicCodeExcelData" data-provider="getArrayTopicCodeExcelData" finished-at="2024-11-16T18:08:18 CST" duration-ms="807" status="PASS">
          <params>
            <param index="0">
              <value>
                <![CDATA[Arrays Using List]]>
              </value>
            </param>
            <param index="1">
              <value>
                <![CDATA[print"Hello";]]>
              </value>
            </param>
            <param index="2">
              <value>
                <![CDATA[Hello]]>
              </value>
            </param>
          </params>
          <reporter-output>
          </reporter-output>
        </test-method> <!-- getArrayTopicCodeExcelData -->
        <test-method is-config="true" signature="backtoArray()[pri:0, instance:pageTestEvents.ArrayPageEvents@226f885f]" started-at="2024-11-16T18:08:18 CST" name="backtoArray" finished-at="2024-11-16T18:08:18 CST" duration-ms="357" status="PASS">
          <reporter-output>
          </reporter-output>
        </test-method> <!-- backtoArray -->
        <test-method is-config="true" signature="arrayPage()[pri:0, instance:pageTestEvents.ArrayPageEvents@226f885f]" started-at="2024-11-16T18:08:18 CST" name="arrayPage" finished-at="2024-11-16T18:08:19 CST" duration-ms="501" status="PASS">
          <reporter-output>
          </reporter-output>
        </test-method> <!-- arrayPage -->
        <test-method signature="getArrayTopicCodeExcelData(java.lang.String,java.lang.String,java.lang.String)[pri:9, instance:pageTestEvents.ArrayPageEvents@226f885f]" started-at="2024-11-16T18:08:19 CST" name="getArrayTopicCodeExcelData" data-provider="getArrayTopicCodeExcelData" finished-at="2024-11-16T18:08:19 CST" duration-ms="837" status="PASS">
          <params>
            <param index="0">
              <value>
                <![CDATA[Basic Operations in Lists]]>
              </value>
            </param>
            <param index="1">
              <value>
                <![CDATA[print"Hello";]]>
              </value>
            </param>
            <param index="2">
              <value>
                <![CDATA[Hello]]>
              </value>
            </param>
          </params>
          <reporter-output>
          </reporter-output>
        </test-method> <!-- getArrayTopicCodeExcelData -->
        <test-method is-config="true" signature="backtoArray()[pri:0, instance:pageTestEvents.ArrayPageEvents@226f885f]" started-at="2024-11-16T18:08:19 CST" name="backtoArray" finished-at="2024-11-16T18:08:20 CST" duration-ms="381" status="PASS">
          <reporter-output>
          </reporter-output>
        </test-method> <!-- backtoArray -->
        <test-method is-config="true" signature="arrayPage()[pri:0, instance:pageTestEvents.ArrayPageEvents@226f885f]" started-at="2024-11-16T18:08:20 CST" name="arrayPage" finished-at="2024-11-16T18:08:20 CST" duration-ms="379" status="PASS">
          <reporter-output>
          </reporter-output>
        </test-method> <!-- arrayPage -->
        <test-method signature="getArrayTopicCodeExcelData(java.lang.String,java.lang.String,java.lang.String)[pri:9, instance:pageTestEvents.ArrayPageEvents@226f885f]" started-at="2024-11-16T18:08:20 CST" name="getArrayTopicCodeExcelData" data-provider="getArrayTopicCodeExcelData" finished-at="2024-11-16T18:08:21 CST" duration-ms="941" status="PASS">
          <params>
            <param index="0">
              <value>
                <![CDATA[Applications of Array]]>
              </value>
            </param>
            <param index="1">
              <value>
                <![CDATA[print"Hello";]]>
              </value>
            </param>
            <param index="2">
              <value>
                <![CDATA[Hello]]>
              </value>
            </param>
          </params>
          <reporter-output>
          </reporter-output>
        </test-method> <!-- getArrayTopicCodeExcelData -->
        <test-method is-config="true" signature="backtoArray()[pri:0, instance:pageTestEvents.ArrayPageEvents@226f885f]" started-at="2024-11-16T18:08:21 CST" name="backtoArray" finished-at="2024-11-16T18:08:22 CST" duration-ms="372" status="PASS">
          <reporter-output>
          </reporter-output>
        </test-method> <!-- backtoArray -->
        <test-method is-config="true" signature="Logout()[pri:0, instance:pageTestEvents.ArrayPageEvents@226f885f]" started-at="2024-11-16T18:08:22 CST" name="Logout" finished-at="2024-11-16T18:08:22 CST" duration-ms="314" status="PASS">
          <reporter-output>
          </reporter-output>
        </test-method> <!-- Logout -->
      </class> <!-- pageTestEvents.ArrayPageEvents -->
    </test> <!-- Test Parallel Home and Dashboard modules.Browser:Chrome -->
  </suite> <!-- Suite_Seq -->
</testng-results>
