<?xml version="1.0" encoding="UTF-8"?>
<testng-results ignored="0" total="245" passed="242" failed="3" skipped="0">
  <reporter-output>
  </reporter-output>
  <suite started-at="2024-11-11T22:09:30 EST" name="Suite" finished-at="2024-11-11T22:17:39 EST" duration-ms="489374">
    <groups>
    </groups>
    <test started-at="2024-11-11T22:09:30 EST" name="Test" finished-at="2024-11-11T22:17:39 EST" duration-ms="489374">
      <class name="pageTestEvents.SignOutPageEvents">
        <test-method is-config="true" signature="Login()[pri:0, instance:pageTestEvents.SignOutPageEvents@5a62b2a4]" started-at="2024-11-11T22:14:59 EST" name="Login" finished-at="2024-11-11T22:15:01 EST" duration-ms="1625" status="PASS">
          <reporter-output>
          </reporter-output>
        </test-method> <!-- Login -->
        <test-method signature="signOutArray()[pri:0, instance:pageTestEvents.SignOutPageEvents@5a62b2a4]" started-at="2024-11-11T22:15:01 EST" name="signOutArray" finished-at="2024-11-11T22:15:03 EST" duration-ms="1772" status="PASS">
          <reporter-output>
          </reporter-output>
        </test-method> <!-- signOutArray -->
        <test-method is-config="true" signature="backtoHome()[pri:0, instance:pageTestEvents.SignOutPageEvents@5a62b2a4]" started-at="2024-11-11T22:15:03 EST" name="backtoHome" finished-at="2024-11-11T22:15:03 EST" duration-ms="22" status="PASS">
          <reporter-output>
          </reporter-output>
        </test-method> <!-- backtoHome -->
        <test-method is-config="true" signature="Login()[pri:0, instance:pageTestEvents.SignOutPageEvents@5a62b2a4]" started-at="2024-11-11T22:15:03 EST" name="Login" finished-at="2024-11-11T22:15:04 EST" duration-ms="1698" status="PASS">
          <reporter-output>
          </reporter-output>
        </test-method> <!-- Login -->
        <test-method signature="signOutGraph()[pri:0, instance:pageTestEvents.SignOutPageEvents@5a62b2a4]" started-at="2024-11-11T22:15:04 EST" name="signOutGraph" finished-at="2024-11-11T22:15:06 EST" duration-ms="1706" status="PASS">
          <reporter-output>
          </reporter-output>
        </test-method> <!-- signOutGraph -->
        <test-method is-config="true" signature="backtoHome()[pri:0, instance:pageTestEvents.SignOutPageEvents@5a62b2a4]" started-at="2024-11-11T22:15:06 EST" name="backtoHome" finished-at="2024-11-11T22:15:06 EST" duration-ms="21" status="PASS">
          <reporter-output>
          </reporter-output>
        </test-method> <!-- backtoHome -->
        <test-method is-config="true" signature="Login()[pri:0, instance:pageTestEvents.SignOutPageEvents@5a62b2a4]" started-at="2024-11-11T22:15:06 EST" name="Login" finished-at="2024-11-11T22:15:08 EST" duration-ms="1622" status="PASS">
          <reporter-output>
          </reporter-output>
        </test-method> <!-- Login -->
        <test-method signature="signOutLinkedList()[pri:0, instance:pageTestEvents.SignOutPageEvents@5a62b2a4]" started-at="2024-11-11T22:15:08 EST" name="signOutLinkedList" finished-at="2024-11-11T22:15:10 EST" duration-ms="1965" status="PASS">
          <reporter-output>
          </reporter-output>
        </test-method> <!-- signOutLinkedList -->
        <test-method is-config="true" signature="backtoHome()[pri:0, instance:pageTestEvents.SignOutPageEvents@5a62b2a4]" started-at="2024-11-11T22:15:10 EST" name="backtoHome" finished-at="2024-11-11T22:15:10 EST" duration-ms="24" status="PASS">
          <reporter-output>
          </reporter-output>
        </test-method> <!-- backtoHome -->
        <test-method is-config="true" signature="Login()[pri:0, instance:pageTestEvents.SignOutPageEvents@5a62b2a4]" started-at="2024-11-11T22:15:10 EST" name="Login" finished-at="2024-11-11T22:15:11 EST" duration-ms="1635" status="PASS">
          <reporter-output>
          </reporter-output>
        </test-method> <!-- Login -->
        <test-method signature="signOutQueue()[pri:0, instance:pageTestEvents.SignOutPageEvents@5a62b2a4]" started-at="2024-11-11T22:15:11 EST" name="signOutQueue" finished-at="2024-11-11T22:15:13 EST" duration-ms="1833" status="PASS">
          <reporter-output>
          </reporter-output>
        </test-method> <!-- signOutQueue -->
        <test-method is-config="true" signature="backtoHome()[pri:0, instance:pageTestEvents.SignOutPageEvents@5a62b2a4]" started-at="2024-11-11T22:15:13 EST" name="backtoHome" finished-at="2024-11-11T22:15:13 EST" duration-ms="20" status="PASS">
          <reporter-output>
          </reporter-output>
        </test-method> <!-- backtoHome -->
        <test-method is-config="true" signature="Login()[pri:0, instance:pageTestEvents.SignOutPageEvents@5a62b2a4]" started-at="2024-11-11T22:15:13 EST" name="Login" finished-at="2024-11-11T22:15:15 EST" duration-ms="1678" status="PASS">
          <reporter-output>
          </reporter-output>
        </test-method> <!-- Login -->
        <test-method signature="signOutStack()[pri:0, instance:pageTestEvents.SignOutPageEvents@5a62b2a4]" started-at="2024-11-11T22:15:15 EST" name="signOutStack" finished-at="2024-11-11T22:15:17 EST" duration-ms="1746" status="PASS">
          <reporter-output>
          </reporter-output>
        </test-method> <!-- signOutStack -->
        <test-method is-config="true" signature="backtoHome()[pri:0, instance:pageTestEvents.SignOutPageEvents@5a62b2a4]" started-at="2024-11-11T22:15:17 EST" name="backtoHome" finished-at="2024-11-11T22:15:17 EST" duration-ms="21" status="PASS">
          <reporter-output>
          </reporter-output>
        </test-method> <!-- backtoHome -->
        <test-method is-config="true" signature="Login()[pri:0, instance:pageTestEvents.SignOutPageEvents@5a62b2a4]" started-at="2024-11-11T22:15:17 EST" name="Login" finished-at="2024-11-11T22:15:18 EST" duration-ms="1633" status="PASS">
          <reporter-output>
          </reporter-output>
        </test-method> <!-- Login -->
        <test-method signature="signOutTree()[pri:0, instance:pageTestEvents.SignOutPageEvents@5a62b2a4]" started-at="2024-11-11T22:15:18 EST" name="signOutTree" finished-at="2024-11-11T22:15:20 EST" duration-ms="1840" status="PASS">
          <reporter-output>
          </reporter-output>
        </test-method> <!-- signOutTree -->
        <test-method is-config="true" signature="backtoHome()[pri:0, instance:pageTestEvents.SignOutPageEvents@5a62b2a4]" started-at="2024-11-11T22:15:20 EST" name="backtoHome" finished-at="2024-11-11T22:15:20 EST" duration-ms="18" status="PASS">
          <reporter-output>
          </reporter-output>
        </test-method> <!-- backtoHome -->
        <test-method is-config="true" signature="Login()[pri:0, instance:pageTestEvents.SignOutPageEvents@5a62b2a4]" started-at="2024-11-11T22:15:20 EST" name="Login" finished-at="2024-11-11T22:15:22 EST" duration-ms="1979" status="PASS">
          <reporter-output>
          </reporter-output>
        </test-method> <!-- Login -->
        <test-method signature="signOuthome()[pri:0, instance:pageTestEvents.SignOutPageEvents@5a62b2a4]" started-at="2024-11-11T22:15:22 EST" name="signOuthome" finished-at="2024-11-11T22:15:23 EST" duration-ms="730" status="PASS">
          <reporter-output>
          </reporter-output>
        </test-method> <!-- signOuthome -->
        <test-method is-config="true" signature="backtoHome()[pri:0, instance:pageTestEvents.SignOutPageEvents@5a62b2a4]" started-at="2024-11-11T22:15:23 EST" name="backtoHome" finished-at="2024-11-11T22:15:23 EST" duration-ms="361" status="PASS">
          <reporter-output>
          </reporter-output>
        </test-method> <!-- backtoHome -->
      </class> <!-- pageTestEvents.SignOutPageEvents -->
      <class name="pageTestEvents.LinkedListPageEvents">
        <test-method is-config="true" signature="Login()[pri:0, instance:pageTestEvents.LinkedListPageEvents@4b4dd216]" started-at="2024-11-11T22:10:10 EST" name="Login" finished-at="2024-11-11T22:10:11 EST" duration-ms="1220" status="PASS">
          <reporter-output>
          </reporter-output>
        </test-method> <!-- Login -->
        <test-method is-config="true" signature="linkedListPage()[pri:0, instance:pageTestEvents.LinkedListPageEvents@4b4dd216]" started-at="2024-11-11T22:10:11 EST" name="linkedListPage" finished-at="2024-11-11T22:10:12 EST" duration-ms="692" status="PASS">
          <reporter-output>
          </reporter-output>
        </test-method> <!-- linkedListPage -->
        <test-method signature="arrayPage(int,java.lang.String)[pri:0, instance:pageTestEvents.LinkedListPageEvents@4b4dd216]" started-at="2024-11-11T22:10:12 EST" name="arrayPage" data-provider="LinkedList Topics" finished-at="2024-11-11T22:10:13 EST" duration-ms="1137" status="PASS">
          <params>
            <param index="0">
              <value>
                <![CDATA[0]]>
              </value>
            </param>
            <param index="1">
              <value>
                <![CDATA[Introduction]]>
              </value>
            </param>
          </params>
          <reporter-output>
          </reporter-output>
        </test-method> <!-- arrayPage -->
        <test-method is-config="true" signature="backtoQueue()[pri:0, instance:pageTestEvents.LinkedListPageEvents@4b4dd216]" started-at="2024-11-11T22:10:13 EST" name="backtoQueue" finished-at="2024-11-11T22:10:14 EST" duration-ms="573" status="PASS">
          <reporter-output>
          </reporter-output>
        </test-method> <!-- backtoQueue -->
        <test-method is-config="true" signature="linkedListPage()[pri:0, instance:pageTestEvents.LinkedListPageEvents@4b4dd216]" started-at="2024-11-11T22:10:14 EST" name="linkedListPage" finished-at="2024-11-11T22:10:14 EST" duration-ms="554" status="PASS">
          <reporter-output>
          </reporter-output>
        </test-method> <!-- linkedListPage -->
        <test-method signature="arrayPage(int,java.lang.String)[pri:0, instance:pageTestEvents.LinkedListPageEvents@4b4dd216]" started-at="2024-11-11T22:10:14 EST" name="arrayPage" data-provider="LinkedList Topics" finished-at="2024-11-11T22:10:15 EST" duration-ms="1011" status="PASS">
          <params>
            <param index="0">
              <value>
                <![CDATA[1]]>
              </value>
            </param>
            <param index="1">
              <value>
                <![CDATA[Creating Linked LIst]]>
              </value>
            </param>
          </params>
          <reporter-output>
          </reporter-output>
        </test-method> <!-- arrayPage -->
        <test-method is-config="true" signature="backtoQueue()[pri:0, instance:pageTestEvents.LinkedListPageEvents@4b4dd216]" started-at="2024-11-11T22:10:15 EST" name="backtoQueue" finished-at="2024-11-11T22:10:16 EST" duration-ms="571" status="PASS">
          <reporter-output>
          </reporter-output>
        </test-method> <!-- backtoQueue -->
        <test-method is-config="true" signature="linkedListPage()[pri:0, instance:pageTestEvents.LinkedListPageEvents@4b4dd216]" started-at="2024-11-11T22:10:16 EST" name="linkedListPage" finished-at="2024-11-11T22:10:16 EST" duration-ms="559" status="PASS">
          <reporter-output>
          </reporter-output>
        </test-method> <!-- linkedListPage -->
        <test-method signature="arrayPage(int,java.lang.String)[pri:0, instance:pageTestEvents.LinkedListPageEvents@4b4dd216]" started-at="2024-11-11T22:10:16 EST" name="arrayPage" data-provider="LinkedList Topics" finished-at="2024-11-11T22:10:17 EST" duration-ms="1155" status="PASS">
          <params>
            <param index="0">
              <value>
                <![CDATA[2]]>
              </value>
            </param>
            <param index="1">
              <value>
                <![CDATA[Types of Linked List]]>
              </value>
            </param>
          </params>
          <reporter-output>
          </reporter-output>
        </test-method> <!-- arrayPage -->
        <test-method is-config="true" signature="backtoQueue()[pri:0, instance:pageTestEvents.LinkedListPageEvents@4b4dd216]" started-at="2024-11-11T22:10:17 EST" name="backtoQueue" finished-at="2024-11-11T22:10:18 EST" duration-ms="585" status="PASS">
          <reporter-output>
          </reporter-output>
        </test-method> <!-- backtoQueue -->
        <test-method is-config="true" signature="linkedListPage()[pri:0, instance:pageTestEvents.LinkedListPageEvents@4b4dd216]" started-at="2024-11-11T22:10:18 EST" name="linkedListPage" finished-at="2024-11-11T22:10:19 EST" duration-ms="614" status="PASS">
          <reporter-output>
          </reporter-output>
        </test-method> <!-- linkedListPage -->
        <test-method signature="arrayPage(int,java.lang.String)[pri:0, instance:pageTestEvents.LinkedListPageEvents@4b4dd216]" started-at="2024-11-11T22:10:19 EST" name="arrayPage" data-provider="LinkedList Topics" finished-at="2024-11-11T22:10:20 EST" duration-ms="1227" status="PASS">
          <params>
            <param index="0">
              <value>
                <![CDATA[3]]>
              </value>
            </param>
            <param index="1">
              <value>
                <![CDATA[Implement Linked List in Python]]>
              </value>
            </param>
          </params>
          <reporter-output>
          </reporter-output>
        </test-method> <!-- arrayPage -->
        <test-method is-config="true" signature="backtoQueue()[pri:0, instance:pageTestEvents.LinkedListPageEvents@4b4dd216]" started-at="2024-11-11T22:10:20 EST" name="backtoQueue" finished-at="2024-11-11T22:10:21 EST" duration-ms="617" status="PASS">
          <reporter-output>
          </reporter-output>
        </test-method> <!-- backtoQueue -->
        <test-method is-config="true" signature="linkedListPage()[pri:0, instance:pageTestEvents.LinkedListPageEvents@4b4dd216]" started-at="2024-11-11T22:10:21 EST" name="linkedListPage" finished-at="2024-11-11T22:10:21 EST" duration-ms="632" status="PASS">
          <reporter-output>
          </reporter-output>
        </test-method> <!-- linkedListPage -->
        <test-method signature="arrayPage(int,java.lang.String)[pri:0, instance:pageTestEvents.LinkedListPageEvents@4b4dd216]" started-at="2024-11-11T22:10:21 EST" name="arrayPage" data-provider="LinkedList Topics" finished-at="2024-11-11T22:10:22 EST" duration-ms="1227" status="PASS">
          <params>
            <param index="0">
              <value>
                <![CDATA[4]]>
              </value>
            </param>
            <param index="1">
              <value>
                <![CDATA[Traversal]]>
              </value>
            </param>
          </params>
          <reporter-output>
          </reporter-output>
        </test-method> <!-- arrayPage -->
        <test-method is-config="true" signature="backtoQueue()[pri:0, instance:pageTestEvents.LinkedListPageEvents@4b4dd216]" started-at="2024-11-11T22:10:22 EST" name="backtoQueue" finished-at="2024-11-11T22:10:23 EST" duration-ms="657" status="PASS">
          <reporter-output>
          </reporter-output>
        </test-method> <!-- backtoQueue -->
        <test-method is-config="true" signature="linkedListPage()[pri:0, instance:pageTestEvents.LinkedListPageEvents@4b4dd216]" started-at="2024-11-11T22:10:23 EST" name="linkedListPage" finished-at="2024-11-11T22:10:24 EST" duration-ms="753" status="PASS">
          <reporter-output>
          </reporter-output>
        </test-method> <!-- linkedListPage -->
        <test-method signature="arrayPage(int,java.lang.String)[pri:0, instance:pageTestEvents.LinkedListPageEvents@4b4dd216]" started-at="2024-11-11T22:10:24 EST" name="arrayPage" data-provider="LinkedList Topics" finished-at="2024-11-11T22:10:25 EST" duration-ms="1245" status="PASS">
          <params>
            <param index="0">
              <value>
                <![CDATA[5]]>
              </value>
            </param>
            <param index="1">
              <value>
                <![CDATA[Insertion]]>
              </value>
            </param>
          </params>
          <reporter-output>
          </reporter-output>
        </test-method> <!-- arrayPage -->
        <test-method is-config="true" signature="backtoQueue()[pri:0, instance:pageTestEvents.LinkedListPageEvents@4b4dd216]" started-at="2024-11-11T22:10:25 EST" name="backtoQueue" finished-at="2024-11-11T22:10:25 EST" duration-ms="285" status="PASS">
          <reporter-output>
          </reporter-output>
        </test-method> <!-- backtoQueue -->
        <test-method is-config="true" signature="linkedListPage()[pri:0, instance:pageTestEvents.LinkedListPageEvents@4b4dd216]" started-at="2024-11-11T22:10:25 EST" name="linkedListPage" finished-at="2024-11-11T22:10:26 EST" duration-ms="181" status="PASS">
          <reporter-output>
          </reporter-output>
        </test-method> <!-- linkedListPage -->
        <test-method signature="arrayPage(int,java.lang.String)[pri:0, instance:pageTestEvents.LinkedListPageEvents@4b4dd216]" started-at="2024-11-11T22:10:26 EST" name="arrayPage" data-provider="LinkedList Topics" finished-at="2024-11-11T22:10:26 EST" duration-ms="399" status="PASS">
          <params>
            <param index="0">
              <value>
                <![CDATA[6]]>
              </value>
            </param>
            <param index="1">
              <value>
                <![CDATA[Deletion]]>
              </value>
            </param>
          </params>
          <reporter-output>
          </reporter-output>
        </test-method> <!-- arrayPage -->
        <test-method is-config="true" signature="backtoQueue()[pri:0, instance:pageTestEvents.LinkedListPageEvents@4b4dd216]" started-at="2024-11-11T22:10:26 EST" name="backtoQueue" finished-at="2024-11-11T22:10:26 EST" duration-ms="187" status="PASS">
          <reporter-output>
          </reporter-output>
        </test-method> <!-- backtoQueue -->
        <test-method is-config="true" signature="linkedListPage()[pri:0, instance:pageTestEvents.LinkedListPageEvents@4b4dd216]" started-at="2024-11-11T22:10:26 EST" name="linkedListPage" finished-at="2024-11-11T22:10:26 EST" duration-ms="210" status="PASS">
          <reporter-output>
          </reporter-output>
        </test-method> <!-- linkedListPage -->
        <test-method signature="graphPage(int,java.lang.String)[pri:0, instance:pageTestEvents.LinkedListPageEvents@4b4dd216]" started-at="2024-11-11T22:10:26 EST" name="graphPage" data-provider="LinkedList Topics" finished-at="2024-11-11T22:10:27 EST" duration-ms="387" status="PASS">
          <params>
            <param index="0">
              <value>
                <![CDATA[0]]>
              </value>
            </param>
            <param index="1">
              <value>
                <![CDATA[Introduction]]>
              </value>
            </param>
          </params>
          <reporter-output>
          </reporter-output>
        </test-method> <!-- graphPage -->
        <test-method is-config="true" signature="backtoQueue()[pri:0, instance:pageTestEvents.LinkedListPageEvents@4b4dd216]" started-at="2024-11-11T22:10:27 EST" name="backtoQueue" finished-at="2024-11-11T22:10:27 EST" duration-ms="172" status="PASS">
          <reporter-output>
          </reporter-output>
        </test-method> <!-- backtoQueue -->
        <test-method is-config="true" signature="linkedListPage()[pri:0, instance:pageTestEvents.LinkedListPageEvents@4b4dd216]" started-at="2024-11-11T22:10:27 EST" name="linkedListPage" finished-at="2024-11-11T22:10:27 EST" duration-ms="207" status="PASS">
          <reporter-output>
          </reporter-output>
        </test-method> <!-- linkedListPage -->
        <test-method signature="graphPage(int,java.lang.String)[pri:0, instance:pageTestEvents.LinkedListPageEvents@4b4dd216]" started-at="2024-11-11T22:10:27 EST" name="graphPage" data-provider="LinkedList Topics" finished-at="2024-11-11T22:10:27 EST" duration-ms="353" status="PASS">
          <params>
            <param index="0">
              <value>
                <![CDATA[1]]>
              </value>
            </param>
            <param index="1">
              <value>
                <![CDATA[Creating Linked LIst]]>
              </value>
            </param>
          </params>
          <reporter-output>
          </reporter-output>
        </test-method> <!-- graphPage -->
        <test-method is-config="true" signature="backtoQueue()[pri:0, instance:pageTestEvents.LinkedListPageEvents@4b4dd216]" started-at="2024-11-11T22:10:27 EST" name="backtoQueue" finished-at="2024-11-11T22:10:28 EST" duration-ms="211" status="PASS">
          <reporter-output>
          </reporter-output>
        </test-method> <!-- backtoQueue -->
        <test-method is-config="true" signature="linkedListPage()[pri:0, instance:pageTestEvents.LinkedListPageEvents@4b4dd216]" started-at="2024-11-11T22:10:28 EST" name="linkedListPage" finished-at="2024-11-11T22:10:28 EST" duration-ms="220" status="PASS">
          <reporter-output>
          </reporter-output>
        </test-method> <!-- linkedListPage -->
        <test-method signature="graphPage(int,java.lang.String)[pri:0, instance:pageTestEvents.LinkedListPageEvents@4b4dd216]" started-at="2024-11-11T22:10:28 EST" name="graphPage" data-provider="LinkedList Topics" finished-at="2024-11-11T22:10:28 EST" duration-ms="337" status="PASS">
          <params>
            <param index="0">
              <value>
                <![CDATA[2]]>
              </value>
            </param>
            <param index="1">
              <value>
                <![CDATA[Types of Linked List]]>
              </value>
            </param>
          </params>
          <reporter-output>
          </reporter-output>
        </test-method> <!-- graphPage -->
        <test-method is-config="true" signature="backtoQueue()[pri:0, instance:pageTestEvents.LinkedListPageEvents@4b4dd216]" started-at="2024-11-11T22:10:28 EST" name="backtoQueue" finished-at="2024-11-11T22:10:28 EST" duration-ms="167" status="PASS">
          <reporter-output>
          </reporter-output>
        </test-method> <!-- backtoQueue -->
        <test-method is-config="true" signature="linkedListPage()[pri:0, instance:pageTestEvents.LinkedListPageEvents@4b4dd216]" started-at="2024-11-11T22:10:28 EST" name="linkedListPage" finished-at="2024-11-11T22:10:29 EST" duration-ms="166" status="PASS">
          <reporter-output>
          </reporter-output>
        </test-method> <!-- linkedListPage -->
        <test-method signature="graphPage(int,java.lang.String)[pri:0, instance:pageTestEvents.LinkedListPageEvents@4b4dd216]" started-at="2024-11-11T22:10:29 EST" name="graphPage" data-provider="LinkedList Topics" finished-at="2024-11-11T22:10:29 EST" duration-ms="423" status="PASS">
          <params>
            <param index="0">
              <value>
                <![CDATA[3]]>
              </value>
            </param>
            <param index="1">
              <value>
                <![CDATA[Implement Linked List in Python]]>
              </value>
            </param>
          </params>
          <reporter-output>
          </reporter-output>
        </test-method> <!-- graphPage -->
        <test-method is-config="true" signature="backtoQueue()[pri:0, instance:pageTestEvents.LinkedListPageEvents@4b4dd216]" started-at="2024-11-11T22:10:29 EST" name="backtoQueue" finished-at="2024-11-11T22:10:29 EST" duration-ms="181" status="PASS">
          <reporter-output>
          </reporter-output>
        </test-method> <!-- backtoQueue -->
        <test-method is-config="true" signature="linkedListPage()[pri:0, instance:pageTestEvents.LinkedListPageEvents@4b4dd216]" started-at="2024-11-11T22:10:29 EST" name="linkedListPage" finished-at="2024-11-11T22:10:29 EST" duration-ms="184" status="PASS">
          <reporter-output>
          </reporter-output>
        </test-method> <!-- linkedListPage -->
        <test-method signature="graphPage(int,java.lang.String)[pri:0, instance:pageTestEvents.LinkedListPageEvents@4b4dd216]" started-at="2024-11-11T22:10:29 EST" name="graphPage" data-provider="LinkedList Topics" finished-at="2024-11-11T22:10:30 EST" duration-ms="338" status="PASS">
          <params>
            <param index="0">
              <value>
                <![CDATA[4]]>
              </value>
            </param>
            <param index="1">
              <value>
                <![CDATA[Traversal]]>
              </value>
            </param>
          </params>
          <reporter-output>
          </reporter-output>
        </test-method> <!-- graphPage -->
        <test-method is-config="true" signature="backtoQueue()[pri:0, instance:pageTestEvents.LinkedListPageEvents@4b4dd216]" started-at="2024-11-11T22:10:30 EST" name="backtoQueue" finished-at="2024-11-11T22:10:30 EST" duration-ms="150" status="PASS">
          <reporter-output>
          </reporter-output>
        </test-method> <!-- backtoQueue -->
        <test-method is-config="true" signature="linkedListPage()[pri:0, instance:pageTestEvents.LinkedListPageEvents@4b4dd216]" started-at="2024-11-11T22:10:30 EST" name="linkedListPage" finished-at="2024-11-11T22:10:30 EST" duration-ms="172" status="PASS">
          <reporter-output>
          </reporter-output>
        </test-method> <!-- linkedListPage -->
        <test-method signature="graphPage(int,java.lang.String)[pri:0, instance:pageTestEvents.LinkedListPageEvents@4b4dd216]" started-at="2024-11-11T22:10:30 EST" name="graphPage" data-provider="LinkedList Topics" finished-at="2024-11-11T22:10:30 EST" duration-ms="327" status="PASS">
          <params>
            <param index="0">
              <value>
                <![CDATA[5]]>
              </value>
            </param>
            <param index="1">
              <value>
                <![CDATA[Insertion]]>
              </value>
            </param>
          </params>
          <reporter-output>
          </reporter-output>
        </test-method> <!-- graphPage -->
        <test-method is-config="true" signature="backtoQueue()[pri:0, instance:pageTestEvents.LinkedListPageEvents@4b4dd216]" started-at="2024-11-11T22:10:30 EST" name="backtoQueue" finished-at="2024-11-11T22:10:31 EST" duration-ms="180" status="PASS">
          <reporter-output>
          </reporter-output>
        </test-method> <!-- backtoQueue -->
        <test-method is-config="true" signature="linkedListPage()[pri:0, instance:pageTestEvents.LinkedListPageEvents@4b4dd216]" started-at="2024-11-11T22:10:31 EST" name="linkedListPage" finished-at="2024-11-11T22:10:31 EST" duration-ms="196" status="PASS">
          <reporter-output>
          </reporter-output>
        </test-method> <!-- linkedListPage -->
        <test-method signature="graphPage(int,java.lang.String)[pri:0, instance:pageTestEvents.LinkedListPageEvents@4b4dd216]" started-at="2024-11-11T22:10:31 EST" name="graphPage" data-provider="LinkedList Topics" finished-at="2024-11-11T22:10:31 EST" duration-ms="319" status="PASS">
          <params>
            <param index="0">
              <value>
                <![CDATA[6]]>
              </value>
            </param>
            <param index="1">
              <value>
                <![CDATA[Deletion]]>
              </value>
            </param>
          </params>
          <reporter-output>
          </reporter-output>
        </test-method> <!-- graphPage -->
        <test-method is-config="true" signature="backtoQueue()[pri:0, instance:pageTestEvents.LinkedListPageEvents@4b4dd216]" started-at="2024-11-11T22:10:31 EST" name="backtoQueue" finished-at="2024-11-11T22:10:31 EST" duration-ms="149" status="PASS">
          <reporter-output>
          </reporter-output>
        </test-method> <!-- backtoQueue -->
        <test-method is-config="true" signature="linkedListPage()[pri:0, instance:pageTestEvents.LinkedListPageEvents@4b4dd216]" started-at="2024-11-11T22:10:31 EST" name="linkedListPage" finished-at="2024-11-11T22:10:31 EST" duration-ms="183" status="PASS">
          <reporter-output>
          </reporter-output>
        </test-method> <!-- linkedListPage -->
        <test-method signature="invalidTopics(int,java.lang.String)[pri:0, instance:pageTestEvents.LinkedListPageEvents@4b4dd216]" started-at="2024-11-11T22:10:31 EST" name="invalidTopics" data-provider="invalidcode Topics" finished-at="2024-11-11T22:10:32 EST" duration-ms="432" status="PASS">
          <params>
            <param index="0">
              <value>
                <![CDATA[0]]>
              </value>
            </param>
            <param index="1">
              <value>
                <![CDATA[printhello]]>
              </value>
            </param>
          </params>
          <reporter-output>
          </reporter-output>
        </test-method> <!-- invalidTopics -->
        <test-method is-config="true" signature="backtoQueue()[pri:0, instance:pageTestEvents.LinkedListPageEvents@4b4dd216]" started-at="2024-11-11T22:10:32 EST" name="backtoQueue" finished-at="2024-11-11T22:10:32 EST" duration-ms="177" status="PASS">
          <reporter-output>
          </reporter-output>
        </test-method> <!-- backtoQueue -->
        <test-method is-config="true" signature="linkedListPage()[pri:0, instance:pageTestEvents.LinkedListPageEvents@4b4dd216]" started-at="2024-11-11T22:10:32 EST" name="linkedListPage" finished-at="2024-11-11T22:10:32 EST" duration-ms="177" status="PASS">
          <reporter-output>
          </reporter-output>
        </test-method> <!-- linkedListPage -->
        <test-method signature="invalidTopics(int,java.lang.String)[pri:0, instance:pageTestEvents.LinkedListPageEvents@4b4dd216]" started-at="2024-11-11T22:10:32 EST" name="invalidTopics" data-provider="invalidcode Topics" finished-at="2024-11-11T22:10:33 EST" duration-ms="504" status="PASS">
          <params>
            <param index="0">
              <value>
                <![CDATA[1]]>
              </value>
            </param>
            <param index="1">
              <value>
                <![CDATA[printhello]]>
              </value>
            </param>
          </params>
          <reporter-output>
          </reporter-output>
        </test-method> <!-- invalidTopics -->
        <test-method is-config="true" signature="backtoQueue()[pri:0, instance:pageTestEvents.LinkedListPageEvents@4b4dd216]" started-at="2024-11-11T22:10:33 EST" name="backtoQueue" finished-at="2024-11-11T22:10:33 EST" duration-ms="208" status="PASS">
          <reporter-output>
          </reporter-output>
        </test-method> <!-- backtoQueue -->
        <test-method is-config="true" signature="linkedListPage()[pri:0, instance:pageTestEvents.LinkedListPageEvents@4b4dd216]" started-at="2024-11-11T22:10:33 EST" name="linkedListPage" finished-at="2024-11-11T22:10:33 EST" duration-ms="189" status="PASS">
          <reporter-output>
          </reporter-output>
        </test-method> <!-- linkedListPage -->
        <test-method signature="invalidTopics(int,java.lang.String)[pri:0, instance:pageTestEvents.LinkedListPageEvents@4b4dd216]" started-at="2024-11-11T22:10:33 EST" name="invalidTopics" data-provider="invalidcode Topics" finished-at="2024-11-11T22:10:34 EST" duration-ms="473" status="PASS">
          <params>
            <param index="0">
              <value>
                <![CDATA[2]]>
              </value>
            </param>
            <param index="1">
              <value>
                <![CDATA[printhello]]>
              </value>
            </param>
          </params>
          <reporter-output>
          </reporter-output>
        </test-method> <!-- invalidTopics -->
        <test-method is-config="true" signature="backtoQueue()[pri:0, instance:pageTestEvents.LinkedListPageEvents@4b4dd216]" started-at="2024-11-11T22:10:34 EST" name="backtoQueue" finished-at="2024-11-11T22:10:34 EST" duration-ms="236" status="PASS">
          <reporter-output>
          </reporter-output>
        </test-method> <!-- backtoQueue -->
        <test-method is-config="true" signature="linkedListPage()[pri:0, instance:pageTestEvents.LinkedListPageEvents@4b4dd216]" started-at="2024-11-11T22:10:34 EST" name="linkedListPage" finished-at="2024-11-11T22:10:34 EST" duration-ms="167" status="PASS">
          <reporter-output>
          </reporter-output>
        </test-method> <!-- linkedListPage -->
        <test-method signature="invalidTopics(int,java.lang.String)[pri:0, instance:pageTestEvents.LinkedListPageEvents@4b4dd216]" started-at="2024-11-11T22:10:34 EST" name="invalidTopics" data-provider="invalidcode Topics" finished-at="2024-11-11T22:10:34 EST" duration-ms="447" status="PASS">
          <params>
            <param index="0">
              <value>
                <![CDATA[3]]>
              </value>
            </param>
            <param index="1">
              <value>
                <![CDATA[printhello]]>
              </value>
            </param>
          </params>
          <reporter-output>
          </reporter-output>
        </test-method> <!-- invalidTopics -->
        <test-method is-config="true" signature="backtoQueue()[pri:0, instance:pageTestEvents.LinkedListPageEvents@4b4dd216]" started-at="2024-11-11T22:10:34 EST" name="backtoQueue" finished-at="2024-11-11T22:10:35 EST" duration-ms="300" status="PASS">
          <reporter-output>
          </reporter-output>
        </test-method> <!-- backtoQueue -->
        <test-method is-config="true" signature="linkedListPage()[pri:0, instance:pageTestEvents.LinkedListPageEvents@4b4dd216]" started-at="2024-11-11T22:10:35 EST" name="linkedListPage" finished-at="2024-11-11T22:10:35 EST" duration-ms="209" status="PASS">
          <reporter-output>
          </reporter-output>
        </test-method> <!-- linkedListPage -->
        <test-method signature="invalidTopics(int,java.lang.String)[pri:0, instance:pageTestEvents.LinkedListPageEvents@4b4dd216]" started-at="2024-11-11T22:10:35 EST" name="invalidTopics" data-provider="invalidcode Topics" finished-at="2024-11-11T22:10:35 EST" duration-ms="411" status="PASS">
          <params>
            <param index="0">
              <value>
                <![CDATA[4]]>
              </value>
            </param>
            <param index="1">
              <value>
                <![CDATA[printhello]]>
              </value>
            </param>
          </params>
          <reporter-output>
          </reporter-output>
        </test-method> <!-- invalidTopics -->
        <test-method is-config="true" signature="backtoQueue()[pri:0, instance:pageTestEvents.LinkedListPageEvents@4b4dd216]" started-at="2024-11-11T22:10:35 EST" name="backtoQueue" finished-at="2024-11-11T22:10:36 EST" duration-ms="193" status="PASS">
          <reporter-output>
          </reporter-output>
        </test-method> <!-- backtoQueue -->
        <test-method is-config="true" signature="linkedListPage()[pri:0, instance:pageTestEvents.LinkedListPageEvents@4b4dd216]" started-at="2024-11-11T22:10:36 EST" name="linkedListPage" finished-at="2024-11-11T22:10:36 EST" duration-ms="179" status="PASS">
          <reporter-output>
          </reporter-output>
        </test-method> <!-- linkedListPage -->
        <test-method signature="invalidTopics(int,java.lang.String)[pri:0, instance:pageTestEvents.LinkedListPageEvents@4b4dd216]" started-at="2024-11-11T22:10:36 EST" name="invalidTopics" data-provider="invalidcode Topics" finished-at="2024-11-11T22:10:36 EST" duration-ms="447" status="PASS">
          <params>
            <param index="0">
              <value>
                <![CDATA[5]]>
              </value>
            </param>
            <param index="1">
              <value>
                <![CDATA[printhello]]>
              </value>
            </param>
          </params>
          <reporter-output>
          </reporter-output>
        </test-method> <!-- invalidTopics -->
        <test-method is-config="true" signature="backtoQueue()[pri:0, instance:pageTestEvents.LinkedListPageEvents@4b4dd216]" started-at="2024-11-11T22:10:36 EST" name="backtoQueue" finished-at="2024-11-11T22:10:36 EST" duration-ms="210" status="PASS">
          <reporter-output>
          </reporter-output>
        </test-method> <!-- backtoQueue -->
        <test-method is-config="true" signature="linkedListPage()[pri:0, instance:pageTestEvents.LinkedListPageEvents@4b4dd216]" started-at="2024-11-11T22:10:36 EST" name="linkedListPage" finished-at="2024-11-11T22:10:37 EST" duration-ms="188" status="PASS">
          <reporter-output>
          </reporter-output>
        </test-method> <!-- linkedListPage -->
        <test-method signature="invalidTopics(int,java.lang.String)[pri:0, instance:pageTestEvents.LinkedListPageEvents@4b4dd216]" started-at="2024-11-11T22:10:37 EST" name="invalidTopics" data-provider="invalidcode Topics" finished-at="2024-11-11T22:10:37 EST" duration-ms="440" status="PASS">
          <params>
            <param index="0">
              <value>
                <![CDATA[6]]>
              </value>
            </param>
            <param index="1">
              <value>
                <![CDATA[printhello]]>
              </value>
            </param>
          </params>
          <reporter-output>
          </reporter-output>
        </test-method> <!-- invalidTopics -->
        <test-method is-config="true" signature="backtoQueue()[pri:0, instance:pageTestEvents.LinkedListPageEvents@4b4dd216]" started-at="2024-11-11T22:10:37 EST" name="backtoQueue" finished-at="2024-11-11T22:10:37 EST" duration-ms="171" status="PASS">
          <reporter-output>
          </reporter-output>
        </test-method> <!-- backtoQueue -->
        <test-method is-config="true" signature="linkedListPage()[pri:0, instance:pageTestEvents.LinkedListPageEvents@4b4dd216]" started-at="2024-11-11T22:10:37 EST" name="linkedListPage" finished-at="2024-11-11T22:10:37 EST" duration-ms="173" status="PASS">
          <reporter-output>
          </reporter-output>
        </test-method> <!-- linkedListPage -->
        <test-method signature="linkedListPageDropdn(int,java.lang.String)[pri:0, instance:pageTestEvents.LinkedListPageEvents@4b4dd216]" started-at="2024-11-11T22:10:37 EST" name="linkedListPageDropdn" data-provider="LinkedList Topics" finished-at="2024-11-11T22:10:38 EST" duration-ms="318" status="PASS">
          <params>
            <param index="0">
              <value>
                <![CDATA[0]]>
              </value>
            </param>
            <param index="1">
              <value>
                <![CDATA[Introduction]]>
              </value>
            </param>
          </params>
          <reporter-output>
          </reporter-output>
        </test-method> <!-- linkedListPageDropdn -->
        <test-method is-config="true" signature="backtoQueue()[pri:0, instance:pageTestEvents.LinkedListPageEvents@4b4dd216]" started-at="2024-11-11T22:10:38 EST" name="backtoQueue" finished-at="2024-11-11T22:10:38 EST" duration-ms="205" status="PASS">
          <reporter-output>
          </reporter-output>
        </test-method> <!-- backtoQueue -->
        <test-method is-config="true" signature="linkedListPage()[pri:0, instance:pageTestEvents.LinkedListPageEvents@4b4dd216]" started-at="2024-11-11T22:10:38 EST" name="linkedListPage" finished-at="2024-11-11T22:10:38 EST" duration-ms="158" status="PASS">
          <reporter-output>
          </reporter-output>
        </test-method> <!-- linkedListPage -->
        <test-method signature="linkedListPageDropdn(int,java.lang.String)[pri:0, instance:pageTestEvents.LinkedListPageEvents@4b4dd216]" started-at="2024-11-11T22:10:38 EST" name="linkedListPageDropdn" data-provider="LinkedList Topics" finished-at="2024-11-11T22:10:38 EST" duration-ms="313" status="PASS">
          <params>
            <param index="0">
              <value>
                <![CDATA[1]]>
              </value>
            </param>
            <param index="1">
              <value>
                <![CDATA[Creating Linked LIst]]>
              </value>
            </param>
          </params>
          <reporter-output>
          </reporter-output>
        </test-method> <!-- linkedListPageDropdn -->
        <test-method is-config="true" signature="backtoQueue()[pri:0, instance:pageTestEvents.LinkedListPageEvents@4b4dd216]" started-at="2024-11-11T22:10:38 EST" name="backtoQueue" finished-at="2024-11-11T22:10:39 EST" duration-ms="183" status="PASS">
          <reporter-output>
          </reporter-output>
        </test-method> <!-- backtoQueue -->
        <test-method is-config="true" signature="linkedListPage()[pri:0, instance:pageTestEvents.LinkedListPageEvents@4b4dd216]" started-at="2024-11-11T22:10:39 EST" name="linkedListPage" finished-at="2024-11-11T22:10:39 EST" duration-ms="169" status="PASS">
          <reporter-output>
          </reporter-output>
        </test-method> <!-- linkedListPage -->
        <test-method signature="linkedListPageDropdn(int,java.lang.String)[pri:0, instance:pageTestEvents.LinkedListPageEvents@4b4dd216]" started-at="2024-11-11T22:10:39 EST" name="linkedListPageDropdn" data-provider="LinkedList Topics" finished-at="2024-11-11T22:10:39 EST" duration-ms="297" status="PASS">
          <params>
            <param index="0">
              <value>
                <![CDATA[2]]>
              </value>
            </param>
            <param index="1">
              <value>
                <![CDATA[Types of Linked List]]>
              </value>
            </param>
          </params>
          <reporter-output>
          </reporter-output>
        </test-method> <!-- linkedListPageDropdn -->
        <test-method is-config="true" signature="backtoQueue()[pri:0, instance:pageTestEvents.LinkedListPageEvents@4b4dd216]" started-at="2024-11-11T22:10:39 EST" name="backtoQueue" finished-at="2024-11-11T22:10:39 EST" duration-ms="148" status="PASS">
          <reporter-output>
          </reporter-output>
        </test-method> <!-- backtoQueue -->
        <test-method is-config="true" signature="linkedListPage()[pri:0, instance:pageTestEvents.LinkedListPageEvents@4b4dd216]" started-at="2024-11-11T22:10:39 EST" name="linkedListPage" finished-at="2024-11-11T22:10:39 EST" duration-ms="158" status="PASS">
          <reporter-output>
          </reporter-output>
        </test-method> <!-- linkedListPage -->
        <test-method signature="linkedListPageDropdn(int,java.lang.String)[pri:0, instance:pageTestEvents.LinkedListPageEvents@4b4dd216]" started-at="2024-11-11T22:10:39 EST" name="linkedListPageDropdn" data-provider="LinkedList Topics" finished-at="2024-11-11T22:10:40 EST" duration-ms="332" status="PASS">
          <params>
            <param index="0">
              <value>
                <![CDATA[3]]>
              </value>
            </param>
            <param index="1">
              <value>
                <![CDATA[Implement Linked List in Python]]>
              </value>
            </param>
          </params>
          <reporter-output>
          </reporter-output>
        </test-method> <!-- linkedListPageDropdn -->
        <test-method is-config="true" signature="backtoQueue()[pri:0, instance:pageTestEvents.LinkedListPageEvents@4b4dd216]" started-at="2024-11-11T22:10:40 EST" name="backtoQueue" finished-at="2024-11-11T22:10:40 EST" duration-ms="160" status="PASS">
          <reporter-output>
          </reporter-output>
        </test-method> <!-- backtoQueue -->
        <test-method is-config="true" signature="linkedListPage()[pri:0, instance:pageTestEvents.LinkedListPageEvents@4b4dd216]" started-at="2024-11-11T22:10:40 EST" name="linkedListPage" finished-at="2024-11-11T22:10:40 EST" duration-ms="159" status="PASS">
          <reporter-output>
          </reporter-output>
        </test-method> <!-- linkedListPage -->
        <test-method signature="linkedListPageDropdn(int,java.lang.String)[pri:0, instance:pageTestEvents.LinkedListPageEvents@4b4dd216]" started-at="2024-11-11T22:10:40 EST" name="linkedListPageDropdn" data-provider="LinkedList Topics" finished-at="2024-11-11T22:10:40 EST" duration-ms="312" status="PASS">
          <params>
            <param index="0">
              <value>
                <![CDATA[4]]>
              </value>
            </param>
            <param index="1">
              <value>
                <![CDATA[Traversal]]>
              </value>
            </param>
          </params>
          <reporter-output>
          </reporter-output>
        </test-method> <!-- linkedListPageDropdn -->
        <test-method is-config="true" signature="backtoQueue()[pri:0, instance:pageTestEvents.LinkedListPageEvents@4b4dd216]" started-at="2024-11-11T22:10:40 EST" name="backtoQueue" finished-at="2024-11-11T22:10:40 EST" duration-ms="154" status="PASS">
          <reporter-output>
          </reporter-output>
        </test-method> <!-- backtoQueue -->
        <test-method is-config="true" signature="linkedListPage()[pri:0, instance:pageTestEvents.LinkedListPageEvents@4b4dd216]" started-at="2024-11-11T22:10:40 EST" name="linkedListPage" finished-at="2024-11-11T22:10:41 EST" duration-ms="185" status="PASS">
          <reporter-output>
          </reporter-output>
        </test-method> <!-- linkedListPage -->
        <test-method signature="linkedListPageDropdn(int,java.lang.String)[pri:0, instance:pageTestEvents.LinkedListPageEvents@4b4dd216]" started-at="2024-11-11T22:10:41 EST" name="linkedListPageDropdn" data-provider="LinkedList Topics" finished-at="2024-11-11T22:10:41 EST" duration-ms="352" status="PASS">
          <params>
            <param index="0">
              <value>
                <![CDATA[5]]>
              </value>
            </param>
            <param index="1">
              <value>
                <![CDATA[Insertion]]>
              </value>
            </param>
          </params>
          <reporter-output>
          </reporter-output>
        </test-method> <!-- linkedListPageDropdn -->
        <test-method is-config="true" signature="backtoQueue()[pri:0, instance:pageTestEvents.LinkedListPageEvents@4b4dd216]" started-at="2024-11-11T22:10:41 EST" name="backtoQueue" finished-at="2024-11-11T22:10:41 EST" duration-ms="172" status="PASS">
          <reporter-output>
          </reporter-output>
        </test-method> <!-- backtoQueue -->
        <test-method is-config="true" signature="linkedListPage()[pri:0, instance:pageTestEvents.LinkedListPageEvents@4b4dd216]" started-at="2024-11-11T22:10:41 EST" name="linkedListPage" finished-at="2024-11-11T22:10:41 EST" duration-ms="280" status="PASS">
          <reporter-output>
          </reporter-output>
        </test-method> <!-- linkedListPage -->
        <test-method signature="linkedListPageDropdn(int,java.lang.String)[pri:0, instance:pageTestEvents.LinkedListPageEvents@4b4dd216]" started-at="2024-11-11T22:10:41 EST" name="linkedListPageDropdn" data-provider="LinkedList Topics" finished-at="2024-11-11T22:10:42 EST" duration-ms="336" status="PASS">
          <params>
            <param index="0">
              <value>
                <![CDATA[6]]>
              </value>
            </param>
            <param index="1">
              <value>
                <![CDATA[Deletion]]>
              </value>
            </param>
          </params>
          <reporter-output>
          </reporter-output>
        </test-method> <!-- linkedListPageDropdn -->
        <test-method is-config="true" signature="backtoQueue()[pri:0, instance:pageTestEvents.LinkedListPageEvents@4b4dd216]" started-at="2024-11-11T22:10:42 EST" name="backtoQueue" finished-at="2024-11-11T22:10:42 EST" duration-ms="160" status="PASS">
          <reporter-output>
          </reporter-output>
        </test-method> <!-- backtoQueue -->
        <test-method is-config="true" signature="linkedListPage()[pri:0, instance:pageTestEvents.LinkedListPageEvents@4b4dd216]" started-at="2024-11-11T22:10:42 EST" name="linkedListPage" finished-at="2024-11-11T22:10:42 EST" duration-ms="167" status="PASS">
          <reporter-output>
          </reporter-output>
        </test-method> <!-- linkedListPage -->
        <test-method signature="nocodeTopics(int,java.lang.String)[pri:0, instance:pageTestEvents.LinkedListPageEvents@4b4dd216]" started-at="2024-11-11T22:10:42 EST" name="nocodeTopics" data-provider="LinkedList Topics" finished-at="2024-11-11T22:10:43 EST" duration-ms="411" status="PASS">
          <params>
            <param index="0">
              <value>
                <![CDATA[0]]>
              </value>
            </param>
            <param index="1">
              <value>
                <![CDATA[Introduction]]>
              </value>
            </param>
          </params>
          <reporter-output>
          </reporter-output>
        </test-method> <!-- nocodeTopics -->
        <test-method is-config="true" signature="backtoQueue()[pri:0, instance:pageTestEvents.LinkedListPageEvents@4b4dd216]" started-at="2024-11-11T22:10:43 EST" name="backtoQueue" finished-at="2024-11-11T22:10:43 EST" duration-ms="199" status="PASS">
          <reporter-output>
          </reporter-output>
        </test-method> <!-- backtoQueue -->
        <test-method is-config="true" signature="linkedListPage()[pri:0, instance:pageTestEvents.LinkedListPageEvents@4b4dd216]" started-at="2024-11-11T22:10:43 EST" name="linkedListPage" finished-at="2024-11-11T22:10:43 EST" duration-ms="160" status="PASS">
          <reporter-output>
          </reporter-output>
        </test-method> <!-- linkedListPage -->
        <test-method signature="nocodeTopics(int,java.lang.String)[pri:0, instance:pageTestEvents.LinkedListPageEvents@4b4dd216]" started-at="2024-11-11T22:10:43 EST" name="nocodeTopics" data-provider="LinkedList Topics" finished-at="2024-11-11T22:10:43 EST" duration-ms="378" status="PASS">
          <params>
            <param index="0">
              <value>
                <![CDATA[1]]>
              </value>
            </param>
            <param index="1">
              <value>
                <![CDATA[Creating Linked LIst]]>
              </value>
            </param>
          </params>
          <reporter-output>
          </reporter-output>
        </test-method> <!-- nocodeTopics -->
        <test-method is-config="true" signature="backtoQueue()[pri:0, instance:pageTestEvents.LinkedListPageEvents@4b4dd216]" started-at="2024-11-11T22:10:43 EST" name="backtoQueue" finished-at="2024-11-11T22:10:43 EST" duration-ms="204" status="PASS">
          <reporter-output>
          </reporter-output>
        </test-method> <!-- backtoQueue -->
        <test-method is-config="true" signature="linkedListPage()[pri:0, instance:pageTestEvents.LinkedListPageEvents@4b4dd216]" started-at="2024-11-11T22:10:43 EST" name="linkedListPage" finished-at="2024-11-11T22:10:44 EST" duration-ms="183" status="PASS">
          <reporter-output>
          </reporter-output>
        </test-method> <!-- linkedListPage -->
        <test-method signature="nocodeTopics(int,java.lang.String)[pri:0, instance:pageTestEvents.LinkedListPageEvents@4b4dd216]" started-at="2024-11-11T22:10:44 EST" name="nocodeTopics" data-provider="LinkedList Topics" finished-at="2024-11-11T22:10:44 EST" duration-ms="400" status="PASS">
          <params>
            <param index="0">
              <value>
                <![CDATA[2]]>
              </value>
            </param>
            <param index="1">
              <value>
                <![CDATA[Types of Linked List]]>
              </value>
            </param>
          </params>
          <reporter-output>
          </reporter-output>
        </test-method> <!-- nocodeTopics -->
        <test-method is-config="true" signature="backtoQueue()[pri:0, instance:pageTestEvents.LinkedListPageEvents@4b4dd216]" started-at="2024-11-11T22:10:44 EST" name="backtoQueue" finished-at="2024-11-11T22:10:44 EST" duration-ms="227" status="PASS">
          <reporter-output>
          </reporter-output>
        </test-method> <!-- backtoQueue -->
        <test-method is-config="true" signature="linkedListPage()[pri:0, instance:pageTestEvents.LinkedListPageEvents@4b4dd216]" started-at="2024-11-11T22:10:44 EST" name="linkedListPage" finished-at="2024-11-11T22:10:44 EST" duration-ms="155" status="PASS">
          <reporter-output>
          </reporter-output>
        </test-method> <!-- linkedListPage -->
        <test-method signature="nocodeTopics(int,java.lang.String)[pri:0, instance:pageTestEvents.LinkedListPageEvents@4b4dd216]" started-at="2024-11-11T22:10:44 EST" name="nocodeTopics" data-provider="LinkedList Topics" finished-at="2024-11-11T22:10:45 EST" duration-ms="403" status="PASS">
          <params>
            <param index="0">
              <value>
                <![CDATA[3]]>
              </value>
            </param>
            <param index="1">
              <value>
                <![CDATA[Implement Linked List in Python]]>
              </value>
            </param>
          </params>
          <reporter-output>
          </reporter-output>
        </test-method> <!-- nocodeTopics -->
        <test-method is-config="true" signature="backtoQueue()[pri:0, instance:pageTestEvents.LinkedListPageEvents@4b4dd216]" started-at="2024-11-11T22:10:45 EST" name="backtoQueue" finished-at="2024-11-11T22:10:45 EST" duration-ms="203" status="PASS">
          <reporter-output>
          </reporter-output>
        </test-method> <!-- backtoQueue -->
        <test-method is-config="true" signature="linkedListPage()[pri:0, instance:pageTestEvents.LinkedListPageEvents@4b4dd216]" started-at="2024-11-11T22:10:45 EST" name="linkedListPage" finished-at="2024-11-11T22:10:45 EST" duration-ms="170" status="PASS">
          <reporter-output>
          </reporter-output>
        </test-method> <!-- linkedListPage -->
        <test-method signature="nocodeTopics(int,java.lang.String)[pri:0, instance:pageTestEvents.LinkedListPageEvents@4b4dd216]" started-at="2024-11-11T22:10:45 EST" name="nocodeTopics" data-provider="LinkedList Topics" finished-at="2024-11-11T22:10:46 EST" duration-ms="373" status="PASS">
          <params>
            <param index="0">
              <value>
                <![CDATA[4]]>
              </value>
            </param>
            <param index="1">
              <value>
                <![CDATA[Traversal]]>
              </value>
            </param>
          </params>
          <reporter-output>
          </reporter-output>
        </test-method> <!-- nocodeTopics -->
        <test-method is-config="true" signature="backtoQueue()[pri:0, instance:pageTestEvents.LinkedListPageEvents@4b4dd216]" started-at="2024-11-11T22:10:46 EST" name="backtoQueue" finished-at="2024-11-11T22:10:46 EST" duration-ms="176" status="PASS">
          <reporter-output>
          </reporter-output>
        </test-method> <!-- backtoQueue -->
        <test-method is-config="true" signature="linkedListPage()[pri:0, instance:pageTestEvents.LinkedListPageEvents@4b4dd216]" started-at="2024-11-11T22:10:46 EST" name="linkedListPage" finished-at="2024-11-11T22:10:46 EST" duration-ms="160" status="PASS">
          <reporter-output>
          </reporter-output>
        </test-method> <!-- linkedListPage -->
        <test-method signature="nocodeTopics(int,java.lang.String)[pri:0, instance:pageTestEvents.LinkedListPageEvents@4b4dd216]" started-at="2024-11-11T22:10:46 EST" name="nocodeTopics" data-provider="LinkedList Topics" finished-at="2024-11-11T22:10:46 EST" duration-ms="414" status="PASS">
          <params>
            <param index="0">
              <value>
                <![CDATA[5]]>
              </value>
            </param>
            <param index="1">
              <value>
                <![CDATA[Insertion]]>
              </value>
            </param>
          </params>
          <reporter-output>
          </reporter-output>
        </test-method> <!-- nocodeTopics -->
        <test-method is-config="true" signature="backtoQueue()[pri:0, instance:pageTestEvents.LinkedListPageEvents@4b4dd216]" started-at="2024-11-11T22:10:46 EST" name="backtoQueue" finished-at="2024-11-11T22:10:47 EST" duration-ms="213" status="PASS">
          <reporter-output>
          </reporter-output>
        </test-method> <!-- backtoQueue -->
        <test-method is-config="true" signature="linkedListPage()[pri:0, instance:pageTestEvents.LinkedListPageEvents@4b4dd216]" started-at="2024-11-11T22:10:47 EST" name="linkedListPage" finished-at="2024-11-11T22:10:47 EST" duration-ms="209" status="PASS">
          <reporter-output>
          </reporter-output>
        </test-method> <!-- linkedListPage -->
        <test-method signature="nocodeTopics(int,java.lang.String)[pri:0, instance:pageTestEvents.LinkedListPageEvents@4b4dd216]" started-at="2024-11-11T22:10:47 EST" name="nocodeTopics" data-provider="LinkedList Topics" finished-at="2024-11-11T22:10:47 EST" duration-ms="430" status="PASS">
          <params>
            <param index="0">
              <value>
                <![CDATA[6]]>
              </value>
            </param>
            <param index="1">
              <value>
                <![CDATA[Deletion]]>
              </value>
            </param>
          </params>
          <reporter-output>
          </reporter-output>
        </test-method> <!-- nocodeTopics -->
        <test-method is-config="true" signature="backtoQueue()[pri:0, instance:pageTestEvents.LinkedListPageEvents@4b4dd216]" started-at="2024-11-11T22:10:47 EST" name="backtoQueue" finished-at="2024-11-11T22:10:47 EST" duration-ms="198" status="PASS">
          <reporter-output>
          </reporter-output>
        </test-method> <!-- backtoQueue -->
        <test-method is-config="true" signature="linkedListPage()[pri:0, instance:pageTestEvents.LinkedListPageEvents@4b4dd216]" started-at="2024-11-11T22:10:47 EST" name="linkedListPage" finished-at="2024-11-11T22:10:48 EST" duration-ms="196" status="PASS">
          <reporter-output>
          </reporter-output>
        </test-method> <!-- linkedListPage -->
        <test-method signature="queuePage(int,java.lang.String)[pri:0, instance:pageTestEvents.LinkedListPageEvents@4b4dd216]" started-at="2024-11-11T22:10:48 EST" name="queuePage" data-provider="LinkedList Topics" finished-at="2024-11-11T22:10:48 EST" duration-ms="356" status="PASS">
          <params>
            <param index="0">
              <value>
                <![CDATA[0]]>
              </value>
            </param>
            <param index="1">
              <value>
                <![CDATA[Introduction]]>
              </value>
            </param>
          </params>
          <reporter-output>
          </reporter-output>
        </test-method> <!-- queuePage -->
        <test-method is-config="true" signature="backtoQueue()[pri:0, instance:pageTestEvents.LinkedListPageEvents@4b4dd216]" started-at="2024-11-11T22:10:48 EST" name="backtoQueue" finished-at="2024-11-11T22:10:48 EST" duration-ms="204" status="PASS">
          <reporter-output>
          </reporter-output>
        </test-method> <!-- backtoQueue -->
        <test-method is-config="true" signature="linkedListPage()[pri:0, instance:pageTestEvents.LinkedListPageEvents@4b4dd216]" started-at="2024-11-11T22:10:48 EST" name="linkedListPage" finished-at="2024-11-11T22:10:48 EST" duration-ms="256" status="PASS">
          <reporter-output>
          </reporter-output>
        </test-method> <!-- linkedListPage -->
        <test-method signature="queuePage(int,java.lang.String)[pri:0, instance:pageTestEvents.LinkedListPageEvents@4b4dd216]" started-at="2024-11-11T22:10:48 EST" name="queuePage" data-provider="LinkedList Topics" finished-at="2024-11-11T22:10:49 EST" duration-ms="557" status="PASS">
          <params>
            <param index="0">
              <value>
                <![CDATA[1]]>
              </value>
            </param>
            <param index="1">
              <value>
                <![CDATA[Creating Linked LIst]]>
              </value>
            </param>
          </params>
          <reporter-output>
          </reporter-output>
        </test-method> <!-- queuePage -->
        <test-method is-config="true" signature="backtoQueue()[pri:0, instance:pageTestEvents.LinkedListPageEvents@4b4dd216]" started-at="2024-11-11T22:10:49 EST" name="backtoQueue" finished-at="2024-11-11T22:10:49 EST" duration-ms="309" status="PASS">
          <reporter-output>
          </reporter-output>
        </test-method> <!-- backtoQueue -->
        <test-method is-config="true" signature="linkedListPage()[pri:0, instance:pageTestEvents.LinkedListPageEvents@4b4dd216]" started-at="2024-11-11T22:10:49 EST" name="linkedListPage" finished-at="2024-11-11T22:10:50 EST" duration-ms="384" status="PASS">
          <reporter-output>
          </reporter-output>
        </test-method> <!-- linkedListPage -->
        <test-method signature="queuePage(int,java.lang.String)[pri:0, instance:pageTestEvents.LinkedListPageEvents@4b4dd216]" started-at="2024-11-11T22:10:50 EST" name="queuePage" data-provider="LinkedList Topics" finished-at="2024-11-11T22:10:50 EST" duration-ms="641" status="PASS">
          <params>
            <param index="0">
              <value>
                <![CDATA[2]]>
              </value>
            </param>
            <param index="1">
              <value>
                <![CDATA[Types of Linked List]]>
              </value>
            </param>
          </params>
          <reporter-output>
          </reporter-output>
        </test-method> <!-- queuePage -->
        <test-method is-config="true" signature="backtoQueue()[pri:0, instance:pageTestEvents.LinkedListPageEvents@4b4dd216]" started-at="2024-11-11T22:10:50 EST" name="backtoQueue" finished-at="2024-11-11T22:10:51 EST" duration-ms="315" status="PASS">
          <reporter-output>
          </reporter-output>
        </test-method> <!-- backtoQueue -->
        <test-method is-config="true" signature="linkedListPage()[pri:0, instance:pageTestEvents.LinkedListPageEvents@4b4dd216]" started-at="2024-11-11T22:10:51 EST" name="linkedListPage" finished-at="2024-11-11T22:10:51 EST" duration-ms="372" status="PASS">
          <reporter-output>
          </reporter-output>
        </test-method> <!-- linkedListPage -->
        <test-method signature="queuePage(int,java.lang.String)[pri:0, instance:pageTestEvents.LinkedListPageEvents@4b4dd216]" started-at="2024-11-11T22:10:51 EST" name="queuePage" data-provider="LinkedList Topics" finished-at="2024-11-11T22:10:52 EST" duration-ms="659" status="PASS">
          <params>
            <param index="0">
              <value>
                <![CDATA[3]]>
              </value>
            </param>
            <param index="1">
              <value>
                <![CDATA[Implement Linked List in Python]]>
              </value>
            </param>
          </params>
          <reporter-output>
          </reporter-output>
        </test-method> <!-- queuePage -->
        <test-method is-config="true" signature="backtoQueue()[pri:0, instance:pageTestEvents.LinkedListPageEvents@4b4dd216]" started-at="2024-11-11T22:10:52 EST" name="backtoQueue" finished-at="2024-11-11T22:10:52 EST" duration-ms="309" status="PASS">
          <reporter-output>
          </reporter-output>
        </test-method> <!-- backtoQueue -->
        <test-method is-config="true" signature="linkedListPage()[pri:0, instance:pageTestEvents.LinkedListPageEvents@4b4dd216]" started-at="2024-11-11T22:10:52 EST" name="linkedListPage" finished-at="2024-11-11T22:10:53 EST" duration-ms="539" status="PASS">
          <reporter-output>
          </reporter-output>
        </test-method> <!-- linkedListPage -->
        <test-method signature="queuePage(int,java.lang.String)[pri:0, instance:pageTestEvents.LinkedListPageEvents@4b4dd216]" started-at="2024-11-11T22:10:53 EST" name="queuePage" data-provider="LinkedList Topics" finished-at="2024-11-11T22:10:54 EST" duration-ms="1042" status="PASS">
          <params>
            <param index="0">
              <value>
                <![CDATA[4]]>
              </value>
            </param>
            <param index="1">
              <value>
                <![CDATA[Traversal]]>
              </value>
            </param>
          </params>
          <reporter-output>
          </reporter-output>
        </test-method> <!-- queuePage -->
        <test-method is-config="true" signature="backtoQueue()[pri:0, instance:pageTestEvents.LinkedListPageEvents@4b4dd216]" started-at="2024-11-11T22:10:54 EST" name="backtoQueue" finished-at="2024-11-11T22:10:54 EST" duration-ms="507" status="PASS">
          <reporter-output>
          </reporter-output>
        </test-method> <!-- backtoQueue -->
        <test-method is-config="true" signature="linkedListPage()[pri:0, instance:pageTestEvents.LinkedListPageEvents@4b4dd216]" started-at="2024-11-11T22:10:54 EST" name="linkedListPage" finished-at="2024-11-11T22:10:55 EST" duration-ms="674" status="PASS">
          <reporter-output>
          </reporter-output>
        </test-method> <!-- linkedListPage -->
        <test-method signature="queuePage(int,java.lang.String)[pri:0, instance:pageTestEvents.LinkedListPageEvents@4b4dd216]" started-at="2024-11-11T22:10:55 EST" name="queuePage" data-provider="LinkedList Topics" finished-at="2024-11-11T22:10:56 EST" duration-ms="1046" status="PASS">
          <params>
            <param index="0">
              <value>
                <![CDATA[5]]>
              </value>
            </param>
            <param index="1">
              <value>
                <![CDATA[Insertion]]>
              </value>
            </param>
          </params>
          <reporter-output>
          </reporter-output>
        </test-method> <!-- queuePage -->
        <test-method is-config="true" signature="backtoQueue()[pri:0, instance:pageTestEvents.LinkedListPageEvents@4b4dd216]" started-at="2024-11-11T22:10:56 EST" name="backtoQueue" finished-at="2024-11-11T22:10:56 EST" duration-ms="522" status="PASS">
          <reporter-output>
          </reporter-output>
        </test-method> <!-- backtoQueue -->
        <test-method is-config="true" signature="linkedListPage()[pri:0, instance:pageTestEvents.LinkedListPageEvents@4b4dd216]" started-at="2024-11-11T22:10:56 EST" name="linkedListPage" finished-at="2024-11-11T22:10:57 EST" duration-ms="582" status="PASS">
          <reporter-output>
          </reporter-output>
        </test-method> <!-- linkedListPage -->
        <test-method signature="queuePage(int,java.lang.String)[pri:0, instance:pageTestEvents.LinkedListPageEvents@4b4dd216]" started-at="2024-11-11T22:10:57 EST" name="queuePage" data-provider="LinkedList Topics" finished-at="2024-11-11T22:10:58 EST" duration-ms="1098" status="PASS">
          <params>
            <param index="0">
              <value>
                <![CDATA[6]]>
              </value>
            </param>
            <param index="1">
              <value>
                <![CDATA[Deletion]]>
              </value>
            </param>
          </params>
          <reporter-output>
          </reporter-output>
        </test-method> <!-- queuePage -->
        <test-method is-config="true" signature="backtoQueue()[pri:0, instance:pageTestEvents.LinkedListPageEvents@4b4dd216]" started-at="2024-11-11T22:10:58 EST" name="backtoQueue" finished-at="2024-11-11T22:10:59 EST" duration-ms="546" status="PASS">
          <reporter-output>
          </reporter-output>
        </test-method> <!-- backtoQueue -->
        <test-method is-config="true" signature="linkedListPage()[pri:0, instance:pageTestEvents.LinkedListPageEvents@4b4dd216]" started-at="2024-11-11T22:10:59 EST" name="linkedListPage" finished-at="2024-11-11T22:10:59 EST" duration-ms="609" status="PASS">
          <reporter-output>
          </reporter-output>
        </test-method> <!-- linkedListPage -->
        <test-method signature="stackPage(int,java.lang.String)[pri:0, instance:pageTestEvents.LinkedListPageEvents@4b4dd216]" started-at="2024-11-11T22:10:59 EST" name="stackPage" data-provider="LinkedList Topics" finished-at="2024-11-11T22:11:00 EST" duration-ms="1189" status="PASS">
          <params>
            <param index="0">
              <value>
                <![CDATA[0]]>
              </value>
            </param>
            <param index="1">
              <value>
                <![CDATA[Introduction]]>
              </value>
            </param>
          </params>
          <reporter-output>
          </reporter-output>
        </test-method> <!-- stackPage -->
        <test-method is-config="true" signature="backtoQueue()[pri:0, instance:pageTestEvents.LinkedListPageEvents@4b4dd216]" started-at="2024-11-11T22:11:00 EST" name="backtoQueue" finished-at="2024-11-11T22:11:01 EST" duration-ms="565" status="PASS">
          <reporter-output>
          </reporter-output>
        </test-method> <!-- backtoQueue -->
        <test-method is-config="true" signature="linkedListPage()[pri:0, instance:pageTestEvents.LinkedListPageEvents@4b4dd216]" started-at="2024-11-11T22:11:01 EST" name="linkedListPage" finished-at="2024-11-11T22:11:02 EST" duration-ms="593" status="PASS">
          <reporter-output>
          </reporter-output>
        </test-method> <!-- linkedListPage -->
        <test-method signature="stackPage(int,java.lang.String)[pri:0, instance:pageTestEvents.LinkedListPageEvents@4b4dd216]" started-at="2024-11-11T22:11:02 EST" name="stackPage" data-provider="LinkedList Topics" finished-at="2024-11-11T22:11:03 EST" duration-ms="1152" status="PASS">
          <params>
            <param index="0">
              <value>
                <![CDATA[1]]>
              </value>
            </param>
            <param index="1">
              <value>
                <![CDATA[Creating Linked LIst]]>
              </value>
            </param>
          </params>
          <reporter-output>
          </reporter-output>
        </test-method> <!-- stackPage -->
        <test-method is-config="true" signature="backtoQueue()[pri:0, instance:pageTestEvents.LinkedListPageEvents@4b4dd216]" started-at="2024-11-11T22:11:03 EST" name="backtoQueue" finished-at="2024-11-11T22:11:03 EST" duration-ms="618" status="PASS">
          <reporter-output>
          </reporter-output>
        </test-method> <!-- backtoQueue -->
        <test-method is-config="true" signature="linkedListPage()[pri:0, instance:pageTestEvents.LinkedListPageEvents@4b4dd216]" started-at="2024-11-11T22:11:03 EST" name="linkedListPage" finished-at="2024-11-11T22:11:04 EST" duration-ms="652" status="PASS">
          <reporter-output>
          </reporter-output>
        </test-method> <!-- linkedListPage -->
        <test-method signature="stackPage(int,java.lang.String)[pri:0, instance:pageTestEvents.LinkedListPageEvents@4b4dd216]" started-at="2024-11-11T22:11:04 EST" name="stackPage" data-provider="LinkedList Topics" finished-at="2024-11-11T22:11:05 EST" duration-ms="1263" status="PASS">
          <params>
            <param index="0">
              <value>
                <![CDATA[2]]>
              </value>
            </param>
            <param index="1">
              <value>
                <![CDATA[Types of Linked List]]>
              </value>
            </param>
          </params>
          <reporter-output>
          </reporter-output>
        </test-method> <!-- stackPage -->
        <test-method is-config="true" signature="backtoQueue()[pri:0, instance:pageTestEvents.LinkedListPageEvents@4b4dd216]" started-at="2024-11-11T22:11:05 EST" name="backtoQueue" finished-at="2024-11-11T22:11:06 EST" duration-ms="615" status="PASS">
          <reporter-output>
          </reporter-output>
        </test-method> <!-- backtoQueue -->
        <test-method is-config="true" signature="linkedListPage()[pri:0, instance:pageTestEvents.LinkedListPageEvents@4b4dd216]" started-at="2024-11-11T22:11:06 EST" name="linkedListPage" finished-at="2024-11-11T22:11:06 EST" duration-ms="618" status="PASS">
          <reporter-output>
          </reporter-output>
        </test-method> <!-- linkedListPage -->
        <test-method signature="stackPage(int,java.lang.String)[pri:0, instance:pageTestEvents.LinkedListPageEvents@4b4dd216]" started-at="2024-11-11T22:11:06 EST" name="stackPage" data-provider="LinkedList Topics" finished-at="2024-11-11T22:11:08 EST" duration-ms="1298" status="PASS">
          <params>
            <param index="0">
              <value>
                <![CDATA[3]]>
              </value>
            </param>
            <param index="1">
              <value>
                <![CDATA[Implement Linked List in Python]]>
              </value>
            </param>
          </params>
          <reporter-output>
          </reporter-output>
        </test-method> <!-- stackPage -->
        <test-method is-config="true" signature="backtoQueue()[pri:0, instance:pageTestEvents.LinkedListPageEvents@4b4dd216]" started-at="2024-11-11T22:11:08 EST" name="backtoQueue" finished-at="2024-11-11T22:11:08 EST" duration-ms="631" status="PASS">
          <reporter-output>
          </reporter-output>
        </test-method> <!-- backtoQueue -->
        <test-method is-config="true" signature="linkedListPage()[pri:0, instance:pageTestEvents.LinkedListPageEvents@4b4dd216]" started-at="2024-11-11T22:11:08 EST" name="linkedListPage" finished-at="2024-11-11T22:11:09 EST" duration-ms="681" status="PASS">
          <reporter-output>
          </reporter-output>
        </test-method> <!-- linkedListPage -->
        <test-method signature="stackPage(int,java.lang.String)[pri:0, instance:pageTestEvents.LinkedListPageEvents@4b4dd216]" started-at="2024-11-11T22:11:09 EST" name="stackPage" data-provider="LinkedList Topics" finished-at="2024-11-11T22:11:10 EST" duration-ms="1262" status="PASS">
          <params>
            <param index="0">
              <value>
                <![CDATA[4]]>
              </value>
            </param>
            <param index="1">
              <value>
                <![CDATA[Traversal]]>
              </value>
            </param>
          </params>
          <reporter-output>
          </reporter-output>
        </test-method> <!-- stackPage -->
        <test-method is-config="true" signature="backtoQueue()[pri:0, instance:pageTestEvents.LinkedListPageEvents@4b4dd216]" started-at="2024-11-11T22:11:10 EST" name="backtoQueue" finished-at="2024-11-11T22:11:11 EST" duration-ms="725" status="PASS">
          <reporter-output>
          </reporter-output>
        </test-method> <!-- backtoQueue -->
        <test-method is-config="true" signature="linkedListPage()[pri:0, instance:pageTestEvents.LinkedListPageEvents@4b4dd216]" started-at="2024-11-11T22:11:11 EST" name="linkedListPage" finished-at="2024-11-11T22:11:12 EST" duration-ms="686" status="PASS">
          <reporter-output>
          </reporter-output>
        </test-method> <!-- linkedListPage -->
        <test-method signature="stackPage(int,java.lang.String)[pri:0, instance:pageTestEvents.LinkedListPageEvents@4b4dd216]" started-at="2024-11-11T22:11:12 EST" name="stackPage" data-provider="LinkedList Topics" finished-at="2024-11-11T22:11:13 EST" duration-ms="1317" status="PASS">
          <params>
            <param index="0">
              <value>
                <![CDATA[5]]>
              </value>
            </param>
            <param index="1">
              <value>
                <![CDATA[Insertion]]>
              </value>
            </param>
          </params>
          <reporter-output>
          </reporter-output>
        </test-method> <!-- stackPage -->
        <test-method is-config="true" signature="backtoQueue()[pri:0, instance:pageTestEvents.LinkedListPageEvents@4b4dd216]" started-at="2024-11-11T22:11:13 EST" name="backtoQueue" finished-at="2024-11-11T22:11:14 EST" duration-ms="664" status="PASS">
          <reporter-output>
          </reporter-output>
        </test-method> <!-- backtoQueue -->
        <test-method is-config="true" signature="linkedListPage()[pri:0, instance:pageTestEvents.LinkedListPageEvents@4b4dd216]" started-at="2024-11-11T22:11:14 EST" name="linkedListPage" finished-at="2024-11-11T22:11:14 EST" duration-ms="664" status="PASS">
          <reporter-output>
          </reporter-output>
        </test-method> <!-- linkedListPage -->
        <test-method signature="stackPage(int,java.lang.String)[pri:0, instance:pageTestEvents.LinkedListPageEvents@4b4dd216]" started-at="2024-11-11T22:11:14 EST" name="stackPage" data-provider="LinkedList Topics" finished-at="2024-11-11T22:11:16 EST" duration-ms="1384" status="PASS">
          <params>
            <param index="0">
              <value>
                <![CDATA[6]]>
              </value>
            </param>
            <param index="1">
              <value>
                <![CDATA[Deletion]]>
              </value>
            </param>
          </params>
          <reporter-output>
          </reporter-output>
        </test-method> <!-- stackPage -->
        <test-method is-config="true" signature="backtoQueue()[pri:0, instance:pageTestEvents.LinkedListPageEvents@4b4dd216]" started-at="2024-11-11T22:11:16 EST" name="backtoQueue" finished-at="2024-11-11T22:11:17 EST" duration-ms="782" status="PASS">
          <reporter-output>
          </reporter-output>
        </test-method> <!-- backtoQueue -->
        <test-method is-config="true" signature="linkedListPage()[pri:0, instance:pageTestEvents.LinkedListPageEvents@4b4dd216]" started-at="2024-11-11T22:11:17 EST" name="linkedListPage" finished-at="2024-11-11T22:11:17 EST" duration-ms="736" status="PASS">
          <reporter-output>
          </reporter-output>
        </test-method> <!-- linkedListPage -->
        <test-method signature="topicsLinkedList(int,java.lang.String)[pri:0, instance:pageTestEvents.LinkedListPageEvents@4b4dd216]" started-at="2024-11-11T22:11:17 EST" name="topicsLinkedList" data-provider="LinkedList Topics" finished-at="2024-11-11T22:11:18 EST" duration-ms="605" status="PASS">
          <params>
            <param index="0">
              <value>
                <![CDATA[0]]>
              </value>
            </param>
            <param index="1">
              <value>
                <![CDATA[Introduction]]>
              </value>
            </param>
          </params>
          <reporter-output>
          </reporter-output>
        </test-method> <!-- topicsLinkedList -->
        <test-method is-config="true" signature="backtoQueue()[pri:0, instance:pageTestEvents.LinkedListPageEvents@4b4dd216]" started-at="2024-11-11T22:11:18 EST" name="backtoQueue" finished-at="2024-11-11T22:11:19 EST" duration-ms="669" status="PASS">
          <reporter-output>
          </reporter-output>
        </test-method> <!-- backtoQueue -->
        <test-method is-config="true" signature="linkedListPage()[pri:0, instance:pageTestEvents.LinkedListPageEvents@4b4dd216]" started-at="2024-11-11T22:11:19 EST" name="linkedListPage" finished-at="2024-11-11T22:11:19 EST" duration-ms="742" status="PASS">
          <reporter-output>
          </reporter-output>
        </test-method> <!-- linkedListPage -->
        <test-method signature="topicsLinkedList(int,java.lang.String)[pri:0, instance:pageTestEvents.LinkedListPageEvents@4b4dd216]" started-at="2024-11-11T22:11:19 EST" name="topicsLinkedList" data-provider="LinkedList Topics" finished-at="2024-11-11T22:11:20 EST" duration-ms="602" status="PASS">
          <params>
            <param index="0">
              <value>
                <![CDATA[1]]>
              </value>
            </param>
            <param index="1">
              <value>
                <![CDATA[Creating Linked LIst]]>
              </value>
            </param>
          </params>
          <reporter-output>
          </reporter-output>
        </test-method> <!-- topicsLinkedList -->
[...]
            <message>
              <![CDATA[expected [Graph] but found [Practice Questions]]]>
            </message>
            <full-stacktrace>
              <![CDATA[java.lang.AssertionError: expected [Graph] but found [Practice Questions]
at org.testng.Assert.fail(Assert.java:111)
at org.testng.Assert.failNotEquals(Assert.java:1578)
at org.testng.Assert.assertEqualsImpl(Assert.java:150)
at org.testng.Assert.assertEquals(Assert.java:132)
at org.testng.Assert.assertEquals(Assert.java:656)
at org.testng.Assert.assertEquals(Assert.java:666)
at pageTestEvents.GraphPageEvents.practiceQueT2(GraphPageEvents.java:176)
at java.base/jdk.internal.reflect.DirectMethodHandleAccessor.invoke(DirectMethodHandleAccessor.java:103)
at java.base/java.lang.reflect.Method.invoke(Method.java:580)
at org.testng.internal.invokers.MethodInvocationHelper.invokeMethod(MethodInvocationHelper.java:141)
at org.testng.internal.invokers.TestInvoker.invokeMethod(TestInvoker.java:686)
at org.testng.internal.invokers.TestInvoker.invokeTestMethod(TestInvoker.java:230)
at org.testng.internal.invokers.MethodRunner.runInSequence(MethodRunner.java:63)
at org.testng.internal.invokers.TestInvoker$MethodInvocationAgent.invoke(TestInvoker.java:992)
at org.testng.internal.invokers.TestInvoker.invokeTestMethods(TestInvoker.java:203)
at org.testng.internal.invokers.TestMethodWorker.invokeTestMethods(TestMethodWorker.java:154)
at org.testng.internal.invokers.TestMethodWorker.run(TestMethodWorker.java:134)
at java.base/java.util.ArrayList.forEach(ArrayList.java:1597)
at org.testng.TestRunner.privateRun(TestRunner.java:739)
at org.testng.TestRunner.run(TestRunner.java:614)
at org.testng.SuiteRunner.runTest(SuiteRunner.java:421)
at org.testng.SuiteRunner.runSequentially(SuiteRunner.java:413)
at org.testng.SuiteRunner.privateRun(SuiteRunner.java:373)
at org.testng.SuiteRunner.run(SuiteRunner.java:312)
at org.testng.SuiteRunnerWorker.runSuite(SuiteRunnerWorker.java:52)
at org.testng.SuiteRunnerWorker.run(SuiteRunnerWorker.java:95)
at org.testng.TestNG.runSuitesSequentially(TestNG.java:1274)
at org.testng.TestNG.runSuitesLocally(TestNG.java:1208)
at org.testng.TestNG.runSuites(TestNG.java:1112)
at org.testng.TestNG.run(TestNG.java:1079)
at org.testng.remote.AbstractRemoteTestNG.run(AbstractRemoteTestNG.java:115)
at org.testng.remote.RemoteTestNG.initAndRun(RemoteTestNG.java:293)
at org.testng.remote.RemoteTestNG.main(RemoteTestNG.java:91)
]]>
            </full-stacktrace>
          </exception> <!-- java.lang.AssertionError -->
          <reporter-output>
          </reporter-output>
        </test-method> <!-- practiceQueT2 -->
        <test-method is-config="true" signature="backtograph()[pri:0, instance:pageTestEvents.GraphPageEvents@16afbd92]" started-at="2024-11-11T22:09:46 EST" name="backtograph" finished-at="2024-11-11T22:09:47 EST" duration-ms="359" status="PASS">
          <reporter-output>
          </reporter-output>
        </test-method> <!-- backtograph -->
        <test-method is-config="true" signature="graphPage()[pri:0, instance:pageTestEvents.GraphPageEvents@16afbd92]" started-at="2024-11-11T22:09:47 EST" name="graphPage" finished-at="2024-11-11T22:09:47 EST" duration-ms="372" status="PASS">
          <reporter-output>
          </reporter-output>
        </test-method> <!-- graphPage -->
        <test-method signature="queuePage()[pri:0, instance:pageTestEvents.GraphPageEvents@16afbd92]" started-at="2024-11-11T22:09:47 EST" name="queuePage" finished-at="2024-11-11T22:09:47 EST" duration-ms="374" status="PASS">
          <reporter-output>
          </reporter-output>
        </test-method> <!-- queuePage -->
        <test-method is-config="true" signature="backtograph()[pri:0, instance:pageTestEvents.GraphPageEvents@16afbd92]" started-at="2024-11-11T22:09:47 EST" name="backtograph" finished-at="2024-11-11T22:09:48 EST" duration-ms="344" status="PASS">
          <reporter-output>
          </reporter-output>
        </test-method> <!-- backtograph -->
        <test-method is-config="true" signature="graphPage()[pri:0, instance:pageTestEvents.GraphPageEvents@16afbd92]" started-at="2024-11-11T22:09:48 EST" name="graphPage" finished-at="2024-11-11T22:09:48 EST" duration-ms="353" status="PASS">
          <reporter-output>
          </reporter-output>
        </test-method> <!-- graphPage -->
        <test-method signature="queuePageT1()[pri:0, instance:pageTestEvents.GraphPageEvents@16afbd92]" started-at="2024-11-11T22:09:48 EST" name="queuePageT1" finished-at="2024-11-11T22:09:49 EST" duration-ms="605" status="PASS">
          <reporter-output>
          </reporter-output>
        </test-method> <!-- queuePageT1 -->
        <test-method is-config="true" signature="backtograph()[pri:0, instance:pageTestEvents.GraphPageEvents@16afbd92]" started-at="2024-11-11T22:09:49 EST" name="backtograph" finished-at="2024-11-11T22:09:49 EST" duration-ms="371" status="PASS">
          <reporter-output>
          </reporter-output>
        </test-method> <!-- backtograph -->
        <test-method is-config="true" signature="graphPage()[pri:0, instance:pageTestEvents.GraphPageEvents@16afbd92]" started-at="2024-11-11T22:09:49 EST" name="graphPage" finished-at="2024-11-11T22:09:49 EST" duration-ms="368" status="PASS">
          <reporter-output>
          </reporter-output>
        </test-method> <!-- graphPage -->
        <test-method signature="queuePageT2()[pri:0, instance:pageTestEvents.GraphPageEvents@16afbd92]" started-at="2024-11-11T22:09:49 EST" name="queuePageT2" finished-at="2024-11-11T22:09:50 EST" duration-ms="613" status="PASS">
          <reporter-output>
          </reporter-output>
        </test-method> <!-- queuePageT2 -->
        <test-method is-config="true" signature="backtograph()[pri:0, instance:pageTestEvents.GraphPageEvents@16afbd92]" started-at="2024-11-11T22:09:50 EST" name="backtograph" finished-at="2024-11-11T22:09:50 EST" duration-ms="380" status="PASS">
          <reporter-output>
          </reporter-output>
        </test-method> <!-- backtograph -->
        <test-method is-config="true" signature="graphPage()[pri:0, instance:pageTestEvents.GraphPageEvents@16afbd92]" started-at="2024-11-11T22:09:50 EST" name="graphPage" finished-at="2024-11-11T22:09:51 EST" duration-ms="384" status="PASS">
          <reporter-output>
          </reporter-output>
        </test-method> <!-- graphPage -->
        <test-method signature="stackPage()[pri:0, instance:pageTestEvents.GraphPageEvents@16afbd92]" started-at="2024-11-11T22:09:51 EST" name="stackPage" finished-at="2024-11-11T22:09:51 EST" duration-ms="408" status="PASS">
          <reporter-output>
          </reporter-output>
        </test-method> <!-- stackPage -->
        <test-method is-config="true" signature="backtograph()[pri:0, instance:pageTestEvents.GraphPageEvents@16afbd92]" started-at="2024-11-11T22:09:51 EST" name="backtograph" finished-at="2024-11-11T22:09:52 EST" duration-ms="460" status="PASS">
          <reporter-output>
          </reporter-output>
        </test-method> <!-- backtograph -->
        <test-method is-config="true" signature="graphPage()[pri:0, instance:pageTestEvents.GraphPageEvents@16afbd92]" started-at="2024-11-11T22:09:52 EST" name="graphPage" finished-at="2024-11-11T22:09:52 EST" duration-ms="417" status="PASS">
          <reporter-output>
          </reporter-output>
        </test-method> <!-- graphPage -->
        <test-method signature="stackPageT1()[pri:0, instance:pageTestEvents.GraphPageEvents@16afbd92]" started-at="2024-11-11T22:09:52 EST" name="stackPageT1" finished-at="2024-11-11T22:09:53 EST" duration-ms="720" status="PASS">
          <reporter-output>
          </reporter-output>
        </test-method> <!-- stackPageT1 -->
        <test-method is-config="true" signature="backtograph()[pri:0, instance:pageTestEvents.GraphPageEvents@16afbd92]" started-at="2024-11-11T22:09:53 EST" name="backtograph" finished-at="2024-11-11T22:09:53 EST" duration-ms="423" status="PASS">
          <reporter-output>
          </reporter-output>
        </test-method> <!-- backtograph -->
        <test-method is-config="true" signature="graphPage()[pri:0, instance:pageTestEvents.GraphPageEvents@16afbd92]" started-at="2024-11-11T22:09:53 EST" name="graphPage" finished-at="2024-11-11T22:09:54 EST" duration-ms="373" status="PASS">
          <reporter-output>
          </reporter-output>
        </test-method> <!-- graphPage -->
        <test-method signature="stackPageT2()[pri:0, instance:pageTestEvents.GraphPageEvents@16afbd92]" started-at="2024-11-11T22:09:54 EST" name="stackPageT2" finished-at="2024-11-11T22:09:54 EST" duration-ms="648" status="PASS">
          <reporter-output>
          </reporter-output>
        </test-method> <!-- stackPageT2 -->
        <test-method is-config="true" signature="backtograph()[pri:0, instance:pageTestEvents.GraphPageEvents@16afbd92]" started-at="2024-11-11T22:09:54 EST" name="backtograph" finished-at="2024-11-11T22:09:55 EST" duration-ms="398" status="PASS">
          <reporter-output>
          </reporter-output>
        </test-method> <!-- backtograph -->
        <test-method is-config="true" signature="graphPage()[pri:0, instance:pageTestEvents.GraphPageEvents@16afbd92]" started-at="2024-11-11T22:09:55 EST" name="graphPage" finished-at="2024-11-11T22:09:55 EST" duration-ms="392" status="PASS">
          <reporter-output>
          </reporter-output>
        </test-method> <!-- graphPage -->
        <test-method signature="treePage()[pri:0, instance:pageTestEvents.GraphPageEvents@16afbd92]" started-at="2024-11-11T22:09:55 EST" name="treePage" finished-at="2024-11-11T22:09:55 EST" duration-ms="473" status="PASS">
          <reporter-output>
          </reporter-output>
        </test-method> <!-- treePage -->
        <test-method is-config="true" signature="backtograph()[pri:0, instance:pageTestEvents.GraphPageEvents@16afbd92]" started-at="2024-11-11T22:09:55 EST" name="backtograph" finished-at="2024-11-11T22:09:56 EST" duration-ms="430" status="PASS">
          <reporter-output>
          </reporter-output>
        </test-method> <!-- backtograph -->
        <test-method is-config="true" signature="graphPage()[pri:0, instance:pageTestEvents.GraphPageEvents@16afbd92]" started-at="2024-11-11T22:09:56 EST" name="graphPage" finished-at="2024-11-11T22:09:56 EST" duration-ms="435" status="PASS">
          <reporter-output>
          </reporter-output>
        </test-method> <!-- graphPage -->
        <test-method signature="treePageT1()[pri:0, instance:pageTestEvents.GraphPageEvents@16afbd92]" started-at="2024-11-11T22:09:56 EST" name="treePageT1" finished-at="2024-11-11T22:09:57 EST" duration-ms="709" status="PASS">
          <reporter-output>
          </reporter-output>
        </test-method> <!-- treePageT1 -->
        <test-method is-config="true" signature="backtograph()[pri:0, instance:pageTestEvents.GraphPageEvents@16afbd92]" started-at="2024-11-11T22:09:57 EST" name="backtograph" finished-at="2024-11-11T22:09:57 EST" duration-ms="435" status="PASS">
          <reporter-output>
          </reporter-output>
        </test-method> <!-- backtograph -->
        <test-method is-config="true" signature="graphPage()[pri:0, instance:pageTestEvents.GraphPageEvents@16afbd92]" started-at="2024-11-11T22:09:57 EST" name="graphPage" finished-at="2024-11-11T22:09:58 EST" duration-ms="439" status="PASS">
          <reporter-output>
          </reporter-output>
        </test-method> <!-- graphPage -->
        <test-method signature="treePageT2()[pri:0, instance:pageTestEvents.GraphPageEvents@16afbd92]" started-at="2024-11-11T22:09:58 EST" name="treePageT2" finished-at="2024-11-11T22:09:59 EST" duration-ms="721" status="PASS">
          <reporter-output>
          </reporter-output>
        </test-method> <!-- treePageT2 -->
        <test-method is-config="true" signature="backtograph()[pri:0, instance:pageTestEvents.GraphPageEvents@16afbd92]" started-at="2024-11-11T22:09:59 EST" name="backtograph" finished-at="2024-11-11T22:09:59 EST" duration-ms="438" status="PASS">
          <reporter-output>
          </reporter-output>
        </test-method> <!-- backtograph -->
        <test-method is-config="true" signature="graphPage()[pri:0, instance:pageTestEvents.GraphPageEvents@16afbd92]" started-at="2024-11-11T22:09:59 EST" name="graphPage" finished-at="2024-11-11T22:10:00 EST" duration-ms="527" status="PASS">
          <reporter-output>
          </reporter-output>
        </test-method> <!-- graphPage -->
        <test-method signature="tryHereGraph()[pri:0, instance:pageTestEvents.GraphPageEvents@16afbd92]" started-at="2024-11-11T22:10:00 EST" name="tryHereGraph" finished-at="2024-11-11T22:10:00 EST" duration-ms="689" status="PASS">
          <reporter-output>
          </reporter-output>
        </test-method> <!-- tryHereGraph -->
        <test-method is-config="true" signature="backtograph()[pri:0, instance:pageTestEvents.GraphPageEvents@16afbd92]" started-at="2024-11-11T22:10:00 EST" name="backtograph" finished-at="2024-11-11T22:10:01 EST" duration-ms="500" status="PASS">
          <reporter-output>
          </reporter-output>
        </test-method> <!-- backtograph -->
        <test-method is-config="true" signature="graphPage()[pri:0, instance:pageTestEvents.GraphPageEvents@16afbd92]" started-at="2024-11-11T22:10:01 EST" name="graphPage" finished-at="2024-11-11T22:10:01 EST" duration-ms="461" status="PASS">
          <reporter-output>
          </reporter-output>
        </test-method> <!-- graphPage -->
        <test-method signature="tryHereGraphRepresentation()[pri:0, instance:pageTestEvents.GraphPageEvents@16afbd92]" started-at="2024-11-11T22:10:01 EST" name="tryHereGraphRepresentation" finished-at="2024-11-11T22:10:02 EST" duration-ms="668" status="PASS">
          <reporter-output>
          </reporter-output>
        </test-method> <!-- tryHereGraphRepresentation -->
        <test-method is-config="true" signature="backtograph()[pri:0, instance:pageTestEvents.GraphPageEvents@16afbd92]" started-at="2024-11-11T22:10:02 EST" name="backtograph" finished-at="2024-11-11T22:10:02 EST" duration-ms="555" status="PASS">
          <reporter-output>
          </reporter-output>
        </test-method> <!-- backtograph -->
        <test-method is-config="true" signature="graphPage()[pri:0, instance:pageTestEvents.GraphPageEvents@16afbd92]" started-at="2024-11-11T22:10:02 EST" name="graphPage" finished-at="2024-11-11T22:10:03 EST" duration-ms="538" status="PASS">
          <reporter-output>
          </reporter-output>
        </test-method> <!-- graphPage -->
        <test-method signature="validCodeGraph(java.lang.String,java.lang.String)[pri:0, instance:pageTestEvents.GraphPageEvents@16afbd92]" started-at="2024-11-11T22:10:03 EST" name="validCodeGraph" data-provider="Python Code" finished-at="2024-11-11T22:10:04 EST" duration-ms="943" status="PASS">
          <params>
            <param index="0">
              <value>
                <![CDATA[print'Hello']]>
              </value>
            </param>
            <param index="1">
              <value>
                <![CDATA[printhello]]>
              </value>
            </param>
          </params>
          <reporter-output>
          </reporter-output>
        </test-method> <!-- validCodeGraph -->
        <test-method is-config="true" signature="backtograph()[pri:0, instance:pageTestEvents.GraphPageEvents@16afbd92]" started-at="2024-11-11T22:10:04 EST" name="backtograph" finished-at="2024-11-11T22:10:05 EST" duration-ms="565" status="PASS">
          <reporter-output>
          </reporter-output>
        </test-method> <!-- backtograph -->
        <test-method is-config="true" signature="graphPage()[pri:0, instance:pageTestEvents.GraphPageEvents@16afbd92]" started-at="2024-11-11T22:10:05 EST" name="graphPage" finished-at="2024-11-11T22:10:05 EST" duration-ms="500" status="PASS">
          <reporter-output>
          </reporter-output>
        </test-method> <!-- graphPage -->
        <test-method signature="validCodeGraphRep(java.lang.String,java.lang.String)[pri:0, instance:pageTestEvents.GraphPageEvents@16afbd92]" started-at="2024-11-11T22:10:05 EST" name="validCodeGraphRep" data-provider="Python Code" finished-at="2024-11-11T22:10:06 EST" duration-ms="1017" status="PASS">
          <params>
            <param index="0">
              <value>
                <![CDATA[print'Hello']]>
              </value>
            </param>
            <param index="1">
              <value>
                <![CDATA[printhello]]>
              </value>
            </param>
          </params>
          <reporter-output>
          </reporter-output>
        </test-method> <!-- validCodeGraphRep -->
        <test-method is-config="true" signature="backtograph()[pri:0, instance:pageTestEvents.GraphPageEvents@16afbd92]" started-at="2024-11-11T22:10:06 EST" name="backtograph" finished-at="2024-11-11T22:10:07 EST" duration-ms="524" status="PASS">
          <reporter-output>
          </reporter-output>
        </test-method> <!-- backtograph -->
        <test-method is-config="true" signature="graphPage()[pri:0, instance:pageTestEvents.GraphPageEvents@16afbd92]" started-at="2024-11-11T22:10:07 EST" name="graphPage" finished-at="2024-11-11T22:10:07 EST" duration-ms="533" status="PASS">
          <reporter-output>
          </reporter-output>
        </test-method> <!-- graphPage -->
        <test-method signature="graphTopic()[pri:1, instance:pageTestEvents.GraphPageEvents@16afbd92]" started-at="2024-11-11T22:10:07 EST" name="graphTopic" finished-at="2024-11-11T22:10:07 EST" duration-ms="377" status="PASS">
          <reporter-output>
          </reporter-output>
        </test-method> <!-- graphTopic -->
        <test-method is-config="true" signature="backtograph()[pri:0, instance:pageTestEvents.GraphPageEvents@16afbd92]" started-at="2024-11-11T22:10:07 EST" name="backtograph" finished-at="2024-11-11T22:10:08 EST" duration-ms="556" status="PASS">
          <reporter-output>
          </reporter-output>
        </test-method> <!-- backtograph -->
        <test-method is-config="true" signature="graphPage()[pri:0, instance:pageTestEvents.GraphPageEvents@16afbd92]" started-at="2024-11-11T22:10:08 EST" name="graphPage" finished-at="2024-11-11T22:10:09 EST" duration-ms="524" status="PASS">
          <reporter-output>
          </reporter-output>
        </test-method> <!-- graphPage -->
        <test-method signature="graphRepresentationTopic()[pri:2, instance:pageTestEvents.GraphPageEvents@16afbd92]" started-at="2024-11-11T22:10:09 EST" name="graphRepresentationTopic" finished-at="2024-11-11T22:10:09 EST" duration-ms="412" status="PASS">
          <reporter-output>
          </reporter-output>
        </test-method> <!-- graphRepresentationTopic -->
        <test-method is-config="true" signature="backtograph()[pri:0, instance:pageTestEvents.GraphPageEvents@16afbd92]" started-at="2024-11-11T22:10:09 EST" name="backtograph" finished-at="2024-11-11T22:10:10 EST" duration-ms="545" status="PASS">
          <reporter-output>
          </reporter-output>
        </test-method> <!-- backtograph -->
        <test-method is-config="true" signature="Logout()[pri:0, instance:pageTestEvents.GraphPageEvents@16afbd92]" started-at="2024-11-11T22:10:10 EST" name="Logout" finished-at="2024-11-11T22:10:10 EST" duration-ms="486" status="PASS">
          <reporter-output>
          </reporter-output>
        </test-method> <!-- Logout -->
        <test-method is-config="true" signature="tearDown()[pri:0, instance:pageTestEvents.GraphPageEvents@16afbd92]" started-at="2024-11-11T22:17:40 EST" name="tearDown" finished-at="2024-11-11T22:17:40 EST" duration-ms="231" status="PASS">
          <reporter-output>
          </reporter-output>
        </test-method> <!-- tearDown -->
      </class> <!-- pageTestEvents.GraphPageEvents -->
    </test> <!-- Test -->
  </suite> <!-- Suite -->
</testng-results>
