<?xml version="1.0" encoding="UTF-8"?>
<testng-results ignored="0" total="15" passed="15" failed="0" skipped="0">
  <reporter-output>
  </reporter-output>
  <suite started-at="2024-11-19T01:56:50 EST" name="Default suite" finished-at="2024-11-19T01:57:21 EST" duration-ms="30542">
    <groups>
    </groups>
    <test started-at="2024-11-19T01:56:50 EST" name="Default test" finished-at="2024-11-19T01:57:21 EST" duration-ms="30542">
      <class name="pageTestEvents.StackPageEvents">
        <test-method is-config="true" signature="setUP(java.lang.String)[pri:0, instance:pageTestEvents.StackPageEvents@72ef8d15]" started-at="2024-11-19T01:56:50 EST" name="setUP" finished-at="2024-11-19T01:56:52 EST" duration-ms="1952" status="PASS">
          <params>
            <param index="0">
              <value>
                <![CDATA[chrome]]>
              </value>
            </param>
          </params>
          <reporter-output>
          </reporter-output>
        </test-method> <!-- setUP -->
        <test-method is-config="true" signature="Login()[pri:0, instance:pageTestEvents.StackPageEvents@72ef8d15]" started-at="2024-11-19T01:56:52 EST" name="Login" finished-at="2024-11-19T01:56:54 EST" duration-ms="1317" status="PASS">
          <reporter-output>
          </reporter-output>
        </test-method> <!-- Login -->
        <test-method is-config="true" signature="stackPage()[pri:0, instance:pageTestEvents.StackPageEvents@72ef8d15]" started-at="2024-11-19T01:56:54 EST" name="stackPage" finished-at="2024-11-19T01:56:54 EST" duration-ms="393" status="PASS">
          <reporter-output>
          </reporter-output>
        </test-method> <!-- stackPage -->
        <test-method signature="topicsStack(int,java.lang.String)[pri:0, instance:pageTestEvents.StackPageEvents@72ef8d15]" started-at="2024-11-19T01:56:54 EST" name="topicsStack" data-provider="Stack Topics" finished-at="2024-11-19T01:56:55 EST" duration-ms="411" status="PASS">
          <params>
            <param index="0">
              <value>
                <![CDATA[0]]>
              </value>
            </param>
            <param index="1">
              <value>
                <![CDATA[Operations in Stack]]>
              </value>
            </param>
          </params>
          <reporter-output>
          </reporter-output>
        </test-method> <!-- topicsStack -->
        <test-method is-config="true" signature="backtostack()[pri:0, instance:pageTestEvents.StackPageEvents@72ef8d15]" started-at="2024-11-19T01:56:55 EST" name="backtostack" finished-at="2024-11-19T01:56:55 EST" duration-ms="350" status="PASS">
          <reporter-output>
          </reporter-output>
        </test-method> <!-- backtostack -->
        <test-method is-config="true" signature="stackPage()[pri:0, instance:pageTestEvents.StackPageEvents@72ef8d15]" started-at="2024-11-19T01:56:55 EST" name="stackPage" finished-at="2024-11-19T01:56:55 EST" duration-ms="360" status="PASS">
          <reporter-output>
          </reporter-output>
        </test-method> <!-- stackPage -->
        <test-method signature="topicsStack(int,java.lang.String)[pri:0, instance:pageTestEvents.StackPageEvents@72ef8d15]" started-at="2024-11-19T01:56:55 EST" name="topicsStack" data-provider="Stack Topics" finished-at="2024-11-19T01:56:56 EST" duration-ms="298" status="PASS">
          <params>
            <param index="0">
              <value>
                <![CDATA[1]]>
              </value>
            </param>
            <param index="1">
              <value>
                <![CDATA[Implementation]]>
              </value>
            </param>
          </params>
          <reporter-output>
          </reporter-output>
        </test-method> <!-- topicsStack -->
        <test-method is-config="true" signature="backtostack()[pri:0, instance:pageTestEvents.StackPageEvents@72ef8d15]" started-at="2024-11-19T01:56:56 EST" name="backtostack" finished-at="2024-11-19T01:56:56 EST" duration-ms="328" status="PASS">
          <reporter-output>
          </reporter-output>
        </test-method> <!-- backtostack -->
        <test-method is-config="true" signature="stackPage()[pri:0, instance:pageTestEvents.StackPageEvents@72ef8d15]" started-at="2024-11-19T01:56:56 EST" name="stackPage" finished-at="2024-11-19T01:56:56 EST" duration-ms="384" status="PASS">
          <reporter-output>
          </reporter-output>
        </test-method> <!-- stackPage -->
        <test-method signature="topicsStack(int,java.lang.String)[pri:0, instance:pageTestEvents.StackPageEvents@72ef8d15]" started-at="2024-11-19T01:56:56 EST" name="topicsStack" data-provider="Stack Topics" finished-at="2024-11-19T01:56:57 EST" duration-ms="356" status="PASS">
          <params>
            <param index="0">
              <value>
                <![CDATA[2]]>
              </value>
            </param>
            <param index="1">
              <value>
                <![CDATA[Applications]]>
              </value>
            </param>
          </params>
          <reporter-output>
          </reporter-output>
        </test-method> <!-- topicsStack -->
        <test-method is-config="true" signature="backtostack()[pri:0, instance:pageTestEvents.StackPageEvents@72ef8d15]" started-at="2024-11-19T01:56:57 EST" name="backtostack" finished-at="2024-11-19T01:56:57 EST" duration-ms="465" status="PASS">
          <reporter-output>
          </reporter-output>
        </test-method> <!-- backtostack -->
        <test-method is-config="true" signature="stackPage()[pri:0, instance:pageTestEvents.StackPageEvents@72ef8d15]" started-at="2024-11-19T01:56:57 EST" name="stackPage" finished-at="2024-11-19T01:56:58 EST" duration-ms="336" status="PASS">
          <reporter-output>
          </reporter-output>
        </test-method> <!-- stackPage -->
        <test-method signature="tryHereTopics(int,java.lang.String)[pri:1, instance:pageTestEvents.StackPageEvents@72ef8d15]" started-at="2024-11-19T01:56:58 EST" name="tryHereTopics" data-provider="Stack Topics" finished-at="2024-11-19T01:56:58 EST" duration-ms="883" status="PASS">
          <params>
            <param index="0">
              <value>
                <![CDATA[0]]>
              </value>
            </param>
            <param index="1">
              <value>
                <![CDATA[Operations in Stack]]>
              </value>
            </param>
          </params>
          <reporter-output>
          </reporter-output>
        </test-method> <!-- tryHereTopics -->
        <test-method is-config="true" signature="backtostack()[pri:0, instance:pageTestEvents.StackPageEvents@72ef8d15]" started-at="2024-11-19T01:56:58 EST" name="backtostack" finished-at="2024-11-19T01:56:59 EST" duration-ms="359" status="PASS">
          <reporter-output>
          </reporter-output>
        </test-method> <!-- backtostack -->
        <test-method is-config="true" signature="stackPage()[pri:0, instance:pageTestEvents.StackPageEvents@72ef8d15]" started-at="2024-11-19T01:56:59 EST" name="stackPage" finished-at="2024-11-19T01:56:59 EST" duration-ms="358" status="PASS">
          <reporter-output>
          </reporter-output>
        </test-method> <!-- stackPage -->
        <test-method signature="tryHereTopics(int,java.lang.String)[pri:1, instance:pageTestEvents.StackPageEvents@72ef8d15]" started-at="2024-11-19T01:56:59 EST" name="tryHereTopics" data-provider="Stack Topics" finished-at="2024-11-19T01:57:00 EST" duration-ms="647" status="PASS">
          <params>
            <param index="0">
              <value>
                <![CDATA[1]]>
              </value>
            </param>
            <param index="1">
              <value>
                <![CDATA[Implementation]]>
              </value>
            </param>
          </params>
          <reporter-output>
          </reporter-output>
        </test-method> <!-- tryHereTopics -->
        <test-method is-config="true" signature="backtostack()[pri:0, instance:pageTestEvents.StackPageEvents@72ef8d15]" started-at="2024-11-19T01:57:00 EST" name="backtostack" finished-at="2024-11-19T01:57:00 EST" duration-ms="372" status="PASS">
          <reporter-output>
          </reporter-output>
        </test-method> <!-- backtostack -->
        <test-method is-config="true" signature="stackPage()[pri:0, instance:pageTestEvents.StackPageEvents@72ef8d15]" started-at="2024-11-19T01:57:00 EST" name="stackPage" finished-at="2024-11-19T01:57:01 EST" duration-ms="371" status="PASS">
          <reporter-output>
          </reporter-output>
        </test-method> <!-- stackPage -->
        <test-method signature="tryHereTopics(int,java.lang.String)[pri:1, instance:pageTestEvents.StackPageEvents@72ef8d15]" started-at="2024-11-19T01:57:01 EST" name="tryHereTopics" data-provider="Stack Topics" finished-at="2024-11-19T01:57:01 EST" duration-ms="604" status="PASS">
          <params>
            <param index="0">
              <value>
                <![CDATA[2]]>
              </value>
            </param>
            <param index="1">
              <value>
                <![CDATA[Applications]]>
              </value>
            </param>
          </params>
          <reporter-output>
          </reporter-output>
        </test-method> <!-- tryHereTopics -->
        <test-method is-config="true" signature="backtostack()[pri:0, instance:pageTestEvents.StackPageEvents@72ef8d15]" started-at="2024-11-19T01:57:01 EST" name="backtostack" finished-at="2024-11-19T01:57:02 EST" duration-ms="381" status="PASS">
          <reporter-output>
          </reporter-output>
        </test-method> <!-- backtostack -->
        <test-method is-config="true" signature="stackPage()[pri:0, instance:pageTestEvents.StackPageEvents@72ef8d15]" started-at="2024-11-19T01:57:02 EST" name="stackPage" finished-at="2024-11-19T01:57:02 EST" duration-ms="379" status="PASS">
          <reporter-output>
          </reporter-output>
        </test-method> <!-- stackPage -->
        <test-method signature="nocodeTopics(int,java.lang.String)[pri:2, instance:pageTestEvents.StackPageEvents@72ef8d15]" started-at="2024-11-19T01:57:02 EST" name="nocodeTopics" data-provider="Stack Topics" finished-at="2024-11-19T01:57:03 EST" depends-on-methods="pageTestEvents.StackPageEvents.tryHereTopics" duration-ms="775" status="PASS">
          <params>
            <param index="0">
              <value>
                <![CDATA[0]]>
              </value>
            </param>
            <param index="1">
              <value>
                <![CDATA[Operations in Stack]]>
              </value>
            </param>
          </params>
          <reporter-output>
          </reporter-output>
        </test-method> <!-- nocodeTopics -->
        <test-method is-config="true" signature="backtostack()[pri:0, instance:pageTestEvents.StackPageEvents@72ef8d15]" started-at="2024-11-19T01:57:03 EST" name="backtostack" finished-at="2024-11-19T01:57:03 EST" duration-ms="401" status="PASS">
          <reporter-output>
          </reporter-output>
        </test-method> <!-- backtostack -->
        <test-method is-config="true" signature="stackPage()[pri:0, instance:pageTestEvents.StackPageEvents@72ef8d15]" started-at="2024-11-19T01:57:03 EST" name="stackPage" finished-at="2024-11-19T01:57:04 EST" duration-ms="411" status="PASS">
          <reporter-output>
          </reporter-output>
        </test-method> <!-- stackPage -->
        <test-method signature="nocodeTopics(int,java.lang.String)[pri:2, instance:pageTestEvents.StackPageEvents@72ef8d15]" started-at="2024-11-19T01:57:04 EST" name="nocodeTopics" data-provider="Stack Topics" finished-at="2024-11-19T01:57:04 EST" depends-on-methods="pageTestEvents.StackPageEvents.tryHereTopics" duration-ms="746" status="PASS">
          <params>
            <param index="0">
              <value>
                <![CDATA[1]]>
              </value>
            </param>
            <param index="1">
              <value>
                <![CDATA[Implementation]]>
              </value>
            </param>
          </params>
          <reporter-output>
          </reporter-output>
        </test-method> <!-- nocodeTopics -->
        <test-method is-config="true" signature="backtostack()[pri:0, instance:pageTestEvents.StackPageEvents@72ef8d15]" started-at="2024-11-19T01:57:04 EST" name="backtostack" finished-at="2024-11-19T01:57:05 EST" duration-ms="401" status="PASS">
          <reporter-output>
          </reporter-output>
        </test-method> <!-- backtostack -->
        <test-method is-config="true" signature="stackPage()[pri:0, instance:pageTestEvents.StackPageEvents@72ef8d15]" started-at="2024-11-19T01:57:05 EST" name="stackPage" finished-at="2024-11-19T01:57:05 EST" duration-ms="379" status="PASS">
          <reporter-output>
          </reporter-output>
        </test-method> <!-- stackPage -->
        <test-method signature="nocodeTopics(int,java.lang.String)[pri:2, instance:pageTestEvents.StackPageEvents@72ef8d15]" started-at="2024-11-19T01:57:05 EST" name="nocodeTopics" data-provider="Stack Topics" finished-at="2024-11-19T01:57:06 EST" depends-on-methods="pageTestEvents.StackPageEvents.tryHereTopics" duration-ms="731" status="PASS">
          <params>
            <param index="0">
              <value>
                <![CDATA[2]]>
              </value>
            </param>
            <param index="1">
              <value>
                <![CDATA[Applications]]>
              </value>
            </param>
          </params>
          <reporter-output>
          </reporter-output>
        </test-method> <!-- nocodeTopics -->
        <test-method is-config="true" signature="backtostack()[pri:0, instance:pageTestEvents.StackPageEvents@72ef8d15]" started-at="2024-11-19T01:57:06 EST" name="backtostack" finished-at="2024-11-19T01:57:06 EST" duration-ms="377" status="PASS">
          <reporter-output>
          </reporter-output>
        </test-method> <!-- backtostack -->
        <test-method is-config="true" signature="stackPage()[pri:0, instance:pageTestEvents.StackPageEvents@72ef8d15]" started-at="2024-11-19T01:57:08 EST" name="stackPage" finished-at="2024-11-19T01:57:08 EST" duration-ms="348" status="PASS">
          <reporter-output>
          </reporter-output>
        </test-method> <!-- stackPage -->
        <test-method signature="validcodeTopics(java.lang.String,java.lang.String)[pri:3, instance:pageTestEvents.StackPageEvents@72ef8d15]" started-at="2024-11-19T01:57:09 EST" name="validcodeTopics" data-provider="Valid code topic no" finished-at="2024-11-19T01:57:10 EST" depends-on-methods="pageTestEvents.StackPageEvents.tryHereTopics" duration-ms="1125" status="PASS">
          <params>
            <param index="0">
              <value>
                <![CDATA[0]]>
              </value>
            </param>
            <param index="1">
              <value>
                <![CDATA[print"Hello";]]>
              </value>
            </param>
          </params>
          <reporter-output>
          </reporter-output>
        </test-method> <!-- validcodeTopics -->
        <test-method is-config="true" signature="backtostack()[pri:0, instance:pageTestEvents.StackPageEvents@72ef8d15]" started-at="2024-11-19T01:57:10 EST" name="backtostack" finished-at="2024-11-19T01:57:10 EST" duration-ms="397" status="PASS">
          <reporter-output>
          </reporter-output>
        </test-method> <!-- backtostack -->
        <test-method is-config="true" signature="stackPage()[pri:0, instance:pageTestEvents.StackPageEvents@72ef8d15]" started-at="2024-11-19T01:57:10 EST" name="stackPage" finished-at="2024-11-19T01:57:10 EST" duration-ms="415" status="PASS">
          <reporter-output>
          </reporter-output>
        </test-method> <!-- stackPage -->
        <test-method signature="validcodeTopics(java.lang.String,java.lang.String)[pri:3, instance:pageTestEvents.StackPageEvents@72ef8d15]" started-at="2024-11-19T01:57:10 EST" name="validcodeTopics" data-provider="Valid code topic no" finished-at="2024-11-19T01:57:12 EST" depends-on-methods="pageTestEvents.StackPageEvents.tryHereTopics" duration-ms="1137" status="PASS">
          <params>
            <param index="0">
              <value>
                <![CDATA[1]]>
              </value>
            </param>
            <param index="1">
              <value>
                <![CDATA[print"Hello";]]>
              </value>
            </param>
          </params>
          <reporter-output>
          </reporter-output>
        </test-method> <!-- validcodeTopics -->
        <test-method is-config="true" signature="backtostack()[pri:0, instance:pageTestEvents.StackPageEvents@72ef8d15]" started-at="2024-11-19T01:57:12 EST" name="backtostack" finished-at="2024-11-19T01:57:12 EST" duration-ms="378" status="PASS">
          <reporter-output>
          </reporter-output>
        </test-method> <!-- backtostack -->
        <test-method is-config="true" signature="stackPage()[pri:0, instance:pageTestEvents.StackPageEvents@72ef8d15]" started-at="2024-11-19T01:57:12 EST" name="stackPage" finished-at="2024-11-19T01:57:12 EST" duration-ms="361" status="PASS">
          <reporter-output>
          </reporter-output>
        </test-method> <!-- stackPage -->
        <test-method signature="validcodeTopics(java.lang.String,java.lang.String)[pri:3, instance:pageTestEvents.StackPageEvents@72ef8d15]" started-at="2024-11-19T01:57:12 EST" name="validcodeTopics" data-provider="Valid code topic no" finished-at="2024-11-19T01:57:13 EST" depends-on-methods="pageTestEvents.StackPageEvents.tryHereTopics" duration-ms="1149" status="PASS">
          <params>
            <param index="0">
              <value>
                <![CDATA[2]]>
              </value>
            </param>
            <param index="1">
              <value>
                <![CDATA[print"Hello";]]>
              </value>
            </param>
          </params>
          <reporter-output>
          </reporter-output>
        </test-method> <!-- validcodeTopics -->
        <test-method is-config="true" signature="backtostack()[pri:0, instance:pageTestEvents.StackPageEvents@72ef8d15]" started-at="2024-11-19T01:57:13 EST" name="backtostack" finished-at="2024-11-19T01:57:14 EST" duration-ms="446" status="PASS">
          <reporter-output>
          </reporter-output>
        </test-method> <!-- backtostack -->
        <test-method is-config="true" signature="stackPage()[pri:0, instance:pageTestEvents.StackPageEvents@72ef8d15]" started-at="2024-11-19T01:57:14 EST" name="stackPage" finished-at="2024-11-19T01:57:14 EST" duration-ms="424" status="PASS">
          <reporter-output>
          </reporter-output>
        </test-method> <!-- stackPage -->
        <test-method signature="invalidTopics(java.lang.String,java.lang.String)[pri:4, instance:pageTestEvents.StackPageEvents@72ef8d15]" started-at="2024-11-19T01:57:14 EST" name="invalidTopics" data-provider="Invalid code topic no" finished-at="2024-11-19T01:57:16 EST" depends-on-methods="pageTestEvents.StackPageEvents.tryHereTopics" duration-ms="1208" status="PASS">
          <params>
            <param index="0">
              <value>
                <![CDATA[0]]>
              </value>
            </param>
            <param index="1">
              <value>
                <![CDATA[hello]]>
              </value>
            </param>
          </params>
          <reporter-output>
          </reporter-output>
        </test-method> <!-- invalidTopics -->
        <test-method is-config="true" signature="backtostack()[pri:0, instance:pageTestEvents.StackPageEvents@72ef8d15]" started-at="2024-11-19T01:57:16 EST" name="backtostack" finished-at="2024-11-19T01:57:16 EST" duration-ms="563" status="PASS">
          <reporter-output>
          </reporter-output>
        </test-method> <!-- backtostack -->
        <test-method is-config="true" signature="stackPage()[pri:0, instance:pageTestEvents.StackPageEvents@72ef8d15]" started-at="2024-11-19T01:57:16 EST" name="stackPage" finished-at="2024-11-19T01:57:17 EST" duration-ms="435" status="PASS">
          <reporter-output>
          </reporter-output>
        </test-method> <!-- stackPage -->
        <test-method signature="invalidTopics(java.lang.String,java.lang.String)[pri:4, instance:pageTestEvents.StackPageEvents@72ef8d15]" started-at="2024-11-19T01:57:17 EST" name="invalidTopics" data-provider="Invalid code topic no" finished-at="2024-11-19T01:57:18 EST" depends-on-methods="pageTestEvents.StackPageEvents.tryHereTopics" duration-ms="1060" status="PASS">
          <params>
            <param index="0">
              <value>
                <![CDATA[1]]>
              </value>
            </param>
            <param index="1">
              <value>
                <![CDATA[hello]]>
              </value>
            </param>
          </params>
          <reporter-output>
          </reporter-output>
        </test-method> <!-- invalidTopics -->
        <test-method is-config="true" signature="backtostack()[pri:0, instance:pageTestEvents.StackPageEvents@72ef8d15]" started-at="2024-11-19T01:57:18 EST" name="backtostack" finished-at="2024-11-19T01:57:18 EST" duration-ms="485" status="PASS">
          <reporter-output>
          </reporter-output>
        </test-method> <!-- backtostack -->
        <test-method is-config="true" signature="stackPage()[pri:0, instance:pageTestEvents.StackPageEvents@72ef8d15]" started-at="2024-11-19T01:57:18 EST" name="stackPage" finished-at="2024-11-19T01:57:19 EST" duration-ms="440" status="PASS">
          <reporter-output>
          </reporter-output>
        </test-method> <!-- stackPage -->
        <test-method signature="invalidTopics(java.lang.String,java.lang.String)[pri:4, instance:pageTestEvents.StackPageEvents@72ef8d15]" started-at="2024-11-19T01:57:19 EST" name="invalidTopics" data-provider="Invalid code topic no" finished-at="2024-11-19T01:57:20 EST" depends-on-methods="pageTestEvents.StackPageEvents.tryHereTopics" duration-ms="1103" status="PASS">
          <params>
            <param index="0">
              <value>
                <![CDATA[2]]>
              </value>
            </param>
            <param index="1">
              <value>
                <![CDATA[hello]]>
              </value>
            </param>
          </params>
          <reporter-output>
          </reporter-output>
        </test-method> <!-- invalidTopics -->
        <test-method is-config="true" signature="backtostack()[pri:0, instance:pageTestEvents.StackPageEvents@72ef8d15]" started-at="2024-11-19T01:57:20 EST" name="backtostack" finished-at="2024-11-19T01:57:20 EST" duration-ms="464" status="PASS">
          <reporter-output>
          </reporter-output>
        </test-method> <!-- backtostack -->
        <test-method is-config="true" signature="Logout()[pri:0, instance:pageTestEvents.StackPageEvents@72ef8d15]" started-at="2024-11-19T01:57:20 EST" name="Logout" finished-at="2024-11-19T01:57:21 EST" duration-ms="434" status="PASS">
          <reporter-output>
          </reporter-output>
        </test-method> <!-- Logout -->
        <test-method is-config="true" signature="tearDown()[pri:0, instance:pageTestEvents.StackPageEvents@72ef8d15]" started-at="2024-11-19T01:57:21 EST" name="tearDown" finished-at="2024-11-19T01:57:21 EST" duration-ms="195" status="PASS">
          <reporter-output>
          </reporter-output>
        </test-method> <!-- tearDown -->
      </class> <!-- pageTestEvents.StackPageEvents -->
    </test> <!-- Default test -->
  </suite> <!-- Default suite -->
</testng-results>
