<?xml version="1.0" encoding="UTF-8"?>
<!-- Generated by org.testng.reporters.JUnitXMLReporter -->
<testsuite ignored="2" hostname="Anvi" failures="0" tests="15" name="Test Parallel Stack module.Browser:Edge" time="61.16" errors="0" timestamp="2024-11-16T18:21:12 CST">
  <testcase classname="pageTestEvents.StackPageEvents" name="invalidTopics" time="2.308"/>
  <testcase classname="pageTestEvents.StackPageEvents" name="invalidTopics" time="1.212"/>
  <testcase classname="pageTestEvents.StackPageEvents" name="invalidTopics" time="1.232"/>
  <testcase classname="pageTestEvents.StackPageEvents" name="nocodeTopics" time="0.783"/>
  <testcase classname="pageTestEvents.StackPageEvents" name="nocodeTopics" time="0.735"/>
  <testcase classname="pageTestEvents.StackPageEvents" name="nocodeTopics" time="0.823"/>
  <testcase classname="pageTestEvents.StackPageEvents" name="topicsStack" time="0.362"/>
  <testcase classname="pageTestEvents.StackPageEvents" name="topicsStack" time="0.47"/>
  <testcase classname="pageTestEvents.StackPageEvents" name="topicsStack" time="0.434"/>
  <testcase classname="pageTestEvents.StackPageEvents" name="tryHereTopics" time="0.977"/>
  <testcase classname="pageTestEvents.StackPageEvents" name="tryHereTopics" time="1.794"/>
  <testcase classname="pageTestEvents.StackPageEvents" name="tryHereTopics" time="0.86"/>
  <testcase classname="pageTestEvents.StackPageEvents" name="validcodeTopics" time="1.307"/>
  <testcase classname="pageTestEvents.StackPageEvents" name="validcodeTopics" time="2.168"/>
  <testcase classname="pageTestEvents.StackPageEvents" name="validcodeTopics" time="1.35"/>
  <testcase classname="base.BaseTest" name="@BeforeTest setUP" time="0.0">
    <ignored/>
  </testcase> <!-- @BeforeTest setUP -->
  <testcase classname="base.BaseTest" name="@AfterTest tearDown" time="0.0">
    <ignored/>
  </testcase> <!-- @AfterTest tearDown -->
</testsuite> <!-- Test Parallel Stack module.Browser:Edge -->
